#
# A fatal error has been detected by the Java Runtime Environment:
#
#  SIGSEGV (0xb) at pc=0x00007fff887029b0, pid=12918, tid=59451
#
# JRE version: Java(TM) SE Runtime Environment (8.0_25-b17) (build 1.8.0_25-b17)
# Java VM: Java HotSpot(TM) 64-Bit Server VM (25.25-b02 mixed mode bsd-amd64 compressed oops)
# Problematic frame:
# C  [libdispatch.dylib+0x119b0]  _dispatch_barrier_async_f+0x125
#
# Failed to write core dump. Core dumps have been disabled. To enable core dumping, try "ulimit -c unlimited" before starting Java again
#
# If you would like to submit a bug report, please visit:
#   http://bugreport.sun.com/bugreport/crash.jsp
#

---------------  T H R E A D  ---------------

Current thread is native thread

siginfo: si_signo: 11 (SIGSEGV), si_code: 0 (unknown), si_addr: 0x0000000000000000

Registers:
RAX=0xc000000000000000, RBX=0x00007fbe0fd3b430, RCX=0x0000000000001000, RDX=0x000000010bc052c0
RSP=0x0000000134174c98, RBP=0x0000000134174d00, RSI=0x0000000000000001, RDI=0x00007fbe0fd3b430
R8 =0x0000000000000001, R9 =0x0000000000000000, R10=0x0000000000000000, R11=0x0000000000000002
R12=0x00007fbe0fd49a80, R13=0x0000000134174d68, R14=0x00007fbe0febe5b0, R15=0x0000000000000000
RIP=0x00007fff887029b0, EFLAGS=0x0000000000010206, ERR=0x0000000000000000
  TRAPNO=0x000000000000000d

Top of Stack: (sp=0x0000000134174c98)
0x0000000134174c98:   00007fff9531e3d7 0000000134174ce0
0x0000000134174ca8:   00007fff78a8e0d0 0000000042000000
0x0000000134174cb8:   00007fff9531e3e2 00007fff78b3b540
0x0000000134174cc8:   00007fbe0fd5b3c0 0000000000000000
0x0000000134174cd8:   00007fbe0febe5b0 00007fbe0fd3b430
0x0000000134174ce8:   00007fbe0a208040 00007fff90a350c0
0x0000000134174cf8:   00007fbe0bb4bb40 0000000134174d10
0x0000000134174d08:   00007fff8f07c8a3 0000000134174da0
0x0000000134174d18:   00007fff8f07d70a 00007fbe0fd63870
0x0000000134174d28:   00007fff77d7aff0 00007fff77e1e328
0x0000000134174d38:   00007fbe0a208040 00007fbe0fd4a6d0
0x0000000134174d48:   00007fbe0fe3e0a0 00007fff76d41e78
0x0000000134174d58:   0000000000000000 00007fff78629580
0x0000000134174d68:   00007fbe0fe3e0a0 dc000656973cd523
0x0000000134174d78:   00007fbe0fd32450 00007fff78a90b60
0x0000000134174d88:   000000010bc052c0 00007fbe09ff9620
0x0000000134174d98:   00007fbe0febe3a0 0000000134174db0
0x0000000134174da8:   00007fff94ec1bfc 0000000134174de0
0x0000000134174db8:   00007fff94ec1b88 00007fbe0fd63870
0x0000000134174dc8:   0000000000000000 00007fbe0fd4a6d0
0x0000000134174dd8:   0000000000000000 0000000134174e00
0x0000000134174de8:   00007fff886f2c13 000000010b601240
0x0000000134174df8:   00007fbe0fd63870 0000000134174e70
0x0000000134174e08:   00007fff886f6365 0000000134174e30
0x0000000134174e18:   00000000a40008ff 00007fff76d42bc0
0x0000000134174e28:   00007fff76d42bc0 00007fbe0fd4a710
0x0000000134174e38:   0000000000010001 00007fbe0fd4a704
0x0000000134174e48:   00007fbe0fd4a6d0 00007fff76d42bc0
0x0000000134174e58:   00007fff76d42c00 00007fff76d42bc0
0x0000000134174e68:   0000000000000000 0000000134174ea0
0x0000000134174e78:   00007fff886f7ecc 00007fff76d41f50
0x0000000134174e88:   00007fbe0fd4a6d0 00007fff76d42bf8 

Instructions: (pc=0x00007fff887029b0)
0x00007fff88702990:   88 f0 44 88 c6 eb 0a 4c 89 ca e9 93 1c ff ff 31
0x00007fff887029a0:   f6 40 84 f6 49 0f 44 ca 48 85 c9 74 43 48 8b 07
0x00007fff887029b0:   48 81 78 28 02 00 01 00 74 36 8b 47 68 39 c8 73
0x00007fff887029c0:   2f 8b 77 08 b0 01 81 fe ff ff ff 7f 74 24 4c 8d 

Register to memory mapping:

RAX=0xc000000000000000 is an unknown value
RBX=0x00007fbe0fd3b430 is an unknown value
RCX=0x0000000000001000 is an unknown value
RDX=0x000000010bc052c0 is an unknown value
RSP=0x0000000134174c98 is an unknown value
RBP=0x0000000134174d00 is an unknown value
RSI=0x0000000000000001 is an unknown value
RDI=0x00007fbe0fd3b430 is an unknown value
R8 =0x0000000000000001 is an unknown value
R9 =0x0000000000000000 is an unknown value
R10=0x0000000000000000 is an unknown value
R11=0x0000000000000002 is an unknown value
R12=0x00007fbe0fd49a80 is an unknown value
R13=0x0000000134174d68 is an unknown value
R14=0x00007fbe0febe5b0 is an unknown value
R15=0x0000000000000000 is an unknown value


Stack: [0x00000001340f5000,0x0000000134175000],  sp=0x0000000134174c98,  free space=511k
Native frames: (J=compiled Java code, j=interpreted, Vv=VM code, C=native code)
C  [libdispatch.dylib+0x119b0]  _dispatch_barrier_async_f+0x125
C  [Foundation+0x27b8a3]  __NSXPCCONNECTION_IS_CALLING_OUT_TO_ERROR_BLOCK__+0x7
C  [Foundation+0x27c70a]  __97-[NSXPCConnection _sendInvocation:proxyNumber:remoteInterface:withErrorHandler:timeout:userInfo:]_block_invoke311+0x2b7
C  [libxpc.dylib+0x9bfc]  _xpc_connection_reply_callout+0x2f
C  [libxpc.dylib+0x9b88]  _xpc_connection_call_reply+0x24
C  [libdispatch.dylib+0x1c13]  _dispatch_client_callout+0x8
C  [libdispatch.dylib+0x5365]  _dispatch_queue_drain+0x44c
C  [libdispatch.dylib+0x6ecc]  _dispatch_queue_invoke+0xca
C  [libdispatch.dylib+0x46b7]  _dispatch_root_queue_drain+0x1cf
C  [libdispatch.dylib+0x12fe4]  _dispatch_worker_thread3+0x5b
C  [libsystem_pthread.dylib+0x36cb]  _pthread_wqthread+0x2d9
C  [libsystem_pthread.dylib+0x14a1]  start_wqthread+0xd


---------------  P R O C E S S  ---------------

VM state:not at safepoint (normal execution)

VM Mutex/Monitor currently owned by a thread: None

Heap:
 PSYoungGen      total 115712K, used 100738K [0x000000076ab00000, 0x0000000772980000, 0x00000007c0000000)
  eden space 104960K, 85% used [0x000000076ab00000,0x00000007702e4a90,0x0000000771180000)
  from space 10752K, 99% used [0x0000000771c00000,0x000000077267c070,0x0000000772680000)
  to   space 10752K, 0% used [0x0000000771180000,0x0000000771180000,0x0000000771c00000)
 ParOldGen       total 99328K, used 41732K [0x00000006c0000000, 0x00000006c6100000, 0x000000076ab00000)
  object space 99328K, 42% used [0x00000006c0000000,0x00000006c28c13c0,0x00000006c6100000)
 Metaspace       used 26839K, capacity 28302K, committed 28544K, reserved 1073152K
  class space    used 3719K, capacity 3957K, committed 3968K, reserved 1048576K

Card table byte_map: [0x000000011b3c0000,0x000000011bbc1000] byte_map_base: 0x0000000117dc0000

Marking Bits: (ParMarkBitMap*) 0x000000010a6bb390
 Begin Bits: [0x000000011c82c000, 0x000000012082c000)
 End Bits:   [0x000000012082c000, 0x000000012482c000)

Polling page: 0x000000010ae96000

CodeCache: size=245760Kb used=16126Kb max_used=16129Kb free=229633Kb
 bounds [0x000000010c000000, 0x000000010cfe0000, 0x000000011b000000]
 total_blobs=5702 nmethods=4954 adapters=661
 compilation: enabled

Compilation events (10 events):
Event: 13.541 Thread 0x00007fbe0c803800 4989       3       com.sun.javafx.scene.control.skin.LabeledSkinBase::computeMaxWidth (12 bytes)
Event: 13.542 Thread 0x00007fbe0c803800 nmethod 4989 0x000000010cfcaad0 code [0x000000010cfcac40, 0x000000010cfcafc8]
Event: 13.544 Thread 0x00007fbe0c803800 4990       3       com.sun.javafx.geom.RectBounds::contains (70 bytes)
Event: 13.544 Thread 0x00007fbe0c803800 nmethod 4990 0x000000010cfca110 code [0x000000010cfca2a0, 0x000000010cfca9b0]
Event: 13.544 Thread 0x00007fbe0c803800 4991       3       com.sun.javafx.geom.transform.Affine3D::getDegree (4 bytes)
Event: 13.545 Thread 0x00007fbe0c803800 nmethod 4991 0x000000010cfc9dd0 code [0x000000010cfc9f40, 0x000000010cfca090]
Event: 13.545 Thread 0x00007fbe0c803800 4992       3       com.sun.prism.es2.GLContext::uniform4f (15 bytes)
Event: 13.545 Thread 0x00007fbe0c803800 nmethod 4992 0x000000010cfc9a10 code [0x000000010cfc9b80, 0x000000010cfc9d08]
Event: 13.951 Thread 0x00007fbe0c803800 4994       3       javafx.scene.Node::impl_pickNodeLocal (8 bytes)
Event: 13.951 Thread 0x00007fbe0c803800 nmethod 4994 0x000000010cfc9250 code [0x000000010cfc93c0, 0x000000010cfc95c8]

GC Heap History (10 events):
Event: 1.762 GC heap before
{Heap before GC invocations=1 (full 0):
 PSYoungGen      total 76288K, used 65536K [0x000000076ab00000, 0x0000000770000000, 0x00000007c0000000)
  eden space 65536K, 100% used [0x000000076ab00000,0x000000076eb00000,0x000000076eb00000)
  from space 10752K, 0% used [0x000000076f580000,0x000000076f580000,0x0000000770000000)
  to   space 10752K, 0% used [0x000000076eb00000,0x000000076eb00000,0x000000076f580000)
 ParOldGen       total 175104K, used 0K [0x00000006c0000000, 0x00000006cab00000, 0x000000076ab00000)
  object space 175104K, 0% used [0x00000006c0000000,0x00000006c0000000,0x00000006cab00000)
 Metaspace       used 19197K, capacity 19796K, committed 20096K, reserved 1067008K
  class space    used 2722K, capacity 2858K, committed 2944K, reserved 1048576K
Event: 1.774 GC heap after
Heap after GC invocations=1 (full 0):
 PSYoungGen      total 76288K, used 10726K [0x000000076ab00000, 0x0000000770000000, 0x00000007c0000000)
  eden space 65536K, 0% used [0x000000076ab00000,0x000000076ab00000,0x000000076eb00000)
  from space 10752K, 99% used [0x000000076eb00000,0x000000076f579b08,0x000000076f580000)
  to   space 10752K, 0% used [0x000000076f580000,0x000000076f580000,0x0000000770000000)
 ParOldGen       total 175104K, used 1303K [0x00000006c0000000, 0x00000006cab00000, 0x000000076ab00000)
  object space 175104K, 0% used [0x00000006c0000000,0x00000006c0145d48,0x00000006cab00000)
 Metaspace       used 19197K, capacity 19796K, committed 20096K, reserved 1067008K
  class space    used 2722K, capacity 2858K, committed 2944K, reserved 1048576K
}
Event: 1.883 GC heap before
{Heap before GC invocations=2 (full 0):
 PSYoungGen      total 76288K, used 19425K [0x000000076ab00000, 0x0000000770000000, 0x00000007c0000000)
  eden space 65536K, 13% used [0x000000076ab00000,0x000000076b37eaf0,0x000000076eb00000)
  from space 10752K, 99% used [0x000000076eb00000,0x000000076f579b08,0x000000076f580000)
  to   space 10752K, 0% used [0x000000076f580000,0x000000076f580000,0x0000000770000000)
 ParOldGen       total 175104K, used 1303K [0x00000006c0000000, 0x00000006cab00000, 0x000000076ab00000)
  object space 175104K, 0% used [0x00000006c0000000,0x00000006c0145d48,0x00000006cab00000)
 Metaspace       used 20628K, capacity 21210K, committed 21248K, reserved 1067008K
  class space    used 2907K, capacity 3063K, committed 3072K, reserved 1048576K
Event: 1.895 GC heap after
Heap after GC invocations=2 (full 0):
 PSYoungGen      total 76288K, used 10742K [0x000000076ab00000, 0x0000000774000000, 0x00000007c0000000)
  eden space 65536K, 0% used [0x000000076ab00000,0x000000076ab00000,0x000000076eb00000)
  from space 10752K, 99% used [0x000000076f580000,0x000000076fffdb18,0x0000000770000000)
  to   space 10752K, 0% used [0x000000076eb00000,0x000000076eb00000,0x000000076f580000)
 ParOldGen       total 175104K, used 1857K [0x00000006c0000000, 0x00000006cab00000, 0x000000076ab00000)
  object space 175104K, 1% used [0x00000006c0000000,0x00000006c01d0440,0x00000006cab00000)
 Metaspace       used 20628K, capacity 21210K, committed 21248K, reserved 1067008K
  class space    used 2907K, capacity 3063K, committed 3072K, reserved 1048576K
}
Event: 1.895 GC heap before
{Heap before GC invocations=3 (full 1):
 PSYoungGen      total 76288K, used 10742K [0x000000076ab00000, 0x0000000774000000, 0x00000007c0000000)
  eden space 65536K, 0% used [0x000000076ab00000,0x000000076ab00000,0x000000076eb00000)
  from space 10752K, 99% used [0x000000076f580000,0x000000076fffdb18,0x0000000770000000)
  to   space 10752K, 0% used [0x000000076eb00000,0x000000076eb00000,0x000000076f580000)
 ParOldGen       total 175104K, used 1857K [0x00000006c0000000, 0x00000006cab00000, 0x000000076ab00000)
  object space 175104K, 1% used [0x00000006c0000000,0x00000006c01d0440,0x00000006cab00000)
 Metaspace       used 20628K, capacity 21210K, committed 21248K, reserved 1067008K
  class space    used 2907K, capacity 3063K, committed 3072K, reserved 1048576K
Event: 1.938 GC heap after
Heap after GC invocations=3 (full 1):
 PSYoungGen      total 76288K, used 0K [0x000000076ab00000, 0x0000000774000000, 0x00000007c0000000)
  eden space 65536K, 0% used [0x000000076ab00000,0x000000076ab00000,0x000000076eb00000)
  from space 10752K, 0% used [0x000000076f580000,0x000000076f580000,0x0000000770000000)
  to   space 10752K, 0% used [0x000000076eb00000,0x000000076eb00000,0x000000076f580000)
 ParOldGen       total 99328K, used 11385K [0x00000006c0000000, 0x00000006c6100000, 0x000000076ab00000)
  object space 99328K, 11% used [0x00000006c0000000,0x00000006c0b1e778,0x00000006c6100000)
 Metaspace       used 20627K, capacity 21208K, committed 21248K, reserved 1067008K
  class space    used 2907K, capacity 3062K, committed 3072K, reserved 1048576K
}
Event: 8.319 GC heap before
{Heap before GC invocations=4 (full 1):
 PSYoungGen      total 76288K, used 65536K [0x000000076ab00000, 0x0000000774000000, 0x00000007c0000000)
  eden space 65536K, 100% used [0x000000076ab00000,0x000000076eb00000,0x000000076eb00000)
  from space 10752K, 0% used [0x000000076f580000,0x000000076f580000,0x0000000770000000)
  to   space 10752K, 0% used [0x000000076eb00000,0x000000076eb00000,0x000000076f580000)
 ParOldGen       total 99328K, used 11385K [0x00000006c0000000, 0x00000006c6100000, 0x000000076ab00000)
  object space 99328K, 11% used [0x00000006c0000000,0x00000006c0b1e778,0x00000006c6100000)
 Metaspace       used 25968K, capacity 27366K, committed 27520K, reserved 1073152K
  class space    used 3684K, capacity 3939K, committed 3968K, reserved 1048576K
Event: 8.332 GC heap after
Heap after GC invocations=4 (full 1):
 PSYoungGen      total 76288K, used 10722K [0x000000076ab00000, 0x0000000772680000, 0x00000007c0000000)
  eden space 65536K, 0% used [0x000000076ab00000,0x000000076ab00000,0x000000076eb00000)
  from space 10752K, 99% used [0x000000076eb00000,0x000000076f578b10,0x000000076f580000)
  to   space 10752K, 0% used [0x0000000771c00000,0x0000000771c00000,0x0000000772680000)
 ParOldGen       total 99328K, used 20262K [0x00000006c0000000, 0x00000006c6100000, 0x000000076ab00000)
  object space 99328K, 20% used [0x00000006c0000000,0x00000006c13c99b0,0x00000006c6100000)
 Metaspace       used 25968K, capacity 27366K, committed 27520K, reserved 1073152K
  class space    used 3684K, capacity 3939K, committed 3968K, reserved 1048576K
}
Event: 8.785 GC heap before
{Heap before GC invocations=5 (full 1):
 PSYoungGen      total 76288K, used 76258K [0x000000076ab00000, 0x0000000772680000, 0x00000007c0000000)
  eden space 65536K, 100% used [0x000000076ab00000,0x000000076eb00000,0x000000076eb00000)
  from space 10752K, 99% used [0x000000076eb00000,0x000000076f578b10,0x000000076f580000)
  to   space 10752K, 0% used [0x0000000771c00000,0x0000000771c00000,0x0000000772680000)
 ParOldGen       total 99328K, used 20262K [0x00000006c0000000, 0x00000006c6100000, 0x000000076ab00000)
  object space 99328K, 20% used [0x00000006c0000000,0x00000006c13c99b0,0x00000006c6100000)
 Metaspace       used 26358K, capacity 27772K, committed 28032K, reserved 1073152K
  class space    used 3704K, capacity 3952K, committed 3968K, reserved 1048576K
Event: 8.815 GC heap after
Heap after GC invocations=5 (full 1):
 PSYoungGen      total 115712K, used 10736K [0x000000076ab00000, 0x0000000772980000, 0x00000007c0000000)
  eden space 104960K, 0% used [0x000000076ab00000,0x000000076ab00000,0x0000000771180000)
  from space 10752K, 99% used [0x0000000771c00000,0x000000077267c070,0x0000000772680000)
  to   space 10752K, 0% used [0x0000000771180000,0x0000000771180000,0x0000000771c00000)
 ParOldGen       total 99328K, used 41732K [0x00000006c0000000, 0x00000006c6100000, 0x000000076ab00000)
  object space 99328K, 42% used [0x00000006c0000000,0x00000006c28c13c0,0x00000006c6100000)
 Metaspace       used 26358K, capacity 27772K, committed 28032K, reserved 1073152K
  class space    used 3704K, capacity 3952K, committed 3968K, reserved 1048576K
}

Deoptimization events (10 events):
Event: 9.787 Thread 0x00007fbe0d07c800 Uncommon trap: reason=class_check action=maybe_recompile pc=0x000000010ce76c14 method=com.sun.javafx.sg.prism.NGNode.setTransformMatrix(Lcom/sun/javafx/geom/transform/BaseTransform;)V @ 5
Event: 9.787 Thread 0x00007fbe0d07c800 Uncommon trap: reason=class_check action=maybe_recompile pc=0x000000010ce76c14 method=com.sun.javafx.sg.prism.NGNode.setTransformMatrix(Lcom/sun/javafx/geom/transform/BaseTransform;)V @ 5
Event: 9.787 Thread 0x00007fbe0d07c800 Uncommon trap: reason=class_check action=maybe_recompile pc=0x000000010ce76c14 method=com.sun.javafx.sg.prism.NGNode.setTransformMatrix(Lcom/sun/javafx/geom/transform/BaseTransform;)V @ 5
Event: 9.787 Thread 0x00007fbe0d07c800 Uncommon trap: reason=class_check action=maybe_recompile pc=0x000000010ce76c14 method=com.sun.javafx.sg.prism.NGNode.setTransformMatrix(Lcom/sun/javafx/geom/transform/BaseTransform;)V @ 5
Event: 9.788 Thread 0x00007fbe0d07c800 Uncommon trap: reason=class_check action=maybe_recompile pc=0x000000010c12ff4c method=com.sun.javafx.sg.prism.NGNode.setTransformMatrix(Lcom/sun/javafx/geom/transform/BaseTransform;)V @ 5
Event: 9.854 Thread 0x00007fbe0d874800 Uncommon trap: reason=bimorphic action=maybe_recompile pc=0x000000010cf193ac method=com.sun.javafx.sg.prism.NGNode.getContentBounds(Lcom/sun/javafx/geom/BaseBounds;Lcom/sun/javafx/geom/transform/BaseTransform;)Lcom/sun/javafx/geom/BaseBounds; @ 1
Event: 9.857 Thread 0x00007fbe0d874800 Uncommon trap: reason=bimorphic action=maybe_recompile pc=0x000000010cf193ac method=com.sun.javafx.sg.prism.NGNode.getContentBounds(Lcom/sun/javafx/geom/BaseBounds;Lcom/sun/javafx/geom/transform/BaseTransform;)Lcom/sun/javafx/geom/BaseBounds; @ 1
Event: 9.858 Thread 0x00007fbe0d874800 Uncommon trap: reason=bimorphic action=maybe_recompile pc=0x000000010cf193ac method=com.sun.javafx.sg.prism.NGNode.getContentBounds(Lcom/sun/javafx/geom/BaseBounds;Lcom/sun/javafx/geom/transform/BaseTransform;)Lcom/sun/javafx/geom/BaseBounds; @ 1
Event: 9.859 Thread 0x00007fbe0d874800 Uncommon trap: reason=bimorphic action=maybe_recompile pc=0x000000010cf193ac method=com.sun.javafx.sg.prism.NGNode.getContentBounds(Lcom/sun/javafx/geom/BaseBounds;Lcom/sun/javafx/geom/transform/BaseTransform;)Lcom/sun/javafx/geom/BaseBounds; @ 1
Event: 10.241 Thread 0x00007fbe0d874800 Uncommon trap: reason=unreached action=reinterpret pc=0x000000010cf11bec method=com.sun.javafx.sg.prism.NGNode.clearDirtyTree()V @ 63

Internal exceptions (10 events):
Event: 7.099 Thread 0x00007fbe0d07c800 Implicit null exception at 0x000000010c9332e5 to 0x000000010c933cc1
Event: 7.993 Thread 0x00007fbe0d07c800 Exception <a 'java/security/PrivilegedActionException'> (0x000000076c2fe578) thrown at [/HUDSON3/workspace/8-2-build-macosx-x86_64/jdk8u25/1514/hotspot/src/share/vm/prims/jvm.cpp, line 1312]
Event: 8.007 Thread 0x00007fbe0d07c800 Exception <a 'java/security/PrivilegedActionException'> (0x000000076c646c48) thrown at [/HUDSON3/workspace/8-2-build-macosx-x86_64/jdk8u25/1514/hotspot/src/share/vm/prims/jvm.cpp, line 1312]
Event: 8.008 Thread 0x00007fbe0d07c800 Exception <a 'java/security/PrivilegedActionException'> (0x000000076c650b08) thrown at [/HUDSON3/workspace/8-2-build-macosx-x86_64/jdk8u25/1514/hotspot/src/share/vm/prims/jvm.cpp, line 1312]
Event: 8.070 Thread 0x00007fbe0d07c800 Exception <a 'java/security/PrivilegedActionException'> (0x000000076d0eb708) thrown at [/HUDSON3/workspace/8-2-build-macosx-x86_64/jdk8u25/1514/hotspot/src/share/vm/prims/jvm.cpp, line 1312]
Event: 8.071 Thread 0x00007fbe0d07c800 Exception <a 'java/security/PrivilegedActionException'> (0x000000076d0f5460) thrown at [/HUDSON3/workspace/8-2-build-macosx-x86_64/jdk8u25/1514/hotspot/src/share/vm/prims/jvm.cpp, line 1312]
Event: 8.121 Thread 0x00007fbe0d07c800 Exception <a 'java/security/PrivilegedActionException'> (0x000000076dd7bfc0) thrown at [/HUDSON3/workspace/8-2-build-macosx-x86_64/jdk8u25/1514/hotspot/src/share/vm/prims/jvm.cpp, line 1312]
Event: 8.129 Thread 0x00007fbe0d07c800 Implicit null exception at 0x000000010c8c0666 to 0x000000010c8c3a1d
Event: 8.131 Thread 0x00007fbe0d07c800 Exception <a 'java/security/PrivilegedActionException'> (0x000000076ddd29b8) thrown at [/HUDSON3/workspace/8-2-build-macosx-x86_64/jdk8u25/1514/hotspot/src/share/vm/prims/jvm.cpp, line 1312]
Event: 8.837 Thread 0x00007fbe0d07c800 Implicit null exception at 0x000000010cd4e975 to 0x000000010cd4eadf

Events (10 events):
Event: 11.125 loading class com/sun/javafx/tk/FileChooserType
Event: 11.125 loading class com/sun/javafx/tk/FileChooserType done
Event: 11.125 loading class com/sun/glass/ui/CommonDialogs$ExtensionFilter
Event: 11.125 loading class com/sun/glass/ui/CommonDialogs$ExtensionFilter done
Event: 11.125 loading class com/sun/glass/ui/CommonDialogs
Event: 11.125 loading class com/sun/glass/ui/CommonDialogs done
Event: 11.125 loading class com/sun/glass/ui/mac/MacCommonDialogs
Event: 11.125 loading class com/sun/glass/ui/mac/MacCommonDialogs done
Event: 11.126 loading class com/sun/glass/ui/CommonDialogs$FileChooserResult
Event: 11.126 loading class com/sun/glass/ui/CommonDialogs$FileChooserResult done


Dynamic libraries:
0x000000000679a000 	/System/Library/Frameworks/Cocoa.framework/Versions/A/Cocoa
0x000000000679a000 	/System/Library/Frameworks/Security.framework/Versions/A/Security
0x000000000679a000 	/System/Library/Frameworks/ApplicationServices.framework/Versions/A/ApplicationServices
0x000000000679a000 	/usr/lib/libz.1.dylib
0x000000000679a000 	/usr/lib/libSystem.B.dylib
0x000000000679a000 	/usr/lib/libobjc.A.dylib
0x000000000679a000 	/System/Library/Frameworks/CoreFoundation.framework/Versions/A/CoreFoundation
0x000000000679a000 	/System/Library/Frameworks/Foundation.framework/Versions/C/Foundation
0x000000000679a000 	/System/Library/Frameworks/AppKit.framework/Versions/C/AppKit
0x000000000679a000 	/System/Library/Frameworks/CoreData.framework/Versions/A/CoreData
0x000000000679a000 	/System/Library/PrivateFrameworks/RemoteViewServices.framework/Versions/A/RemoteViewServices
0x000000000679a000 	/System/Library/PrivateFrameworks/UIFoundation.framework/Versions/A/UIFoundation
0x000000000679a000 	/System/Library/Frameworks/IOSurface.framework/Versions/A/IOSurface
0x000000000679a000 	/System/Library/Frameworks/AudioToolbox.framework/Versions/A/AudioToolbox
0x000000000679a000 	/System/Library/Frameworks/AudioUnit.framework/Versions/A/AudioUnit
0x000000000679a000 	/System/Library/PrivateFrameworks/DataDetectorsCore.framework/Versions/A/DataDetectorsCore
0x000000000679a000 	/System/Library/PrivateFrameworks/DesktopServicesPriv.framework/Versions/A/DesktopServicesPriv
0x000000000679a000 	/System/Library/Frameworks/Carbon.framework/Versions/A/Frameworks/HIToolbox.framework/Versions/A/HIToolbox
0x000000000679a000 	/System/Library/Frameworks/QuartzCore.framework/Versions/A/QuartzCore
0x000000000679a000 	/System/Library/Frameworks/Carbon.framework/Versions/A/Frameworks/SpeechRecognition.framework/Versions/A/SpeechRecognition
0x000000000679a000 	/usr/lib/libauto.dylib
0x000000000679a000 	/usr/lib/libicucore.A.dylib
0x000000000679a000 	/usr/lib/libxml2.2.dylib
0x000000000679a000 	/System/Library/PrivateFrameworks/CoreUI.framework/Versions/A/CoreUI
0x000000000679a000 	/System/Library/Frameworks/CoreAudio.framework/Versions/A/CoreAudio
0x000000000679a000 	/System/Library/Frameworks/DiskArbitration.framework/Versions/A/DiskArbitration
0x000000000679a000 	/usr/lib/liblangid.dylib
0x000000000679a000 	/System/Library/PrivateFrameworks/MultitouchSupport.framework/Versions/A/MultitouchSupport
0x000000000679a000 	/System/Library/Frameworks/IOKit.framework/Versions/A/IOKit
0x000000000679a000 	/usr/lib/libDiagnosticMessagesClient.dylib
0x000000000679a000 	/System/Library/Frameworks/CoreServices.framework/Versions/A/CoreServices
0x000000000679a000 	/System/Library/PrivateFrameworks/PerformanceAnalysis.framework/Versions/A/PerformanceAnalysis
0x000000000679a000 	/System/Library/PrivateFrameworks/GenerationalStorage.framework/Versions/A/GenerationalStorage
0x000000000679a000 	/System/Library/Frameworks/OpenGL.framework/Versions/A/OpenGL
0x000000000679a000 	/System/Library/PrivateFrameworks/Sharing.framework/Versions/A/Sharing
0x000000000679a000 	/System/Library/Frameworks/CoreGraphics.framework/Versions/A/CoreGraphics
0x000000000679a000 	/System/Library/Frameworks/CoreText.framework/Versions/A/CoreText
0x000000000679a000 	/System/Library/Frameworks/ImageIO.framework/Versions/A/ImageIO
0x000000000679a000 	/usr/lib/libextension.dylib
0x000000000679a000 	/System/Library/PrivateFrameworks/Backup.framework/Versions/A/Backup
0x000000000679a000 	/usr/lib/libarchive.2.dylib
0x000000000679a000 	/System/Library/Frameworks/CFNetwork.framework/Versions/A/CFNetwork
0x000000000679a000 	/System/Library/Frameworks/SystemConfiguration.framework/Versions/A/SystemConfiguration
0x000000000679a000 	/usr/lib/libCRFSuite.dylib
0x000000000679a000 	/usr/lib/libc++.1.dylib
0x000000000679a000 	/usr/lib/libc++abi.dylib
0x000000000679a000 	/usr/lib/system/libcache.dylib
0x000000000679a000 	/usr/lib/system/libcommonCrypto.dylib
0x000000000679a000 	/usr/lib/system/libcompiler_rt.dylib
0x000000000679a000 	/usr/lib/system/libcopyfile.dylib
0x000000000679a000 	/usr/lib/system/libcorecrypto.dylib
0x000000000679a000 	/usr/lib/system/libdispatch.dylib
0x000000000679a000 	/usr/lib/system/libdyld.dylib
0x000000000679a000 	/usr/lib/system/libkeymgr.dylib
0x000000000679a000 	/usr/lib/system/liblaunch.dylib
0x000000000679a000 	/usr/lib/system/libmacho.dylib
0x000000000679a000 	/usr/lib/system/libquarantine.dylib
0x000000000679a000 	/usr/lib/system/libremovefile.dylib
0x000000000679a000 	/usr/lib/system/libsystem_asl.dylib
0x000000000679a000 	/usr/lib/system/libsystem_blocks.dylib
0x000000000679a000 	/usr/lib/system/libsystem_c.dylib
0x000000000679a000 	/usr/lib/system/libsystem_configuration.dylib
0x000000000679a000 	/usr/lib/system/libsystem_coreservices.dylib
0x000000000679a000 	/usr/lib/system/libsystem_coretls.dylib
0x000000000679a000 	/usr/lib/system/libsystem_dnssd.dylib
0x000000000679a000 	/usr/lib/system/libsystem_info.dylib
0x000000000679a000 	/usr/lib/system/libsystem_kernel.dylib
0x000000000679a000 	/usr/lib/system/libsystem_m.dylib
0x000000000679a000 	/usr/lib/system/libsystem_malloc.dylib
0x000000000679a000 	/usr/lib/system/libsystem_network.dylib
0x000000000679a000 	/usr/lib/system/libsystem_networkextension.dylib
0x000000000679a000 	/usr/lib/system/libsystem_notify.dylib
0x000000000679a000 	/usr/lib/system/libsystem_platform.dylib
0x000000000679a000 	/usr/lib/system/libsystem_pthread.dylib
0x000000000679a000 	/usr/lib/system/libsystem_sandbox.dylib
0x000000000679a000 	/usr/lib/system/libsystem_secinit.dylib
0x000000000679a000 	/usr/lib/system/libsystem_stats.dylib
0x000000000679a000 	/usr/lib/system/libsystem_trace.dylib
0x000000000679a000 	/usr/lib/system/libunc.dylib
0x000000000679a000 	/usr/lib/system/libunwind.dylib
0x000000000679a000 	/usr/lib/system/libxpc.dylib
0x000000000679a000 	/usr/lib/libbz2.1.0.dylib
0x000000000679a000 	/usr/lib/liblzma.5.dylib
0x000000000679a000 	/usr/lib/libbsm.0.dylib
0x000000000679a000 	/usr/lib/libsqlite3.dylib
0x000000000679a000 	/usr/lib/system/libkxld.dylib
0x000000000679a000 	/usr/lib/libxar.1.dylib
0x000000000679a000 	/usr/lib/libpam.2.dylib
0x000000000679a000 	/usr/lib/libOpenScriptingUtil.dylib
0x000000000679a000 	/System/Library/Frameworks/CoreServices.framework/Versions/A/Frameworks/FSEvents.framework/Versions/A/FSEvents
0x000000000679a000 	/System/Library/Frameworks/CoreServices.framework/Versions/A/Frameworks/CarbonCore.framework/Versions/A/CarbonCore
0x000000000679a000 	/System/Library/Frameworks/CoreServices.framework/Versions/A/Frameworks/Metadata.framework/Versions/A/Metadata
0x000000000679a000 	/System/Library/Frameworks/CoreServices.framework/Versions/A/Frameworks/OSServices.framework/Versions/A/OSServices
0x000000000679a000 	/System/Library/Frameworks/CoreServices.framework/Versions/A/Frameworks/SearchKit.framework/Versions/A/SearchKit
0x000000000679a000 	/System/Library/Frameworks/CoreServices.framework/Versions/A/Frameworks/AE.framework/Versions/A/AE
0x000000000679a000 	/System/Library/Frameworks/CoreServices.framework/Versions/A/Frameworks/LaunchServices.framework/Versions/A/LaunchServices
0x000000000679a000 	/System/Library/Frameworks/CoreServices.framework/Versions/A/Frameworks/DictionaryServices.framework/Versions/A/DictionaryServices
0x000000000679a000 	/System/Library/Frameworks/NetFS.framework/Versions/A/NetFS
0x000000000679a000 	/System/Library/PrivateFrameworks/NetAuth.framework/Versions/A/NetAuth
0x000000000679a000 	/System/Library/PrivateFrameworks/login.framework/Versions/A/Frameworks/loginsupport.framework/Versions/A/loginsupport
0x000000000679a000 	/System/Library/PrivateFrameworks/TCC.framework/Versions/A/TCC
0x000000000679a000 	/usr/lib/libmecabra.dylib
0x000000000679a000 	/System/Library/PrivateFrameworks/LanguageModeling.framework/Versions/A/LanguageModeling
0x000000000679a000 	/usr/lib/libcmph.dylib
0x000000000679a000 	/usr/lib/libiconv.2.dylib
0x000000000679a000 	/System/Library/Frameworks/OpenDirectory.framework/Versions/A/Frameworks/CFOpenDirectory.framework/Versions/A/CFOpenDirectory
0x000000000679a000 	/System/Library/Frameworks/ServiceManagement.framework/Versions/A/ServiceManagement
0x000000000679a000 	/usr/lib/libxslt.1.dylib
0x000000000679a000 	/System/Library/Frameworks/Carbon.framework/Versions/A/Frameworks/Ink.framework/Versions/A/Ink
0x000000000679a000 	/System/Library/Frameworks/ApplicationServices.framework/Versions/A/Frameworks/ATS.framework/Versions/A/ATS
0x000000000679a000 	/System/Library/Frameworks/ApplicationServices.framework/Versions/A/Frameworks/ColorSync.framework/Versions/A/ColorSync
0x000000000679a000 	/System/Library/Frameworks/ApplicationServices.framework/Versions/A/Frameworks/HIServices.framework/Versions/A/HIServices
0x000000000679a000 	/System/Library/Frameworks/ApplicationServices.framework/Versions/A/Frameworks/LangAnalysis.framework/Versions/A/LangAnalysis
0x000000000679a000 	/System/Library/Frameworks/ApplicationServices.framework/Versions/A/Frameworks/PrintCore.framework/Versions/A/PrintCore
0x000000000679a000 	/System/Library/Frameworks/ApplicationServices.framework/Versions/A/Frameworks/QD.framework/Versions/A/QD
0x000000000679a000 	/System/Library/Frameworks/ApplicationServices.framework/Versions/A/Frameworks/SpeechSynthesis.framework/Versions/A/SpeechSynthesis
0x000000000679a000 	/System/Library/Frameworks/Accelerate.framework/Versions/A/Accelerate
0x000000000679a000 	/System/Library/Frameworks/Accelerate.framework/Versions/A/Frameworks/vImage.framework/Versions/A/vImage
0x000000000679a000 	/System/Library/Frameworks/Accelerate.framework/Versions/A/Frameworks/vecLib.framework/Versions/A/vecLib
0x000000000679a000 	/System/Library/Frameworks/Accelerate.framework/Versions/A/Frameworks/vecLib.framework/Versions/A/libvDSP.dylib
0x000000000679a000 	/System/Library/Frameworks/Accelerate.framework/Versions/A/Frameworks/vecLib.framework/Versions/A/libvMisc.dylib
0x000000000679a000 	/System/Library/Frameworks/Accelerate.framework/Versions/A/Frameworks/vecLib.framework/Versions/A/libLAPACK.dylib
0x000000000679a000 	/System/Library/Frameworks/Accelerate.framework/Versions/A/Frameworks/vecLib.framework/Versions/A/libBLAS.dylib
0x000000000679a000 	/System/Library/Frameworks/Accelerate.framework/Versions/A/Frameworks/vecLib.framework/Versions/A/libLinearAlgebra.dylib
0x000000000679a000 	/System/Library/Frameworks/ApplicationServices.framework/Versions/A/Frameworks/ATS.framework/Versions/A/Resources/libFontParser.dylib
0x000000000679a000 	/System/Library/Frameworks/ApplicationServices.framework/Versions/A/Frameworks/ATS.framework/Versions/A/Resources/libFontRegistry.dylib
0x000000000679a000 	/System/Library/PrivateFrameworks/AppleVPA.framework/Versions/A/AppleVPA
0x000000000679a000 	/System/Library/PrivateFrameworks/AppleJPEG.framework/Versions/A/AppleJPEG
0x000000000679a000 	/System/Library/Frameworks/ImageIO.framework/Versions/A/Resources/libJPEG.dylib
0x000000000679a000 	/System/Library/Frameworks/ImageIO.framework/Versions/A/Resources/libTIFF.dylib
0x000000000679a000 	/System/Library/Frameworks/ImageIO.framework/Versions/A/Resources/libPng.dylib
0x000000000679a000 	/System/Library/Frameworks/ImageIO.framework/Versions/A/Resources/libGIF.dylib
0x000000000679a000 	/System/Library/Frameworks/ImageIO.framework/Versions/A/Resources/libJP2.dylib
0x000000000679a000 	/System/Library/Frameworks/ImageIO.framework/Versions/A/Resources/libRadiance.dylib
0x000000000679a000 	/System/Library/Frameworks/CoreVideo.framework/Versions/A/CoreVideo
0x000000000679a000 	/System/Library/Frameworks/OpenGL.framework/Versions/A/Libraries/libGLU.dylib
0x000000000679a000 	/System/Library/Frameworks/OpenGL.framework/Versions/A/Libraries/libGFXShared.dylib
0x000000000679a000 	/System/Library/Frameworks/OpenGL.framework/Versions/A/Libraries/libGL.dylib
0x000000000679a000 	/System/Library/Frameworks/OpenGL.framework/Versions/A/Libraries/libGLImage.dylib
0x000000000679a000 	/System/Library/Frameworks/OpenGL.framework/Versions/A/Libraries/libCVMSPluginSupport.dylib
0x000000000679a000 	/System/Library/Frameworks/OpenGL.framework/Versions/A/Libraries/libCoreVMClient.dylib
0x000000000679a000 	/usr/lib/libcups.2.dylib
0x000000000679a000 	/System/Library/Frameworks/Kerberos.framework/Versions/A/Kerberos
0x000000000679a000 	/System/Library/Frameworks/GSS.framework/Versions/A/GSS
0x000000000679a000 	/usr/lib/libresolv.9.dylib
0x000000000679a000 	/System/Library/PrivateFrameworks/Heimdal.framework/Versions/A/Heimdal
0x000000000679a000 	/usr/lib/libheimdal-asn1.dylib
0x000000000679a000 	/System/Library/Frameworks/OpenDirectory.framework/Versions/A/OpenDirectory
0x000000000679a000 	/System/Library/PrivateFrameworks/CommonAuth.framework/Versions/A/CommonAuth
0x000000000679a000 	/System/Library/Frameworks/SecurityFoundation.framework/Versions/A/SecurityFoundation
0x000000000679a000 	/System/Library/Frameworks/QuartzCore.framework/Versions/A/Frameworks/CoreImage.framework/Versions/A/CoreImage
0x000000000679a000 	/System/Library/PrivateFrameworks/CrashReporterSupport.framework/Versions/A/CrashReporterSupport
0x000000000679a000 	/System/Library/Frameworks/OpenCL.framework/Versions/A/OpenCL
0x000000000679a000 	/System/Library/PrivateFrameworks/FaceCore.framework/Versions/A/FaceCore
0x000000000679a000 	/System/Library/PrivateFrameworks/Ubiquity.framework/Versions/A/Ubiquity
0x000000000679a000 	/System/Library/PrivateFrameworks/IconServices.framework/Versions/A/IconServices
0x000000000679a000 	/System/Library/PrivateFrameworks/ChunkingLibrary.framework/Versions/A/ChunkingLibrary
0x000000000679a000 	/System/Library/PrivateFrameworks/Apple80211.framework/Versions/A/Apple80211
0x000000000679a000 	/System/Library/Frameworks/CoreWLAN.framework/Versions/A/CoreWLAN
0x000000000679a000 	/System/Library/Frameworks/IOBluetooth.framework/Versions/A/IOBluetooth
0x000000000679a000 	/System/Library/PrivateFrameworks/CoreWiFi.framework/Versions/A/CoreWiFi
0x000000000679a000 	/System/Library/Frameworks/CoreBluetooth.framework/Versions/A/CoreBluetooth
0x000000000679a000 	/System/Library/PrivateFrameworks/DebugSymbols.framework/Versions/A/DebugSymbols
0x000000000679a000 	/System/Library/PrivateFrameworks/CoreSymbolication.framework/Versions/A/CoreSymbolication
0x000000000679a000 	/System/Library/PrivateFrameworks/Symbolication.framework/Versions/A/Symbolication
0x000000000679a000 	/System/Library/PrivateFrameworks/SpeechRecognitionCore.framework/Versions/A/SpeechRecognitionCore
0x0000000109e1e000 	/Library/Java/JavaVirtualMachines/jdk1.8.0_25.jdk/Contents/Home/jre/lib/server/libjvm.dylib
0x000000000679a000 	/usr/lib/libstdc++.6.dylib
0x000000010ae54000 	/Library/Java/JavaVirtualMachines/jdk1.8.0_25.jdk/Contents/Home/jre/lib/libverify.dylib
0x000000010ae62000 	/Library/Java/JavaVirtualMachines/jdk1.8.0_25.jdk/Contents/Home/jre/lib/libjava.dylib
0x000000010aea0000 	/Library/Java/JavaVirtualMachines/jdk1.8.0_25.jdk/Contents/Home/jre/lib/libzip.dylib
0x0000000127a58000 	/System/Library/Frameworks/JavaVM.framework/Frameworks/JavaRuntimeSupport.framework/JavaRuntimeSupport
0x0000000127a6e000 	/System/Library/Frameworks/JavaVM.framework/Versions/A/Frameworks/JavaNativeFoundation.framework/Versions/A/JavaNativeFoundation
0x0000000127a82000 	/System/Library/Frameworks/JavaVM.framework/Versions/A/JavaVM
0x000000000679a000 	/System/Library/Frameworks/Carbon.framework/Versions/A/Carbon
0x0000000127a8e000 	/System/Library/PrivateFrameworks/JavaLaunching.framework/Versions/A/JavaLaunching
0x000000000679a000 	/System/Library/Frameworks/Carbon.framework/Versions/A/Frameworks/CommonPanels.framework/Versions/A/CommonPanels
0x000000000679a000 	/System/Library/Frameworks/Carbon.framework/Versions/A/Frameworks/Help.framework/Versions/A/Help
0x000000000679a000 	/System/Library/Frameworks/Carbon.framework/Versions/A/Frameworks/ImageCapture.framework/Versions/A/ImageCapture
0x000000000679a000 	/System/Library/Frameworks/Carbon.framework/Versions/A/Frameworks/OpenScripting.framework/Versions/A/OpenScripting
0x000000000679a000 	/System/Library/Frameworks/Carbon.framework/Versions/A/Frameworks/Print.framework/Versions/A/Print
0x000000000679a000 	/System/Library/Frameworks/Carbon.framework/Versions/A/Frameworks/SecurityHI.framework/Versions/A/SecurityHI
0x0000000129b40000 	/Library/Java/JavaVirtualMachines/jdk1.8.0_25.jdk/Contents/Home/jre/lib/libprism_es2.dylib
0x000000000679a000 	/System/Library/Frameworks/OpenGL.framework/Versions/A/Resources/GLEngine.bundle/GLEngine
0x000000000679a000 	/System/Library/Frameworks/OpenGL.framework/Versions/A/Libraries/libGLProgrammability.dylib
0x0000000000000000 	/System/Library/Extensions/AppleIntelHD5000GraphicsGLDriver.bundle/Contents/MacOS/AppleIntelHD5000GraphicsGLDriver
0x000000000679a000 	/System/Library/PrivateFrameworks/IOAccelerator.framework/Versions/A/IOAccelerator
0x000000000679a000 	/System/Library/PrivateFrameworks/GPUSupport.framework/Versions/A/Libraries/libGPUSupportMercury.dylib
0x000000000679a000 	/System/Library/Frameworks/OpenGL.framework/Versions/A/Resources/GLRendererFloat.bundle/GLRendererFloat
0x000000000679a000 	/System/Library/Frameworks/OpenCL.framework/Versions/A/Libraries/libcldcpuengine.dylib
0x000000000679a000 	/System/Library/PrivateFrameworks/DiskImages.framework/Versions/A/DiskImages
0x000000000679a000 	/System/Library/Frameworks/DiscRecording.framework/Versions/A/DiscRecording
0x000000000679a000 	/usr/lib/libcsfde.dylib
0x000000000679a000 	/usr/lib/libcurl.4.dylib
0x000000000679a000 	/System/Library/PrivateFrameworks/MediaKit.framework/Versions/A/MediaKit
0x000000000679a000 	/System/Library/PrivateFrameworks/ProtectedCloudStorage.framework/Versions/A/ProtectedCloudStorage
0x000000000679a000 	/usr/lib/libCoreStorage.dylib
0x000000000679a000 	/System/Library/PrivateFrameworks/EFILogin.framework/Versions/A/EFILogin
0x000000000679a000 	/usr/lib/libutil.dylib
0x000000000679a000 	/System/Library/PrivateFrameworks/FindMyDevice.framework/Versions/A/FindMyDevice
0x000000000679a000 	/System/Library/Frameworks/LDAP.framework/Versions/A/LDAP
0x000000000679a000 	/usr/lib/libsasl2.2.dylib
0x000000000679a000 	/System/Library/PrivateFrameworks/CoreDaemon.framework/Versions/B/CoreDaemon
0x000000000679a000 	/usr/lib/libcrypto.0.9.8.dylib
0x000000000679a000 	/System/Library/PrivateFrameworks/AppleSRP.framework/Versions/A/AppleSRP
0x000000000679a000 	/System/Library/PrivateFrameworks/TrustEvaluationAgent.framework/Versions/A/TrustEvaluationAgent
0x0000000129fed000 	/Library/Java/JavaVirtualMachines/jdk1.8.0_25.jdk/Contents/Home/jre/lib/libglass.dylib
0x000000000679a000 	/System/Library/PrivateFrameworks/CoreServicesInternal.framework/Versions/A/CoreServicesInternal
0x000000000679a000 	/System/Library/PrivateFrameworks/CloudDocs.framework/Versions/A/CloudDocs
0x000000000679a000 	/System/Library/PrivateFrameworks/CoreDuet.framework/Versions/A/CoreDuet
0x000000000679a000 	/System/Library/Frameworks/CloudKit.framework/Versions/A/CloudKit
0x000000000679a000 	/System/Library/PrivateFrameworks/ProtocolBuffer.framework/Versions/A/ProtocolBuffer
0x000000000679a000 	/System/Library/PrivateFrameworks/CoreDuetDaemonProtocol.framework/Versions/A/CoreDuetDaemonProtocol
0x000000000679a000 	/System/Library/PrivateFrameworks/CoreDuetDebugLogging.framework/Versions/A/CoreDuetDebugLogging
0x000000000679a000 	/System/Library/Frameworks/CoreLocation.framework/Versions/A/CoreLocation
0x000000000679a000 	/System/Library/Frameworks/Accounts.framework/Versions/A/Accounts
0x000000000679a000 	/System/Library/PrivateFrameworks/ApplePushService.framework/Versions/A/ApplePushService
0x000000000679a000 	/System/Library/PrivateFrameworks/GeoServices.framework/Versions/A/GeoServices
0x000000000679a000 	/System/Library/PrivateFrameworks/OAuth.framework/Versions/A/OAuth
0x000000000679a000 	/System/Library/Frameworks/CoreGraphics.framework/Versions/A/Resources/libCGCMS.A.dylib
0x000000000679a000 	/System/Library/CoreServices/RawCamera.bundle/Contents/MacOS/RawCamera
0x000000000679a000 	/System/Library/Frameworks/CoreGraphics.framework/Versions/A/Resources/libRIP.A.dylib
0x000000000679a000 	/System/Library/PrivateFrameworks/FamilyControls.framework/Versions/A/FamilyControls
0x000000000679a000 	/System/Library/PrivateFrameworks/CommerceKit.framework/Versions/A/Frameworks/CommerceCore.framework/Versions/A/CommerceCore
0x000000000679a000 	/System/Library/PrivateFrameworks/SystemAdministration.framework/Versions/A/SystemAdministration
0x000000000679a000 	/System/Library/PrivateFrameworks/AppContainer.framework/Versions/A/AppContainer
0x000000000679a000 	/System/Library/PrivateFrameworks/SecCodeWrapper.framework/Versions/A/SecCodeWrapper
0x000000000679a000 	/System/Library/Frameworks/DirectoryService.framework/Versions/A/DirectoryService
0x000000000679a000 	/System/Library/PrivateFrameworks/LoginUIKit.framework/Versions/A/Frameworks/LoginUICore.framework/Versions/A/LoginUICore
0x000000000679a000 	/usr/lib/libodfde.dylib
0x000000012d7f6000 	/Library/Java/JavaVirtualMachines/jdk1.8.0_25.jdk/Contents/Home/jre/lib/libjavafx_font.dylib
0x000000000679a000 	/System/Library/Frameworks/CoreGraphics.framework/Versions/A/Resources/libCGXType.A.dylib
0x000000012e614000 	/Library/Java/JavaVirtualMachines/jdk1.8.0_25.jdk/Contents/Home/jre/lib/libmanagement.dylib
0x000000012d5c2000 	/Library/Java/JavaVirtualMachines/jdk1.8.0_25.jdk/Contents/Home/jre/lib/libnet.dylib
0x000000012d5d9000 	/Library/Java/JavaVirtualMachines/jdk1.8.0_25.jdk/Contents/Home/jre/lib/libnio.dylib
0x000000012b714000 	/Library/Java/JavaVirtualMachines/jdk1.8.0_25.jdk/Contents/Home/jre/lib/libprism_common.dylib
0x000000012d83d000 	cl_kernels
0x0000000133f95000 	/System/Library/Frameworks/OpenCL.framework/Versions/A/Libraries/ImageFormats/unorm8_bgra.dylib
0x000000012da7d000 	cl_kernels
0x000000000679a000 	/System/Library/PrivateFrameworks/FinderKit.framework/Versions/A/FinderKit
0x000000000679a000 	/System/Library/PrivateFrameworks/Suggestions.framework/Versions/A/Suggestions
0x000000000679a000 	/System/Library/Frameworks/Quartz.framework/Versions/A/Frameworks/QuickLookUI.framework/Versions/A/QuickLookUI
0x000000000679a000 	/System/Library/Frameworks/Quartz.framework/Versions/A/Frameworks/ImageKit.framework/Versions/A/ImageKit
0x000000000679a000 	/System/Library/PrivateFrameworks/Bom.framework/Versions/A/Bom
0x000000000679a000 	/System/Library/Frameworks/QuickLook.framework/Versions/A/QuickLook
0x000000000679a000 	/System/Library/PrivateFrameworks/AppleSystemInfo.framework/Versions/A/AppleSystemInfo
0x000000000679a000 	/System/Library/Frameworks/ImageCaptureCore.framework/Versions/A/ImageCaptureCore
0x000000000679a000 	/System/Library/Frameworks/AddressBook.framework/Versions/A/AddressBook
0x000000000679a000 	/System/Library/PrivateFrameworks/IntlPreferences.framework/Versions/A/IntlPreferences
0x000000000679a000 	/System/Library/PrivateFrameworks/ToneLibrary.framework/Versions/A/ToneLibrary
0x000000000679a000 	/System/Library/PrivateFrameworks/ToneKit.framework/Versions/A/ToneKit
0x000000000679a000 	/System/Library/PrivateFrameworks/vCard.framework/Versions/A/vCard
0x000000000679a000 	/System/Library/PrivateFrameworks/ContactsData.framework/Versions/A/ContactsData
0x000000000679a000 	/System/Library/PrivateFrameworks/ContactsFoundation.framework/Versions/A/ContactsFoundation
0x000000000679a000 	/System/Library/Frameworks/SecurityInterface.framework/Versions/A/SecurityInterface
0x000000000679a000 	/System/Library/PrivateFrameworks/PhoneNumbers.framework/Versions/A/PhoneNumbers
0x000000000679a000 	/System/Library/Frameworks/Quartz.framework/Versions/A/Quartz
0x000000000679a000 	/System/Library/Frameworks/AVFoundation.framework/Versions/A/AVFoundation
0x000000000679a000 	/System/Library/Frameworks/AVFoundation.framework/Versions/A/Resources/libAVFAudio.dylib
0x000000000679a000 	/System/Library/Frameworks/CoreMedia.framework/Versions/A/CoreMedia
0x000000000679a000 	/System/Library/Frameworks/MediaToolbox.framework/Versions/A/MediaToolbox
0x000000000679a000 	/System/Library/Frameworks/VideoToolbox.framework/Versions/A/VideoToolbox
0x000000000679a000 	/System/Library/Frameworks/CoreMediaIO.framework/Versions/A/CoreMediaIO
0x000000000679a000 	/System/Library/PrivateFrameworks/MediaControlSender.framework/Versions/A/MediaControlSender
0x000000000679a000 	/System/Library/PrivateFrameworks/CoreAVCHD.framework/Versions/A/CoreAVCHD
0x000000000679a000 	/System/Library/Frameworks/MediaAccessibility.framework/Versions/A/MediaAccessibility
0x000000000679a000 	/System/Library/PrivateFrameworks/Mangrove.framework/Versions/A/Mangrove
0x000000000679a000 	/System/Library/PrivateFrameworks/CoreAUC.framework/Versions/A/CoreAUC
0x000000000679a000 	/System/Library/PrivateFrameworks/NetworkStatistics.framework/Versions/A/NetworkStatistics
0x000000000679a000 	/System/Library/PrivateFrameworks/AirPlaySupport.framework/Versions/A/AirPlaySupport
0x000000000679a000 	/System/Library/PrivateFrameworks/CoreUtils.framework/Versions/A/CoreUtils
0x000000000679a000 	/System/Library/PrivateFrameworks/AppleVA.framework/Versions/A/AppleVA
0x000000000679a000 	/System/Library/PrivateFrameworks/XPCService.framework/Versions/A/XPCService
0x000000000679a000 	/System/Library/PrivateFrameworks/AppSandbox.framework/Versions/A/AppSandbox
0x000000000679a000 	/usr/lib/libsandbox.1.dylib
0x000000000679a000 	/usr/lib/libMatch.1.dylib
0x000000000679a000 	/usr/lib/libspindump.dylib
0x000000000679a000 	/System/Library/Frameworks/QTKit.framework/Versions/A/QTKit
0x000000000679a000 	/System/Library/PrivateFrameworks/CoreMediaAuthoring.framework/Versions/A/CoreMediaAuthoring
0x000000000679a000 	/System/Library/Frameworks/Quartz.framework/Versions/A/Frameworks/QuartzComposer.framework/Versions/A/QuartzComposer
0x000000000679a000 	/System/Library/Frameworks/Quartz.framework/Versions/A/Frameworks/PDFKit.framework/Versions/A/PDFKit
0x000000000679a000 	/System/Library/Frameworks/Quartz.framework/Versions/A/Frameworks/QuartzFilters.framework/Versions/A/QuartzFilters
0x000000000679a000 	/System/Library/Frameworks/JavaScriptCore.framework/Versions/A/JavaScriptCore
0x000000000679a000 	/System/Library/PrivateFrameworks/CorePDF.framework/Versions/A/CorePDF
0x000000000679a000 	/System/Library/PrivateFrameworks/DisplayServices.framework/Versions/A/DisplayServices
0x000000000679a000 	/System/Library/PrivateFrameworks/AppleFSCompression.framework/Versions/A/AppleFSCompression
0x000000012a150000 	/System/Library/PrivateFrameworks/CacheDelete.framework/CacheDelete
0x000000000679a000 	/System/Library/PrivateFrameworks/PlugInKit.framework/Versions/A/PlugInKit
0x000000000679a000 	/System/Library/Frameworks/Accelerate.framework/Versions/A/Frameworks/vImage.framework/Versions/A/Libraries/libCGInterfaces.dylib

VM Arguments:
jvm_args: -Dfile.encoding=UTF-8 
java_command: /Users/Eskil/NetBeansProjects/Einblick_App/dist/run1536986839/Einblick_App.jar
java_class_path (initial): /Users/Eskil/NetBeansProjects/Einblick_App/dist/run1536986839/Einblick_App.jar
Launcher Type: SUN_STANDARD

Environment Variables:
PATH=/usr/bin:/bin:/usr/sbin:/sbin
LD_LIBRARY_PATH=/Library/Java/JavaVirtualMachines/jdk1.8.0_25.jdk/Contents/Home/jre/lib/amd64:/Library/Java/JavaVirtualMachines/jdk1.8.0_25.jdk/Contents/Home/jre/lib/i386:
SHELL=/bin/bash
DYLD_LIBRARY_PATH=/Applications/NetBeans/NetBeans 8.0.1.app/Contents/Resources/NetBeans/webcommon/bin:

Signal Handlers:
SIGSEGV: [libjvm.dylib+0x579dc7], sa_mask[0]=11111111011111110111111111111111, sa_flags=SA_ONSTACK|SA_RESTART|SA_SIGINFO
SIGBUS: [libjvm.dylib+0x579dc7], sa_mask[0]=11111111011111110111111111111111, sa_flags=SA_RESTART|SA_SIGINFO
SIGFPE: [libjvm.dylib+0x45b030], sa_mask[0]=11111111011111110111111111111111, sa_flags=SA_RESTART|SA_SIGINFO
SIGPIPE: [libjvm.dylib+0x45b030], sa_mask[0]=11111111011111110111111111111111, sa_flags=SA_RESTART|SA_SIGINFO
SIGXFSZ: [libjvm.dylib+0x45b030], sa_mask[0]=11111111011111110111111111111111, sa_flags=SA_RESTART|SA_SIGINFO
SIGILL: [libjvm.dylib+0x45b030], sa_mask[0]=11111111011111110111111111111111, sa_flags=SA_RESTART|SA_SIGINFO
SIGUSR1: SIG_DFL, sa_mask[0]=00000000000000000000000000000000, sa_flags=none
SIGUSR2: [libjvm.dylib+0x45ab4e], sa_mask[0]=00100000000000000000000000000000, sa_flags=SA_RESTART|SA_SIGINFO
SIGHUP: [libjvm.dylib+0x459121], sa_mask[0]=11111111011111110111111111111111, sa_flags=SA_RESTART|SA_SIGINFO
SIGINT: SIG_IGN, sa_mask[0]=00000000000000000000000000000000, sa_flags=none
SIGTERM: [libjvm.dylib+0x459121], sa_mask[0]=11111111011111110111111111111111, sa_flags=SA_RESTART|SA_SIGINFO
SIGQUIT: [libjvm.dylib+0x459121], sa_mask[0]=11111111011111110111111111111111, sa_flags=SA_RESTART|SA_SIGINFO


---------------  S Y S T E M  ---------------

OS:Bsduname:Darwin 14.0.0 Darwin Kernel Version 14.0.0: Fri Sep 19 00:26:44 PDT 2014; root:xnu-2782.1.97~2/RELEASE_X86_64 x86_64
rlimit: STACK 8192k, CORE 0k, NPROC 709, NOFILE 10240, AS infinity
load average:3.14 2.33 2.34

CPU:total 8 (4 cores per cpu, 2 threads per core) family 6 model 70 stepping 1, cmov, cx8, fxsr, mmx, sse, sse2, sse3, ssse3, sse4.1, sse4.2, popcnt, avx, avx2, aes, clmul, erms, lzcnt, ht, tsc, tscinvbit, bmi1, bmi2

Memory: 4k page, physical 16777216k(584896k free)

/proc/meminfo:


vm_info: Java HotSpot(TM) 64-Bit Server VM (25.25-b02) for bsd-amd64 JRE (1.8.0_25-b17), built on Sep 17 2014 16:56:50 by "java_re" with gcc 4.2.1 (Based on Apple Inc. build 5658) (LLVM build 2336.11.00)

time: Tue Nov 18 10:35:02 2014
elapsed time: 13 seconds (0d 0h 0m 13s)

