#
# A fatal error has been detected by the Java Runtime Environment:
#
#  SIGSEGV (0xb) at pc=0x000000012f29c3fd, pid=48598, tid=1811
#
# JRE version: Java(TM) SE Runtime Environment (8.0_25-b17) (build 1.8.0_25-b17)
# Java VM: Java HotSpot(TM) 64-Bit Server VM (25.25-b02 mixed mode bsd-amd64 compressed oops)
# Problematic frame:
# C  [libglass.dylib+0x163fd]  GlassScreenDidChangeScreenParameters+0x9d
#
# Failed to write core dump. Core dumps have been disabled. To enable core dumping, try "ulimit -c unlimited" before starting Java again
#
# If you would like to submit a bug report, please visit:
#   http://bugreport.sun.com/bugreport/crash.jsp
#

---------------  T H R E A D  ---------------

Current thread is native thread

siginfo: si_signo: 11 (SIGSEGV), si_code: 1 (SEGV_MAPERR), si_addr: 0x0000000000000000

Registers:
RAX=0x000000012f2cee40, RBX=0x0000000000000000, RCX=0xb300872755db2307, RDX=0x00007fb0441402a0
RSP=0x00007fff50c74e40, RBP=0x00007fff50c74e50, RSI=0x00007fb0442173a8, RDI=0x0000000000000000
R8 =0x00007fff50c74cf0, R9 =0x00007fff76608300, R10=0x0000000000000000, R11=0x0000000000000246
R12=0x00007fb042c015d0, R13=0x00000000000f4268, R14=0x00007fb042c3c250, R15=0x00007fff50c74f90
RIP=0x000000012f29c3fd, EFLAGS=0x0000000000010206, ERR=0x0000000000000004
  TRAPNO=0x000000000000000e

Top of Stack: (sp=0x00007fff50c74e40)
0x00007fff50c74e40:   00007fff50c75020 00007fb042c3c250
0x00007fff50c74e50:   00007fff50c74e60 00007fff91961cbc
0x00007fff50c74e60:   00007fff50c751c0 00007fff918531b4
0x00007fff50c74e70:   00007fb046c51e00 0000000000001e00
0x00007fff50c74e80:   000000010efa2000 00007fb042cfc080
0x00007fff50c74e90:   0000000000001003 0000000000000ff0
0x00007fff50c74ea0:   0000000000000004 00007fb042c3c250
0x00007fff50c74eb0:   0000000000000000 00007fff50c74f90
0x00007fff50c74ec0:   0000000000000000 00007fb042c3c210
0x00007fff50c74ed0:   00007fff50c75010 00000000000000aa
0x00007fff50c74ee0:   00000000000f4490 00007fb042c83810
0x00007fff50c74ef0:   00007fb04402e4c0 00007fb042c015d0
0x00007fff50c74f00:   0000000000000001 00000000000f4268
0x00007fff50c74f10:   00007fb042c015c0 00007fff944bfacb
0x00007fff50c74f20:   0000000000000001 0000000000000001
0x00007fff50c74f30:   0000000000000030 0000000000000001
0x00007fff50c74f40:   00007fff50c74f60 00007fff944c5231
0x00007fff50c74f50:   00007fff76d27dd0 0000000000000000
0x00007fff50c74f60:   00007fff50c74f80 0000000000000000
0x00007fff50c74f70:   0010100300000000 00007fb042c015f4
0x00007fff50c74f80:   0000000000000000 00007fff91848c8f
0x00007fff50c74f90:   00007fb042c3c250 00007fff76d27dd0
0x00007fff50c74fa0:   00007fff50c75020 00007fff918517bf
0x00007fff50c74fb0:   00007fff50c75024 000000000058d601
0x00007fff50c74fc0:   000000010efa5a00 0000000000000004
0x00007fff50c74fd0:   000000010efa2000 00007fb042ce27e4
0x00007fff50c74fe0:   0000000000000003 000000010efa8200
0x00007fff50c74ff0:   00007fff50c750e0 00007fff944be2a2
0x00007fff50c75000:   00007fb04402e140 00007fff50c751c8
0x00007fff50c75010:   0000000000000017 0000000000000000
0x00007fff50c75020:   00000000000f4268 00007fff91848f83
0x00007fff50c75030:   00007fff00000000 00007fb0440319d0 

Instructions: (pc=0x000000012f29c3fd)
0x000000012f29c3dd:   89 df 4c 89 f1 41 ff 90 68 04 00 00 48 8d 05 58
0x000000012f29c3ed:   29 03 00 48 8b 30 48 8d 05 46 2a 03 00 48 8b 10
0x000000012f29c3fd:   48 8b 0b 30 c0 48 89 df ff 91 68 04 00 00 48 8b
0x000000012f29c40d:   03 48 89 df ff 50 78 48 85 c0 74 36 49 89 c6 48 

Register to memory mapping:

RAX=0x000000012f2cee40: jScreenNotifySettingsChanged+0 in /Library/Java/JavaVirtualMachines/jdk1.8.0_25.jdk/Contents/Home/jre/lib/libglass.dylib at 0x000000012f286000
RBX=0x0000000000000000 is an unknown value
RCX=0xb300872755db2307 is an unknown value
RDX=0x00007fb0441402a0 is an unknown value
RSP=0x00007fff50c74e40 is an unknown value
RBP=0x00007fff50c74e50 is an unknown value
RSI=0x00007fb0442173a8 is a global jni handle
RDI=0x0000000000000000 is an unknown value
R8 =0x00007fff50c74cf0 is an unknown value
R9 =0x00007fff76608300: _thread+0 in /usr/lib/system/libsystem_pthread.dylib at 0x00007fff8e635000
R10=0x0000000000000000 is an unknown value
R11=0x0000000000000246 is an unknown value
R12=0x00007fb042c015d0 is an unknown value
R13=0x00000000000f4268 is an unknown value
R14=0x00007fb042c3c250 is an unknown value
R15=0x00007fff50c74f90 is an unknown value


Stack: [0x00007fff50478000,0x00007fff50c78000],  sp=0x00007fff50c74e40,  free space=8179k
Native frames: (J=compiled Java code, j=interpreted, Vv=VM code, C=native code)
C  [libglass.dylib+0x163fd]  GlassScreenDidChangeScreenParameters+0x9d
C  [CoreFoundation+0x11ecbc]  __CFNOTIFICATIONCENTER_IS_CALLING_OUT_TO_AN_OBSERVER__+0xc
C  [CoreFoundation+0x101b4]  _CFXNotificationPost+0xc44
C  [Foundation+0x2ea1]  -[NSNotificationCenter postNotificationName:object:userInfo:]+0x42
C  [AppKit+0x362f3e]  -[NSApplication _reactToScreenInvalidationImmediately:]+0x17b
C  [AppKit+0x362d7d]  __44-[NSApplication _reactToScreenInvalidation:]_block_invoke+0x4b
C  [CoreFoundation+0x8054c]  __CFRUNLOOP_IS_CALLING_OUT_TO_A_BLOCK__+0xc
C  [CoreFoundation+0x72655]  __CFRunLoopDoBlocks+0x155
C  [CoreFoundation+0x72196]  __CFRunLoopRun+0x716
C  [CoreFoundation+0x71838]  CFRunLoopRunSpecific+0x128
C  [java+0x56cc]  CreateExecutionEnvironment+0x367
C  [java+0x165c]  JLI_Launch+0x7a0
C  [java+0x768a]  main+0x65
C  [java+0xeb4]  start+0x34


---------------  P R O C E S S  ---------------

VM state:at safepoint (normal execution)

VM Mutex/Monitor currently owned by a thread:  ([mutex/lock_event])
[0x00007fb044003210] Threads_lock - owner thread: 0x00007fb04504d800
[0x00007fb044003710] Heap_lock - owner thread: 0x00007fb04c01e000

Heap:
 PSYoungGen      total 243712K, used 162136K [0x000000076ab00000, 0x0000000784700000, 0x00000007c0000000)
  eden space 152576K, 46% used [0x000000076ab00000,0x000000076f05a460,0x0000000774000000)
  from space 91136K, 99% used [0x000000077b300000,0x0000000780bfbf48,0x0000000780c00000)
  to   space 117760K, 0% used [0x0000000774000000,0x0000000774000000,0x000000077b300000)
 ParOldGen       total 321024K, used 175934K [0x00000006c0000000, 0x00000006d3980000, 0x000000076ab00000)
  object space 321024K, 54% used [0x00000006c0000000,0x00000006cabcfb00,0x00000006d3980000)
 Metaspace       used 25346K, capacity 27016K, committed 27264K, reserved 1073152K
  class space    used 3631K, capacity 3904K, committed 3968K, reserved 1048576K

Card table byte_map: [0x0000000120508000,0x0000000120d09000] byte_map_base: 0x000000011cf08000

Marking Bits: (ParMarkBitMap*) 0x000000010f955390
 Begin Bits: [0x0000000121a77000, 0x0000000125a77000)
 End Bits:   [0x0000000125a77000, 0x0000000129a77000)

Polling page: 0x000000010fff9000

CodeCache: size=245760Kb used=13614Kb max_used=15259Kb free=232145Kb
 bounds [0x0000000111148000, 0x0000000112048000, 0x0000000120148000]
 total_blobs=4942 nmethods=4213 adapters=642
 compilation: enabled

Compilation events (10 events):
Event: 116.721 Thread 0x00007fb047010000 4752       3       sun.reflect.DelegatingConstructorAccessorImpl::newInstance (9 bytes)
Event: 116.722 Thread 0x00007fb047010000 nmethod 4752 0x00000001114017d0 code [0x0000000111401940, 0x0000000111401b68]
Event: 116.736 Thread 0x00007fb047010000 4753       3       java.util.ArrayList::remove (69 bytes)
Event: 116.737 Thread 0x00007fb047010000 nmethod 4753 0x00000001112b7fd0 code [0x00000001112b8180, 0x00000001112b87e8]
Event: 116.737 Thread 0x00007fb047010000 4754   !   3       java.util.ArrayList$Itr::remove (68 bytes)
Event: 116.737 Thread 0x00007fb047010000 nmethod 4754 0x0000000111308490 code [0x0000000111308640, 0x0000000111308bf8]
Event: 116.739 Thread 0x00007fb047010000 4755       3       java.util.concurrent.locks.AbstractQueuedSynchronizer$Node::predecessor (19 bytes)
Event: 116.740 Thread 0x00007fb047010000 nmethod 4755 0x0000000111414ad0 code [0x0000000111414c40, 0x0000000111414e68]
Event: 116.740 Thread 0x00007fb047010000 4756       3       sun.reflect.NativeConstructorAccessorImpl::newInstance (89 bytes)
Event: 116.741 Thread 0x00007fb047010000 nmethod 4756 0x00000001119426d0 code [0x0000000111942940, 0x0000000111943c98]

GC Heap History (10 events):
Event: 3.560 GC heap before
{Heap before GC invocations=6 (full 2):
 PSYoungGen      total 103936K, used 10744K [0x000000076ab00000, 0x0000000772e80000, 0x00000007c0000000)
  eden space 93184K, 0% used [0x000000076ab00000,0x000000076ab00000,0x0000000770600000)
  from space 10752K, 99% used [0x0000000771080000,0x0000000771afe338,0x0000000771b00000)
  to   space 10752K, 0% used [0x0000000770600000,0x0000000770600000,0x0000000771080000)
 ParOldGen       total 119808K, used 83584K [0x00000006c0000000, 0x00000006c7500000, 0x000000076ab00000)
  object space 119808K, 69% used [0x00000006c0000000,0x00000006c51a0280,0x00000006c7500000)
 Metaspace       used 22031K, capacity 23142K, committed 23424K, reserved 1069056K
  class space    used 3216K, capacity 3419K, committed 3456K, reserved 1048576K
Event: 4.324 GC heap after
Heap after GC invocations=6 (full 2):
 PSYoungGen      total 103936K, used 0K [0x000000076ab00000, 0x0000000772e80000, 0x00000007c0000000)
  eden space 93184K, 0% used [0x000000076ab00000,0x000000076ab00000,0x0000000770600000)
  from space 10752K, 0% used [0x0000000771080000,0x0000000771080000,0x0000000771b00000)
  to   space 10752K, 0% used [0x0000000770600000,0x0000000770600000,0x0000000771080000)
 ParOldGen       total 321024K, used 93510K [0x00000006c0000000, 0x00000006d3980000, 0x000000076ab00000)
  object space 321024K, 29% used [0x00000006c0000000,0x00000006c5b51b00,0x00000006d3980000)
 Metaspace       used 22031K, capacity 23142K, committed 23424K, reserved 1069056K
  class space    used 3216K, capacity 3419K, committed 3456K, reserved 1048576K
}
Event: 4.395 GC heap before
{Heap before GC invocations=7 (full 2):
 PSYoungGen      total 103936K, used 93184K [0x000000076ab00000, 0x0000000772e80000, 0x00000007c0000000)
  eden space 93184K, 100% used [0x000000076ab00000,0x0000000770600000,0x0000000770600000)
  from space 10752K, 0% used [0x0000000771080000,0x0000000771080000,0x0000000771b00000)
  to   space 10752K, 0% used [0x0000000770600000,0x0000000770600000,0x0000000771080000)
 ParOldGen       total 321024K, used 93510K [0x00000006c0000000, 0x00000006d3980000, 0x000000076ab00000)
  object space 321024K, 29% used [0x00000006c0000000,0x00000006c5b51b00,0x00000006d3980000)
 Metaspace       used 22031K, capacity 23142K, committed 23424K, reserved 1069056K
  class space    used 3216K, capacity 3419K, committed 3456K, reserved 1048576K
Event: 4.426 GC heap after
Heap after GC invocations=7 (full 2):
 PSYoungGen      total 103936K, used 10748K [0x000000076ab00000, 0x0000000779080000, 0x00000007c0000000)
  eden space 93184K, 0% used [0x000000076ab00000,0x000000076ab00000,0x0000000770600000)
  from space 10752K, 99% used [0x0000000770600000,0x000000077107f1f0,0x0000000771080000)
  to   space 58368K, 0% used [0x0000000775780000,0x0000000775780000,0x0000000779080000)
 ParOldGen       total 321024K, used 120486K [0x00000006c0000000, 0x00000006d3980000, 0x000000076ab00000)
  object space 321024K, 37% used [0x00000006c0000000,0x00000006c75a9b00,0x00000006d3980000)
 Metaspace       used 22031K, capacity 23142K, committed 23424K, reserved 1069056K
  class space    used 3216K, capacity 3419K, committed 3456K, reserved 1048576K
}
Event: 4.504 GC heap before
{Heap before GC invocations=8 (full 2):
 PSYoungGen      total 103936K, used 103932K [0x000000076ab00000, 0x0000000779080000, 0x00000007c0000000)
  eden space 93184K, 100% used [0x000000076ab00000,0x0000000770600000,0x0000000770600000)
  from space 10752K, 99% used [0x0000000770600000,0x000000077107f1f0,0x0000000771080000)
  to   space 58368K, 0% used [0x0000000775780000,0x0000000775780000,0x0000000779080000)
 ParOldGen       total 321024K, used 120486K [0x00000006c0000000, 0x00000006d3980000, 0x000000076ab00000)
  object space 321024K, 37% used [0x00000006c0000000,0x00000006c75a9b00,0x00000006d3980000)
 Metaspace       used 22034K, capacity 23142K, committed 23424K, reserved 1069056K
  class space    used 3217K, capacity 3419K, committed 3456K, reserved 1048576K
Event: 4.541 GC heap after
Heap after GC invocations=8 (full 2):
 PSYoungGen      total 169984K, used 50303K [0x000000076ab00000, 0x000000077ac80000, 0x00000007c0000000)
  eden space 111616K, 0% used [0x000000076ab00000,0x000000076ab00000,0x0000000771800000)
  from space 58368K, 86% used [0x0000000775780000,0x000000077889fd88,0x0000000779080000)
  to   space 65024K, 0% used [0x0000000771800000,0x0000000771800000,0x0000000775780000)
 ParOldGen       total 321024K, used 120486K [0x00000006c0000000, 0x00000006d3980000, 0x000000076ab00000)
  object space 321024K, 37% used [0x00000006c0000000,0x00000006c75a9b00,0x00000006d3980000)
 Metaspace       used 22034K, capacity 23142K, committed 23424K, reserved 1069056K
  class space    used 3217K, capacity 3419K, committed 3456K, reserved 1048576K
}
Event: 4.583 GC heap before
{Heap before GC invocations=9 (full 2):
 PSYoungGen      total 169984K, used 161919K [0x000000076ab00000, 0x000000077ac80000, 0x00000007c0000000)
  eden space 111616K, 100% used [0x000000076ab00000,0x0000000771800000,0x0000000771800000)
  from space 58368K, 86% used [0x0000000775780000,0x000000077889fd88,0x0000000779080000)
  to   space 65024K, 0% used [0x0000000771800000,0x0000000771800000,0x0000000775780000)
 ParOldGen       total 321024K, used 120486K [0x00000006c0000000, 0x00000006d3980000, 0x000000076ab00000)
  object space 321024K, 37% used [0x00000006c0000000,0x00000006c75a9b00,0x00000006d3980000)
 Metaspace       used 22034K, capacity 23142K, committed 23424K, reserved 1069056K
  class space    used 3217K, capacity 3419K, committed 3456K, reserved 1048576K
Event: 4.650 GC heap after
Heap after GC invocations=9 (full 2):
 PSYoungGen      total 176640K, used 65021K [0x000000076ab00000, 0x0000000780c00000, 0x00000007c0000000)
  eden space 111616K, 0% used [0x000000076ab00000,0x000000076ab00000,0x0000000771800000)
  from space 65024K, 99% used [0x0000000771800000,0x000000077577f578,0x0000000775780000)
  to   space 91136K, 0% used [0x000000077b300000,0x000000077b300000,0x0000000780c00000)
 ParOldGen       total 321024K, used 150534K [0x00000006c0000000, 0x00000006d3980000, 0x000000076ab00000)
  object space 321024K, 46% used [0x00000006c0000000,0x00000006c9301b00,0x00000006d3980000)
 Metaspace       used 22034K, capacity 23142K, committed 23424K, reserved 1069056K
  class space    used 3217K, capacity 3419K, committed 3456K, reserved 1048576K
}
Event: 4.711 GC heap before
{Heap before GC invocations=10 (full 2):
 PSYoungGen      total 176640K, used 176637K [0x000000076ab00000, 0x0000000780c00000, 0x00000007c0000000)
  eden space 111616K, 100% used [0x000000076ab00000,0x0000000771800000,0x0000000771800000)
  from space 65024K, 99% used [0x0000000771800000,0x000000077577f578,0x0000000775780000)
  to   space 91136K, 0% used [0x000000077b300000,0x000000077b300000,0x0000000780c00000)
 ParOldGen       total 321024K, used 150534K [0x00000006c0000000, 0x00000006d3980000, 0x000000076ab00000)
  object space 321024K, 46% used [0x00000006c0000000,0x00000006c9301b00,0x00000006d3980000)
 Metaspace       used 22040K, capacity 23146K, committed 23424K, reserved 1069056K
  class space    used 3217K, capacity 3419K, committed 3456K, reserved 1048576K
Event: 4.788 GC heap after
Heap after GC invocations=10 (full 2):
 PSYoungGen      total 243712K, used 91119K [0x000000076ab00000, 0x0000000784700000, 0x00000007c0000000)
  eden space 152576K, 0% used [0x000000076ab00000,0x000000076ab00000,0x0000000774000000)
  from space 91136K, 99% used [0x000000077b300000,0x0000000780bfbf48,0x0000000780c00000)
  to   space 117760K, 0% used [0x0000000774000000,0x0000000774000000,0x000000077b300000)
 ParOldGen       total 321024K, used 175934K [0x00000006c0000000, 0x00000006d3980000, 0x000000076ab00000)
  object space 321024K, 54% used [0x00000006c0000000,0x00000006cabcfb00,0x00000006d3980000)
 Metaspace       used 22040K, capacity 23146K, committed 23424K, reserved 1069056K
  class space    used 3217K, capacity 3419K, committed 3456K, reserved 1048576K
}

Deoptimization events (10 events):
Event: 22.328 Thread 0x00007fb045930000 Uncommon trap: reason=class_check action=maybe_recompile pc=0x0000000111fc90b8 method=java.lang.reflect.Array.newInstance(Ljava/lang/Class;I)Ljava/lang/Object; @ 2
Event: 23.045 Thread 0x00007fb045930000 Uncommon trap: reason=class_check action=maybe_recompile pc=0x0000000111fa9c7c method=javafx.scene.Node$MiscProperties.getEffect()Ljavafx/scene/effect/Effect; @ 20
Event: 23.048 Thread 0x00007fb045930000 Uncommon trap: reason=class_check action=maybe_recompile pc=0x0000000111fa9c7c method=javafx.scene.Node$MiscProperties.getEffect()Ljavafx/scene/effect/Effect; @ 20
Event: 23.048 Thread 0x00007fb045930000 Uncommon trap: reason=class_check action=maybe_recompile pc=0x0000000111fa9c7c method=javafx.scene.Node$MiscProperties.getEffect()Ljavafx/scene/effect/Effect; @ 20
Event: 23.053 Thread 0x00007fb045930000 Uncommon trap: reason=class_check action=maybe_recompile pc=0x0000000111fa9c7c method=javafx.scene.Node$MiscProperties.getEffect()Ljavafx/scene/effect/Effect; @ 20
Event: 24.547 Thread 0x00007fb045930000 Uncommon trap: reason=unreached action=reinterpret pc=0x0000000111bd459c method=javafx.scene.CssStyleHelper.lookupFont(Ljavafx/css/Styleable;Ljava/lang/String;Lcom/sun/javafx/css/StyleMap;Lcom/sun/javafx/css/CalculatedValue;)Lcom/sun/javafx/css/Calculated
Event: 24.551 Thread 0x00007fb045930000 Uncommon trap: reason=class_check action=maybe_recompile pc=0x0000000111aa5f98 method=javafx.beans.property.StringPropertyBase.get()Ljava/lang/String; @ 23
Event: 24.556 Thread 0x00007fb045930000 Uncommon trap: reason=class_check action=maybe_recompile pc=0x0000000111aa5f98 method=javafx.beans.property.StringPropertyBase.get()Ljava/lang/String; @ 23
Event: 24.557 Thread 0x00007fb045930000 Uncommon trap: reason=class_check action=maybe_recompile pc=0x0000000111aa5f98 method=javafx.beans.property.StringPropertyBase.get()Ljava/lang/String; @ 23
Event: 24.563 Thread 0x00007fb044803000 Uncommon trap: reason=class_check action=maybe_recompile pc=0x0000000111fa2688 method=com.sun.javafx.font.CompositeStrike.getStrikeSlot(I)Lcom/sun/javafx/font/FontStrike; @ 16

Internal exceptions (10 events):
Event: 19.303 Thread 0x00007fb045930000 Exception <a 'java/security/PrivilegedActionException'> (0x000000076db5a948) thrown at [/HUDSON3/workspace/8-2-build-macosx-x86_64/jdk8u25/1514/hotspot/src/share/vm/prims/jvm.cpp, line 1312]
Event: 20.481 Thread 0x00007fb045930000 Exception <a 'java/lang/NoSuchMethodError': java.lang.Object.lambda$maxBy$24(Ljava/util/Comparator;Ljava/lang/Object;Ljava/lang/Object;)Ljava/lang/Object;> (0x000000076ddc54f0) thrown at [/HUDSON3/workspace/8-2-build-macosx-x86_64/jdk8u25/1514/hotspot/src
Event: 20.485 Thread 0x00007fb045930000 Implicit null exception at 0x0000000111c9b6f1 to 0x0000000111c9d63d
Event: 20.485 Thread 0x00007fb045930000 Implicit null exception at 0x000000011190f257 to 0x000000011190f2a9
Event: 21.537 Thread 0x00007fb045930000 Implicit null exception at 0x0000000111c96e87 to 0x0000000111c976ed
Event: 22.301 Thread 0x00007fb045930000 Exception <a 'java/lang/NoSuchMethodError': java.lang.Object.lambda$comparing$77a9974f$1(Ljava/util/function/Function;Ljava/lang/Object;Ljava/lang/Object;)I> (0x000000076e075578) thrown at [/HUDSON3/workspace/8-2-build-macosx-x86_64/jdk8u25/1514/hotspot/s
Event: 22.303 Thread 0x00007fb045930000 Exception <a 'java/security/PrivilegedActionException'> (0x000000076e08cdc8) thrown at [/HUDSON3/workspace/8-2-build-macosx-x86_64/jdk8u25/1514/hotspot/src/share/vm/prims/jvm.cpp, line 1312]
Event: 22.304 Thread 0x00007fb045930000 Exception <a 'java/security/PrivilegedActionException'> (0x000000076e08fec0) thrown at [/HUDSON3/workspace/8-2-build-macosx-x86_64/jdk8u25/1514/hotspot/src/share/vm/prims/jvm.cpp, line 1312]
Event: 22.304 Thread 0x00007fb045930000 Exception <a 'java/security/PrivilegedActionException'> (0x000000076e0a06a8) thrown at [/HUDSON3/workspace/8-2-build-macosx-x86_64/jdk8u25/1514/hotspot/src/share/vm/prims/jvm.cpp, line 1312]
Event: 22.325 Thread 0x00007fb045930000 Implicit null exception at 0x0000000111cabab6 to 0x0000000111cabd6d

Events (10 events):
Event: 116.742 Thread 0x00007fb044803000 Thread exited: 0x00007fb044803000
Event: 116.742 Thread 0x00007fb04708b000 Thread exited: 0x00007fb04708b000
Event: 116.742 Thread 0x00007fb045000800 Thread exited: 0x00007fb045000800
Event: 116.742 Thread 0x00007fb045930000 Thread exited: 0x00007fb045930000
Event: 116.742 Thread 0x00007fb04c01e000 Thread added: 0x00007fb04c01e000
Event: 116.742 loading class java/util/IdentityHashMap$KeyIterator
Event: 116.742 loading class java/util/IdentityHashMap$IdentityHashMapIterator
Event: 116.743 loading class java/util/IdentityHashMap$IdentityHashMapIterator done
Event: 116.743 loading class java/util/IdentityHashMap$KeyIterator done
Event: 116.743 Thread 0x00007fb04c01e000 Thread exited: 0x00007fb04c01e000


Dynamic libraries:
0x0000000004e65000 	/System/Library/Frameworks/Cocoa.framework/Versions/A/Cocoa
0x0000000004e65000 	/System/Library/Frameworks/Security.framework/Versions/A/Security
0x0000000004e65000 	/System/Library/Frameworks/ApplicationServices.framework/Versions/A/ApplicationServices
0x0000000004e65000 	/usr/lib/libz.1.dylib
0x0000000004e65000 	/usr/lib/libSystem.B.dylib
0x0000000004e65000 	/usr/lib/libobjc.A.dylib
0x0000000004e65000 	/System/Library/Frameworks/CoreFoundation.framework/Versions/A/CoreFoundation
0x0000000004e65000 	/System/Library/Frameworks/Foundation.framework/Versions/C/Foundation
0x0000000004e65000 	/System/Library/Frameworks/AppKit.framework/Versions/C/AppKit
0x0000000004e65000 	/System/Library/Frameworks/CoreData.framework/Versions/A/CoreData
0x0000000004e65000 	/System/Library/PrivateFrameworks/RemoteViewServices.framework/Versions/A/RemoteViewServices
0x0000000004e65000 	/System/Library/PrivateFrameworks/UIFoundation.framework/Versions/A/UIFoundation
0x0000000004e65000 	/System/Library/Frameworks/IOSurface.framework/Versions/A/IOSurface
0x0000000004e65000 	/System/Library/Frameworks/AudioToolbox.framework/Versions/A/AudioToolbox
0x0000000004e65000 	/System/Library/Frameworks/AudioUnit.framework/Versions/A/AudioUnit
0x0000000004e65000 	/System/Library/PrivateFrameworks/DataDetectorsCore.framework/Versions/A/DataDetectorsCore
0x0000000004e65000 	/System/Library/PrivateFrameworks/DesktopServicesPriv.framework/Versions/A/DesktopServicesPriv
0x0000000004e65000 	/System/Library/Frameworks/Carbon.framework/Versions/A/Frameworks/HIToolbox.framework/Versions/A/HIToolbox
0x0000000004e65000 	/System/Library/Frameworks/QuartzCore.framework/Versions/A/QuartzCore
0x0000000004e65000 	/System/Library/Frameworks/Carbon.framework/Versions/A/Frameworks/SpeechRecognition.framework/Versions/A/SpeechRecognition
0x0000000004e65000 	/usr/lib/libauto.dylib
0x0000000004e65000 	/usr/lib/libicucore.A.dylib
0x0000000004e65000 	/usr/lib/libxml2.2.dylib
0x0000000004e65000 	/System/Library/PrivateFrameworks/CoreUI.framework/Versions/A/CoreUI
0x0000000004e65000 	/System/Library/Frameworks/CoreAudio.framework/Versions/A/CoreAudio
0x0000000004e65000 	/System/Library/Frameworks/DiskArbitration.framework/Versions/A/DiskArbitration
0x0000000004e65000 	/usr/lib/liblangid.dylib
0x0000000004e65000 	/System/Library/PrivateFrameworks/MultitouchSupport.framework/Versions/A/MultitouchSupport
0x0000000004e65000 	/System/Library/Frameworks/IOKit.framework/Versions/A/IOKit
0x0000000004e65000 	/usr/lib/libDiagnosticMessagesClient.dylib
0x0000000004e65000 	/System/Library/Frameworks/CoreServices.framework/Versions/A/CoreServices
0x0000000004e65000 	/System/Library/PrivateFrameworks/PerformanceAnalysis.framework/Versions/A/PerformanceAnalysis
0x0000000004e65000 	/System/Library/PrivateFrameworks/GenerationalStorage.framework/Versions/A/GenerationalStorage
0x0000000004e65000 	/System/Library/Frameworks/OpenGL.framework/Versions/A/OpenGL
0x0000000004e65000 	/System/Library/PrivateFrameworks/Sharing.framework/Versions/A/Sharing
0x0000000004e65000 	/System/Library/Frameworks/CoreGraphics.framework/Versions/A/CoreGraphics
0x0000000004e65000 	/System/Library/Frameworks/CoreText.framework/Versions/A/CoreText
0x0000000004e65000 	/System/Library/Frameworks/ImageIO.framework/Versions/A/ImageIO
0x0000000004e65000 	/usr/lib/libextension.dylib
0x0000000004e65000 	/System/Library/PrivateFrameworks/Backup.framework/Versions/A/Backup
0x0000000004e65000 	/usr/lib/libarchive.2.dylib
0x0000000004e65000 	/System/Library/Frameworks/CFNetwork.framework/Versions/A/CFNetwork
0x0000000004e65000 	/System/Library/Frameworks/SystemConfiguration.framework/Versions/A/SystemConfiguration
0x0000000004e65000 	/usr/lib/libCRFSuite.dylib
0x0000000004e65000 	/usr/lib/libc++.1.dylib
0x0000000004e65000 	/usr/lib/libc++abi.dylib
0x0000000004e65000 	/usr/lib/system/libcache.dylib
0x0000000004e65000 	/usr/lib/system/libcommonCrypto.dylib
0x0000000004e65000 	/usr/lib/system/libcompiler_rt.dylib
0x0000000004e65000 	/usr/lib/system/libcopyfile.dylib
0x0000000004e65000 	/usr/lib/system/libcorecrypto.dylib
0x0000000004e65000 	/usr/lib/system/libdispatch.dylib
0x0000000004e65000 	/usr/lib/system/libdyld.dylib
0x0000000004e65000 	/usr/lib/system/libkeymgr.dylib
0x0000000004e65000 	/usr/lib/system/liblaunch.dylib
0x0000000004e65000 	/usr/lib/system/libmacho.dylib
0x0000000004e65000 	/usr/lib/system/libquarantine.dylib
0x0000000004e65000 	/usr/lib/system/libremovefile.dylib
0x0000000004e65000 	/usr/lib/system/libsystem_asl.dylib
0x0000000004e65000 	/usr/lib/system/libsystem_blocks.dylib
0x0000000004e65000 	/usr/lib/system/libsystem_c.dylib
0x0000000004e65000 	/usr/lib/system/libsystem_configuration.dylib
0x0000000004e65000 	/usr/lib/system/libsystem_coreservices.dylib
0x0000000004e65000 	/usr/lib/system/libsystem_coretls.dylib
0x0000000004e65000 	/usr/lib/system/libsystem_dnssd.dylib
0x0000000004e65000 	/usr/lib/system/libsystem_info.dylib
0x0000000004e65000 	/usr/lib/system/libsystem_kernel.dylib
0x0000000004e65000 	/usr/lib/system/libsystem_m.dylib
0x0000000004e65000 	/usr/lib/system/libsystem_malloc.dylib
0x0000000004e65000 	/usr/lib/system/libsystem_network.dylib
0x0000000004e65000 	/usr/lib/system/libsystem_networkextension.dylib
0x0000000004e65000 	/usr/lib/system/libsystem_notify.dylib
0x0000000004e65000 	/usr/lib/system/libsystem_platform.dylib
0x0000000004e65000 	/usr/lib/system/libsystem_pthread.dylib
0x0000000004e65000 	/usr/lib/system/libsystem_sandbox.dylib
0x0000000004e65000 	/usr/lib/system/libsystem_secinit.dylib
0x0000000004e65000 	/usr/lib/system/libsystem_stats.dylib
0x0000000004e65000 	/usr/lib/system/libsystem_trace.dylib
0x0000000004e65000 	/usr/lib/system/libunc.dylib
0x0000000004e65000 	/usr/lib/system/libunwind.dylib
0x0000000004e65000 	/usr/lib/system/libxpc.dylib
0x0000000004e65000 	/usr/lib/libbz2.1.0.dylib
0x0000000004e65000 	/usr/lib/liblzma.5.dylib
0x0000000004e65000 	/usr/lib/libbsm.0.dylib
0x0000000004e65000 	/usr/lib/libsqlite3.dylib
0x0000000004e65000 	/usr/lib/system/libkxld.dylib
0x0000000004e65000 	/usr/lib/libxar.1.dylib
0x0000000004e65000 	/usr/lib/libpam.2.dylib
0x0000000004e65000 	/usr/lib/libOpenScriptingUtil.dylib
0x0000000004e65000 	/System/Library/Frameworks/CoreServices.framework/Versions/A/Frameworks/FSEvents.framework/Versions/A/FSEvents
0x0000000004e65000 	/System/Library/Frameworks/CoreServices.framework/Versions/A/Frameworks/CarbonCore.framework/Versions/A/CarbonCore
0x0000000004e65000 	/System/Library/Frameworks/CoreServices.framework/Versions/A/Frameworks/Metadata.framework/Versions/A/Metadata
0x0000000004e65000 	/System/Library/Frameworks/CoreServices.framework/Versions/A/Frameworks/OSServices.framework/Versions/A/OSServices
0x0000000004e65000 	/System/Library/Frameworks/CoreServices.framework/Versions/A/Frameworks/SearchKit.framework/Versions/A/SearchKit
0x0000000004e65000 	/System/Library/Frameworks/CoreServices.framework/Versions/A/Frameworks/AE.framework/Versions/A/AE
0x0000000004e65000 	/System/Library/Frameworks/CoreServices.framework/Versions/A/Frameworks/LaunchServices.framework/Versions/A/LaunchServices
0x0000000004e65000 	/System/Library/Frameworks/CoreServices.framework/Versions/A/Frameworks/DictionaryServices.framework/Versions/A/DictionaryServices
0x0000000004e65000 	/System/Library/Frameworks/NetFS.framework/Versions/A/NetFS
0x0000000004e65000 	/System/Library/PrivateFrameworks/NetAuth.framework/Versions/A/NetAuth
0x0000000004e65000 	/System/Library/PrivateFrameworks/login.framework/Versions/A/Frameworks/loginsupport.framework/Versions/A/loginsupport
0x0000000004e65000 	/System/Library/PrivateFrameworks/TCC.framework/Versions/A/TCC
0x0000000004e65000 	/usr/lib/libmecabra.dylib
0x0000000004e65000 	/System/Library/PrivateFrameworks/LanguageModeling.framework/Versions/A/LanguageModeling
0x0000000004e65000 	/usr/lib/libcmph.dylib
0x0000000004e65000 	/usr/lib/libiconv.2.dylib
0x0000000004e65000 	/System/Library/Frameworks/OpenDirectory.framework/Versions/A/Frameworks/CFOpenDirectory.framework/Versions/A/CFOpenDirectory
0x0000000004e65000 	/System/Library/Frameworks/ServiceManagement.framework/Versions/A/ServiceManagement
0x0000000004e65000 	/usr/lib/libxslt.1.dylib
0x0000000004e65000 	/System/Library/Frameworks/Carbon.framework/Versions/A/Frameworks/Ink.framework/Versions/A/Ink
0x0000000004e65000 	/System/Library/Frameworks/ApplicationServices.framework/Versions/A/Frameworks/ATS.framework/Versions/A/ATS
0x0000000004e65000 	/System/Library/Frameworks/ApplicationServices.framework/Versions/A/Frameworks/ColorSync.framework/Versions/A/ColorSync
0x0000000004e65000 	/System/Library/Frameworks/ApplicationServices.framework/Versions/A/Frameworks/HIServices.framework/Versions/A/HIServices
0x0000000004e65000 	/System/Library/Frameworks/ApplicationServices.framework/Versions/A/Frameworks/LangAnalysis.framework/Versions/A/LangAnalysis
0x0000000004e65000 	/System/Library/Frameworks/ApplicationServices.framework/Versions/A/Frameworks/PrintCore.framework/Versions/A/PrintCore
0x0000000004e65000 	/System/Library/Frameworks/ApplicationServices.framework/Versions/A/Frameworks/QD.framework/Versions/A/QD
0x0000000004e65000 	/System/Library/Frameworks/ApplicationServices.framework/Versions/A/Frameworks/SpeechSynthesis.framework/Versions/A/SpeechSynthesis
0x0000000004e65000 	/System/Library/Frameworks/Accelerate.framework/Versions/A/Accelerate
0x0000000004e65000 	/System/Library/Frameworks/Accelerate.framework/Versions/A/Frameworks/vImage.framework/Versions/A/vImage
0x0000000004e65000 	/System/Library/Frameworks/Accelerate.framework/Versions/A/Frameworks/vecLib.framework/Versions/A/vecLib
0x0000000004e65000 	/System/Library/Frameworks/Accelerate.framework/Versions/A/Frameworks/vecLib.framework/Versions/A/libvDSP.dylib
0x0000000004e65000 	/System/Library/Frameworks/Accelerate.framework/Versions/A/Frameworks/vecLib.framework/Versions/A/libvMisc.dylib
0x0000000004e65000 	/System/Library/Frameworks/Accelerate.framework/Versions/A/Frameworks/vecLib.framework/Versions/A/libLAPACK.dylib
0x0000000004e65000 	/System/Library/Frameworks/Accelerate.framework/Versions/A/Frameworks/vecLib.framework/Versions/A/libBLAS.dylib
0x0000000004e65000 	/System/Library/Frameworks/Accelerate.framework/Versions/A/Frameworks/vecLib.framework/Versions/A/libLinearAlgebra.dylib
0x0000000004e65000 	/System/Library/Frameworks/ApplicationServices.framework/Versions/A/Frameworks/ATS.framework/Versions/A/Resources/libFontParser.dylib
0x0000000004e65000 	/System/Library/Frameworks/ApplicationServices.framework/Versions/A/Frameworks/ATS.framework/Versions/A/Resources/libFontRegistry.dylib
0x0000000004e65000 	/System/Library/PrivateFrameworks/AppleVPA.framework/Versions/A/AppleVPA
0x0000000004e65000 	/System/Library/PrivateFrameworks/AppleJPEG.framework/Versions/A/AppleJPEG
0x0000000004e65000 	/System/Library/Frameworks/ImageIO.framework/Versions/A/Resources/libJPEG.dylib
0x0000000004e65000 	/System/Library/Frameworks/ImageIO.framework/Versions/A/Resources/libTIFF.dylib
0x0000000004e65000 	/System/Library/Frameworks/ImageIO.framework/Versions/A/Resources/libPng.dylib
0x0000000004e65000 	/System/Library/Frameworks/ImageIO.framework/Versions/A/Resources/libGIF.dylib
0x0000000004e65000 	/System/Library/Frameworks/ImageIO.framework/Versions/A/Resources/libJP2.dylib
0x0000000004e65000 	/System/Library/Frameworks/ImageIO.framework/Versions/A/Resources/libRadiance.dylib
0x0000000004e65000 	/System/Library/Frameworks/CoreVideo.framework/Versions/A/CoreVideo
0x0000000004e65000 	/System/Library/Frameworks/OpenGL.framework/Versions/A/Libraries/libGLU.dylib
0x0000000004e65000 	/System/Library/Frameworks/OpenGL.framework/Versions/A/Libraries/libGFXShared.dylib
0x0000000004e65000 	/System/Library/Frameworks/OpenGL.framework/Versions/A/Libraries/libGL.dylib
0x0000000004e65000 	/System/Library/Frameworks/OpenGL.framework/Versions/A/Libraries/libGLImage.dylib
0x0000000004e65000 	/System/Library/Frameworks/OpenGL.framework/Versions/A/Libraries/libCVMSPluginSupport.dylib
0x0000000004e65000 	/System/Library/Frameworks/OpenGL.framework/Versions/A/Libraries/libCoreVMClient.dylib
0x0000000004e65000 	/usr/lib/libcups.2.dylib
0x0000000004e65000 	/System/Library/Frameworks/Kerberos.framework/Versions/A/Kerberos
0x0000000004e65000 	/System/Library/Frameworks/GSS.framework/Versions/A/GSS
0x0000000004e65000 	/usr/lib/libresolv.9.dylib
0x0000000004e65000 	/System/Library/PrivateFrameworks/Heimdal.framework/Versions/A/Heimdal
0x0000000004e65000 	/usr/lib/libheimdal-asn1.dylib
0x0000000004e65000 	/System/Library/Frameworks/OpenDirectory.framework/Versions/A/OpenDirectory
0x0000000004e65000 	/System/Library/PrivateFrameworks/CommonAuth.framework/Versions/A/CommonAuth
0x0000000004e65000 	/System/Library/Frameworks/SecurityFoundation.framework/Versions/A/SecurityFoundation
0x0000000004e65000 	/System/Library/Frameworks/QuartzCore.framework/Versions/A/Frameworks/CoreImage.framework/Versions/A/CoreImage
0x0000000004e65000 	/System/Library/PrivateFrameworks/CrashReporterSupport.framework/Versions/A/CrashReporterSupport
0x0000000004e65000 	/System/Library/Frameworks/OpenCL.framework/Versions/A/OpenCL
0x0000000004e65000 	/System/Library/PrivateFrameworks/FaceCore.framework/Versions/A/FaceCore
0x0000000004e65000 	/System/Library/PrivateFrameworks/Ubiquity.framework/Versions/A/Ubiquity
0x0000000004e65000 	/System/Library/PrivateFrameworks/IconServices.framework/Versions/A/IconServices
0x0000000004e65000 	/System/Library/PrivateFrameworks/ChunkingLibrary.framework/Versions/A/ChunkingLibrary
0x0000000004e65000 	/System/Library/PrivateFrameworks/Apple80211.framework/Versions/A/Apple80211
0x0000000004e65000 	/System/Library/Frameworks/CoreWLAN.framework/Versions/A/CoreWLAN
0x0000000004e65000 	/System/Library/Frameworks/IOBluetooth.framework/Versions/A/IOBluetooth
0x0000000004e65000 	/System/Library/PrivateFrameworks/CoreWiFi.framework/Versions/A/CoreWiFi
0x0000000004e65000 	/System/Library/Frameworks/CoreBluetooth.framework/Versions/A/CoreBluetooth
0x0000000004e65000 	/System/Library/PrivateFrameworks/DebugSymbols.framework/Versions/A/DebugSymbols
0x0000000004e65000 	/System/Library/PrivateFrameworks/CoreSymbolication.framework/Versions/A/CoreSymbolication
0x0000000004e65000 	/System/Library/PrivateFrameworks/Symbolication.framework/Versions/A/Symbolication
0x0000000004e65000 	/System/Library/PrivateFrameworks/SpeechRecognitionCore.framework/Versions/A/SpeechRecognitionCore
0x000000010f0b8000 	/Library/Java/JavaVirtualMachines/jdk1.8.0_25.jdk/Contents/Home/jre/lib/server/libjvm.dylib
0x0000000004e65000 	/usr/lib/libstdc++.6.dylib
0x000000010ffeb000 	/Library/Java/JavaVirtualMachines/jdk1.8.0_25.jdk/Contents/Home/jre/lib/libverify.dylib
0x0000000111103000 	/Library/Java/JavaVirtualMachines/jdk1.8.0_25.jdk/Contents/Home/jre/lib/libjava.dylib
0x000000011113f000 	/Library/Java/JavaVirtualMachines/jdk1.8.0_25.jdk/Contents/Home/jre/lib/libzip.dylib
0x000000012ccf3000 	/System/Library/Frameworks/JavaVM.framework/Frameworks/JavaRuntimeSupport.framework/JavaRuntimeSupport
0x000000012cd09000 	/System/Library/Frameworks/JavaVM.framework/Versions/A/Frameworks/JavaNativeFoundation.framework/Versions/A/JavaNativeFoundation
0x000000012cd1d000 	/System/Library/Frameworks/JavaVM.framework/Versions/A/JavaVM
0x0000000004e65000 	/System/Library/Frameworks/Carbon.framework/Versions/A/Carbon
0x000000012cd29000 	/System/Library/PrivateFrameworks/JavaLaunching.framework/Versions/A/JavaLaunching
0x0000000004e65000 	/System/Library/Frameworks/Carbon.framework/Versions/A/Frameworks/CommonPanels.framework/Versions/A/CommonPanels
0x0000000004e65000 	/System/Library/Frameworks/Carbon.framework/Versions/A/Frameworks/Help.framework/Versions/A/Help
0x0000000004e65000 	/System/Library/Frameworks/Carbon.framework/Versions/A/Frameworks/ImageCapture.framework/Versions/A/ImageCapture
0x0000000004e65000 	/System/Library/Frameworks/Carbon.framework/Versions/A/Frameworks/OpenScripting.framework/Versions/A/OpenScripting
0x0000000004e65000 	/System/Library/Frameworks/Carbon.framework/Versions/A/Frameworks/Print.framework/Versions/A/Print
0x0000000004e65000 	/System/Library/Frameworks/Carbon.framework/Versions/A/Frameworks/SecurityHI.framework/Versions/A/SecurityHI
0x000000012edda000 	/Library/Java/JavaVirtualMachines/jdk1.8.0_25.jdk/Contents/Home/jre/lib/libprism_es2.dylib
0x0000000004e65000 	/System/Library/Frameworks/OpenGL.framework/Versions/A/Resources/GLEngine.bundle/GLEngine
0x0000000004e65000 	/System/Library/Frameworks/OpenGL.framework/Versions/A/Libraries/libGLProgrammability.dylib
0x0000000000000000 	/System/Library/Extensions/AppleIntelHD5000GraphicsGLDriver.bundle/Contents/MacOS/AppleIntelHD5000GraphicsGLDriver
0x0000000004e65000 	/System/Library/PrivateFrameworks/IOAccelerator.framework/Versions/A/IOAccelerator
0x0000000004e65000 	/System/Library/PrivateFrameworks/GPUSupport.framework/Versions/A/Libraries/libGPUSupportMercury.dylib
0x0000000004e65000 	/System/Library/Frameworks/OpenGL.framework/Versions/A/Resources/GLRendererFloat.bundle/GLRendererFloat
0x0000000004e65000 	/System/Library/Frameworks/OpenCL.framework/Versions/A/Libraries/libcldcpuengine.dylib
0x0000000004e65000 	/System/Library/PrivateFrameworks/DiskImages.framework/Versions/A/DiskImages
0x0000000004e65000 	/System/Library/Frameworks/DiscRecording.framework/Versions/A/DiscRecording
0x0000000004e65000 	/usr/lib/libcsfde.dylib
0x0000000004e65000 	/usr/lib/libcurl.4.dylib
0x0000000004e65000 	/System/Library/PrivateFrameworks/MediaKit.framework/Versions/A/MediaKit
0x0000000004e65000 	/System/Library/PrivateFrameworks/ProtectedCloudStorage.framework/Versions/A/ProtectedCloudStorage
0x0000000004e65000 	/usr/lib/libCoreStorage.dylib
0x0000000004e65000 	/System/Library/PrivateFrameworks/EFILogin.framework/Versions/A/EFILogin
0x0000000004e65000 	/usr/lib/libutil.dylib
0x0000000004e65000 	/System/Library/PrivateFrameworks/FindMyDevice.framework/Versions/A/FindMyDevice
0x0000000004e65000 	/System/Library/Frameworks/LDAP.framework/Versions/A/LDAP
0x0000000004e65000 	/usr/lib/libsasl2.2.dylib
0x0000000004e65000 	/System/Library/PrivateFrameworks/CoreDaemon.framework/Versions/B/CoreDaemon
0x0000000004e65000 	/usr/lib/libcrypto.0.9.8.dylib
0x0000000004e65000 	/System/Library/PrivateFrameworks/AppleSRP.framework/Versions/A/AppleSRP
0x0000000004e65000 	/System/Library/PrivateFrameworks/TrustEvaluationAgent.framework/Versions/A/TrustEvaluationAgent
0x000000012f286000 	/Library/Java/JavaVirtualMachines/jdk1.8.0_25.jdk/Contents/Home/jre/lib/libglass.dylib
0x0000000004e65000 	/System/Library/PrivateFrameworks/CoreServicesInternal.framework/Versions/A/CoreServicesInternal
0x0000000004e65000 	/System/Library/PrivateFrameworks/CloudDocs.framework/Versions/A/CloudDocs
0x0000000004e65000 	/System/Library/PrivateFrameworks/CoreDuet.framework/Versions/A/CoreDuet
0x0000000004e65000 	/System/Library/Frameworks/CloudKit.framework/Versions/A/CloudKit
0x0000000004e65000 	/System/Library/PrivateFrameworks/ProtocolBuffer.framework/Versions/A/ProtocolBuffer
0x0000000004e65000 	/System/Library/PrivateFrameworks/CoreDuetDaemonProtocol.framework/Versions/A/CoreDuetDaemonProtocol
0x0000000004e65000 	/System/Library/PrivateFrameworks/CoreDuetDebugLogging.framework/Versions/A/CoreDuetDebugLogging
0x0000000004e65000 	/System/Library/Frameworks/CoreLocation.framework/Versions/A/CoreLocation
0x0000000004e65000 	/System/Library/Frameworks/Accounts.framework/Versions/A/Accounts
0x0000000004e65000 	/System/Library/PrivateFrameworks/ApplePushService.framework/Versions/A/ApplePushService
0x0000000004e65000 	/System/Library/PrivateFrameworks/GeoServices.framework/Versions/A/GeoServices
0x0000000004e65000 	/System/Library/PrivateFrameworks/OAuth.framework/Versions/A/OAuth
0x0000000004e65000 	/System/Library/Frameworks/CoreGraphics.framework/Versions/A/Resources/libCGCMS.A.dylib
0x0000000004e65000 	/System/Library/CoreServices/RawCamera.bundle/Contents/MacOS/RawCamera
0x0000000004e65000 	/System/Library/Frameworks/CoreGraphics.framework/Versions/A/Resources/libRIP.A.dylib
0x0000000004e65000 	/System/Library/PrivateFrameworks/FamilyControls.framework/Versions/A/FamilyControls
0x0000000004e65000 	/System/Library/PrivateFrameworks/CommerceKit.framework/Versions/A/Frameworks/CommerceCore.framework/Versions/A/CommerceCore
0x0000000004e65000 	/System/Library/PrivateFrameworks/SystemAdministration.framework/Versions/A/SystemAdministration
0x0000000004e65000 	/System/Library/PrivateFrameworks/AppContainer.framework/Versions/A/AppContainer
0x0000000004e65000 	/System/Library/PrivateFrameworks/SecCodeWrapper.framework/Versions/A/SecCodeWrapper
0x0000000004e65000 	/System/Library/Frameworks/DirectoryService.framework/Versions/A/DirectoryService
0x0000000004e65000 	/System/Library/PrivateFrameworks/LoginUIKit.framework/Versions/A/Frameworks/LoginUICore.framework/Versions/A/LoginUICore
0x0000000004e65000 	/usr/lib/libodfde.dylib
0x0000000132a61000 	/Library/Java/JavaVirtualMachines/jdk1.8.0_25.jdk/Contents/Home/jre/lib/libjavafx_font.dylib
0x0000000004e65000 	/System/Library/Frameworks/CoreGraphics.framework/Versions/A/Resources/libCGXType.A.dylib
0x00000001327fd000 	/Library/Java/JavaVirtualMachines/jdk1.8.0_25.jdk/Contents/Home/jre/lib/libnet.dylib
0x00000001308f3000 	/Library/Java/JavaVirtualMachines/jdk1.8.0_25.jdk/Contents/Home/jre/lib/libprism_common.dylib
0x000000013285d000 	cl_kernels
0x0000000137dda000 	/System/Library/Frameworks/OpenCL.framework/Versions/A/Libraries/ImageFormats/unorm8_bgra.dylib
0x0000000132ab4000 	cl_kernels

VM Arguments:
jvm_args: -Dfile.encoding=UTF-8 
java_command: /Users/Eskil/NetBeansProjects/Einblick_App/dist/run486952069/Einblick_App.jar
java_class_path (initial): /Users/Eskil/NetBeansProjects/Einblick_App/dist/run486952069/Einblick_App.jar
Launcher Type: SUN_STANDARD

Environment Variables:
PATH=/usr/bin:/bin:/usr/sbin:/sbin
LD_LIBRARY_PATH=/Library/Java/JavaVirtualMachines/jdk1.8.0_25.jdk/Contents/Home/jre/lib/amd64:/Library/Java/JavaVirtualMachines/jdk1.8.0_25.jdk/Contents/Home/jre/lib/i386:
SHELL=/bin/bash
DYLD_LIBRARY_PATH=/Applications/NetBeans/NetBeans 8.0.1.app/Contents/Resources/NetBeans/webcommon/bin:

Signal Handlers:
SIGSEGV: [libjvm.dylib+0x579dc7], sa_mask[0]=11111111011111110111111111111111, sa_flags=SA_ONSTACK|SA_RESTART|SA_SIGINFO
SIGBUS: [libjvm.dylib+0x579dc7], sa_mask[0]=11111111011111110111111111111111, sa_flags=SA_RESTART|SA_SIGINFO
SIGFPE: [libjvm.dylib+0x45b030], sa_mask[0]=11111111011111110111111111111111, sa_flags=SA_RESTART|SA_SIGINFO
SIGPIPE: [libjvm.dylib+0x45b030], sa_mask[0]=11111111011111110111111111111111, sa_flags=SA_RESTART|SA_SIGINFO
SIGXFSZ: [libjvm.dylib+0x45b030], sa_mask[0]=11111111011111110111111111111111, sa_flags=SA_RESTART|SA_SIGINFO
SIGILL: [libjvm.dylib+0x45b030], sa_mask[0]=11111111011111110111111111111111, sa_flags=SA_RESTART|SA_SIGINFO
SIGUSR1: SIG_DFL, sa_mask[0]=00000000000000000000000000000000, sa_flags=none
SIGUSR2: [libjvm.dylib+0x45ab4e], sa_mask[0]=00100000000000000000000000000000, sa_flags=SA_RESTART|SA_SIGINFO
SIGHUP: [libjvm.dylib+0x459121], sa_mask[0]=11111111011111110111111111111111, sa_flags=SA_RESTART|SA_SIGINFO
SIGINT: SIG_IGN, sa_mask[0]=00000000000000000000000000000000, sa_flags=none
SIGTERM: [libjvm.dylib+0x459121], sa_mask[0]=11111111011111110111111111111111, sa_flags=SA_RESTART|SA_SIGINFO
SIGQUIT: [libjvm.dylib+0x459121], sa_mask[0]=11111111011111110111111111111111, sa_flags=SA_RESTART|SA_SIGINFO


---------------  S Y S T E M  ---------------

OS:Bsduname:Darwin 14.0.0 Darwin Kernel Version 14.0.0: Fri Sep 19 00:26:44 PDT 2014; root:xnu-2782.1.97~2/RELEASE_X86_64 x86_64
rlimit: STACK 8192k, CORE 0k, NPROC 709, NOFILE 10240, AS infinity
load average:2.53 2.65 2.48

CPU:total 8 (4 cores per cpu, 2 threads per core) family 6 model 70 stepping 1, cmov, cx8, fxsr, mmx, sse, sse2, sse3, ssse3, sse4.1, sse4.2, popcnt, avx, avx2, aes, clmul, erms, lzcnt, ht, tsc, tscinvbit, bmi1, bmi2

Memory: 4k page, physical 16777216k(3816992k free)

/proc/meminfo:


vm_info: Java HotSpot(TM) 64-Bit Server VM (25.25-b02) for bsd-amd64 JRE (1.8.0_25-b17), built on Sep 17 2014 16:56:50 by "java_re" with gcc 4.2.1 (Based on Apple Inc. build 5658) (LLVM build 2336.11.00)

time: Wed Nov 12 11:31:24 2014
elapsed time: 117 seconds (0d 0h 1m 57s)

