#
# A fatal error has been detected by the Java Runtime Environment:
#
#  SIGSEGV (0xb) at pc=0x000000013081d5b3, pid=17627, tid=21763
#
# JRE version: Java(TM) SE Runtime Environment (8.0_25-b17) (build 1.8.0_25-b17)
# Java VM: Java HotSpot(TM) 64-Bit Server VM (25.25-b02 mixed mode bsd-amd64 compressed oops)
# Problematic frame:
# C  [libprism_common.dylib+0x45b3]  Renderer_produceAlphas+0x233
#
# Failed to write core dump. Core dumps have been disabled. To enable core dumping, try "ulimit -c unlimited" before starting Java again
#
# If you would like to submit a bug report, please visit:
#   http://bugreport.sun.com/bugreport/crash.jsp
# The crash happened outside the Java Virtual Machine in native code.
# See problematic frame for where to report the bug.
#

---------------  T H R E A D  ---------------

Current thread (0x00007f8f4697f800):  JavaThread "QuantumRenderer-0" daemon [_thread_in_native, id=21763, stack(0x000000012c264000,0x000000012c364000)]

siginfo: si_signo: 11 (SIGSEGV), si_code: 1 (SEGV_MAPERR), si_addr: 0x0000000136653000

Registers:
RAX=0x00000000000004b8, RBX=0x0000000000000004, RCX=0x00000000000004b7, RDX=0x0000000000010400
RSP=0x000000012c35dc70, RBP=0x000000012c35ed00, RSI=0x0000000000000000, RDI=0x00007f8f49f416d0
R8 =0x000000012c35ed58, R9 =0x00007f8f448ece00, R10=0x00000000000004e7, R11=0x0000000000000502
R12=0x00000000000004b0, R13=0x00000000000000a0, R14=0x0000000136612000, R15=0x0000000143458000
RIP=0x000000013081d5b3, EFLAGS=0x0000000000010206, ERR=0x0000000000000006
  TRAPNO=0x000000000000000e

Top of Stack: (sp=0x000000012c35dc70)
0x000000012c35dc70:   0000000a2c35fe9c 000000012c35edd8
0x000000012c35dc80:   00007f8f448ece00 000000012c35ed58
0x000000012c35dc90:   0000d2f4000004b0 00007f8f49f416d0
0x000000012c35dca0:   000004e82c35fe6c ffffffff000028c0
0x000000012c35dcb0:   0000000136612000 0000000000000005
0x000000012c35dcc0:   00007f8f49f416e0 000000502c35fd04
0x000000012c35dcd0:   000000012c35fd14 000000012c35fd24
0x000000012c35dce0:   000000012c35fd34 000000012c35fd44
0x000000012c35dcf0:   000000012c35fd54 000000012c35fd64
0x000000012c35dd00:   000000012c35fd74 000000012c35fd84
0x000000012c35dd10:   000000012c35fd94 000000012c35fda4
0x000000012c35dd20:   000000012c35fdb4 000000012c35fdc4
0x000000012c35dd30:   000000012c35fdd4 000000012c35fde4
0x000000012c35dd40:   0000000000000038 0000000000000040
0x000000012c35dd50:   0000000000000048 0000000000000050
0x000000012c35dd60:   0000000000000058 0000000000000060
0x000000012c35dd70:   0000000000000068 0000000000000070
0x000000012c35dd80:   0000000000000078 0000000000000080
0x000000012c35dd90:   0000000000000088 0000000000000090
0x000000012c35dda0:   0000000000000098 00000000000000a0
0x000000012c35ddb0:   000000012c35e540 00007f8f4697f800
0x000000012c35ddc0:   0000000000000068 0000000000000005
0x000000012c35ddd0:   0000000000000007 000000000000000d
0x000000012c35dde0:   000000000000000f 0000000000000011
0x000000012c35ddf0:   0000000000000013 0000000000000015
0x000000012c35de00:   0000000000000017 0000000000000019
0x000000012c35de10:   000000000000001b 000000000000001d
0x000000012c35de20:   000000000000001f 0000000000000031
0x000000012c35de30:   0000000000000039 0000000000000041
0x000000012c35de40:   0000000000000049 0000000000000051
0x000000012c35de50:   000000012c35e5e0 00007f8f4697f800
0x000000012c35de60:   0000000000000068 0000000000000071 

Instructions: (pc=0x000000013081d5b3)
0x000000013081d593:   48 8b bd 98 ef ff ff eb 2e 48 63 d3 48 8b bd 98
0x000000013081d5a3:   ef ff ff 66 2e 0f 1f 84 00 00 00 00 00 8d 48 ff
0x000000013081d5b3:   41 89 0c 96 83 c0 03 48 63 c0 f3 41 0f 2c 04 87
0x000000013081d5c3:   48 ff c2 85 c0 75 e6 4c 89 b5 b0 ef ff ff 39 95 

Register to memory mapping:

RAX=0x00000000000004b8 is an unknown value
RBX=0x0000000000000004 is an unknown value
RCX=0x00000000000004b7 is an unknown value
RDX=0x0000000000010400 is an unknown value
RSP=0x000000012c35dc70 is pointing into the stack for thread: 0x00007f8f4697f800
RBP=0x000000012c35ed00 is pointing into the stack for thread: 0x00007f8f4697f800
RSI=0x0000000000000000 is an unknown value
RDI=0x00007f8f49f416d0 is an unknown value
R8 =0x000000012c35ed58 is pointing into the stack for thread: 0x00007f8f4697f800
R9 =0x00007f8f448ece00 is an unknown value
R10=0x00000000000004e7 is an unknown value
R11=0x0000000000000502 is an unknown value
R12=0x00000000000004b0 is an unknown value
R13=0x00000000000000a0 is an unknown value
R14=0x0000000136612000 is an unknown value
R15=0x0000000143458000 is an unknown value


Stack: [0x000000012c264000,0x000000012c364000],  sp=0x000000012c35dc70,  free space=999k
Native frames: (J=compiled Java code, j=interpreted, Vv=VM code, C=native code)
C  [libprism_common.dylib+0x45b3]  Renderer_produceAlphas+0x233
C  [libprism_common.dylib+0x38f1]  Java_com_sun_prism_impl_shape_NativePiscesRasterizer_produceStrokeAlphas+0x431
j  com.sun.prism.impl.shape.NativePiscesRasterizer.produceStrokeAlphas([F[BIFIIF[FFDDDDDD[I[B)V+0
j  com.sun.prism.impl.shape.NativePiscesRasterizer.getMaskData(Lcom/sun/javafx/geom/Shape;Lcom/sun/prism/BasicStroke;Lcom/sun/javafx/geom/RectBounds;Lcom/sun/javafx/geom/transform/BaseTransform;Z)Lcom/sun/prism/impl/shape/MaskData;+441
J 3849 C1 com.sun.prism.impl.ps.BaseShaderGraphics.renderShape(Lcom/sun/javafx/geom/Shape;Lcom/sun/prism/BasicStroke;FFFF)V (284 bytes) @ 0x000000010f313a04 [0x000000010f3134c0+0x544]
j  com.sun.prism.impl.BaseGraphics.draw(Lcom/sun/javafx/geom/Shape;)V+136
j  com.sun.prism.impl.ps.CachingShapeRepState.drawNoCache(Lcom/sun/prism/Graphics;Lcom/sun/javafx/geom/Shape;)V+2
j  com.sun.prism.impl.ps.CachingShapeRepState.render(Lcom/sun/prism/Graphics;Lcom/sun/javafx/geom/Shape;Lcom/sun/javafx/geom/RectBounds;Lcom/sun/prism/BasicStroke;)V+241
j  com.sun.prism.impl.ps.CachingShapeRep.draw(Lcom/sun/prism/Graphics;Lcom/sun/javafx/geom/Shape;Lcom/sun/javafx/geom/BaseBounds;)V+31
j  com.sun.javafx.sg.prism.NGShape.renderContent2D(Lcom/sun/prism/Graphics;Z)V+112
J 3429 C1 com.sun.javafx.sg.prism.NGShape.renderContent(Lcom/sun/prism/Graphics;)V (386 bytes) @ 0x000000010f1cba9c [0x000000010f1c9280+0x281c]
J 2793 C1 com.sun.javafx.sg.prism.NGNode.doRender(Lcom/sun/prism/Graphics;)V (473 bytes) @ 0x000000010f0105fc [0x000000010f00e800+0x1dfc]
J 2720 C1 com.sun.javafx.sg.prism.NGNode.render(Lcom/sun/prism/Graphics;)V (38 bytes) @ 0x000000010efe60dc [0x000000010efe5e60+0x27c]
J 3128 C1 com.sun.javafx.sg.prism.NGGroup.renderContent(Lcom/sun/prism/Graphics;)V (436 bytes) @ 0x000000010f0ed95c [0x000000010f0ec560+0x13fc]
J 3863 C1 com.sun.javafx.sg.prism.NGNode.renderRectClip(Lcom/sun/prism/Graphics;Lcom/sun/javafx/sg/prism/NGRectangle;)V (122 bytes) @ 0x000000010f32a22c [0x000000010f329160+0x10cc]
J 3260 C1 com.sun.javafx.sg.prism.NGNode.renderClip(Lcom/sun/prism/Graphics;)V (473 bytes) @ 0x000000010f15c7fc [0x000000010f157ea0+0x495c]
J 2793 C1 com.sun.javafx.sg.prism.NGNode.doRender(Lcom/sun/prism/Graphics;)V (473 bytes) @ 0x000000010f0102ac [0x000000010f00e800+0x1aac]
J 2720 C1 com.sun.javafx.sg.prism.NGNode.render(Lcom/sun/prism/Graphics;)V (38 bytes) @ 0x000000010efe60dc [0x000000010efe5e60+0x27c]
J 3128 C1 com.sun.javafx.sg.prism.NGGroup.renderContent(Lcom/sun/prism/Graphics;)V (436 bytes) @ 0x000000010f0ed95c [0x000000010f0ec560+0x13fc]
J 3134 C1 com.sun.javafx.sg.prism.NGRegion.renderContent(Lcom/sun/prism/Graphics;)V (115 bytes) @ 0x000000010f0f4b84 [0x000000010f0f36c0+0x14c4]
J 2793 C1 com.sun.javafx.sg.prism.NGNode.doRender(Lcom/sun/prism/Graphics;)V (473 bytes) @ 0x000000010f0105fc [0x000000010f00e800+0x1dfc]
J 2720 C1 com.sun.javafx.sg.prism.NGNode.render(Lcom/sun/prism/Graphics;)V (38 bytes) @ 0x000000010efe60dc [0x000000010efe5e60+0x27c]
J 3128 C1 com.sun.javafx.sg.prism.NGGroup.renderContent(Lcom/sun/prism/Graphics;)V (436 bytes) @ 0x000000010f0ed95c [0x000000010f0ec560+0x13fc]
J 3134 C1 com.sun.javafx.sg.prism.NGRegion.renderContent(Lcom/sun/prism/Graphics;)V (115 bytes) @ 0x000000010f0f4b84 [0x000000010f0f36c0+0x14c4]
J 2793 C1 com.sun.javafx.sg.prism.NGNode.doRender(Lcom/sun/prism/Graphics;)V (473 bytes) @ 0x000000010f0105fc [0x000000010f00e800+0x1dfc]
J 2720 C1 com.sun.javafx.sg.prism.NGNode.render(Lcom/sun/prism/Graphics;)V (38 bytes) @ 0x000000010efe60dc [0x000000010efe5e60+0x27c]
J 3128 C1 com.sun.javafx.sg.prism.NGGroup.renderContent(Lcom/sun/prism/Graphics;)V (436 bytes) @ 0x000000010f0ed95c [0x000000010f0ec560+0x13fc]
J 3134 C1 com.sun.javafx.sg.prism.NGRegion.renderContent(Lcom/sun/prism/Graphics;)V (115 bytes) @ 0x000000010f0f4b84 [0x000000010f0f36c0+0x14c4]
J 2793 C1 com.sun.javafx.sg.prism.NGNode.doRender(Lcom/sun/prism/Graphics;)V (473 bytes) @ 0x000000010f0105fc [0x000000010f00e800+0x1dfc]
J 2720 C1 com.sun.javafx.sg.prism.NGNode.render(Lcom/sun/prism/Graphics;)V (38 bytes) @ 0x000000010efe60dc [0x000000010efe5e60+0x27c]
J 3128 C1 com.sun.javafx.sg.prism.NGGroup.renderContent(Lcom/sun/prism/Graphics;)V (436 bytes) @ 0x000000010f0ed95c [0x000000010f0ec560+0x13fc]
J 3134 C1 com.sun.javafx.sg.prism.NGRegion.renderContent(Lcom/sun/prism/Graphics;)V (115 bytes) @ 0x000000010f0f4b84 [0x000000010f0f36c0+0x14c4]
J 3863 C1 com.sun.javafx.sg.prism.NGNode.renderRectClip(Lcom/sun/prism/Graphics;Lcom/sun/javafx/sg/prism/NGRectangle;)V (122 bytes) @ 0x000000010f32a22c [0x000000010f329160+0x10cc]
J 3260 C1 com.sun.javafx.sg.prism.NGNode.renderClip(Lcom/sun/prism/Graphics;)V (473 bytes) @ 0x000000010f15c7fc [0x000000010f157ea0+0x495c]
J 2793 C1 com.sun.javafx.sg.prism.NGNode.doRender(Lcom/sun/prism/Graphics;)V (473 bytes) @ 0x000000010f0102ac [0x000000010f00e800+0x1aac]
J 2720 C1 com.sun.javafx.sg.prism.NGNode.render(Lcom/sun/prism/Graphics;)V (38 bytes) @ 0x000000010efe60dc [0x000000010efe5e60+0x27c]
J 3128 C1 com.sun.javafx.sg.prism.NGGroup.renderContent(Lcom/sun/prism/Graphics;)V (436 bytes) @ 0x000000010f0ed95c [0x000000010f0ec560+0x13fc]
J 3134 C1 com.sun.javafx.sg.prism.NGRegion.renderContent(Lcom/sun/prism/Graphics;)V (115 bytes) @ 0x000000010f0f4b84 [0x000000010f0f36c0+0x14c4]
J 2793 C1 com.sun.javafx.sg.prism.NGNode.doRender(Lcom/sun/prism/Graphics;)V (473 bytes) @ 0x000000010f0105fc [0x000000010f00e800+0x1dfc]
J 2720 C1 com.sun.javafx.sg.prism.NGNode.render(Lcom/sun/prism/Graphics;)V (38 bytes) @ 0x000000010efe60dc [0x000000010efe5e60+0x27c]
J 3128 C1 com.sun.javafx.sg.prism.NGGroup.renderContent(Lcom/sun/prism/Graphics;)V (436 bytes) @ 0x000000010f0ed95c [0x000000010f0ec560+0x13fc]
J 3134 C1 com.sun.javafx.sg.prism.NGRegion.renderContent(Lcom/sun/prism/Graphics;)V (115 bytes) @ 0x000000010f0f4b84 [0x000000010f0f36c0+0x14c4]
J 2793 C1 com.sun.javafx.sg.prism.NGNode.doRender(Lcom/sun/prism/Graphics;)V (473 bytes) @ 0x000000010f0105fc [0x000000010f00e800+0x1dfc]
J 2720 C1 com.sun.javafx.sg.prism.NGNode.render(Lcom/sun/prism/Graphics;)V (38 bytes) @ 0x000000010efe60dc [0x000000010efe5e60+0x27c]
J 3128 C1 com.sun.javafx.sg.prism.NGGroup.renderContent(Lcom/sun/prism/Graphics;)V (436 bytes) @ 0x000000010f0ed95c [0x000000010f0ec560+0x13fc]
J 3134 C1 com.sun.javafx.sg.prism.NGRegion.renderContent(Lcom/sun/prism/Graphics;)V (115 bytes) @ 0x000000010f0f4b84 [0x000000010f0f36c0+0x14c4]
J 2793 C1 com.sun.javafx.sg.prism.NGNode.doRender(Lcom/sun/prism/Graphics;)V (473 bytes) @ 0x000000010f0105fc [0x000000010f00e800+0x1dfc]
J 2720 C1 com.sun.javafx.sg.prism.NGNode.render(Lcom/sun/prism/Graphics;)V (38 bytes) @ 0x000000010efe60dc [0x000000010efe5e60+0x27c]
J 3128 C1 com.sun.javafx.sg.prism.NGGroup.renderContent(Lcom/sun/prism/Graphics;)V (436 bytes) @ 0x000000010f0ed95c [0x000000010f0ec560+0x13fc]
J 3134 C1 com.sun.javafx.sg.prism.NGRegion.renderContent(Lcom/sun/prism/Graphics;)V (115 bytes) @ 0x000000010f0f4b84 [0x000000010f0f36c0+0x14c4]
J 2793 C1 com.sun.javafx.sg.prism.NGNode.doRender(Lcom/sun/prism/Graphics;)V (473 bytes) @ 0x000000010f0105fc [0x000000010f00e800+0x1dfc]
J 2720 C1 com.sun.javafx.sg.prism.NGNode.render(Lcom/sun/prism/Graphics;)V (38 bytes) @ 0x000000010efe60dc [0x000000010efe5e60+0x27c]
J 3128 C1 com.sun.javafx.sg.prism.NGGroup.renderContent(Lcom/sun/prism/Graphics;)V (436 bytes) @ 0x000000010f0ed95c [0x000000010f0ec560+0x13fc]
J 3134 C1 com.sun.javafx.sg.prism.NGRegion.renderContent(Lcom/sun/prism/Graphics;)V (115 bytes) @ 0x000000010f0f4b84 [0x000000010f0f36c0+0x14c4]
J 2793 C1 com.sun.javafx.sg.prism.NGNode.doRender(Lcom/sun/prism/Graphics;)V (473 bytes) @ 0x000000010f0105fc [0x000000010f00e800+0x1dfc]
J 2720 C1 com.sun.javafx.sg.prism.NGNode.render(Lcom/sun/prism/Graphics;)V (38 bytes) @ 0x000000010efe60dc [0x000000010efe5e60+0x27c]
j  com.sun.javafx.tk.quantum.ViewPainter.doPaint(Lcom/sun/prism/Graphics;Lcom/sun/javafx/sg/prism/NodePath;)V+201
j  com.sun.javafx.tk.quantum.ViewPainter.paintImpl(Lcom/sun/prism/Graphics;)V+946
j  com.sun.javafx.tk.quantum.PresentingPainter.run()V+290
j  java.util.concurrent.Executors$RunnableAdapter.call()Ljava/lang/Object;+4
j  java.util.concurrent.FutureTask.runAndReset()Z+47
j  com.sun.javafx.tk.RenderJob.run()V+1
j  java.util.concurrent.ThreadPoolExecutor.runWorker(Ljava/util/concurrent/ThreadPoolExecutor$Worker;)V+95
j  java.util.concurrent.ThreadPoolExecutor$Worker.run()V+5
j  com.sun.javafx.tk.quantum.QuantumRenderer$PipelineRunnable.run()V+8
j  java.lang.Thread.run()V+11
v  ~StubRoutines::call_stub
V  [libjvm.dylib+0x2d4516]  JavaCalls::call_helper(JavaValue*, methodHandle*, JavaCallArguments*, Thread*)+0x6ae
V  [libjvm.dylib+0x2d4ca4]  JavaCalls::call_virtual(JavaValue*, KlassHandle, Symbol*, Symbol*, JavaCallArguments*, Thread*)+0x164
V  [libjvm.dylib+0x2d4e50]  JavaCalls::call_virtual(JavaValue*, Handle, KlassHandle, Symbol*, Symbol*, Thread*)+0x4a
V  [libjvm.dylib+0x32583f]  thread_entry(JavaThread*, Thread*)+0x7c
V  [libjvm.dylib+0x535ed9]  JavaThread::thread_main_inner()+0x9b
V  [libjvm.dylib+0x53761c]  JavaThread::run()+0x1c2
V  [libjvm.dylib+0x45d87e]  java_start(Thread*)+0xf6
C  [libsystem_pthread.dylib+0x32fc]  _pthread_body+0x83
C  [libsystem_pthread.dylib+0x3279]  _pthread_body+0x0
C  [libsystem_pthread.dylib+0x14b1]  thread_start+0xd
C  0x0000000000000000

Java frames: (J=compiled Java code, j=interpreted, Vv=VM code)
j  com.sun.prism.impl.shape.NativePiscesRasterizer.produceStrokeAlphas([F[BIFIIF[FFDDDDDD[I[B)V+0
j  com.sun.prism.impl.shape.NativePiscesRasterizer.getMaskData(Lcom/sun/javafx/geom/Shape;Lcom/sun/prism/BasicStroke;Lcom/sun/javafx/geom/RectBounds;Lcom/sun/javafx/geom/transform/BaseTransform;Z)Lcom/sun/prism/impl/shape/MaskData;+441
J 3849 C1 com.sun.prism.impl.ps.BaseShaderGraphics.renderShape(Lcom/sun/javafx/geom/Shape;Lcom/sun/prism/BasicStroke;FFFF)V (284 bytes) @ 0x000000010f313a04 [0x000000010f3134c0+0x544]
j  com.sun.prism.impl.BaseGraphics.draw(Lcom/sun/javafx/geom/Shape;)V+136
j  com.sun.prism.impl.ps.CachingShapeRepState.drawNoCache(Lcom/sun/prism/Graphics;Lcom/sun/javafx/geom/Shape;)V+2
j  com.sun.prism.impl.ps.CachingShapeRepState.render(Lcom/sun/prism/Graphics;Lcom/sun/javafx/geom/Shape;Lcom/sun/javafx/geom/RectBounds;Lcom/sun/prism/BasicStroke;)V+241
j  com.sun.prism.impl.ps.CachingShapeRep.draw(Lcom/sun/prism/Graphics;Lcom/sun/javafx/geom/Shape;Lcom/sun/javafx/geom/BaseBounds;)V+31
j  com.sun.javafx.sg.prism.NGShape.renderContent2D(Lcom/sun/prism/Graphics;Z)V+112
J 3429 C1 com.sun.javafx.sg.prism.NGShape.renderContent(Lcom/sun/prism/Graphics;)V (386 bytes) @ 0x000000010f1cba9c [0x000000010f1c9280+0x281c]
J 2793 C1 com.sun.javafx.sg.prism.NGNode.doRender(Lcom/sun/prism/Graphics;)V (473 bytes) @ 0x000000010f0105fc [0x000000010f00e800+0x1dfc]
J 2720 C1 com.sun.javafx.sg.prism.NGNode.render(Lcom/sun/prism/Graphics;)V (38 bytes) @ 0x000000010efe60dc [0x000000010efe5e60+0x27c]
J 3128 C1 com.sun.javafx.sg.prism.NGGroup.renderContent(Lcom/sun/prism/Graphics;)V (436 bytes) @ 0x000000010f0ed95c [0x000000010f0ec560+0x13fc]
J 3863 C1 com.sun.javafx.sg.prism.NGNode.renderRectClip(Lcom/sun/prism/Graphics;Lcom/sun/javafx/sg/prism/NGRectangle;)V (122 bytes) @ 0x000000010f32a22c [0x000000010f329160+0x10cc]
J 3260 C1 com.sun.javafx.sg.prism.NGNode.renderClip(Lcom/sun/prism/Graphics;)V (473 bytes) @ 0x000000010f15c7fc [0x000000010f157ea0+0x495c]
J 2793 C1 com.sun.javafx.sg.prism.NGNode.doRender(Lcom/sun/prism/Graphics;)V (473 bytes) @ 0x000000010f0102ac [0x000000010f00e800+0x1aac]
J 2720 C1 com.sun.javafx.sg.prism.NGNode.render(Lcom/sun/prism/Graphics;)V (38 bytes) @ 0x000000010efe60dc [0x000000010efe5e60+0x27c]
J 3128 C1 com.sun.javafx.sg.prism.NGGroup.renderContent(Lcom/sun/prism/Graphics;)V (436 bytes) @ 0x000000010f0ed95c [0x000000010f0ec560+0x13fc]
J 3134 C1 com.sun.javafx.sg.prism.NGRegion.renderContent(Lcom/sun/prism/Graphics;)V (115 bytes) @ 0x000000010f0f4b84 [0x000000010f0f36c0+0x14c4]
J 2793 C1 com.sun.javafx.sg.prism.NGNode.doRender(Lcom/sun/prism/Graphics;)V (473 bytes) @ 0x000000010f0105fc [0x000000010f00e800+0x1dfc]
J 2720 C1 com.sun.javafx.sg.prism.NGNode.render(Lcom/sun/prism/Graphics;)V (38 bytes) @ 0x000000010efe60dc [0x000000010efe5e60+0x27c]
J 3128 C1 com.sun.javafx.sg.prism.NGGroup.renderContent(Lcom/sun/prism/Graphics;)V (436 bytes) @ 0x000000010f0ed95c [0x000000010f0ec560+0x13fc]
J 3134 C1 com.sun.javafx.sg.prism.NGRegion.renderContent(Lcom/sun/prism/Graphics;)V (115 bytes) @ 0x000000010f0f4b84 [0x000000010f0f36c0+0x14c4]
J 2793 C1 com.sun.javafx.sg.prism.NGNode.doRender(Lcom/sun/prism/Graphics;)V (473 bytes) @ 0x000000010f0105fc [0x000000010f00e800+0x1dfc]
J 2720 C1 com.sun.javafx.sg.prism.NGNode.render(Lcom/sun/prism/Graphics;)V (38 bytes) @ 0x000000010efe60dc [0x000000010efe5e60+0x27c]
J 3128 C1 com.sun.javafx.sg.prism.NGGroup.renderContent(Lcom/sun/prism/Graphics;)V (436 bytes) @ 0x000000010f0ed95c [0x000000010f0ec560+0x13fc]
J 3134 C1 com.sun.javafx.sg.prism.NGRegion.renderContent(Lcom/sun/prism/Graphics;)V (115 bytes) @ 0x000000010f0f4b84 [0x000000010f0f36c0+0x14c4]
J 2793 C1 com.sun.javafx.sg.prism.NGNode.doRender(Lcom/sun/prism/Graphics;)V (473 bytes) @ 0x000000010f0105fc [0x000000010f00e800+0x1dfc]
J 2720 C1 com.sun.javafx.sg.prism.NGNode.render(Lcom/sun/prism/Graphics;)V (38 bytes) @ 0x000000010efe60dc [0x000000010efe5e60+0x27c]
J 3128 C1 com.sun.javafx.sg.prism.NGGroup.renderContent(Lcom/sun/prism/Graphics;)V (436 bytes) @ 0x000000010f0ed95c [0x000000010f0ec560+0x13fc]
J 3134 C1 com.sun.javafx.sg.prism.NGRegion.renderContent(Lcom/sun/prism/Graphics;)V (115 bytes) @ 0x000000010f0f4b84 [0x000000010f0f36c0+0x14c4]
J 3863 C1 com.sun.javafx.sg.prism.NGNode.renderRectClip(Lcom/sun/prism/Graphics;Lcom/sun/javafx/sg/prism/NGRectangle;)V (122 bytes) @ 0x000000010f32a22c [0x000000010f329160+0x10cc]
J 3260 C1 com.sun.javafx.sg.prism.NGNode.renderClip(Lcom/sun/prism/Graphics;)V (473 bytes) @ 0x000000010f15c7fc [0x000000010f157ea0+0x495c]
J 2793 C1 com.sun.javafx.sg.prism.NGNode.doRender(Lcom/sun/prism/Graphics;)V (473 bytes) @ 0x000000010f0102ac [0x000000010f00e800+0x1aac]
J 2720 C1 com.sun.javafx.sg.prism.NGNode.render(Lcom/sun/prism/Graphics;)V (38 bytes) @ 0x000000010efe60dc [0x000000010efe5e60+0x27c]
J 3128 C1 com.sun.javafx.sg.prism.NGGroup.renderContent(Lcom/sun/prism/Graphics;)V (436 bytes) @ 0x000000010f0ed95c [0x000000010f0ec560+0x13fc]
J 3134 C1 com.sun.javafx.sg.prism.NGRegion.renderContent(Lcom/sun/prism/Graphics;)V (115 bytes) @ 0x000000010f0f4b84 [0x000000010f0f36c0+0x14c4]
J 2793 C1 com.sun.javafx.sg.prism.NGNode.doRender(Lcom/sun/prism/Graphics;)V (473 bytes) @ 0x000000010f0105fc [0x000000010f00e800+0x1dfc]
J 2720 C1 com.sun.javafx.sg.prism.NGNode.render(Lcom/sun/prism/Graphics;)V (38 bytes) @ 0x000000010efe60dc [0x000000010efe5e60+0x27c]
J 3128 C1 com.sun.javafx.sg.prism.NGGroup.renderContent(Lcom/sun/prism/Graphics;)V (436 bytes) @ 0x000000010f0ed95c [0x000000010f0ec560+0x13fc]
J 3134 C1 com.sun.javafx.sg.prism.NGRegion.renderContent(Lcom/sun/prism/Graphics;)V (115 bytes) @ 0x000000010f0f4b84 [0x000000010f0f36c0+0x14c4]
J 2793 C1 com.sun.javafx.sg.prism.NGNode.doRender(Lcom/sun/prism/Graphics;)V (473 bytes) @ 0x000000010f0105fc [0x000000010f00e800+0x1dfc]
J 2720 C1 com.sun.javafx.sg.prism.NGNode.render(Lcom/sun/prism/Graphics;)V (38 bytes) @ 0x000000010efe60dc [0x000000010efe5e60+0x27c]
J 3128 C1 com.sun.javafx.sg.prism.NGGroup.renderContent(Lcom/sun/prism/Graphics;)V (436 bytes) @ 0x000000010f0ed95c [0x000000010f0ec560+0x13fc]
J 3134 C1 com.sun.javafx.sg.prism.NGRegion.renderContent(Lcom/sun/prism/Graphics;)V (115 bytes) @ 0x000000010f0f4b84 [0x000000010f0f36c0+0x14c4]
J 2793 C1 com.sun.javafx.sg.prism.NGNode.doRender(Lcom/sun/prism/Graphics;)V (473 bytes) @ 0x000000010f0105fc [0x000000010f00e800+0x1dfc]
J 2720 C1 com.sun.javafx.sg.prism.NGNode.render(Lcom/sun/prism/Graphics;)V (38 bytes) @ 0x000000010efe60dc [0x000000010efe5e60+0x27c]
J 3128 C1 com.sun.javafx.sg.prism.NGGroup.renderContent(Lcom/sun/prism/Graphics;)V (436 bytes) @ 0x000000010f0ed95c [0x000000010f0ec560+0x13fc]
J 3134 C1 com.sun.javafx.sg.prism.NGRegion.renderContent(Lcom/sun/prism/Graphics;)V (115 bytes) @ 0x000000010f0f4b84 [0x000000010f0f36c0+0x14c4]
J 2793 C1 com.sun.javafx.sg.prism.NGNode.doRender(Lcom/sun/prism/Graphics;)V (473 bytes) @ 0x000000010f0105fc [0x000000010f00e800+0x1dfc]
J 2720 C1 com.sun.javafx.sg.prism.NGNode.render(Lcom/sun/prism/Graphics;)V (38 bytes) @ 0x000000010efe60dc [0x000000010efe5e60+0x27c]
J 3128 C1 com.sun.javafx.sg.prism.NGGroup.renderContent(Lcom/sun/prism/Graphics;)V (436 bytes) @ 0x000000010f0ed95c [0x000000010f0ec560+0x13fc]
J 3134 C1 com.sun.javafx.sg.prism.NGRegion.renderContent(Lcom/sun/prism/Graphics;)V (115 bytes) @ 0x000000010f0f4b84 [0x000000010f0f36c0+0x14c4]
J 2793 C1 com.sun.javafx.sg.prism.NGNode.doRender(Lcom/sun/prism/Graphics;)V (473 bytes) @ 0x000000010f0105fc [0x000000010f00e800+0x1dfc]
J 2720 C1 com.sun.javafx.sg.prism.NGNode.render(Lcom/sun/prism/Graphics;)V (38 bytes) @ 0x000000010efe60dc [0x000000010efe5e60+0x27c]
j  com.sun.javafx.tk.quantum.ViewPainter.doPaint(Lcom/sun/prism/Graphics;Lcom/sun/javafx/sg/prism/NodePath;)V+201
j  com.sun.javafx.tk.quantum.ViewPainter.paintImpl(Lcom/sun/prism/Graphics;)V+946
j  com.sun.javafx.tk.quantum.PresentingPainter.run()V+290
j  java.util.concurrent.Executors$RunnableAdapter.call()Ljava/lang/Object;+4
j  java.util.concurrent.FutureTask.runAndReset()Z+47
j  com.sun.javafx.tk.RenderJob.run()V+1
j  java.util.concurrent.ThreadPoolExecutor.runWorker(Ljava/util/concurrent/ThreadPoolExecutor$Worker;)V+95
j  java.util.concurrent.ThreadPoolExecutor$Worker.run()V+5
j  com.sun.javafx.tk.quantum.QuantumRenderer$PipelineRunnable.run()V+8
j  java.lang.Thread.run()V+11
v  ~StubRoutines::call_stub

---------------  P R O C E S S  ---------------

Java Threads: ( => current thread )
  0x00007f8f443ef000 JavaThread "Prism Font Disposer" daemon [_thread_blocked, id=54815, stack(0x0000000131821000,0x0000000131921000)]
  0x00007f8f45bbb800 JavaThread "Abandoned connection cleanup thread" daemon [_thread_blocked, id=52995, stack(0x0000000130b3a000,0x0000000130c3a000)]
  0x00007f8f440fd800 JavaThread "JavaFX-Launcher" [_thread_blocked, id=51459, stack(0x000000012fbe3000,0x000000012fce3000)]
  0x00007f8f45937000 JavaThread "Thread-3" daemon [_thread_in_native, id=38923, stack(0x000000012ea09000,0x000000012ea89000)]
  0x00007f8f4591a000 JavaThread "JavaFX Application Thread" [_thread_in_native, id=1811, stack(0x00007fff52eec000,0x00007fff536ec000)]
  0x00007f8f4591b800 JavaThread "Thread-1" daemon [_thread_blocked, id=25631, stack(0x000000012c873000,0x000000012c973000)]
=>0x00007f8f4697f800 JavaThread "QuantumRenderer-0" daemon [_thread_in_native, id=21763, stack(0x000000012c264000,0x000000012c364000)]
  0x00007f8f4487f800 JavaThread "Service Thread" daemon [_thread_blocked, id=20739, stack(0x000000012bfcd000,0x000000012c0cd000)]
  0x00007f8f4401b000 JavaThread "C1 CompilerThread3" daemon [_thread_blocked, id=20227, stack(0x000000012beca000,0x000000012bfca000)]
  0x00007f8f4401a000 JavaThread "C2 CompilerThread2" daemon [_thread_blocked, id=19715, stack(0x000000012bdc7000,0x000000012bec7000)]
  0x00007f8f44856800 JavaThread "C2 CompilerThread1" daemon [_thread_blocked, id=19203, stack(0x000000012bcc4000,0x000000012bdc4000)]
  0x00007f8f44017800 JavaThread "C2 CompilerThread0" daemon [_thread_blocked, id=18691, stack(0x000000012bbc1000,0x000000012bcc1000)]
  0x00007f8f4400a000 JavaThread "Signal Dispatcher" daemon [_thread_blocked, id=14611, stack(0x000000012babe000,0x000000012bbbe000)]
  0x00007f8f45812800 JavaThread "Finalizer" daemon [_thread_blocked, id=13571, stack(0x000000012a185000,0x000000012a285000)]
  0x00007f8f44010000 JavaThread "Reference Handler" daemon [_thread_blocked, id=13059, stack(0x000000012a082000,0x000000012a182000)]
  0x00007f8f45801000 JavaThread "main" [_thread_blocked, id=4867, stack(0x000000010c65c000,0x000000010c75c000)]

Other Threads:
  0x00007f8f44855000 VMThread [stack: 0x0000000129f7f000,0x000000012a07f000] [id=12547]
  0x00007f8f44880800 WatcherThread [stack: 0x000000012c0d0000,0x000000012c1d0000] [id=21251]

VM state:not at safepoint (normal execution)

VM Mutex/Monitor currently owned by a thread: None

Heap:
 PSYoungGen      total 396800K, used 286497K [0x000000076ab00000, 0x0000000799180000, 0x00000007c0000000)
  eden space 148480K, 25% used [0x000000076ab00000,0x000000076d04e768,0x0000000773c00000)
  from space 248320K, 99% used [0x0000000773c00000,0x0000000782e79f18,0x0000000782e80000)
  to   space 289280K, 0% used [0x0000000787700000,0x0000000787700000,0x0000000799180000)
 ParOldGen       total 633856K, used 362736K [0x00000006c0000000, 0x00000006e6b00000, 0x000000076ab00000)
  object space 633856K, 57% used [0x00000006c0000000,0x00000006d623c3e8,0x00000006e6b00000)
 Metaspace       used 25205K, capacity 26848K, committed 27008K, reserved 1073152K
  class space    used 3593K, capacity 3892K, committed 3968K, reserved 1048576K

Card table byte_map: [0x000000011dadc000,0x000000011e2dd000] byte_map_base: 0x000000011a4dc000

Marking Bits: (ParMarkBitMap*) 0x000000010e09d390
 Begin Bits: [0x000000011f04b000, 0x000000012304b000)
 End Bits:   [0x000000012304b000, 0x000000012704b000)

Polling page: 0x000000010c7a0000

CodeCache: size=245760Kb used=16406Kb max_used=16466Kb free=229353Kb
 bounds [0x000000010e71c000, 0x000000010f74c000, 0x000000011d71c000]
 total_blobs=5593 nmethods=4866 adapters=639
 compilation: enabled

Compilation events (10 events):
Event: 48.559 Thread 0x00007f8f4401a000 nmethod 5294 0x000000010ea77c10 code [0x000000010ea77d60, 0x000000010ea77dd8]
Event: 48.559 Thread 0x00007f8f4401a000 5295       4       com.sun.javafx.sg.prism.NGNode::setNodeBlendMode (22 bytes)
Event: 48.559 Thread 0x00007f8f44856800 5298       4       javafx.scene.Node$MiscProperties::isCache (19 bytes)
Event: 48.559 Thread 0x00007f8f4401a000 nmethod 5295 0x000000010eab52d0 code [0x000000010eab5420, 0x000000010eab54b8]
Event: 48.559 Thread 0x00007f8f44856800 nmethod 5298 0x000000010f665f50 code [0x000000010f6660a0, 0x000000010f666118]
Event: 48.559 Thread 0x00007f8f44856800 5299       4       javafx.scene.Node$MiscProperties::getCacheHint (24 bytes)
Event: 48.560 Thread 0x00007f8f44856800 nmethod 5299 0x000000010eb3b590 code [0x000000010eb3b6e0, 0x000000010eb3b778]
Event: 48.560 Thread 0x00007f8f44856800 5300       4       javafx.scene.Node::access$3200 (4 bytes)
Event: 48.560 Thread 0x00007f8f44856800 nmethod 5300 0x000000010f5ad150 code [0x000000010f5ad2a0, 0x000000010f5ad2f8]
Event: 48.560 Thread 0x00007f8f44017800 nmethod 5246 0x000000010f72cc10 code [0x000000010f72ce00, 0x000000010f72d2d0]

GC Heap History (10 events):
Event: 27.536 GC heap before
{Heap before GC invocations=12 (full 2):
 PSYoungGen      total 260096K, used 260093K [0x000000076ab00000, 0x0000000787f80000, 0x00000007c0000000)
  eden space 141312K, 100% used [0x000000076ab00000,0x0000000773500000,0x0000000773500000)
  from space 118784K, 99% used [0x0000000773500000,0x000000077a8ff4d8,0x000000077a900000)
  to   space 147456K, 0% used [0x000000077ef80000,0x000000077ef80000,0x0000000787f80000)
 ParOldGen       total 330752K, used 202250K [0x00000006c0000000, 0x00000006d4300000, 0x000000076ab00000)
  object space 330752K, 61% used [0x00000006c0000000,0x00000006cc582940,0x00000006d4300000)
 Metaspace       used 25074K, capacity 26778K, committed 27008K, reserved 1073152K
  class space    used 3590K, capacity 3891K, committed 3968K, reserved 1048576K
Event: 27.649 GC heap after
Heap after GC invocations=12 (full 2):
 PSYoungGen      total 282624K, used 147430K [0x000000076ab00000, 0x000000078dc80000, 0x00000007c0000000)
  eden space 135168K, 0% used [0x000000076ab00000,0x000000076ab00000,0x0000000772f00000)
  from space 147456K, 99% used [0x000000077ef80000,0x0000000787f79990,0x0000000787f80000)
  to   space 197120K, 0% used [0x0000000772f00000,0x0000000772f00000,0x000000077ef80000)
 ParOldGen       total 330752K, used 273819K [0x00000006c0000000, 0x00000006d4300000, 0x000000076ab00000)
  object space 330752K, 82% used [0x00000006c0000000,0x00000006d0b66c28,0x00000006d4300000)
 Metaspace       used 25074K, capacity 26778K, committed 27008K, reserved 1073152K
  class space    used 3590K, capacity 3891K, committed 3968K, reserved 1048576K
}
Event: 27.649 GC heap before
{Heap before GC invocations=13 (full 3):
 PSYoungGen      total 282624K, used 147430K [0x000000076ab00000, 0x000000078dc80000, 0x00000007c0000000)
  eden space 135168K, 0% used [0x000000076ab00000,0x000000076ab00000,0x0000000772f00000)
  from space 147456K, 99% used [0x000000077ef80000,0x0000000787f79990,0x0000000787f80000)
  to   space 197120K, 0% used [0x0000000772f00000,0x0000000772f00000,0x000000077ef80000)
 ParOldGen       total 330752K, used 273819K [0x00000006c0000000, 0x00000006d4300000, 0x000000076ab00000)
  object space 330752K, 82% used [0x00000006c0000000,0x00000006d0b66c28,0x00000006d4300000)
 Metaspace       used 25074K, capacity 26778K, committed 27008K, reserved 1073152K
  class space    used 3590K, capacity 3891K, committed 3968K, reserved 1048576K
Event: 28.505 GC heap after
Heap after GC invocations=13 (full 3):
 PSYoungGen      total 282624K, used 81141K [0x000000076ab00000, 0x000000078dc80000, 0x00000007c0000000)
  eden space 135168K, 0% used [0x000000076ab00000,0x000000076ab00000,0x0000000772f00000)
  from space 147456K, 55% used [0x000000077ef80000,0x0000000783ebd6f0,0x0000000787f80000)
  to   space 197120K, 0% used [0x0000000772f00000,0x0000000772f00000,0x000000077ef80000)
 ParOldGen       total 633856K, used 330746K [0x00000006c0000000, 0x00000006e6b00000, 0x000000076ab00000)
  object space 633856K, 52% used [0x00000006c0000000,0x00000006d42fe830,0x00000006e6b00000)
 Metaspace       used 25074K, capacity 26778K, committed 27008K, reserved 1073152K
  class space    used 3590K, capacity 3891K, committed 3968K, reserved 1048576K
}
Event: 31.950 GC heap before
{Heap before GC invocations=14 (full 3):
 PSYoungGen      total 282624K, used 216309K [0x000000076ab00000, 0x000000078dc80000, 0x00000007c0000000)
  eden space 135168K, 100% used [0x000000076ab00000,0x0000000772f00000,0x0000000772f00000)
  from space 147456K, 55% used [0x000000077ef80000,0x0000000783ebd6f0,0x0000000787f80000)
  to   space 197120K, 0% used [0x0000000772f00000,0x0000000772f00000,0x000000077ef80000)
 ParOldGen       total 633856K, used 330746K [0x00000006c0000000, 0x00000006e6b00000, 0x000000076ab00000)
  object space 633856K, 52% used [0x00000006c0000000,0x00000006d42fe830,0x00000006e6b00000)
 Metaspace       used 25074K, capacity 26778K, committed 27008K, reserved 1073152K
  class space    used 3591K, capacity 3891K, committed 3968K, reserved 1048576K
Event: 32.058 GC heap after
Heap after GC invocations=14 (full 3):
 PSYoungGen      total 332288K, used 178302K [0x000000076ab00000, 0x0000000790780000, 0x00000007c0000000)
  eden space 135168K, 0% used [0x000000076ab00000,0x000000076ab00000,0x0000000772f00000)
  from space 197120K, 90% used [0x0000000772f00000,0x000000077dd1f850,0x000000077ef80000)
  to   space 222208K, 0% used [0x0000000782e80000,0x0000000782e80000,0x0000000790780000)
 ParOldGen       total 633856K, used 341338K [0x00000006c0000000, 0x00000006e6b00000, 0x000000076ab00000)
  object space 633856K, 53% used [0x00000006c0000000,0x00000006d4d56830,0x00000006e6b00000)
 Metaspace       used 25074K, capacity 26778K, committed 27008K, reserved 1073152K
  class space    used 3591K, capacity 3891K, committed 3968K, reserved 1048576K
}
Event: 34.615 GC heap before
{Heap before GC invocations=15 (full 3):
 PSYoungGen      total 332288K, used 313470K [0x000000076ab00000, 0x0000000790780000, 0x00000007c0000000)
  eden space 135168K, 100% used [0x000000076ab00000,0x0000000772f00000,0x0000000772f00000)
  from space 197120K, 90% used [0x0000000772f00000,0x000000077dd1f850,0x000000077ef80000)
  to   space 222208K, 0% used [0x0000000782e80000,0x0000000782e80000,0x0000000790780000)
 ParOldGen       total 633856K, used 341338K [0x00000006c0000000, 0x00000006e6b00000, 0x000000076ab00000)
  object space 633856K, 53% used [0x00000006c0000000,0x00000006d4d56830,0x00000006e6b00000)
 Metaspace       used 25096K, capacity 26778K, committed 27008K, reserved 1073152K
  class space    used 3592K, capacity 3891K, committed 3968K, reserved 1048576K
Event: 34.722 GC heap after
Heap after GC invocations=15 (full 3):
 PSYoungGen      total 370688K, used 194715K [0x000000076ab00000, 0x0000000793680000, 0x00000007c0000000)
  eden space 148480K, 0% used [0x000000076ab00000,0x000000076ab00000,0x0000000773c00000)
  from space 222208K, 87% used [0x0000000782e80000,0x000000078eca6fb0,0x0000000790780000)
  to   space 248320K, 0% used [0x0000000773c00000,0x0000000773c00000,0x0000000782e80000)
 ParOldGen       total 633856K, used 362456K [0x00000006c0000000, 0x00000006e6b00000, 0x000000076ab00000)
  object space 633856K, 57% used [0x00000006c0000000,0x00000006d61f63e8,0x00000006e6b00000)
 Metaspace       used 25096K, capacity 26778K, committed 27008K, reserved 1073152K
  class space    used 3592K, capacity 3891K, committed 3968K, reserved 1048576K
}
Event: 44.528 GC heap before
{Heap before GC invocations=16 (full 3):
 PSYoungGen      total 370688K, used 343195K [0x000000076ab00000, 0x0000000793680000, 0x00000007c0000000)
  eden space 148480K, 100% used [0x000000076ab00000,0x0000000773c00000,0x0000000773c00000)
  from space 222208K, 87% used [0x0000000782e80000,0x000000078eca6fb0,0x0000000790780000)
  to   space 248320K, 0% used [0x0000000773c00000,0x0000000773c00000,0x0000000782e80000)
 ParOldGen       total 633856K, used 362456K [0x00000006c0000000, 0x00000006e6b00000, 0x000000076ab00000)
  object space 633856K, 57% used [0x00000006c0000000,0x00000006d61f63e8,0x00000006e6b00000)
 Metaspace       used 25134K, capacity 26778K, committed 27008K, reserved 1073152K
  class space    used 3592K, capacity 3891K, committed 3968K, reserved 1048576K
Event: 44.635 GC heap after
Heap after GC invocations=16 (full 3):
 PSYoungGen      total 396800K, used 248295K [0x000000076ab00000, 0x0000000799180000, 0x00000007c0000000)
  eden space 148480K, 0% used [0x000000076ab00000,0x000000076ab00000,0x0000000773c00000)
  from space 248320K, 99% used [0x0000000773c00000,0x0000000782e79f18,0x0000000782e80000)
  to   space 289280K, 0% used [0x0000000787700000,0x0000000787700000,0x0000000799180000)
 ParOldGen       total 633856K, used 362736K [0x00000006c0000000, 0x00000006e6b00000, 0x000000076ab00000)
  object space 633856K, 57% used [0x00000006c0000000,0x00000006d623c3e8,0x00000006e6b00000)
 Metaspace       used 25134K, capacity 26778K, committed 27008K, reserved 1073152K
  class space    used 3592K, capacity 3891K, committed 3968K, reserved 1048576K
}

Deoptimization events (10 events):
Event: 48.447 Thread 0x00007f8f4591a000 Uncommon trap: reason=bimorphic action=maybe_recompile pc=0x000000010f3caca4 method=javafx.scene.Node.getGeomBounds(Lcom/sun/javafx/geom/BaseBounds;Lcom/sun/javafx/geom/transform/BaseTransform;)Lcom/sun/javafx/geom/BaseBounds; @ 1
Event: 48.457 Thread 0x00007f8f4591a000 Uncommon trap: reason=unreached action=reinterpret pc=0x000000010f6ca1cc method=javafx.scene.shape.LineTo.getY()D @ 4
Event: 48.471 Thread 0x00007f8f4591a000 Uncommon trap: reason=array_check action=maybe_recompile pc=0x000000010f6f3060 method=java.util.Arrays$ArrayList.set(ILjava/lang/Object;)Ljava/lang/Object; @ 13
Event: 48.471 Thread 0x00007f8f4591a000 Uncommon trap: reason=array_check action=maybe_recompile pc=0x000000010f6f3060 method=java.util.Arrays$ArrayList.set(ILjava/lang/Object;)Ljava/lang/Object; @ 13
Event: 48.471 Thread 0x00007f8f4591a000 Uncommon trap: reason=array_check action=maybe_recompile pc=0x000000010f6f3060 method=java.util.Arrays$ArrayList.set(ILjava/lang/Object;)Ljava/lang/Object; @ 13
Event: 48.471 Thread 0x00007f8f4591a000 Uncommon trap: reason=array_check action=maybe_recompile pc=0x000000010f6f3060 method=java.util.Arrays$ArrayList.set(ILjava/lang/Object;)Ljava/lang/Object; @ 13
Event: 48.526 Thread 0x00007f8f4591a000 Uncommon trap: reason=class_check action=maybe_recompile pc=0x000000010f730418 method=com.sun.javafx.geom.transform.BaseTransform.getInstance(Lcom/sun/javafx/geom/transform/BaseTransform;)Lcom/sun/javafx/geom/transform/BaseTransform; @ 1
Event: 48.526 Thread 0x00007f8f4591a000 Uncommon trap: reason=class_check action=maybe_recompile pc=0x000000010f730418 method=com.sun.javafx.geom.transform.BaseTransform.getInstance(Lcom/sun/javafx/geom/transform/BaseTransform;)Lcom/sun/javafx/geom/transform/BaseTransform; @ 1
Event: 48.526 Thread 0x00007f8f4591a000 Uncommon trap: reason=class_check action=maybe_recompile pc=0x000000010f730418 method=com.sun.javafx.geom.transform.BaseTransform.getInstance(Lcom/sun/javafx/geom/transform/BaseTransform;)Lcom/sun/javafx/geom/transform/BaseTransform; @ 1
Event: 48.526 Thread 0x00007f8f4591a000 Uncommon trap: reason=class_check action=maybe_recompile pc=0x000000010f730418 method=com.sun.javafx.geom.transform.BaseTransform.getInstance(Lcom/sun/javafx/geom/transform/BaseTransform;)Lcom/sun/javafx/geom/transform/BaseTransform; @ 1

Internal exceptions (10 events):
Event: 20.573 Thread 0x00007f8f4591a000 Exception <a 'java/lang/NoSuchMethodError': java.lang.Object.lambda$maxBy$24(Ljava/util/Comparator;Ljava/lang/Object;Ljava/lang/Object;)Ljava/lang/Object;> (0x000000076d1e9ee0) thrown at [/HUDSON3/workspace/8-2-build-macosx-x86_64/jdk8u25/1514/hotspot/src
Event: 26.241 Thread 0x00007f8f4591a000 Exception <a 'java/lang/NoSuchMethodError': java.lang.Object.lambda$comparing$77a9974f$1(Ljava/util/function/Function;Ljava/lang/Object;Ljava/lang/Object;)I> (0x000000076cf70fb0) thrown at [/HUDSON3/workspace/8-2-build-macosx-x86_64/jdk8u25/1514/hotspot/s
Event: 26.263 Thread 0x00007f8f4591a000 Exception <a 'java/security/PrivilegedActionException'> (0x000000076cfbd868) thrown at [/HUDSON3/workspace/8-2-build-macosx-x86_64/jdk8u25/1514/hotspot/src/share/vm/prims/jvm.cpp, line 1312]
Event: 26.264 Thread 0x00007f8f4591a000 Exception <a 'java/security/PrivilegedActionException'> (0x000000076cfc57a0) thrown at [/HUDSON3/workspace/8-2-build-macosx-x86_64/jdk8u25/1514/hotspot/src/share/vm/prims/jvm.cpp, line 1312]
Event: 26.264 Thread 0x00007f8f4591a000 Exception <a 'java/security/PrivilegedActionException'> (0x000000076cfc88a8) thrown at [/HUDSON3/workspace/8-2-build-macosx-x86_64/jdk8u25/1514/hotspot/src/share/vm/prims/jvm.cpp, line 1312]
Event: 44.527 Thread 0x00007f8f4591a000 Implicit null exception at 0x000000010f61791f to 0x000000010f6179e5
Event: 44.528 Thread 0x00007f8f4591a000 Implicit null exception at 0x000000010f617ed4 to 0x000000010f617fad
Event: 48.407 Thread 0x00007f8f4591a000 Implicit null exception at 0x000000010f6add93 to 0x000000010f6ae573
Event: 48.438 Thread 0x00007f8f4591a000 Implicit null exception at 0x000000010f6c8ec1 to 0x000000010f6c9431
Event: 48.457 Thread 0x00007f8f4591a000 Implicit null exception at 0x000000010f6c9d41 to 0x000000010f6ca1b1

Events (10 events):
Event: 48.559 Thread 0x00007f8f4401a000 flushing nmethod 0x000000010eb3b450
Event: 48.560 Thread 0x00007f8f4401a000 flushing nmethod 0x000000010ebb30d0
Event: 48.560 Thread 0x00007f8f4401a000 flushing nmethod 0x000000010ebba950
Event: 48.560 Thread 0x00007f8f44017800 flushing nmethod 0x000000010ec25810
Event: 48.560 Thread 0x00007f8f44017800 flushing nmethod 0x000000010ec2ae50
Event: 48.560 Thread 0x00007f8f44017800 flushing nmethod 0x000000010ec41890
Event: 48.561 Thread 0x00007f8f44017800 flushing nmethod 0x000000010ec52010
Event: 48.561 Thread 0x00007f8f44017800 flushing nmethod 0x000000010ec86710
Event: 48.561 Thread 0x00007f8f44017800 flushing nmethod 0x000000010ecc3350
Event: 48.561 Thread 0x00007f8f44017800 flushing nmethod 0x000000010ecc3b10


Dynamic libraries:
0x0000000004e65000 	/System/Library/Frameworks/Cocoa.framework/Versions/A/Cocoa
0x0000000004e65000 	/System/Library/Frameworks/Security.framework/Versions/A/Security
0x0000000004e65000 	/System/Library/Frameworks/ApplicationServices.framework/Versions/A/ApplicationServices
0x0000000004e65000 	/usr/lib/libz.1.dylib
0x0000000004e65000 	/usr/lib/libSystem.B.dylib
0x0000000004e65000 	/usr/lib/libobjc.A.dylib
0x0000000004e65000 	/System/Library/Frameworks/CoreFoundation.framework/Versions/A/CoreFoundation
0x0000000004e65000 	/System/Library/Frameworks/Foundation.framework/Versions/C/Foundation
0x0000000004e65000 	/System/Library/Frameworks/AppKit.framework/Versions/C/AppKit
0x0000000004e65000 	/System/Library/Frameworks/CoreData.framework/Versions/A/CoreData
0x0000000004e65000 	/System/Library/PrivateFrameworks/RemoteViewServices.framework/Versions/A/RemoteViewServices
0x0000000004e65000 	/System/Library/PrivateFrameworks/UIFoundation.framework/Versions/A/UIFoundation
0x0000000004e65000 	/System/Library/Frameworks/IOSurface.framework/Versions/A/IOSurface
0x0000000004e65000 	/System/Library/Frameworks/AudioToolbox.framework/Versions/A/AudioToolbox
0x0000000004e65000 	/System/Library/Frameworks/AudioUnit.framework/Versions/A/AudioUnit
0x0000000004e65000 	/System/Library/PrivateFrameworks/DataDetectorsCore.framework/Versions/A/DataDetectorsCore
0x0000000004e65000 	/System/Library/PrivateFrameworks/DesktopServicesPriv.framework/Versions/A/DesktopServicesPriv
0x0000000004e65000 	/System/Library/Frameworks/Carbon.framework/Versions/A/Frameworks/HIToolbox.framework/Versions/A/HIToolbox
0x0000000004e65000 	/System/Library/Frameworks/QuartzCore.framework/Versions/A/QuartzCore
0x0000000004e65000 	/System/Library/Frameworks/Carbon.framework/Versions/A/Frameworks/SpeechRecognition.framework/Versions/A/SpeechRecognition
0x0000000004e65000 	/usr/lib/libauto.dylib
0x0000000004e65000 	/usr/lib/libicucore.A.dylib
0x0000000004e65000 	/usr/lib/libxml2.2.dylib
0x0000000004e65000 	/System/Library/PrivateFrameworks/CoreUI.framework/Versions/A/CoreUI
0x0000000004e65000 	/System/Library/Frameworks/CoreAudio.framework/Versions/A/CoreAudio
0x0000000004e65000 	/System/Library/Frameworks/DiskArbitration.framework/Versions/A/DiskArbitration
0x0000000004e65000 	/usr/lib/liblangid.dylib
0x0000000004e65000 	/System/Library/PrivateFrameworks/MultitouchSupport.framework/Versions/A/MultitouchSupport
0x0000000004e65000 	/System/Library/Frameworks/IOKit.framework/Versions/A/IOKit
0x0000000004e65000 	/usr/lib/libDiagnosticMessagesClient.dylib
0x0000000004e65000 	/System/Library/Frameworks/CoreServices.framework/Versions/A/CoreServices
0x0000000004e65000 	/System/Library/PrivateFrameworks/PerformanceAnalysis.framework/Versions/A/PerformanceAnalysis
0x0000000004e65000 	/System/Library/PrivateFrameworks/GenerationalStorage.framework/Versions/A/GenerationalStorage
0x0000000004e65000 	/System/Library/Frameworks/OpenGL.framework/Versions/A/OpenGL
0x0000000004e65000 	/System/Library/PrivateFrameworks/Sharing.framework/Versions/A/Sharing
0x0000000004e65000 	/System/Library/Frameworks/CoreGraphics.framework/Versions/A/CoreGraphics
0x0000000004e65000 	/System/Library/Frameworks/CoreText.framework/Versions/A/CoreText
0x0000000004e65000 	/System/Library/Frameworks/ImageIO.framework/Versions/A/ImageIO
0x0000000004e65000 	/usr/lib/libextension.dylib
0x0000000004e65000 	/System/Library/PrivateFrameworks/Backup.framework/Versions/A/Backup
0x0000000004e65000 	/usr/lib/libarchive.2.dylib
0x0000000004e65000 	/System/Library/Frameworks/CFNetwork.framework/Versions/A/CFNetwork
0x0000000004e65000 	/System/Library/Frameworks/SystemConfiguration.framework/Versions/A/SystemConfiguration
0x0000000004e65000 	/usr/lib/libCRFSuite.dylib
0x0000000004e65000 	/usr/lib/libc++.1.dylib
0x0000000004e65000 	/usr/lib/libc++abi.dylib
0x0000000004e65000 	/usr/lib/system/libcache.dylib
0x0000000004e65000 	/usr/lib/system/libcommonCrypto.dylib
0x0000000004e65000 	/usr/lib/system/libcompiler_rt.dylib
0x0000000004e65000 	/usr/lib/system/libcopyfile.dylib
0x0000000004e65000 	/usr/lib/system/libcorecrypto.dylib
0x0000000004e65000 	/usr/lib/system/libdispatch.dylib
0x0000000004e65000 	/usr/lib/system/libdyld.dylib
0x0000000004e65000 	/usr/lib/system/libkeymgr.dylib
0x0000000004e65000 	/usr/lib/system/liblaunch.dylib
0x0000000004e65000 	/usr/lib/system/libmacho.dylib
0x0000000004e65000 	/usr/lib/system/libquarantine.dylib
0x0000000004e65000 	/usr/lib/system/libremovefile.dylib
0x0000000004e65000 	/usr/lib/system/libsystem_asl.dylib
0x0000000004e65000 	/usr/lib/system/libsystem_blocks.dylib
0x0000000004e65000 	/usr/lib/system/libsystem_c.dylib
0x0000000004e65000 	/usr/lib/system/libsystem_configuration.dylib
0x0000000004e65000 	/usr/lib/system/libsystem_coreservices.dylib
0x0000000004e65000 	/usr/lib/system/libsystem_coretls.dylib
0x0000000004e65000 	/usr/lib/system/libsystem_dnssd.dylib
0x0000000004e65000 	/usr/lib/system/libsystem_info.dylib
0x0000000004e65000 	/usr/lib/system/libsystem_kernel.dylib
0x0000000004e65000 	/usr/lib/system/libsystem_m.dylib
0x0000000004e65000 	/usr/lib/system/libsystem_malloc.dylib
0x0000000004e65000 	/usr/lib/system/libsystem_network.dylib
0x0000000004e65000 	/usr/lib/system/libsystem_networkextension.dylib
0x0000000004e65000 	/usr/lib/system/libsystem_notify.dylib
0x0000000004e65000 	/usr/lib/system/libsystem_platform.dylib
0x0000000004e65000 	/usr/lib/system/libsystem_pthread.dylib
0x0000000004e65000 	/usr/lib/system/libsystem_sandbox.dylib
0x0000000004e65000 	/usr/lib/system/libsystem_secinit.dylib
0x0000000004e65000 	/usr/lib/system/libsystem_stats.dylib
0x0000000004e65000 	/usr/lib/system/libsystem_trace.dylib
0x0000000004e65000 	/usr/lib/system/libunc.dylib
0x0000000004e65000 	/usr/lib/system/libunwind.dylib
0x0000000004e65000 	/usr/lib/system/libxpc.dylib
0x0000000004e65000 	/usr/lib/libbz2.1.0.dylib
0x0000000004e65000 	/usr/lib/liblzma.5.dylib
0x0000000004e65000 	/usr/lib/libbsm.0.dylib
0x0000000004e65000 	/usr/lib/libsqlite3.dylib
0x0000000004e65000 	/usr/lib/system/libkxld.dylib
0x0000000004e65000 	/usr/lib/libxar.1.dylib
0x0000000004e65000 	/usr/lib/libpam.2.dylib
0x0000000004e65000 	/usr/lib/libOpenScriptingUtil.dylib
0x0000000004e65000 	/System/Library/Frameworks/CoreServices.framework/Versions/A/Frameworks/FSEvents.framework/Versions/A/FSEvents
0x0000000004e65000 	/System/Library/Frameworks/CoreServices.framework/Versions/A/Frameworks/CarbonCore.framework/Versions/A/CarbonCore
0x0000000004e65000 	/System/Library/Frameworks/CoreServices.framework/Versions/A/Frameworks/Metadata.framework/Versions/A/Metadata
0x0000000004e65000 	/System/Library/Frameworks/CoreServices.framework/Versions/A/Frameworks/OSServices.framework/Versions/A/OSServices
0x0000000004e65000 	/System/Library/Frameworks/CoreServices.framework/Versions/A/Frameworks/SearchKit.framework/Versions/A/SearchKit
0x0000000004e65000 	/System/Library/Frameworks/CoreServices.framework/Versions/A/Frameworks/AE.framework/Versions/A/AE
0x0000000004e65000 	/System/Library/Frameworks/CoreServices.framework/Versions/A/Frameworks/LaunchServices.framework/Versions/A/LaunchServices
0x0000000004e65000 	/System/Library/Frameworks/CoreServices.framework/Versions/A/Frameworks/DictionaryServices.framework/Versions/A/DictionaryServices
0x0000000004e65000 	/System/Library/Frameworks/NetFS.framework/Versions/A/NetFS
0x0000000004e65000 	/System/Library/PrivateFrameworks/NetAuth.framework/Versions/A/NetAuth
0x0000000004e65000 	/System/Library/PrivateFrameworks/login.framework/Versions/A/Frameworks/loginsupport.framework/Versions/A/loginsupport
0x0000000004e65000 	/System/Library/PrivateFrameworks/TCC.framework/Versions/A/TCC
0x0000000004e65000 	/usr/lib/libmecabra.dylib
0x0000000004e65000 	/System/Library/PrivateFrameworks/LanguageModeling.framework/Versions/A/LanguageModeling
0x0000000004e65000 	/usr/lib/libcmph.dylib
0x0000000004e65000 	/usr/lib/libiconv.2.dylib
0x0000000004e65000 	/System/Library/Frameworks/OpenDirectory.framework/Versions/A/Frameworks/CFOpenDirectory.framework/Versions/A/CFOpenDirectory
0x0000000004e65000 	/System/Library/Frameworks/ServiceManagement.framework/Versions/A/ServiceManagement
0x0000000004e65000 	/usr/lib/libxslt.1.dylib
0x0000000004e65000 	/System/Library/Frameworks/Carbon.framework/Versions/A/Frameworks/Ink.framework/Versions/A/Ink
0x0000000004e65000 	/System/Library/Frameworks/ApplicationServices.framework/Versions/A/Frameworks/ATS.framework/Versions/A/ATS
0x0000000004e65000 	/System/Library/Frameworks/ApplicationServices.framework/Versions/A/Frameworks/ColorSync.framework/Versions/A/ColorSync
0x0000000004e65000 	/System/Library/Frameworks/ApplicationServices.framework/Versions/A/Frameworks/HIServices.framework/Versions/A/HIServices
0x0000000004e65000 	/System/Library/Frameworks/ApplicationServices.framework/Versions/A/Frameworks/LangAnalysis.framework/Versions/A/LangAnalysis
0x0000000004e65000 	/System/Library/Frameworks/ApplicationServices.framework/Versions/A/Frameworks/PrintCore.framework/Versions/A/PrintCore
0x0000000004e65000 	/System/Library/Frameworks/ApplicationServices.framework/Versions/A/Frameworks/QD.framework/Versions/A/QD
0x0000000004e65000 	/System/Library/Frameworks/ApplicationServices.framework/Versions/A/Frameworks/SpeechSynthesis.framework/Versions/A/SpeechSynthesis
0x0000000004e65000 	/System/Library/Frameworks/Accelerate.framework/Versions/A/Accelerate
0x0000000004e65000 	/System/Library/Frameworks/Accelerate.framework/Versions/A/Frameworks/vImage.framework/Versions/A/vImage
0x0000000004e65000 	/System/Library/Frameworks/Accelerate.framework/Versions/A/Frameworks/vecLib.framework/Versions/A/vecLib
0x0000000004e65000 	/System/Library/Frameworks/Accelerate.framework/Versions/A/Frameworks/vecLib.framework/Versions/A/libvDSP.dylib
0x0000000004e65000 	/System/Library/Frameworks/Accelerate.framework/Versions/A/Frameworks/vecLib.framework/Versions/A/libvMisc.dylib
0x0000000004e65000 	/System/Library/Frameworks/Accelerate.framework/Versions/A/Frameworks/vecLib.framework/Versions/A/libLAPACK.dylib
0x0000000004e65000 	/System/Library/Frameworks/Accelerate.framework/Versions/A/Frameworks/vecLib.framework/Versions/A/libBLAS.dylib
0x0000000004e65000 	/System/Library/Frameworks/Accelerate.framework/Versions/A/Frameworks/vecLib.framework/Versions/A/libLinearAlgebra.dylib
0x0000000004e65000 	/System/Library/Frameworks/ApplicationServices.framework/Versions/A/Frameworks/ATS.framework/Versions/A/Resources/libFontParser.dylib
0x0000000004e65000 	/System/Library/Frameworks/ApplicationServices.framework/Versions/A/Frameworks/ATS.framework/Versions/A/Resources/libFontRegistry.dylib
0x0000000004e65000 	/System/Library/PrivateFrameworks/AppleVPA.framework/Versions/A/AppleVPA
0x0000000004e65000 	/System/Library/PrivateFrameworks/AppleJPEG.framework/Versions/A/AppleJPEG
0x0000000004e65000 	/System/Library/Frameworks/ImageIO.framework/Versions/A/Resources/libJPEG.dylib
0x0000000004e65000 	/System/Library/Frameworks/ImageIO.framework/Versions/A/Resources/libTIFF.dylib
0x0000000004e65000 	/System/Library/Frameworks/ImageIO.framework/Versions/A/Resources/libPng.dylib
0x0000000004e65000 	/System/Library/Frameworks/ImageIO.framework/Versions/A/Resources/libGIF.dylib
0x0000000004e65000 	/System/Library/Frameworks/ImageIO.framework/Versions/A/Resources/libJP2.dylib
0x0000000004e65000 	/System/Library/Frameworks/ImageIO.framework/Versions/A/Resources/libRadiance.dylib
0x0000000004e65000 	/System/Library/Frameworks/CoreVideo.framework/Versions/A/CoreVideo
0x0000000004e65000 	/System/Library/Frameworks/OpenGL.framework/Versions/A/Libraries/libGLU.dylib
0x0000000004e65000 	/System/Library/Frameworks/OpenGL.framework/Versions/A/Libraries/libGFXShared.dylib
0x0000000004e65000 	/System/Library/Frameworks/OpenGL.framework/Versions/A/Libraries/libGL.dylib
0x0000000004e65000 	/System/Library/Frameworks/OpenGL.framework/Versions/A/Libraries/libGLImage.dylib
0x0000000004e65000 	/System/Library/Frameworks/OpenGL.framework/Versions/A/Libraries/libCVMSPluginSupport.dylib
0x0000000004e65000 	/System/Library/Frameworks/OpenGL.framework/Versions/A/Libraries/libCoreVMClient.dylib
0x0000000004e65000 	/usr/lib/libcups.2.dylib
0x0000000004e65000 	/System/Library/Frameworks/Kerberos.framework/Versions/A/Kerberos
0x0000000004e65000 	/System/Library/Frameworks/GSS.framework/Versions/A/GSS
0x0000000004e65000 	/usr/lib/libresolv.9.dylib
0x0000000004e65000 	/System/Library/PrivateFrameworks/Heimdal.framework/Versions/A/Heimdal
0x0000000004e65000 	/usr/lib/libheimdal-asn1.dylib
0x0000000004e65000 	/System/Library/Frameworks/OpenDirectory.framework/Versions/A/OpenDirectory
0x0000000004e65000 	/System/Library/PrivateFrameworks/CommonAuth.framework/Versions/A/CommonAuth
0x0000000004e65000 	/System/Library/Frameworks/SecurityFoundation.framework/Versions/A/SecurityFoundation
0x0000000004e65000 	/System/Library/Frameworks/QuartzCore.framework/Versions/A/Frameworks/CoreImage.framework/Versions/A/CoreImage
0x0000000004e65000 	/System/Library/PrivateFrameworks/CrashReporterSupport.framework/Versions/A/CrashReporterSupport
0x0000000004e65000 	/System/Library/Frameworks/OpenCL.framework/Versions/A/OpenCL
0x0000000004e65000 	/System/Library/PrivateFrameworks/FaceCore.framework/Versions/A/FaceCore
0x0000000004e65000 	/System/Library/PrivateFrameworks/Ubiquity.framework/Versions/A/Ubiquity
0x0000000004e65000 	/System/Library/PrivateFrameworks/IconServices.framework/Versions/A/IconServices
0x0000000004e65000 	/System/Library/PrivateFrameworks/ChunkingLibrary.framework/Versions/A/ChunkingLibrary
0x0000000004e65000 	/System/Library/PrivateFrameworks/Apple80211.framework/Versions/A/Apple80211
0x0000000004e65000 	/System/Library/Frameworks/CoreWLAN.framework/Versions/A/CoreWLAN
0x0000000004e65000 	/System/Library/Frameworks/IOBluetooth.framework/Versions/A/IOBluetooth
0x0000000004e65000 	/System/Library/PrivateFrameworks/CoreWiFi.framework/Versions/A/CoreWiFi
0x0000000004e65000 	/System/Library/Frameworks/CoreBluetooth.framework/Versions/A/CoreBluetooth
0x0000000004e65000 	/System/Library/PrivateFrameworks/DebugSymbols.framework/Versions/A/DebugSymbols
0x0000000004e65000 	/System/Library/PrivateFrameworks/CoreSymbolication.framework/Versions/A/CoreSymbolication
0x0000000004e65000 	/System/Library/PrivateFrameworks/Symbolication.framework/Versions/A/Symbolication
0x0000000004e65000 	/System/Library/PrivateFrameworks/SpeechRecognitionCore.framework/Versions/A/SpeechRecognitionCore
0x000000010d800000 	/Library/Java/JavaVirtualMachines/jdk1.8.0_25.jdk/Contents/Home/jre/lib/server/libjvm.dylib
0x0000000004e65000 	/usr/lib/libstdc++.6.dylib
0x000000010c75e000 	/Library/Java/JavaVirtualMachines/jdk1.8.0_25.jdk/Contents/Home/jre/lib/libverify.dylib
0x000000010c76c000 	/Library/Java/JavaVirtualMachines/jdk1.8.0_25.jdk/Contents/Home/jre/lib/libjava.dylib
0x000000010c7aa000 	/Library/Java/JavaVirtualMachines/jdk1.8.0_25.jdk/Contents/Home/jre/lib/libzip.dylib
0x000000012a287000 	/System/Library/Frameworks/JavaVM.framework/Frameworks/JavaRuntimeSupport.framework/JavaRuntimeSupport
0x000000012a29d000 	/System/Library/Frameworks/JavaVM.framework/Versions/A/Frameworks/JavaNativeFoundation.framework/Versions/A/JavaNativeFoundation
0x000000010c7f3000 	/System/Library/Frameworks/JavaVM.framework/Versions/A/JavaVM
0x0000000004e65000 	/System/Library/Frameworks/Carbon.framework/Versions/A/Carbon
0x000000012a2b1000 	/System/Library/PrivateFrameworks/JavaLaunching.framework/Versions/A/JavaLaunching
0x0000000004e65000 	/System/Library/Frameworks/Carbon.framework/Versions/A/Frameworks/CommonPanels.framework/Versions/A/CommonPanels
0x0000000004e65000 	/System/Library/Frameworks/Carbon.framework/Versions/A/Frameworks/Help.framework/Versions/A/Help
0x0000000004e65000 	/System/Library/Frameworks/Carbon.framework/Versions/A/Frameworks/ImageCapture.framework/Versions/A/ImageCapture
0x0000000004e65000 	/System/Library/Frameworks/Carbon.framework/Versions/A/Frameworks/OpenScripting.framework/Versions/A/OpenScripting
0x0000000004e65000 	/System/Library/Frameworks/Carbon.framework/Versions/A/Frameworks/Print.framework/Versions/A/Print
0x0000000004e65000 	/System/Library/Frameworks/Carbon.framework/Versions/A/Frameworks/SecurityHI.framework/Versions/A/SecurityHI
0x000000012c366000 	/Library/Java/JavaVirtualMachines/jdk1.8.0_25.jdk/Contents/Home/jre/lib/libprism_es2.dylib
0x0000000004e65000 	/System/Library/Frameworks/OpenGL.framework/Versions/A/Resources/GLEngine.bundle/GLEngine
0x0000000004e65000 	/System/Library/Frameworks/OpenGL.framework/Versions/A/Libraries/libGLProgrammability.dylib
0x0000000000000000 	/System/Library/Extensions/AppleIntelHD5000GraphicsGLDriver.bundle/Contents/MacOS/AppleIntelHD5000GraphicsGLDriver
0x0000000004e65000 	/System/Library/PrivateFrameworks/IOAccelerator.framework/Versions/A/IOAccelerator
0x0000000004e65000 	/System/Library/PrivateFrameworks/GPUSupport.framework/Versions/A/Libraries/libGPUSupportMercury.dylib
0x0000000004e65000 	/System/Library/Frameworks/OpenGL.framework/Versions/A/Resources/GLRendererFloat.bundle/GLRendererFloat
0x0000000004e65000 	/System/Library/Frameworks/OpenCL.framework/Versions/A/Libraries/libcldcpuengine.dylib
0x0000000004e65000 	/System/Library/PrivateFrameworks/DiskImages.framework/Versions/A/DiskImages
0x0000000004e65000 	/System/Library/Frameworks/DiscRecording.framework/Versions/A/DiscRecording
0x0000000004e65000 	/usr/lib/libcsfde.dylib
0x0000000004e65000 	/usr/lib/libcurl.4.dylib
0x0000000004e65000 	/System/Library/PrivateFrameworks/MediaKit.framework/Versions/A/MediaKit
0x0000000004e65000 	/System/Library/PrivateFrameworks/ProtectedCloudStorage.framework/Versions/A/ProtectedCloudStorage
0x0000000004e65000 	/usr/lib/libCoreStorage.dylib
0x0000000004e65000 	/System/Library/PrivateFrameworks/EFILogin.framework/Versions/A/EFILogin
0x0000000004e65000 	/usr/lib/libutil.dylib
0x0000000004e65000 	/System/Library/PrivateFrameworks/FindMyDevice.framework/Versions/A/FindMyDevice
0x0000000004e65000 	/System/Library/Frameworks/LDAP.framework/Versions/A/LDAP
0x0000000004e65000 	/usr/lib/libsasl2.2.dylib
0x0000000004e65000 	/System/Library/PrivateFrameworks/CoreDaemon.framework/Versions/B/CoreDaemon
0x0000000004e65000 	/usr/lib/libcrypto.0.9.8.dylib
0x0000000004e65000 	/System/Library/PrivateFrameworks/AppleSRP.framework/Versions/A/AppleSRP
0x0000000004e65000 	/System/Library/PrivateFrameworks/TrustEvaluationAgent.framework/Versions/A/TrustEvaluationAgent
0x000000012c812000 	/Library/Java/JavaVirtualMachines/jdk1.8.0_25.jdk/Contents/Home/jre/lib/libglass.dylib
0x0000000004e65000 	/System/Library/PrivateFrameworks/CoreServicesInternal.framework/Versions/A/CoreServicesInternal
0x0000000004e65000 	/System/Library/PrivateFrameworks/CloudDocs.framework/Versions/A/CloudDocs
0x0000000004e65000 	/System/Library/PrivateFrameworks/CoreDuet.framework/Versions/A/CoreDuet
0x0000000004e65000 	/System/Library/Frameworks/CloudKit.framework/Versions/A/CloudKit
0x0000000004e65000 	/System/Library/PrivateFrameworks/ProtocolBuffer.framework/Versions/A/ProtocolBuffer
0x0000000004e65000 	/System/Library/PrivateFrameworks/CoreDuetDaemonProtocol.framework/Versions/A/CoreDuetDaemonProtocol
0x0000000004e65000 	/System/Library/PrivateFrameworks/CoreDuetDebugLogging.framework/Versions/A/CoreDuetDebugLogging
0x0000000004e65000 	/System/Library/Frameworks/CoreLocation.framework/Versions/A/CoreLocation
0x0000000004e65000 	/System/Library/Frameworks/Accounts.framework/Versions/A/Accounts
0x0000000004e65000 	/System/Library/PrivateFrameworks/ApplePushService.framework/Versions/A/ApplePushService
0x0000000004e65000 	/System/Library/PrivateFrameworks/GeoServices.framework/Versions/A/GeoServices
0x0000000004e65000 	/System/Library/PrivateFrameworks/OAuth.framework/Versions/A/OAuth
0x0000000004e65000 	/System/Library/Frameworks/CoreGraphics.framework/Versions/A/Resources/libCGCMS.A.dylib
0x0000000004e65000 	/System/Library/CoreServices/RawCamera.bundle/Contents/MacOS/RawCamera
0x0000000004e65000 	/System/Library/Frameworks/CoreGraphics.framework/Versions/A/Resources/libRIP.A.dylib
0x0000000004e65000 	/System/Library/PrivateFrameworks/FamilyControls.framework/Versions/A/FamilyControls
0x0000000004e65000 	/System/Library/PrivateFrameworks/CommerceKit.framework/Versions/A/Frameworks/CommerceCore.framework/Versions/A/CommerceCore
0x0000000004e65000 	/System/Library/PrivateFrameworks/SystemAdministration.framework/Versions/A/SystemAdministration
0x0000000004e65000 	/System/Library/PrivateFrameworks/AppContainer.framework/Versions/A/AppContainer
0x0000000004e65000 	/System/Library/PrivateFrameworks/SecCodeWrapper.framework/Versions/A/SecCodeWrapper
0x0000000004e65000 	/System/Library/Frameworks/DirectoryService.framework/Versions/A/DirectoryService
0x0000000004e65000 	/System/Library/PrivateFrameworks/LoginUIKit.framework/Versions/A/Frameworks/LoginUICore.framework/Versions/A/LoginUICore
0x0000000004e65000 	/usr/lib/libodfde.dylib
0x000000012ffcc000 	/Library/Java/JavaVirtualMachines/jdk1.8.0_25.jdk/Contents/Home/jre/lib/libjavafx_font.dylib
0x0000000004e65000 	/System/Library/Frameworks/CoreGraphics.framework/Versions/A/Resources/libCGXType.A.dylib
0x000000012fd68000 	/Library/Java/JavaVirtualMachines/jdk1.8.0_25.jdk/Contents/Home/jre/lib/libnet.dylib
0x00000001302e8000 	cl_kernels
0x0000000130f29000 	/System/Library/Frameworks/OpenCL.framework/Versions/A/Libraries/ImageFormats/unorm8_bgra.dylib
0x00000001302ec000 	cl_kernels
0x0000000130819000 	/Library/Java/JavaVirtualMachines/jdk1.8.0_25.jdk/Contents/Home/jre/lib/libprism_common.dylib

VM Arguments:
jvm_args: -Dfile.encoding=UTF-8 
java_command: /Users/Eskil/NetBeansProjects/Einblick_App/dist/run1445274694/Einblick_App.jar
java_class_path (initial): /Users/Eskil/NetBeansProjects/Einblick_App/dist/run1445274694/Einblick_App.jar
Launcher Type: SUN_STANDARD

Environment Variables:
PATH=/usr/bin:/bin:/usr/sbin:/sbin
LD_LIBRARY_PATH=/Library/Java/JavaVirtualMachines/jdk1.8.0_25.jdk/Contents/Home/jre/lib/amd64:/Library/Java/JavaVirtualMachines/jdk1.8.0_25.jdk/Contents/Home/jre/lib/i386:
SHELL=/bin/bash
DYLD_LIBRARY_PATH=/Applications/NetBeans/NetBeans 8.0.1.app/Contents/Resources/NetBeans/webcommon/bin:

Signal Handlers:
SIGSEGV: [libjvm.dylib+0x579dc7], sa_mask[0]=11111111011111110111111111111111, sa_flags=SA_ONSTACK|SA_RESTART|SA_SIGINFO
SIGBUS: [libjvm.dylib+0x579dc7], sa_mask[0]=11111111011111110111111111111111, sa_flags=SA_RESTART|SA_SIGINFO
SIGFPE: [libjvm.dylib+0x45b030], sa_mask[0]=11111111011111110111111111111111, sa_flags=SA_RESTART|SA_SIGINFO
SIGPIPE: [libjvm.dylib+0x45b030], sa_mask[0]=11111111011111110111111111111111, sa_flags=SA_RESTART|SA_SIGINFO
SIGXFSZ: [libjvm.dylib+0x45b030], sa_mask[0]=11111111011111110111111111111111, sa_flags=SA_RESTART|SA_SIGINFO
SIGILL: [libjvm.dylib+0x45b030], sa_mask[0]=11111111011111110111111111111111, sa_flags=SA_RESTART|SA_SIGINFO
SIGUSR1: SIG_DFL, sa_mask[0]=00000000000000000000000000000000, sa_flags=none
SIGUSR2: [libjvm.dylib+0x45ab4e], sa_mask[0]=00100000000000000000000000000000, sa_flags=SA_RESTART|SA_SIGINFO
SIGHUP: [libjvm.dylib+0x459121], sa_mask[0]=11111111011111110111111111111111, sa_flags=SA_RESTART|SA_SIGINFO
SIGINT: SIG_IGN, sa_mask[0]=00000000000000000000000000000000, sa_flags=none
SIGTERM: [libjvm.dylib+0x459121], sa_mask[0]=11111111011111110111111111111111, sa_flags=SA_RESTART|SA_SIGINFO
SIGQUIT: [libjvm.dylib+0x459121], sa_mask[0]=11111111011111110111111111111111, sa_flags=SA_RESTART|SA_SIGINFO


---------------  S Y S T E M  ---------------

OS:Bsduname:Darwin 14.0.0 Darwin Kernel Version 14.0.0: Fri Sep 19 00:26:44 PDT 2014; root:xnu-2782.1.97~2/RELEASE_X86_64 x86_64
rlimit: STACK 8192k, CORE 0k, NPROC 709, NOFILE 10240, AS infinity
load average:2.33 2.12 2.00

CPU:total 8 (4 cores per cpu, 2 threads per core) family 6 model 70 stepping 1, cmov, cx8, fxsr, mmx, sse, sse2, sse3, ssse3, sse4.1, sse4.2, popcnt, avx, avx2, aes, clmul, erms, lzcnt, ht, tsc, tscinvbit, bmi1, bmi2

Memory: 4k page, physical 16777216k(1439004k free)

/proc/meminfo:


vm_info: Java HotSpot(TM) 64-Bit Server VM (25.25-b02) for bsd-amd64 JRE (1.8.0_25-b17), built on Sep 17 2014 16:56:50 by "java_re" with gcc 4.2.1 (Based on Apple Inc. build 5658) (LLVM build 2336.11.00)

time: Thu Nov  6 15:59:35 2014
elapsed time: 48 seconds (0d 0h 0m 48s)

