#
# A fatal error has been detected by the Java Runtime Environment:
#
#  SIGSEGV (0xb) at pc=0x00000001205743fd, pid=16173, tid=1811
#
# JRE version: Java(TM) SE Runtime Environment (8.0_25-b17) (build 1.8.0_25-b17)
# Java VM: Java HotSpot(TM) 64-Bit Server VM (25.25-b02 mixed mode bsd-amd64 compressed oops)
# Problematic frame:
# C  [libglass.dylib+0x163fd]  GlassScreenDidChangeScreenParameters+0x9d
#
# Failed to write core dump. Core dumps have been disabled. To enable core dumping, try "ulimit -c unlimited" before starting Java again
#
# If you would like to submit a bug report, please visit:
#   http://bugreport.sun.com/bugreport/crash.jsp
#

---------------  T H R E A D  ---------------

Current thread is native thread

siginfo: si_signo: 11 (SIGSEGV), si_code: 1 (SEGV_MAPERR), si_addr: 0x0000000000000000

Registers:
RAX=0x00000001205a6e40, RBX=0x0000000000000000, RCX=0x51008540cb1c9460, RDX=0x00007ff10af43660
RSP=0x00007fff5f99cde0, RBP=0x00007fff5f99cdf0, RSI=0x00007ff10860c268, RDI=0x0000000000000000
R8 =0x00007fff5f99cc90, R9 =0x00007fff732d1300, R10=0x0000000000000000, R11=0x0000000000000246
R12=0x00007ff10852a420, R13=0x00000000000f4268, R14=0x00007ff108449730, R15=0x00007fff5f99cf30
RIP=0x00000001205743fd, EFLAGS=0x0000000000010206, ERR=0x0000000000000004
  TRAPNO=0x000000000000000e

Top of Stack: (sp=0x00007fff5f99cde0)
0x00007fff5f99cde0:   00007fff5f99cfc0 00007ff108449730
0x00007fff5f99cdf0:   00007fff5f99ce00 00007fff85b62cbc
0x00007fff5f99ce00:   00007fff5f99d160 00007fff85a541b4
0x00007fff5f99ce10:   00007ff112557e00 0000000000000000
0x00007fff5f99ce20:   00007fff5f99ce98 00007ff10eefc080
0x00007fff5f99ce30:   0000000000001000 00000000000012a8
0x00007fff5f99ce40:   0000000000000004 00007ff108449730
0x00007fff5f99ce50:   0000000000000000 00007fff5f99cf30
0x00007fff5f99ce60:   0000000000000000 00007ff1084496f0
0x00007fff5f99ce70:   00007fff5f99cfb0 00000000000000c7
0x00007fff5f99ce80:   00000000000f4888 00007ff10ee60440
0x00007fff5f99ce90:   00007ff10862faa0 00007ff10852a420
0x00007fff5f99cea0:   0000000000000001 00000000000f4268
0x00007fff5f99ceb0:   00007ff10852a410 00007fff8ae0eacb
0x00007fff5f99cec0:   0000000000000001 0000000000000001
0x00007fff5f99ced0:   0000000000000030 0000000000000001
0x00007fff5f99cee0:   00007fff5f99cf00 00007fff8ae14231
0x00007fff5f99cef0:   00007fff7351cdd0 0000000000000000
0x00007fff5f99cf00:   00007fff5f99cf20 0000000000000000
0x00007fff5f99cf10:   0032c20300000000 00007ff10852a444
0x00007fff5f99cf20:   0000000000000000 00007fff85a49c8f
0x00007fff5f99cf30:   00007ff108449730 00007fff7351cdd0
0x00007fff5f99cf40:   00007fff5f99cfc0 00007fff85a527bf
0x00007fff5f99cf50:   00007fff5f99cfcc 00007fff5f99cfd0
0x00007fff5f99cf60:   000000010027da00 0000000000000002
0x00007fff5f99cf70:   000000010027a000 00007ff108626c02
0x00007fff5f99cf80:   0000000000000003 000000010027da00
0x00007fff5f99cf90:   00007fff5f99d080 00007fff8ae0d2a2
0x00007fff5f99cfa0:   00007ff10873c320 00007fff5f99d168
0x00007fff5f99cfb0:   0000000000000017 0000000000000000
0x00007fff5f99cfc0:   00000000000f4268 00007fff85a49f83
0x00007fff5f99cfd0:   00007fff00000000 00007ff10842c0c0 

Instructions: (pc=0x00000001205743fd)
0x00000001205743dd:   89 df 4c 89 f1 41 ff 90 68 04 00 00 48 8d 05 58
0x00000001205743ed:   29 03 00 48 8b 30 48 8d 05 46 2a 03 00 48 8b 10
0x00000001205743fd:   48 8b 0b 30 c0 48 89 df ff 91 68 04 00 00 48 8b
0x000000012057440d:   03 48 89 df ff 50 78 48 85 c0 74 36 49 89 c6 48 

Register to memory mapping:

RAX=0x00000001205a6e40: jScreenNotifySettingsChanged+0 in /Library/Java/JavaVirtualMachines/jdk1.8.0_25.jdk/Contents/Home/jre/lib/libglass.dylib at 0x000000012055e000
RBX=0x0000000000000000 is an unknown value
RCX=0x51008540cb1c9460 is an unknown value
RDX=0x00007ff10af43660 is an unknown value
RSP=0x00007fff5f99cde0 is an unknown value
RBP=0x00007fff5f99cdf0 is an unknown value
RSI=0x00007ff10860c268 is a global jni handle
RDI=0x0000000000000000 is an unknown value
R8 =0x00007fff5f99cc90 is an unknown value
R9 =0x00007fff732d1300: _thread+0 in /usr/lib/system/libsystem_pthread.dylib at 0x00007fff8511e000
R10=0x0000000000000000 is an unknown value
R11=0x0000000000000246 is an unknown value
R12=0x00007ff10852a420 is an unknown value
R13=0x00000000000f4268 is an unknown value
R14=0x00007ff108449730 is an unknown value
R15=0x00007fff5f99cf30 is an unknown value


Stack: [0x00007fff5f1a0000,0x00007fff5f9a0000],  sp=0x00007fff5f99cde0,  free space=8179k
Native frames: (J=compiled Java code, j=interpreted, Vv=VM code, C=native code)
C  [libglass.dylib+0x163fd]  GlassScreenDidChangeScreenParameters+0x9d
C  [CoreFoundation+0x11ecbc]  __CFNOTIFICATIONCENTER_IS_CALLING_OUT_TO_AN_OBSERVER__+0xc
C  [CoreFoundation+0x101b4]  _CFXNotificationPost+0xc44
C  [Foundation+0x2ea1]  -[NSNotificationCenter postNotificationName:object:userInfo:]+0x42
C  [AppKit+0x362dee]  -[NSApplication _reactToScreenInvalidationImmediately:]+0x17b
C  [AppKit+0x362c2d]  __44-[NSApplication _reactToScreenInvalidation:]_block_invoke+0x4b
C  [CoreFoundation+0x8054c]  __CFRUNLOOP_IS_CALLING_OUT_TO_A_BLOCK__+0xc
C  [CoreFoundation+0x72655]  __CFRunLoopDoBlocks+0x155
C  [CoreFoundation+0x72196]  __CFRunLoopRun+0x716
C  [CoreFoundation+0x71838]  CFRunLoopRunSpecific+0x128
C  [java+0x56cc]  CreateExecutionEnvironment+0x367
C  [java+0x165c]  JLI_Launch+0x7a0
C  [java+0x768a]  main+0x65
C  [java+0xeb4]  start+0x34


---------------  P R O C E S S  ---------------

VM state:at safepoint (normal execution)

VM Mutex/Monitor currently owned by a thread:  ([mutex/lock_event])
[0x00007ff108702cf0] Threads_lock - owner thread: 0x00007ff10a011800
[0x00007ff1087031f0] Heap_lock - owner thread: 0x00007ff11291a800

Heap:
 PSYoungGen      total 1232896K, used 101006K [0x000000076ab00000, 0x00000007c0000000, 0x00000007c0000000)
  eden space 1083392K, 5% used [0x000000076ab00000,0x000000076e60e998,0x00000007acd00000)
  from space 149504K, 27% used [0x00000007b6680000,0x00000007b8e150a0,0x00000007bf880000)
  to   space 157184K, 0% used [0x00000007acd00000,0x00000007acd00000,0x00000007b6680000)
 ParOldGen       total 721920K, used 507803K [0x00000006c0000000, 0x00000006ec100000, 0x000000076ab00000)
  object space 721920K, 70% used [0x00000006c0000000,0x00000006defe6ea0,0x00000006ec100000)
 Metaspace       used 28788K, capacity 30336K, committed 30592K, reserved 1075200K
  class space    used 3894K, capacity 4160K, committed 4224K, reserved 1048576K

Card table byte_map: [0x00000001117df000,0x0000000111fe0000] byte_map_base: 0x000000010e1df000

Marking Bits: (ParMarkBitMap*) 0x0000000101c9d390
 Begin Bits: [0x0000000112d4e000, 0x0000000116d4e000)
 End Bits:   [0x0000000116d4e000, 0x000000011ad4e000)

Polling page: 0x00000001003e9000

CodeCache: size=245760Kb used=20165Kb max_used=20478Kb free=225594Kb
 bounds [0x000000010241f000, 0x000000010384f000, 0x000000011141f000]
 total_blobs=6808 nmethods=6033 adapters=686
 compilation: enabled

Compilation events (10 events):
Event: 231.874 Thread 0x00007ff10905a000 nmethod 7261 0x0000000103434490 code [0x00000001034345e0, 0x00000001034346f0]
Event: 231.984 Thread 0x00007ff109036800 7262       4       java.util.ArrayList::remove (69 bytes)
Event: 231.984 Thread 0x00007ff10905a000 7263   !   3       java.util.ArrayList$Itr::remove (68 bytes)
Event: 231.984 Thread 0x00007ff10905a000 nmethod 7263 0x0000000103045610 code [0x00000001030457c0, 0x0000000103045d78]
Event: 231.986 Thread 0x00007ff109036800 nmethod 7262 0x0000000102588e90 code [0x0000000102588fe0, 0x0000000102589198]
Event: 232.020 Thread 0x00007ff109035800 7264   !   4       java.lang.ref.ReferenceQueue::enqueue (119 bytes)
Event: 232.020 Thread 0x00007ff10905a000 7265       3       java.lang.invoke.InnerClassLambdaMetafactory::<init> (262 bytes)
Event: 232.023 Thread 0x00007ff10905a000 nmethod 7265 0x0000000102eff450 code [0x0000000102eff8a0, 0x0000000102f02708]
Event: 232.023 Thread 0x00007ff10905a000 7266       3       java.lang.invoke.AbstractValidatingLambdaMetafactory::validateMetafactoryArgs (864 bytes)
Event: 232.023 Thread 0x00007ff109035800 nmethod 7264 0x0000000102eeea50 code [0x0000000102eeebc0, 0x0000000102eef088]

GC Heap History (10 events):
Event: 202.903 GC heap before
{Heap before GC invocations=50 (full 4):
 PSYoungGen      total 1216512K, used 1160532K [0x000000076ab00000, 0x00000007bf880000, 0x00000007c0000000)
  eden space 1045504K, 100% used [0x000000076ab00000,0x00000007aa800000,0x00000007aa800000)
  from space 171008K, 67% used [0x00000007aa800000,0x00000007b18550a0,0x00000007b4f00000)
  to   space 166912K, 0% used [0x00000007b5580000,0x00000007b5580000,0x00000007bf880000)
 ParOldGen       total 721920K, used 479291K [0x00000006c0000000, 0x00000006ec100000, 0x000000076ab00000)
  object space 721920K, 66% used [0x00000006c0000000,0x00000006dd40eea0,0x00000006ec100000)
 Metaspace       used 28546K, capacity 30046K, committed 30336K, reserved 1075200K
  class space    used 3886K, capacity 4153K, committed 4224K, reserved 1048576K
Event: 202.988 GC heap after
Heap after GC invocations=50 (full 4):
 PSYoungGen      total 1222144K, used 113332K [0x000000076ab00000, 0x00000007bf400000, 0x00000007c0000000)
  eden space 1059840K, 0% used [0x000000076ab00000,0x000000076ab00000,0x00000007ab600000)
  from space 162304K, 69% used [0x00000007b5580000,0x00000007bc42d0a0,0x00000007bf400000)
  to   space 162816K, 0% used [0x00000007ab600000,0x00000007ab600000,0x00000007b5500000)
 ParOldGen       total 721920K, used 486795K [0x00000006c0000000, 0x00000006ec100000, 0x000000076ab00000)
  object space 721920K, 67% used [0x00000006c0000000,0x00000006ddb62ea0,0x00000006ec100000)
 Metaspace       used 28546K, capacity 30046K, committed 30336K, reserved 1075200K
  class space    used 3886K, capacity 4153K, committed 4224K, reserved 1048576K
}
Event: 206.906 GC heap before
{Heap before GC invocations=51 (full 4):
 PSYoungGen      total 1222144K, used 1173172K [0x000000076ab00000, 0x00000007bf400000, 0x00000007c0000000)
  eden space 1059840K, 100% used [0x000000076ab00000,0x00000007ab600000,0x00000007ab600000)
  from space 162304K, 69% used [0x00000007b5580000,0x00000007bc42d0a0,0x00000007bf400000)
  to   space 162816K, 0% used [0x00000007ab600000,0x00000007ab600000,0x00000007b5500000)
 ParOldGen       total 721920K, used 486795K [0x00000006c0000000, 0x00000006ec100000, 0x000000076ab00000)
  object space 721920K, 67% used [0x00000006c0000000,0x00000006ddb62ea0,0x00000006ec100000)
 Metaspace       used 28546K, capacity 30046K, committed 30336K, reserved 1075200K
  class space    used 3886K, capacity 4153K, committed 4224K, reserved 1048576K
Event: 206.981 GC heap after
Heap after GC invocations=51 (full 4):
 PSYoungGen      total 1222656K, used 111956K [0x000000076ab00000, 0x00000007bf780000, 0x00000007c0000000)
  eden space 1059840K, 0% used [0x000000076ab00000,0x000000076ab00000,0x00000007ab600000)
  from space 162816K, 68% used [0x00000007ab600000,0x00000007b23550a0,0x00000007b5500000)
  to   space 158208K, 0% used [0x00000007b5d00000,0x00000007b5d00000,0x00000007bf780000)
 ParOldGen       total 721920K, used 494011K [0x00000006c0000000, 0x00000006ec100000, 0x000000076ab00000)
  object space 721920K, 68% used [0x00000006c0000000,0x00000006de26eea0,0x00000006ec100000)
 Metaspace       used 28546K, capacity 30046K, committed 30336K, reserved 1075200K
  class space    used 3886K, capacity 4153K, committed 4224K, reserved 1048576K
}
Event: 210.391 GC heap before
{Heap before GC invocations=52 (full 4):
 PSYoungGen      total 1222656K, used 1171796K [0x000000076ab00000, 0x00000007bf780000, 0x00000007c0000000)
  eden space 1059840K, 100% used [0x000000076ab00000,0x00000007ab600000,0x00000007ab600000)
  from space 162816K, 68% used [0x00000007ab600000,0x00000007b23550a0,0x00000007b5500000)
  to   space 158208K, 0% used [0x00000007b5d00000,0x00000007b5d00000,0x00000007bf780000)
 ParOldGen       total 721920K, used 494011K [0x00000006c0000000, 0x00000006ec100000, 0x000000076ab00000)
  object space 721920K, 68% used [0x00000006c0000000,0x00000006de26eea0,0x00000006ec100000)
 Metaspace       used 28546K, capacity 30046K, committed 30336K, reserved 1075200K
  class space    used 3886K, capacity 4153K, committed 4224K, reserved 1048576K
Event: 210.468 GC heap after
Heap after GC invocations=52 (full 4):
 PSYoungGen      total 1229824K, used 110740K [0x000000076ab00000, 0x00000007bf280000, 0x00000007c0000000)
  eden space 1076736K, 0% used [0x000000076ab00000,0x000000076ab00000,0x00000007ac680000)
  from space 153088K, 72% used [0x00000007b5d00000,0x00000007bc9250a0,0x00000007bf280000)
  to   space 153600K, 0% used [0x00000007ac680000,0x00000007ac680000,0x00000007b5c80000)
 ParOldGen       total 721920K, used 500971K [0x00000006c0000000, 0x00000006ec100000, 0x000000076ab00000)
  object space 721920K, 69% used [0x00000006c0000000,0x00000006de93aea0,0x00000006ec100000)
 Metaspace       used 28546K, capacity 30046K, committed 30336K, reserved 1075200K
  class space    used 3886K, capacity 4153K, committed 4224K, reserved 1048576K
}
Event: 214.111 GC heap before
{Heap before GC invocations=53 (full 4):
 PSYoungGen      total 1229824K, used 1187476K [0x000000076ab00000, 0x00000007bf280000, 0x00000007c0000000)
  eden space 1076736K, 100% used [0x000000076ab00000,0x00000007ac680000,0x00000007ac680000)
  from space 153088K, 72% used [0x00000007b5d00000,0x00000007bc9250a0,0x00000007bf280000)
  to   space 153600K, 0% used [0x00000007ac680000,0x00000007ac680000,0x00000007b5c80000)
 ParOldGen       total 721920K, used 500971K [0x00000006c0000000, 0x00000006ec100000, 0x000000076ab00000)
  object space 721920K, 69% used [0x00000006c0000000,0x00000006de93aea0,0x00000006ec100000)
 Metaspace       used 28546K, capacity 30046K, committed 30336K, reserved 1075200K
  class space    used 3886K, capacity 4153K, committed 4224K, reserved 1048576K
Event: 214.180 GC heap after
Heap after GC invocations=53 (full 4):
 PSYoungGen      total 1230336K, used 109492K [0x000000076ab00000, 0x00000007bf880000, 0x00000007c0000000)
  eden space 1076736K, 0% used [0x000000076ab00000,0x000000076ab00000,0x00000007ac680000)
  from space 153600K, 71% used [0x00000007ac680000,0x00000007b316d0a0,0x00000007b5c80000)
  to   space 149504K, 0% used [0x00000007b6680000,0x00000007b6680000,0x00000007bf880000)
 ParOldGen       total 721920K, used 507731K [0x00000006c0000000, 0x00000006ec100000, 0x000000076ab00000)
  object space 721920K, 70% used [0x00000006c0000000,0x00000006defd4ea0,0x00000006ec100000)
 Metaspace       used 28546K, capacity 30046K, committed 30336K, reserved 1075200K
  class space    used 3886K, capacity 4153K, committed 4224K, reserved 1048576K
}
Event: 231.989 GC heap before
{Heap before GC invocations=54 (full 4):
 PSYoungGen      total 1230336K, used 1186228K [0x000000076ab00000, 0x00000007bf880000, 0x00000007c0000000)
  eden space 1076736K, 100% used [0x000000076ab00000,0x00000007ac680000,0x00000007ac680000)
  from space 153600K, 71% used [0x00000007ac680000,0x00000007b316d0a0,0x00000007b5c80000)
  to   space 149504K, 0% used [0x00000007b6680000,0x00000007b6680000,0x00000007bf880000)
 ParOldGen       total 721920K, used 507731K [0x00000006c0000000, 0x00000006ec100000, 0x000000076ab00000)
  object space 721920K, 70% used [0x00000006c0000000,0x00000006defd4ea0,0x00000006ec100000)
 Metaspace       used 28766K, capacity 30314K, committed 30592K, reserved 1075200K
  class space    used 3890K, capacity 4155K, committed 4224K, reserved 1048576K
Event: 232.019 GC heap after
Heap after GC invocations=54 (full 4):
 PSYoungGen      total 1232896K, used 40532K [0x000000076ab00000, 0x00000007c0000000, 0x00000007c0000000)
  eden space 1083392K, 0% used [0x000000076ab00000,0x000000076ab00000,0x00000007acd00000)
  from space 149504K, 27% used [0x00000007b6680000,0x00000007b8e150a0,0x00000007bf880000)
  to   space 157184K, 0% used [0x00000007acd00000,0x00000007acd00000,0x00000007b6680000)
 ParOldGen       total 721920K, used 507803K [0x00000006c0000000, 0x00000006ec100000, 0x000000076ab00000)
  object space 721920K, 70% used [0x00000006c0000000,0x00000006defe6ea0,0x00000006ec100000)
 Metaspace       used 28766K, capacity 30314K, committed 30592K, reserved 1075200K
  class space    used 3890K, capacity 4155K, committed 4224K, reserved 1048576K
}

Deoptimization events (10 events):
Event: 217.828 Thread 0x00007ff1098ac800 Uncommon trap: reason=bimorphic action=maybe_recompile pc=0x0000000102969b20 method=javafx.scene.Node.updateLocalToParentTransform()V @ 11
Event: 217.828 Thread 0x00007ff1098ac800 Uncommon trap: reason=bimorphic action=maybe_recompile pc=0x0000000102969b20 method=javafx.scene.Node.updateLocalToParentTransform()V @ 11
Event: 217.828 Thread 0x00007ff1098ac800 Uncommon trap: reason=bimorphic action=maybe_recompile pc=0x0000000102969b20 method=javafx.scene.Node.updateLocalToParentTransform()V @ 11
Event: 217.938 Thread 0x00007ff1098ac800 Uncommon trap: reason=class_check action=maybe_recompile pc=0x0000000102c07e58 method=javafx.scene.Node.getGeomBounds(Lcom/sun/javafx/geom/BaseBounds;Lcom/sun/javafx/geom/transform/BaseTransform;)Lcom/sun/javafx/geom/BaseBounds; @ 28
Event: 217.939 Thread 0x00007ff1098ac800 Uncommon trap: reason=class_check action=maybe_recompile pc=0x0000000102c07e58 method=javafx.scene.Node.getGeomBounds(Lcom/sun/javafx/geom/BaseBounds;Lcom/sun/javafx/geom/transform/BaseTransform;)Lcom/sun/javafx/geom/BaseBounds; @ 28
Event: 217.939 Thread 0x00007ff1098ac800 Uncommon trap: reason=class_check action=maybe_recompile pc=0x0000000102c07e58 method=javafx.scene.Node.getGeomBounds(Lcom/sun/javafx/geom/BaseBounds;Lcom/sun/javafx/geom/transform/BaseTransform;)Lcom/sun/javafx/geom/BaseBounds; @ 28
Event: 217.939 Thread 0x00007ff1098ac800 Uncommon trap: reason=class_check action=maybe_recompile pc=0x0000000102c07e58 method=javafx.scene.Node.getGeomBounds(Lcom/sun/javafx/geom/BaseBounds;Lcom/sun/javafx/geom/transform/BaseTransform;)Lcom/sun/javafx/geom/BaseBounds; @ 28
Event: 217.939 Thread 0x00007ff1098ac800 Uncommon trap: reason=class_check action=maybe_recompile pc=0x0000000102997cfc method=javafx.scene.Node.getGeomBounds(Lcom/sun/javafx/geom/BaseBounds;Lcom/sun/javafx/geom/transform/BaseTransform;)Lcom/sun/javafx/geom/BaseBounds; @ 28
Event: 218.091 Thread 0x00007ff1098ac800 Uncommon trap: reason=unloaded action=reinterpret pc=0x00000001025b1904 method=java.util.Collections.unmodifiableList(Ljava/util/List;)Ljava/util/List; @ 18
Event: 218.730 Thread 0x00007ff1098ac800 Uncommon trap: reason=bimorphic action=maybe_recompile pc=0x000000010274f8c4 method=javafx.scene.Node.localToParent(Lcom/sun/javafx/geom/Vec3d;)V @ 10

Internal exceptions (10 events):
Event: 67.664 Thread 0x00007ff1098ac800 Exception <a 'java/lang/NoSuchMethodError': java.lang.Object.lambda$comparing$77a9974f$1(Ljava/util/function/Function;Ljava/lang/Object;Ljava/lang/Object;)I> (0x000000076bb27e50) thrown at [/HUDSON3/workspace/8-2-build-macosx-x86_64/jdk8u25/1514/hotspot/s
Event: 67.666 Thread 0x00007ff1098ac800 Exception <a 'java/security/PrivilegedActionException'> (0x000000076bb3f868) thrown at [/HUDSON3/workspace/8-2-build-macosx-x86_64/jdk8u25/1514/hotspot/src/share/vm/prims/jvm.cpp, line 1312]
Event: 67.667 Thread 0x00007ff1098ac800 Exception <a 'java/security/PrivilegedActionException'> (0x000000076bb427b0) thrown at [/HUDSON3/workspace/8-2-build-macosx-x86_64/jdk8u25/1514/hotspot/src/share/vm/prims/jvm.cpp, line 1312]
Event: 67.670 Thread 0x00007ff1098ac800 Exception <a 'java/security/PrivilegedActionException'> (0x000000076bb81148) thrown at [/HUDSON3/workspace/8-2-build-macosx-x86_64/jdk8u25/1514/hotspot/src/share/vm/prims/jvm.cpp, line 1312]
Event: 81.789 Thread 0x00007ff1098ac800 Implicit null exception at 0x0000000102d5f6ff to 0x0000000102d5f86b
Event: 84.807 Thread 0x00007ff1098ac800 Exception <a 'java/security/PrivilegedActionException'> (0x000000076c7051f0) thrown at [/HUDSON3/workspace/8-2-build-macosx-x86_64/jdk8u25/1514/hotspot/src/share/vm/prims/jvm.cpp, line 1312]
Event: 84.808 Thread 0x00007ff1098ac800 Exception <a 'java/security/PrivilegedActionException'> (0x000000076c7190d8) thrown at [/HUDSON3/workspace/8-2-build-macosx-x86_64/jdk8u25/1514/hotspot/src/share/vm/prims/jvm.cpp, line 1312]
Event: 84.808 Thread 0x00007ff1098ac800 Exception <a 'java/security/PrivilegedActionException'> (0x000000076c71bfa8) thrown at [/HUDSON3/workspace/8-2-build-macosx-x86_64/jdk8u25/1514/hotspot/src/share/vm/prims/jvm.cpp, line 1312]
Event: 84.809 Thread 0x00007ff1098ac800 Exception <a 'java/security/PrivilegedActionException'> (0x000000076c723230) thrown at [/HUDSON3/workspace/8-2-build-macosx-x86_64/jdk8u25/1514/hotspot/src/share/vm/prims/jvm.cpp, line 1312]
Event: 84.837 Thread 0x00007ff1098ac800 Implicit null exception at 0x0000000102daad36 to 0x0000000102daafed

Events (10 events):
Event: 232.028 Thread 0x00007ff10a000000 Thread exited: 0x00007ff10a000000
Event: 232.028 Thread 0x00007ff1098ac800 Thread exited: 0x00007ff1098ac800
Event: 232.028 Thread 0x00007ff11291a800 Thread added: 0x00007ff11291a800
Event: 232.028 loading class java/util/IdentityHashMap$KeyIterator
Event: 232.028 loading class java/util/IdentityHashMap$IdentityHashMapIterator
Event: 232.028 loading class java/util/IdentityHashMap$IdentityHashMapIterator done
Event: 232.028 loading class java/util/IdentityHashMap$KeyIterator done
Event: 232.028 Thread 0x00007ff1122fa000 Thread added: 0x00007ff1122fa000
Event: 232.028 Thread 0x00007ff1122fa000 Thread exited: 0x00007ff1122fa000
Event: 232.028 Thread 0x00007ff11291a800 Thread exited: 0x00007ff11291a800


Dynamic libraries:
0x0000000002ef3000 	/System/Library/Frameworks/Cocoa.framework/Versions/A/Cocoa
0x0000000002ef3000 	/System/Library/Frameworks/Security.framework/Versions/A/Security
0x0000000002ef3000 	/System/Library/Frameworks/ApplicationServices.framework/Versions/A/ApplicationServices
0x0000000002ef3000 	/usr/lib/libz.1.dylib
0x0000000002ef3000 	/usr/lib/libSystem.B.dylib
0x0000000002ef3000 	/usr/lib/libobjc.A.dylib
0x0000000002ef3000 	/System/Library/Frameworks/CoreFoundation.framework/Versions/A/CoreFoundation
0x0000000002ef3000 	/System/Library/Frameworks/Foundation.framework/Versions/C/Foundation
0x0000000002ef3000 	/System/Library/Frameworks/AppKit.framework/Versions/C/AppKit
0x0000000002ef3000 	/System/Library/Frameworks/CoreData.framework/Versions/A/CoreData
0x0000000002ef3000 	/System/Library/PrivateFrameworks/RemoteViewServices.framework/Versions/A/RemoteViewServices
0x0000000002ef3000 	/System/Library/PrivateFrameworks/UIFoundation.framework/Versions/A/UIFoundation
0x0000000002ef3000 	/System/Library/Frameworks/IOSurface.framework/Versions/A/IOSurface
0x0000000002ef3000 	/System/Library/Frameworks/AudioToolbox.framework/Versions/A/AudioToolbox
0x0000000002ef3000 	/System/Library/Frameworks/AudioUnit.framework/Versions/A/AudioUnit
0x0000000002ef3000 	/System/Library/PrivateFrameworks/DataDetectorsCore.framework/Versions/A/DataDetectorsCore
0x0000000002ef3000 	/System/Library/PrivateFrameworks/DesktopServicesPriv.framework/Versions/A/DesktopServicesPriv
0x0000000002ef3000 	/System/Library/Frameworks/Carbon.framework/Versions/A/Frameworks/HIToolbox.framework/Versions/A/HIToolbox
0x0000000002ef3000 	/System/Library/Frameworks/QuartzCore.framework/Versions/A/QuartzCore
0x0000000002ef3000 	/System/Library/Frameworks/Carbon.framework/Versions/A/Frameworks/SpeechRecognition.framework/Versions/A/SpeechRecognition
0x0000000002ef3000 	/usr/lib/libauto.dylib
0x0000000002ef3000 	/usr/lib/libicucore.A.dylib
0x0000000002ef3000 	/usr/lib/libxml2.2.dylib
0x0000000002ef3000 	/System/Library/PrivateFrameworks/CoreUI.framework/Versions/A/CoreUI
0x0000000002ef3000 	/System/Library/Frameworks/CoreAudio.framework/Versions/A/CoreAudio
0x0000000002ef3000 	/System/Library/Frameworks/DiskArbitration.framework/Versions/A/DiskArbitration
0x0000000002ef3000 	/usr/lib/liblangid.dylib
0x0000000002ef3000 	/System/Library/PrivateFrameworks/MultitouchSupport.framework/Versions/A/MultitouchSupport
0x0000000002ef3000 	/System/Library/Frameworks/IOKit.framework/Versions/A/IOKit
0x0000000002ef3000 	/usr/lib/libDiagnosticMessagesClient.dylib
0x0000000002ef3000 	/System/Library/Frameworks/CoreServices.framework/Versions/A/CoreServices
0x0000000002ef3000 	/System/Library/PrivateFrameworks/PerformanceAnalysis.framework/Versions/A/PerformanceAnalysis
0x0000000002ef3000 	/System/Library/PrivateFrameworks/GenerationalStorage.framework/Versions/A/GenerationalStorage
0x0000000002ef3000 	/System/Library/Frameworks/OpenGL.framework/Versions/A/OpenGL
0x0000000002ef3000 	/System/Library/PrivateFrameworks/Sharing.framework/Versions/A/Sharing
0x0000000002ef3000 	/System/Library/Frameworks/CoreGraphics.framework/Versions/A/CoreGraphics
0x0000000002ef3000 	/System/Library/Frameworks/CoreText.framework/Versions/A/CoreText
0x0000000002ef3000 	/System/Library/Frameworks/ImageIO.framework/Versions/A/ImageIO
0x0000000002ef3000 	/usr/lib/libextension.dylib
0x0000000002ef3000 	/System/Library/PrivateFrameworks/Backup.framework/Versions/A/Backup
0x0000000002ef3000 	/usr/lib/libarchive.2.dylib
0x0000000002ef3000 	/System/Library/Frameworks/CFNetwork.framework/Versions/A/CFNetwork
0x0000000002ef3000 	/System/Library/Frameworks/SystemConfiguration.framework/Versions/A/SystemConfiguration
0x0000000002ef3000 	/usr/lib/libCRFSuite.dylib
0x0000000002ef3000 	/usr/lib/libc++.1.dylib
0x0000000002ef3000 	/usr/lib/libc++abi.dylib
0x0000000002ef3000 	/usr/lib/system/libcache.dylib
0x0000000002ef3000 	/usr/lib/system/libcommonCrypto.dylib
0x0000000002ef3000 	/usr/lib/system/libcompiler_rt.dylib
0x0000000002ef3000 	/usr/lib/system/libcopyfile.dylib
0x0000000002ef3000 	/usr/lib/system/libcorecrypto.dylib
0x0000000002ef3000 	/usr/lib/system/libdispatch.dylib
0x0000000002ef3000 	/usr/lib/system/libdyld.dylib
0x0000000002ef3000 	/usr/lib/system/libkeymgr.dylib
0x0000000002ef3000 	/usr/lib/system/liblaunch.dylib
0x0000000002ef3000 	/usr/lib/system/libmacho.dylib
0x0000000002ef3000 	/usr/lib/system/libquarantine.dylib
0x0000000002ef3000 	/usr/lib/system/libremovefile.dylib
0x0000000002ef3000 	/usr/lib/system/libsystem_asl.dylib
0x0000000002ef3000 	/usr/lib/system/libsystem_blocks.dylib
0x0000000002ef3000 	/usr/lib/system/libsystem_c.dylib
0x0000000002ef3000 	/usr/lib/system/libsystem_configuration.dylib
0x0000000002ef3000 	/usr/lib/system/libsystem_coreservices.dylib
0x0000000002ef3000 	/usr/lib/system/libsystem_coretls.dylib
0x0000000002ef3000 	/usr/lib/system/libsystem_dnssd.dylib
0x0000000002ef3000 	/usr/lib/system/libsystem_info.dylib
0x0000000002ef3000 	/usr/lib/system/libsystem_kernel.dylib
0x0000000002ef3000 	/usr/lib/system/libsystem_m.dylib
0x0000000002ef3000 	/usr/lib/system/libsystem_malloc.dylib
0x0000000002ef3000 	/usr/lib/system/libsystem_network.dylib
0x0000000002ef3000 	/usr/lib/system/libsystem_networkextension.dylib
0x0000000002ef3000 	/usr/lib/system/libsystem_notify.dylib
0x0000000002ef3000 	/usr/lib/system/libsystem_platform.dylib
0x0000000002ef3000 	/usr/lib/system/libsystem_pthread.dylib
0x0000000002ef3000 	/usr/lib/system/libsystem_sandbox.dylib
0x0000000002ef3000 	/usr/lib/system/libsystem_secinit.dylib
0x0000000002ef3000 	/usr/lib/system/libsystem_stats.dylib
0x0000000002ef3000 	/usr/lib/system/libsystem_trace.dylib
0x0000000002ef3000 	/usr/lib/system/libunc.dylib
0x0000000002ef3000 	/usr/lib/system/libunwind.dylib
0x0000000002ef3000 	/usr/lib/system/libxpc.dylib
0x0000000002ef3000 	/usr/lib/libbz2.1.0.dylib
0x0000000002ef3000 	/usr/lib/liblzma.5.dylib
0x0000000002ef3000 	/usr/lib/libbsm.0.dylib
0x0000000002ef3000 	/usr/lib/libsqlite3.dylib
0x0000000002ef3000 	/usr/lib/system/libkxld.dylib
0x0000000002ef3000 	/usr/lib/libxar.1.dylib
0x0000000002ef3000 	/usr/lib/libpam.2.dylib
0x0000000002ef3000 	/usr/lib/libOpenScriptingUtil.dylib
0x0000000002ef3000 	/System/Library/Frameworks/CoreServices.framework/Versions/A/Frameworks/FSEvents.framework/Versions/A/FSEvents
0x0000000002ef3000 	/System/Library/Frameworks/CoreServices.framework/Versions/A/Frameworks/CarbonCore.framework/Versions/A/CarbonCore
0x0000000002ef3000 	/System/Library/Frameworks/CoreServices.framework/Versions/A/Frameworks/Metadata.framework/Versions/A/Metadata
0x0000000002ef3000 	/System/Library/Frameworks/CoreServices.framework/Versions/A/Frameworks/OSServices.framework/Versions/A/OSServices
0x0000000002ef3000 	/System/Library/Frameworks/CoreServices.framework/Versions/A/Frameworks/SearchKit.framework/Versions/A/SearchKit
0x0000000002ef3000 	/System/Library/Frameworks/CoreServices.framework/Versions/A/Frameworks/AE.framework/Versions/A/AE
0x0000000002ef3000 	/System/Library/Frameworks/CoreServices.framework/Versions/A/Frameworks/LaunchServices.framework/Versions/A/LaunchServices
0x0000000002ef3000 	/System/Library/Frameworks/CoreServices.framework/Versions/A/Frameworks/DictionaryServices.framework/Versions/A/DictionaryServices
0x0000000002ef3000 	/System/Library/Frameworks/NetFS.framework/Versions/A/NetFS
0x0000000002ef3000 	/System/Library/PrivateFrameworks/NetAuth.framework/Versions/A/NetAuth
0x0000000002ef3000 	/System/Library/PrivateFrameworks/login.framework/Versions/A/Frameworks/loginsupport.framework/Versions/A/loginsupport
0x0000000002ef3000 	/System/Library/PrivateFrameworks/TCC.framework/Versions/A/TCC
0x0000000002ef3000 	/usr/lib/libmecabra.dylib
0x0000000002ef3000 	/System/Library/PrivateFrameworks/LanguageModeling.framework/Versions/A/LanguageModeling
0x0000000002ef3000 	/usr/lib/libcmph.dylib
0x0000000002ef3000 	/usr/lib/libiconv.2.dylib
0x0000000002ef3000 	/System/Library/Frameworks/OpenDirectory.framework/Versions/A/Frameworks/CFOpenDirectory.framework/Versions/A/CFOpenDirectory
0x0000000002ef3000 	/System/Library/Frameworks/ServiceManagement.framework/Versions/A/ServiceManagement
0x0000000002ef3000 	/usr/lib/libxslt.1.dylib
0x0000000002ef3000 	/System/Library/Frameworks/Carbon.framework/Versions/A/Frameworks/Ink.framework/Versions/A/Ink
0x0000000002ef3000 	/System/Library/Frameworks/ApplicationServices.framework/Versions/A/Frameworks/ATS.framework/Versions/A/ATS
0x0000000002ef3000 	/System/Library/Frameworks/ApplicationServices.framework/Versions/A/Frameworks/ColorSync.framework/Versions/A/ColorSync
0x0000000002ef3000 	/System/Library/Frameworks/ApplicationServices.framework/Versions/A/Frameworks/HIServices.framework/Versions/A/HIServices
0x0000000002ef3000 	/System/Library/Frameworks/ApplicationServices.framework/Versions/A/Frameworks/LangAnalysis.framework/Versions/A/LangAnalysis
0x0000000002ef3000 	/System/Library/Frameworks/ApplicationServices.framework/Versions/A/Frameworks/PrintCore.framework/Versions/A/PrintCore
0x0000000002ef3000 	/System/Library/Frameworks/ApplicationServices.framework/Versions/A/Frameworks/QD.framework/Versions/A/QD
0x0000000002ef3000 	/System/Library/Frameworks/ApplicationServices.framework/Versions/A/Frameworks/SpeechSynthesis.framework/Versions/A/SpeechSynthesis
0x0000000002ef3000 	/System/Library/Frameworks/Accelerate.framework/Versions/A/Accelerate
0x0000000002ef3000 	/System/Library/Frameworks/Accelerate.framework/Versions/A/Frameworks/vImage.framework/Versions/A/vImage
0x0000000002ef3000 	/System/Library/Frameworks/Accelerate.framework/Versions/A/Frameworks/vecLib.framework/Versions/A/vecLib
0x0000000002ef3000 	/System/Library/Frameworks/Accelerate.framework/Versions/A/Frameworks/vecLib.framework/Versions/A/libvDSP.dylib
0x0000000002ef3000 	/System/Library/Frameworks/Accelerate.framework/Versions/A/Frameworks/vecLib.framework/Versions/A/libvMisc.dylib
0x0000000002ef3000 	/System/Library/Frameworks/Accelerate.framework/Versions/A/Frameworks/vecLib.framework/Versions/A/libLAPACK.dylib
0x0000000002ef3000 	/System/Library/Frameworks/Accelerate.framework/Versions/A/Frameworks/vecLib.framework/Versions/A/libBLAS.dylib
0x0000000002ef3000 	/System/Library/Frameworks/Accelerate.framework/Versions/A/Frameworks/vecLib.framework/Versions/A/libLinearAlgebra.dylib
0x0000000002ef3000 	/System/Library/Frameworks/ApplicationServices.framework/Versions/A/Frameworks/ATS.framework/Versions/A/Resources/libFontParser.dylib
0x0000000002ef3000 	/System/Library/Frameworks/ApplicationServices.framework/Versions/A/Frameworks/ATS.framework/Versions/A/Resources/libFontRegistry.dylib
0x0000000002ef3000 	/System/Library/PrivateFrameworks/AppleVPA.framework/Versions/A/AppleVPA
0x0000000002ef3000 	/System/Library/PrivateFrameworks/AppleJPEG.framework/Versions/A/AppleJPEG
0x0000000002ef3000 	/System/Library/Frameworks/ImageIO.framework/Versions/A/Resources/libJPEG.dylib
0x0000000002ef3000 	/System/Library/Frameworks/ImageIO.framework/Versions/A/Resources/libTIFF.dylib
0x0000000002ef3000 	/System/Library/Frameworks/ImageIO.framework/Versions/A/Resources/libPng.dylib
0x0000000002ef3000 	/System/Library/Frameworks/ImageIO.framework/Versions/A/Resources/libGIF.dylib
0x0000000002ef3000 	/System/Library/Frameworks/ImageIO.framework/Versions/A/Resources/libJP2.dylib
0x0000000002ef3000 	/System/Library/Frameworks/ImageIO.framework/Versions/A/Resources/libRadiance.dylib
0x0000000002ef3000 	/System/Library/Frameworks/CoreVideo.framework/Versions/A/CoreVideo
0x0000000002ef3000 	/System/Library/Frameworks/OpenGL.framework/Versions/A/Libraries/libGLU.dylib
0x0000000002ef3000 	/System/Library/Frameworks/OpenGL.framework/Versions/A/Libraries/libGFXShared.dylib
0x0000000002ef3000 	/System/Library/Frameworks/OpenGL.framework/Versions/A/Libraries/libGL.dylib
0x0000000002ef3000 	/System/Library/Frameworks/OpenGL.framework/Versions/A/Libraries/libGLImage.dylib
0x0000000002ef3000 	/System/Library/Frameworks/OpenGL.framework/Versions/A/Libraries/libCVMSPluginSupport.dylib
0x0000000002ef3000 	/System/Library/Frameworks/OpenGL.framework/Versions/A/Libraries/libCoreVMClient.dylib
0x0000000002ef3000 	/usr/lib/libcups.2.dylib
0x0000000002ef3000 	/System/Library/Frameworks/Kerberos.framework/Versions/A/Kerberos
0x0000000002ef3000 	/System/Library/Frameworks/GSS.framework/Versions/A/GSS
0x0000000002ef3000 	/usr/lib/libresolv.9.dylib
0x0000000002ef3000 	/System/Library/PrivateFrameworks/Heimdal.framework/Versions/A/Heimdal
0x0000000002ef3000 	/usr/lib/libheimdal-asn1.dylib
0x0000000002ef3000 	/System/Library/Frameworks/OpenDirectory.framework/Versions/A/OpenDirectory
0x0000000002ef3000 	/System/Library/PrivateFrameworks/CommonAuth.framework/Versions/A/CommonAuth
0x0000000002ef3000 	/System/Library/Frameworks/SecurityFoundation.framework/Versions/A/SecurityFoundation
0x0000000002ef3000 	/System/Library/Frameworks/QuartzCore.framework/Versions/A/Frameworks/CoreImage.framework/Versions/A/CoreImage
0x0000000002ef3000 	/System/Library/PrivateFrameworks/CrashReporterSupport.framework/Versions/A/CrashReporterSupport
0x0000000002ef3000 	/System/Library/Frameworks/OpenCL.framework/Versions/A/OpenCL
0x0000000002ef3000 	/System/Library/PrivateFrameworks/FaceCore.framework/Versions/A/FaceCore
0x0000000002ef3000 	/System/Library/PrivateFrameworks/Ubiquity.framework/Versions/A/Ubiquity
0x0000000002ef3000 	/System/Library/PrivateFrameworks/IconServices.framework/Versions/A/IconServices
0x0000000002ef3000 	/System/Library/PrivateFrameworks/ChunkingLibrary.framework/Versions/A/ChunkingLibrary
0x0000000002ef3000 	/System/Library/PrivateFrameworks/Apple80211.framework/Versions/A/Apple80211
0x0000000002ef3000 	/System/Library/Frameworks/CoreWLAN.framework/Versions/A/CoreWLAN
0x0000000002ef3000 	/System/Library/Frameworks/IOBluetooth.framework/Versions/A/IOBluetooth
0x0000000002ef3000 	/System/Library/PrivateFrameworks/CoreWiFi.framework/Versions/A/CoreWiFi
0x0000000002ef3000 	/System/Library/Frameworks/CoreBluetooth.framework/Versions/A/CoreBluetooth
0x0000000002ef3000 	/System/Library/PrivateFrameworks/DebugSymbols.framework/Versions/A/DebugSymbols
0x0000000002ef3000 	/System/Library/PrivateFrameworks/CoreSymbolication.framework/Versions/A/CoreSymbolication
0x0000000002ef3000 	/System/Library/PrivateFrameworks/Symbolication.framework/Versions/A/Symbolication
0x0000000002ef3000 	/System/Library/PrivateFrameworks/SpeechRecognitionCore.framework/Versions/A/SpeechRecognitionCore
0x0000000101400000 	/Library/Java/JavaVirtualMachines/jdk1.8.0_25.jdk/Contents/Home/jre/lib/server/libjvm.dylib
0x0000000002ef3000 	/usr/lib/libstdc++.6.dylib
0x00000001003a7000 	/Library/Java/JavaVirtualMachines/jdk1.8.0_25.jdk/Contents/Home/jre/lib/libverify.dylib
0x00000001003b5000 	/Library/Java/JavaVirtualMachines/jdk1.8.0_25.jdk/Contents/Home/jre/lib/libjava.dylib
0x00000001003f3000 	/Library/Java/JavaVirtualMachines/jdk1.8.0_25.jdk/Contents/Home/jre/lib/libzip.dylib
0x000000011dfca000 	/System/Library/Frameworks/JavaVM.framework/Frameworks/JavaRuntimeSupport.framework/JavaRuntimeSupport
0x000000011dfe0000 	/System/Library/Frameworks/JavaVM.framework/Versions/A/Frameworks/JavaNativeFoundation.framework/Versions/A/JavaNativeFoundation
0x000000011dff4000 	/System/Library/Frameworks/JavaVM.framework/Versions/A/JavaVM
0x0000000002ef3000 	/System/Library/Frameworks/Carbon.framework/Versions/A/Carbon
0x000000011e000000 	/System/Library/PrivateFrameworks/JavaLaunching.framework/Versions/A/JavaLaunching
0x0000000002ef3000 	/System/Library/Frameworks/Carbon.framework/Versions/A/Frameworks/CommonPanels.framework/Versions/A/CommonPanels
0x0000000002ef3000 	/System/Library/Frameworks/Carbon.framework/Versions/A/Frameworks/Help.framework/Versions/A/Help
0x0000000002ef3000 	/System/Library/Frameworks/Carbon.framework/Versions/A/Frameworks/ImageCapture.framework/Versions/A/ImageCapture
0x0000000002ef3000 	/System/Library/Frameworks/Carbon.framework/Versions/A/Frameworks/OpenScripting.framework/Versions/A/OpenScripting
0x0000000002ef3000 	/System/Library/Frameworks/Carbon.framework/Versions/A/Frameworks/Print.framework/Versions/A/Print
0x0000000002ef3000 	/System/Library/Frameworks/Carbon.framework/Versions/A/Frameworks/SecurityHI.framework/Versions/A/SecurityHI
0x00000001200b1000 	/Library/Java/JavaVirtualMachines/jdk1.8.0_25.jdk/Contents/Home/jre/lib/libprism_es2.dylib
0x0000000002ef3000 	/System/Library/Frameworks/OpenGL.framework/Versions/A/Resources/GLEngine.bundle/GLEngine
0x0000000002ef3000 	/System/Library/Frameworks/OpenGL.framework/Versions/A/Libraries/libGLProgrammability.dylib
0x0000000000000000 	/System/Library/Extensions/AppleIntelHD5000GraphicsGLDriver.bundle/Contents/MacOS/AppleIntelHD5000GraphicsGLDriver
0x0000000002ef3000 	/System/Library/PrivateFrameworks/IOAccelerator.framework/Versions/A/IOAccelerator
0x0000000002ef3000 	/System/Library/PrivateFrameworks/GPUSupport.framework/Versions/A/Libraries/libGPUSupportMercury.dylib
0x0000000002ef3000 	/System/Library/Frameworks/OpenGL.framework/Versions/A/Resources/GLRendererFloat.bundle/GLRendererFloat
0x0000000002ef3000 	/System/Library/Frameworks/OpenCL.framework/Versions/A/Libraries/libcldcpuengine.dylib
0x0000000002ef3000 	/System/Library/PrivateFrameworks/DiskImages.framework/Versions/A/DiskImages
0x0000000002ef3000 	/System/Library/Frameworks/DiscRecording.framework/Versions/A/DiscRecording
0x0000000002ef3000 	/usr/lib/libcsfde.dylib
0x0000000002ef3000 	/usr/lib/libcurl.4.dylib
0x0000000002ef3000 	/System/Library/PrivateFrameworks/MediaKit.framework/Versions/A/MediaKit
0x0000000002ef3000 	/System/Library/PrivateFrameworks/ProtectedCloudStorage.framework/Versions/A/ProtectedCloudStorage
0x0000000002ef3000 	/usr/lib/libCoreStorage.dylib
0x0000000002ef3000 	/System/Library/PrivateFrameworks/EFILogin.framework/Versions/A/EFILogin
0x0000000002ef3000 	/usr/lib/libutil.dylib
0x0000000002ef3000 	/System/Library/PrivateFrameworks/FindMyDevice.framework/Versions/A/FindMyDevice
0x0000000002ef3000 	/System/Library/Frameworks/LDAP.framework/Versions/A/LDAP
0x0000000002ef3000 	/usr/lib/libsasl2.2.dylib
0x0000000002ef3000 	/System/Library/PrivateFrameworks/CoreDaemon.framework/Versions/B/CoreDaemon
0x0000000002ef3000 	/usr/lib/libcrypto.0.9.8.dylib
0x0000000002ef3000 	/System/Library/PrivateFrameworks/AppleSRP.framework/Versions/A/AppleSRP
0x0000000002ef3000 	/System/Library/PrivateFrameworks/TrustEvaluationAgent.framework/Versions/A/TrustEvaluationAgent
0x000000012055e000 	/Library/Java/JavaVirtualMachines/jdk1.8.0_25.jdk/Contents/Home/jre/lib/libglass.dylib
0x0000000002ef3000 	/System/Library/PrivateFrameworks/CoreServicesInternal.framework/Versions/A/CoreServicesInternal
0x0000000002ef3000 	/System/Library/PrivateFrameworks/CloudDocs.framework/Versions/A/CloudDocs
0x0000000002ef3000 	/System/Library/PrivateFrameworks/CoreDuet.framework/Versions/A/CoreDuet
0x0000000002ef3000 	/System/Library/Frameworks/CloudKit.framework/Versions/A/CloudKit
0x0000000002ef3000 	/System/Library/PrivateFrameworks/ProtocolBuffer.framework/Versions/A/ProtocolBuffer
0x0000000002ef3000 	/System/Library/PrivateFrameworks/CoreDuetDaemonProtocol.framework/Versions/A/CoreDuetDaemonProtocol
0x0000000002ef3000 	/System/Library/PrivateFrameworks/CoreDuetDebugLogging.framework/Versions/A/CoreDuetDebugLogging
0x0000000002ef3000 	/System/Library/Frameworks/CoreLocation.framework/Versions/A/CoreLocation
0x0000000002ef3000 	/System/Library/Frameworks/Accounts.framework/Versions/A/Accounts
0x0000000002ef3000 	/System/Library/PrivateFrameworks/ApplePushService.framework/Versions/A/ApplePushService
0x0000000002ef3000 	/System/Library/PrivateFrameworks/GeoServices.framework/Versions/A/GeoServices
0x0000000002ef3000 	/System/Library/PrivateFrameworks/OAuth.framework/Versions/A/OAuth
0x0000000002ef3000 	/System/Library/Frameworks/CoreGraphics.framework/Versions/A/Resources/libCGCMS.A.dylib
0x0000000002ef3000 	/System/Library/CoreServices/RawCamera.bundle/Contents/MacOS/RawCamera
0x0000000121a47000 	/System/Library/Frameworks/CoreGraphics.framework/Versions/A/Resources/libRIP.A.dylib
0x0000000002ef3000 	/System/Library/PrivateFrameworks/FamilyControls.framework/Versions/A/FamilyControls
0x0000000002ef3000 	/System/Library/PrivateFrameworks/CommerceKit.framework/Versions/A/Frameworks/CommerceCore.framework/Versions/A/CommerceCore
0x0000000002ef3000 	/System/Library/PrivateFrameworks/SystemAdministration.framework/Versions/A/SystemAdministration
0x0000000002ef3000 	/System/Library/PrivateFrameworks/AppContainer.framework/Versions/A/AppContainer
0x0000000002ef3000 	/System/Library/PrivateFrameworks/SecCodeWrapper.framework/Versions/A/SecCodeWrapper
0x0000000002ef3000 	/System/Library/Frameworks/DirectoryService.framework/Versions/A/DirectoryService
0x0000000002ef3000 	/System/Library/PrivateFrameworks/LoginUIKit.framework/Versions/A/Frameworks/LoginUICore.framework/Versions/A/LoginUICore
0x0000000002ef3000 	/usr/lib/libodfde.dylib
0x0000000123e20000 	/Library/Java/JavaVirtualMachines/jdk1.8.0_25.jdk/Contents/Home/jre/lib/libjavafx_font.dylib
0x0000000002ef3000 	/System/Library/Frameworks/CoreGraphics.framework/Versions/A/Resources/libCGXType.A.dylib
0x0000000124178000 	/Library/Java/JavaVirtualMachines/jdk1.8.0_25.jdk/Contents/Home/jre/lib/libmanagement.dylib
0x000000012421c000 	/Library/Java/JavaVirtualMachines/jdk1.8.0_25.jdk/Contents/Home/jre/lib/libnet.dylib
0x0000000124342000 	/Library/Java/JavaVirtualMachines/jdk1.8.0_25.jdk/Contents/Home/jre/lib/libnio.dylib
0x0000000123bcc000 	/Library/Java/JavaVirtualMachines/jdk1.8.0_25.jdk/Contents/Home/jre/lib/libprism_common.dylib
0x0000000124160000 	cl_kernels
0x000000012a199000 	/System/Library/Frameworks/OpenCL.framework/Versions/A/Libraries/ImageFormats/unorm8_bgra.dylib
0x00000001241df000 	cl_kernels

VM Arguments:
jvm_args: -Dfile.encoding=UTF-8 
java_command: /Users/Eskil/NetBeansProjects/Einblick_App/dist/run1222274313/Einblick_App.jar
java_class_path (initial): /Users/Eskil/NetBeansProjects/Einblick_App/dist/run1222274313/Einblick_App.jar
Launcher Type: SUN_STANDARD

Environment Variables:
PATH=/usr/bin:/bin:/usr/sbin:/sbin
LD_LIBRARY_PATH=/Library/Java/JavaVirtualMachines/jdk1.8.0_25.jdk/Contents/Home/jre/lib/amd64:/Library/Java/JavaVirtualMachines/jdk1.8.0_25.jdk/Contents/Home/jre/lib/i386:
SHELL=/bin/bash
DYLD_LIBRARY_PATH=/Applications/NetBeans/NetBeans 8.0.1.app/Contents/Resources/NetBeans/webcommon/bin:

Signal Handlers:
SIGSEGV: [libjvm.dylib+0x579dc7], sa_mask[0]=11111111011111110111111111111111, sa_flags=SA_ONSTACK|SA_RESTART|SA_SIGINFO
SIGBUS: [libjvm.dylib+0x579dc7], sa_mask[0]=11111111011111110111111111111111, sa_flags=SA_RESTART|SA_SIGINFO
SIGFPE: [libjvm.dylib+0x45b030], sa_mask[0]=11111111011111110111111111111111, sa_flags=SA_RESTART|SA_SIGINFO
SIGPIPE: [libjvm.dylib+0x45b030], sa_mask[0]=11111111011111110111111111111111, sa_flags=SA_RESTART|SA_SIGINFO
SIGXFSZ: [libjvm.dylib+0x45b030], sa_mask[0]=11111111011111110111111111111111, sa_flags=SA_RESTART|SA_SIGINFO
SIGILL: [libjvm.dylib+0x45b030], sa_mask[0]=11111111011111110111111111111111, sa_flags=SA_RESTART|SA_SIGINFO
SIGUSR1: SIG_DFL, sa_mask[0]=00000000000000000000000000000000, sa_flags=none
SIGUSR2: [libjvm.dylib+0x45ab4e], sa_mask[0]=00100000000000000000000000000000, sa_flags=SA_RESTART|SA_SIGINFO
SIGHUP: [libjvm.dylib+0x459121], sa_mask[0]=11111111011111110111111111111111, sa_flags=SA_RESTART|SA_SIGINFO
SIGINT: SIG_IGN, sa_mask[0]=00000000000000000000000000000000, sa_flags=none
SIGTERM: [libjvm.dylib+0x459121], sa_mask[0]=11111111011111110111111111111111, sa_flags=SA_RESTART|SA_SIGINFO
SIGQUIT: [libjvm.dylib+0x459121], sa_mask[0]=11111111011111110111111111111111, sa_flags=SA_RESTART|SA_SIGINFO


---------------  S Y S T E M  ---------------

OS:Bsduname:Darwin 14.0.0 Darwin Kernel Version 14.0.0: Fri Sep 19 00:26:44 PDT 2014; root:xnu-2782.1.97~2/RELEASE_X86_64 x86_64
rlimit: STACK 8192k, CORE 0k, NPROC 709, NOFILE 10240, AS infinity
load average:3.41 3.38 3.02

CPU:total 8 (4 cores per cpu, 2 threads per core) family 6 model 70 stepping 1, cmov, cx8, fxsr, mmx, sse, sse2, sse3, ssse3, sse4.1, sse4.2, popcnt, avx, avx2, aes, clmul, erms, lzcnt, ht, tsc, tscinvbit, bmi1, bmi2

Memory: 4k page, physical 16777216k(820836k free)

/proc/meminfo:


vm_info: Java HotSpot(TM) 64-Bit Server VM (25.25-b02) for bsd-amd64 JRE (1.8.0_25-b17), built on Sep 17 2014 16:56:50 by "java_re" with gcc 4.2.1 (Based on Apple Inc. build 5658) (LLVM build 2336.11.00)

time: Wed Nov 19 18:22:39 2014
elapsed time: 232 seconds (0d 0h 3m 52s)

