#
# A fatal error has been detected by the Java Runtime Environment:
#
#  SIGSEGV (0xb) at pc=0x000000012a0d43fd, pid=25615, tid=1811
#
# JRE version: Java(TM) SE Runtime Environment (8.0_25-b17) (build 1.8.0_25-b17)
# Java VM: Java HotSpot(TM) 64-Bit Server VM (25.25-b02 mixed mode bsd-amd64 compressed oops)
# Problematic frame:
# C  [libglass.dylib+0x163fd]  GlassScreenDidChangeScreenParameters+0x9d
#
# Failed to write core dump. Core dumps have been disabled. To enable core dumping, try "ulimit -c unlimited" before starting Java again
#
# If you would like to submit a bug report, please visit:
#   http://bugreport.sun.com/bugreport/crash.jsp
#

---------------  T H R E A D  ---------------

Current thread is native thread

siginfo: si_signo: 11 (SIGSEGV), si_code: 1 (SEGV_MAPERR), si_addr: 0x0000000000000000

Registers:
RAX=0x000000012a106e40, RBX=0x0000000000000000, RCX=0xae001d916643f1c6, RDX=0x00007f96ebdd7698
RSP=0x00007fff55e3ddb0, RBP=0x00007fff55e3ddc0, RSI=0x00007f96ebe17288, RDI=0x0000000000000000
R8 =0x00007fff55e3dc60, R9 =0x00007fff78735300, R10=0x0000000000000000, R11=0x0000000000000246
R12=0x00007f96ebc041b0, R13=0x00000000000f4268, R14=0x00007f96ebc30860, R15=0x00007fff55e3df00
RIP=0x000000012a0d43fd, EFLAGS=0x0000000000010202, ERR=0x0000000000000004
  TRAPNO=0x000000000000000e

Top of Stack: (sp=0x00007fff55e3ddb0)
0x00007fff55e3ddb0:   00007fff55e3df90 00007f96ebc30860
0x00007fff55e3ddc0:   00007fff55e3ddd0 00007fff88c6dcbc
0x00007fff55e3ddd0:   00007fff55e3e130 00007fff88b5f1b4
0x00007fff55e3dde0:   00007f96f602a400 0000000000003c00
0x00007fff55e3ddf0:   0000000109dd9000 00007f96ebdfc080
0x00007fff55e3de00:   0000000000001006 0000000000001140
0x00007fff55e3de10:   0000000000000004 00007f96ebc30860
0x00007fff55e3de20:   0000000000000000 00007fff55e3df00
0x00007fff55e3de30:   0000000000000000 00007f96ebc30820
0x00007fff55e3de40:   00007fff55e3df80 00000000000000b8
0x00007fff55e3de50:   00000000000f44a0 00007f96f4101460
0x00007fff55e3de60:   00007f96ebe55450 00007f96ebc041b0
0x00007fff55e3de70:   0000000000000001 00000000000f4268
0x00007fff55e3de80:   00007f96ebc041a0 00007fff8dc5cacb
0x00007fff55e3de90:   0000000000000001 0000000000000001
0x00007fff55e3dea0:   0000000000000030 0000000000000001
0x00007fff55e3deb0:   00007fff55e3ded0 00007fff8dc62231
0x00007fff55e3dec0:   00007fff77945dd0 0000000000000000
0x00007fff55e3ded0:   00007fff55e3def0 000000000000001d
0x00007fff55e3dee0:   0014520300000000 00007f96ebc041d4
0x00007fff55e3def0:   0000000000000000 00007fff88b54c8f
0x00007fff55e3df00:   00007f96ebc30860 00007fff77945dd0
0x00007fff55e3df10:   00007fff55e3df90 00007fff88b5d7bf
0x00007fff55e3df20:   ffffffffffffffff 00007f96ebd2ea50
0x00007fff55e3df30:   0000000109ddca00 0000000000000002
0x00007fff55e3df40:   0000000109dd9000 00007f96ebffb592
0x00007fff55e3df50:   0000000000000003 0000000109de0600
0x00007fff55e3df60:   00007fff55e3e050 00007fff8dc5b2a2
0x00007fff55e3df70:   00007f96ebe550d0 00007fff55e3e138
0x00007fff55e3df80:   0000000000000017 0000000000000000
0x00007fff55e3df90:   00000000000f4268 00007fff88b54f83
0x00007fff55e3dfa0:   00007fff00000000 00007f96ebd333e0 

Instructions: (pc=0x000000012a0d43fd)
0x000000012a0d43dd:   89 df 4c 89 f1 41 ff 90 68 04 00 00 48 8d 05 58
0x000000012a0d43ed:   29 03 00 48 8b 30 48 8d 05 46 2a 03 00 48 8b 10
0x000000012a0d43fd:   48 8b 0b 30 c0 48 89 df ff 91 68 04 00 00 48 8b
0x000000012a0d440d:   03 48 89 df ff 50 78 48 85 c0 74 36 49 89 c6 48 

Register to memory mapping:

RAX=0x000000012a106e40: jScreenNotifySettingsChanged+0 in /Library/Java/JavaVirtualMachines/jdk1.8.0_25.jdk/Contents/Home/jre/lib/libglass.dylib at 0x000000012a0be000
RBX=0x0000000000000000 is an unknown value
RCX=0xae001d916643f1c6 is an unknown value
RDX=0x00007f96ebdd7698 is an unknown value
RSP=0x00007fff55e3ddb0 is an unknown value
RBP=0x00007fff55e3ddc0 is an unknown value
RSI=0x00007f96ebe17288 is a global jni handle
RDI=0x0000000000000000 is an unknown value
R8 =0x00007fff55e3dc60 is an unknown value
R9 =0x00007fff78735300: _thread+0 in /usr/lib/system/libsystem_pthread.dylib at 0x00007fff8d536000
R10=0x0000000000000000 is an unknown value
R11=0x0000000000000246 is an unknown value
R12=0x00007f96ebc041b0 is an unknown value
R13=0x00000000000f4268 is an unknown value
R14=0x00007f96ebc30860 is an unknown value
R15=0x00007fff55e3df00 is an unknown value


Stack: [0x00007fff55641000,0x00007fff55e41000],  sp=0x00007fff55e3ddb0,  free space=8179k
Native frames: (J=compiled Java code, j=interpreted, Vv=VM code, C=native code)
C  [libglass.dylib+0x163fd]  GlassScreenDidChangeScreenParameters+0x9d
C  [CoreFoundation+0x11ecbc]  __CFNOTIFICATIONCENTER_IS_CALLING_OUT_TO_AN_OBSERVER__+0xc
C  [CoreFoundation+0x101b4]  _CFXNotificationPost+0xc44
C  [Foundation+0x2ea1]  -[NSNotificationCenter postNotificationName:object:userInfo:]+0x42
C  [AppKit+0x362dee]  -[NSApplication _reactToScreenInvalidationImmediately:]+0x17b
C  [AppKit+0x362c2d]  __44-[NSApplication _reactToScreenInvalidation:]_block_invoke+0x4b
C  [CoreFoundation+0x8054c]  __CFRUNLOOP_IS_CALLING_OUT_TO_A_BLOCK__+0xc
C  [CoreFoundation+0x72655]  __CFRunLoopDoBlocks+0x155
C  [CoreFoundation+0x72196]  __CFRunLoopRun+0x716
C  [CoreFoundation+0x71838]  CFRunLoopRunSpecific+0x128
C  [java+0x56cc]  CreateExecutionEnvironment+0x367
C  [java+0x165c]  JLI_Launch+0x7a0
C  [java+0x768a]  main+0x65
C  [java+0xeb4]  start+0x34


---------------  P R O C E S S  ---------------

VM state:at safepoint (normal execution)

VM Mutex/Monitor currently owned by a thread:  ([mutex/lock_event])
[0x00007f96ebf07310] Threads_lock - owner thread: 0x00007f96ec80b000
[0x00007f96ebf07810] Heap_lock - owner thread: 0x00007f96f112e800

Heap:
 PSYoungGen      total 76288K, used 32553K [0x000000076ab00000, 0x0000000771f00000, 0x00000007c0000000)
  eden space 65536K, 33% used [0x000000076ab00000,0x000000076c04d308,0x000000076eb00000)
  from space 10752K, 99% used [0x000000076eb00000,0x000000076f57d498,0x000000076f580000)
  to   space 10752K, 0% used [0x0000000771480000,0x0000000771480000,0x0000000771f00000)
 ParOldGen       total 106496K, used 12441K [0x00000006c0000000, 0x00000006c6800000, 0x000000076ab00000)
  object space 106496K, 11% used [0x00000006c0000000,0x00000006c0c26560,0x00000006c6800000)
 Metaspace       used 28415K, capacity 29982K, committed 30080K, reserved 1075200K
  class space    used 3901K, capacity 4161K, committed 4224K, reserved 1048576K

Card table byte_map: [0x000000011b3df000,0x000000011bbe0000] byte_map_base: 0x0000000117ddf000

Marking Bits: (ParMarkBitMap*) 0x000000010b89d390
 Begin Bits: [0x000000011c94e000, 0x000000012094e000)
 End Bits:   [0x000000012094e000, 0x000000012494e000)

Polling page: 0x0000000109f48000

CodeCache: size=245760Kb used=15986Kb max_used=16247Kb free=229773Kb
 bounds [0x000000010c01f000, 0x000000010d01f000, 0x000000011b01f000]
 total_blobs=5642 nmethods=4878 adapters=677
 compilation: enabled

Compilation events (10 events):
Event: 562.394 Thread 0x00007f96ee801800 5407   !   3       java.util.ArrayList$Itr::remove (68 bytes)
Event: 562.395 Thread 0x00007f96ee801800 nmethod 5407 0x000000010c902590 code [0x000000010c902740, 0x000000010c902cf8]
Event: 562.397 Thread 0x00007f96ee801800 5408       3       java.util.concurrent.ThreadPoolExecutor::runStateOf (5 bytes)
Event: 562.397 Thread 0x00007f96ee801800 nmethod 5408 0x000000010c925650 code [0x000000010c9257a0, 0x000000010c9258d0]
Event: 562.398 Thread 0x00007f96ee801800 5409       3       java.util.concurrent.CountDownLatch::countDown (10 bytes)
Event: 562.398 Thread 0x00007f96ee801800 nmethod 5409 0x000000010c3aed90 code [0x000000010c3aef20, 0x000000010c3af218]
Event: 562.399 Thread 0x00007f96ee801800 5410       3       java.util.concurrent.CountDownLatch$Sync::tryReleaseShared (37 bytes)
Event: 562.399 Thread 0x00007f96ee801800 nmethod 5410 0x000000010c9411d0 code [0x000000010c941360, 0x000000010c941790]
Event: 562.406 Thread 0x00007f96ee801800 5411       1       java.util.logging.LogManager::access$500 (5 bytes)
Event: 562.406 Thread 0x00007f96ee801800 nmethod 5411 0x000000010c8194d0 code [0x000000010c819620, 0x000000010c819710]

GC Heap History (8 events):
Event: 1.097 GC heap before
{Heap before GC invocations=1 (full 0):
 PSYoungGen      total 76288K, used 65536K [0x000000076ab00000, 0x0000000770000000, 0x00000007c0000000)
  eden space 65536K, 100% used [0x000000076ab00000,0x000000076eb00000,0x000000076eb00000)
  from space 10752K, 0% used [0x000000076f580000,0x000000076f580000,0x0000000770000000)
  to   space 10752K, 0% used [0x000000076eb00000,0x000000076eb00000,0x000000076f580000)
 ParOldGen       total 175104K, used 0K [0x00000006c0000000, 0x00000006cab00000, 0x000000076ab00000)
  object space 175104K, 0% used [0x00000006c0000000,0x00000006c0000000,0x00000006cab00000)
 Metaspace       used 17692K, capacity 18226K, committed 18432K, reserved 1064960K
  class space    used 2576K, capacity 2693K, committed 2816K, reserved 1048576K
Event: 1.105 GC heap after
Heap after GC invocations=1 (full 0):
 PSYoungGen      total 76288K, used 10734K [0x000000076ab00000, 0x0000000770000000, 0x00000007c0000000)
  eden space 65536K, 0% used [0x000000076ab00000,0x000000076ab00000,0x000000076eb00000)
  from space 10752K, 99% used [0x000000076eb00000,0x000000076f57bac8,0x000000076f580000)
  to   space 10752K, 0% used [0x000000076f580000,0x000000076f580000,0x0000000770000000)
 ParOldGen       total 175104K, used 612K [0x00000006c0000000, 0x00000006cab00000, 0x000000076ab00000)
  object space 175104K, 0% used [0x00000006c0000000,0x00000006c00992d0,0x00000006cab00000)
 Metaspace       used 17692K, capacity 18226K, committed 18432K, reserved 1064960K
  class space    used 2576K, capacity 2693K, committed 2816K, reserved 1048576K
}
Event: 1.242 GC heap before
{Heap before GC invocations=2 (full 0):
 PSYoungGen      total 76288K, used 21676K [0x000000076ab00000, 0x0000000770000000, 0x00000007c0000000)
  eden space 65536K, 16% used [0x000000076ab00000,0x000000076b5af800,0x000000076eb00000)
  from space 10752K, 99% used [0x000000076eb00000,0x000000076f57bac8,0x000000076f580000)
  to   space 10752K, 0% used [0x000000076f580000,0x000000076f580000,0x0000000770000000)
 ParOldGen       total 175104K, used 612K [0x00000006c0000000, 0x00000006cab00000, 0x000000076ab00000)
  object space 175104K, 0% used [0x00000006c0000000,0x00000006c00992d0,0x00000006cab00000)
 Metaspace       used 20627K, capacity 21216K, committed 21248K, reserved 1067008K
  class space    used 2891K, capacity 3064K, committed 3072K, reserved 1048576K
Event: 1.252 GC heap after
Heap after GC invocations=2 (full 0):
 PSYoungGen      total 76288K, used 10724K [0x000000076ab00000, 0x0000000774000000, 0x00000007c0000000)
  eden space 65536K, 0% used [0x000000076ab00000,0x000000076ab00000,0x000000076eb00000)
  from space 10752K, 99% used [0x000000076f580000,0x000000076fff92b0,0x0000000770000000)
  to   space 10752K, 0% used [0x000000076eb00000,0x000000076eb00000,0x000000076f580000)
 ParOldGen       total 175104K, used 1738K [0x00000006c0000000, 0x00000006cab00000, 0x000000076ab00000)
  object space 175104K, 0% used [0x00000006c0000000,0x00000006c01b2a78,0x00000006cab00000)
 Metaspace       used 20627K, capacity 21216K, committed 21248K, reserved 1067008K
  class space    used 2891K, capacity 3064K, committed 3072K, reserved 1048576K
}
Event: 1.252 GC heap before
{Heap before GC invocations=3 (full 1):
 PSYoungGen      total 76288K, used 10724K [0x000000076ab00000, 0x0000000774000000, 0x00000007c0000000)
  eden space 65536K, 0% used [0x000000076ab00000,0x000000076ab00000,0x000000076eb00000)
  from space 10752K, 99% used [0x000000076f580000,0x000000076fff92b0,0x0000000770000000)
  to   space 10752K, 0% used [0x000000076eb00000,0x000000076eb00000,0x000000076f580000)
 ParOldGen       total 175104K, used 1738K [0x00000006c0000000, 0x00000006cab00000, 0x000000076ab00000)
  object space 175104K, 0% used [0x00000006c0000000,0x00000006c01b2a78,0x00000006cab00000)
 Metaspace       used 20627K, capacity 21216K, committed 21248K, reserved 1067008K
  class space    used 2891K, capacity 3064K, committed 3072K, reserved 1048576K
Event: 1.285 GC heap after
Heap after GC invocations=3 (full 1):
 PSYoungGen      total 76288K, used 0K [0x000000076ab00000, 0x0000000774000000, 0x00000007c0000000)
  eden space 65536K, 0% used [0x000000076ab00000,0x000000076ab00000,0x000000076eb00000)
  from space 10752K, 0% used [0x000000076f580000,0x000000076f580000,0x0000000770000000)
  to   space 10752K, 0% used [0x000000076eb00000,0x000000076eb00000,0x000000076f580000)
 ParOldGen       total 106496K, used 11839K [0x00000006c0000000, 0x00000006c6800000, 0x000000076ab00000)
  object space 106496K, 11% used [0x00000006c0000000,0x00000006c0b8fcf0,0x00000006c6800000)
 Metaspace       used 20625K, capacity 21214K, committed 21248K, reserved 1067008K
  class space    used 2890K, capacity 3063K, committed 3072K, reserved 1048576K
}
Event: 21.120 GC heap before
{Heap before GC invocations=4 (full 1):
 PSYoungGen      total 76288K, used 65536K [0x000000076ab00000, 0x0000000774000000, 0x00000007c0000000)
  eden space 65536K, 100% used [0x000000076ab00000,0x000000076eb00000,0x000000076eb00000)
  from space 10752K, 0% used [0x000000076f580000,0x000000076f580000,0x0000000770000000)
  to   space 10752K, 0% used [0x000000076eb00000,0x000000076eb00000,0x000000076f580000)
 ParOldGen       total 106496K, used 11839K [0x00000006c0000000, 0x00000006c6800000, 0x000000076ab00000)
  object space 106496K, 11% used [0x00000006c0000000,0x00000006c0b8fcf0,0x00000006c6800000)
 Metaspace       used 28097K, capacity 29626K, committed 29824K, reserved 1075200K
  class space    used 3883K, capacity 4153K, committed 4224K, reserved 1048576K
Event: 21.128 GC heap after
Heap after GC invocations=4 (full 1):
 PSYoungGen      total 76288K, used 10741K [0x000000076ab00000, 0x0000000771f00000, 0x00000007c0000000)
  eden space 65536K, 0% used [0x000000076ab00000,0x000000076ab00000,0x000000076eb00000)
  from space 10752K, 99% used [0x000000076eb00000,0x000000076f57d498,0x000000076f580000)
  to   space 10752K, 0% used [0x0000000771480000,0x0000000771480000,0x0000000771f00000)
 ParOldGen       total 106496K, used 12441K [0x00000006c0000000, 0x00000006c6800000, 0x000000076ab00000)
  object space 106496K, 11% used [0x00000006c0000000,0x00000006c0c26560,0x00000006c6800000)
 Metaspace       used 28097K, capacity 29626K, committed 29824K, reserved 1075200K
  class space    used 3883K, capacity 4153K, committed 4224K, reserved 1048576K
}

Deoptimization events (10 events):
Event: 19.779 Thread 0x00007f96ee058800 Uncommon trap: reason=class_check action=maybe_recompile pc=0x000000010ccb73a0 method=com.sun.javafx.font.CompositeStrike.getStrikeSlot(I)Lcom/sun/javafx/font/FontStrike; @ 16
Event: 19.780 Thread 0x00007f96ee058800 Uncommon trap: reason=unreached action=reinterpret pc=0x000000010c14bd68 method=com.sun.javafx.font.coretext.CTFontStrike.getQuantizedPosition(Lcom/sun/javafx/geom/Point2D;)I @ 10
Event: 19.781 Thread 0x00007f96ee058800 Uncommon trap: reason=unreached action=reinterpret pc=0x000000010c1211d4 method=com.sun.javafx.font.coretext.CTFontStrike.getQuantizedPosition(Lcom/sun/javafx/geom/Point2D;)I @ 10
Event: 24.366 Thread 0x00007f96ec8a0000 Uncommon trap: reason=bimorphic action=maybe_recompile pc=0x000000010cc847a8 method=com.sun.javafx.collections.ListListenerHelper$SingleChange.fireValueChangedEvent(Ljavafx/collections/ListChangeListener$Change;)V @ 5
Event: 24.367 Thread 0x00007f96ec8a0000 Uncommon trap: reason=class_check action=maybe_recompile pc=0x000000010c94a058 method=com.sun.javafx.collections.VetoableListDecorator.size()I @ 4
Event: 24.385 Thread 0x00007f96ec8a0000 Uncommon trap: reason=bimorphic action=maybe_recompile pc=0x000000010c24980c method=com.sun.javafx.css.CompoundSelector.stateMatches(Ljavafx/css/Styleable;Ljava/util/Set;I)Z @ 181
Event: 24.385 Thread 0x00007f96ec8a0000 Uncommon trap: reason=bimorphic action=maybe_recompile pc=0x000000010c24980c method=com.sun.javafx.css.CompoundSelector.stateMatches(Ljavafx/css/Styleable;Ljava/util/Set;I)Z @ 181
Event: 24.469 Thread 0x00007f96ec8a0000 Uncommon trap: reason=class_check action=maybe_recompile pc=0x000000010ccdf5a8 method=javafx.scene.CssStyleHelper.transitionToState(Ljavafx/scene/Node;)V @ 550
Event: 42.452 Thread 0x00007f96ec8a0000 Uncommon trap: reason=bimorphic action=maybe_recompile pc=0x000000010cc847a8 method=com.sun.javafx.collections.ListListenerHelper$SingleChange.fireValueChangedEvent(Ljavafx/collections/ListChangeListener$Change;)V @ 5
Event: 106.003 Thread 0x00007f96ec8a0000 Uncommon trap: reason=unloaded action=reinterpret pc=0x000000010c21e504 method=java.util.Collections.unmodifiableList(Ljava/util/List;)Ljava/util/List; @ 18

Internal exceptions (10 events):
Event: 24.361 Thread 0x00007f96ec8a0000 Exception <a 'java/security/PrivilegedActionException'> (0x000000076af39940) thrown at [/HUDSON3/workspace/8-2-build-macosx-x86_64/jdk8u25/1514/hotspot/src/share/vm/prims/jvm.cpp, line 1312]
Event: 24.362 Thread 0x00007f96ec8a0000 Exception <a 'java/security/PrivilegedActionException'> (0x000000076af42788) thrown at [/HUDSON3/workspace/8-2-build-macosx-x86_64/jdk8u25/1514/hotspot/src/share/vm/prims/jvm.cpp, line 1312]
Event: 24.363 Thread 0x00007f96ec8a0000 Exception <a 'java/security/PrivilegedActionException'> (0x000000076af4f6e8) thrown at [/HUDSON3/workspace/8-2-build-macosx-x86_64/jdk8u25/1514/hotspot/src/share/vm/prims/jvm.cpp, line 1312]
Event: 24.363 Thread 0x00007f96ec8a0000 Exception <a 'java/security/PrivilegedActionException'> (0x000000076af52010) thrown at [/HUDSON3/workspace/8-2-build-macosx-x86_64/jdk8u25/1514/hotspot/src/share/vm/prims/jvm.cpp, line 1312]
Event: 24.363 Thread 0x00007f96ec8a0000 Exception <a 'java/security/PrivilegedActionException'> (0x000000076af56f28) thrown at [/HUDSON3/workspace/8-2-build-macosx-x86_64/jdk8u25/1514/hotspot/src/share/vm/prims/jvm.cpp, line 1312]
Event: 24.364 Thread 0x00007f96ec8a0000 Exception <a 'java/security/PrivilegedActionException'> (0x000000076af5a008) thrown at [/HUDSON3/workspace/8-2-build-macosx-x86_64/jdk8u25/1514/hotspot/src/share/vm/prims/jvm.cpp, line 1312]
Event: 24.364 Thread 0x00007f96ec8a0000 Exception <a 'java/security/PrivilegedActionException'> (0x000000076af5d8c8) thrown at [/HUDSON3/workspace/8-2-build-macosx-x86_64/jdk8u25/1514/hotspot/src/share/vm/prims/jvm.cpp, line 1312]
Event: 24.364 Thread 0x00007f96ec8a0000 Exception <a 'java/security/PrivilegedActionException'> (0x000000076af61648) thrown at [/HUDSON3/workspace/8-2-build-macosx-x86_64/jdk8u25/1514/hotspot/src/share/vm/prims/jvm.cpp, line 1312]
Event: 24.364 Thread 0x00007f96ec8a0000 Exception <a 'java/security/PrivilegedActionException'> (0x000000076af64980) thrown at [/HUDSON3/workspace/8-2-build-macosx-x86_64/jdk8u25/1514/hotspot/src/share/vm/prims/jvm.cpp, line 1312]
Event: 24.367 Thread 0x00007f96ec8a0000 Exception <a 'java/security/PrivilegedActionException'> (0x000000076af7f3c8) thrown at [/HUDSON3/workspace/8-2-build-macosx-x86_64/jdk8u25/1514/hotspot/src/share/vm/prims/jvm.cpp, line 1312]

Events (10 events):
Event: 562.406 Executing VM operation: RevokeBias done
Event: 562.406 Executing VM operation: RevokeBias
Event: 562.406 loading class com/sun/javafx/font/PrismFontFile
Event: 562.406 loading class com/sun/javafx/font/PrismFontFile done
Event: 562.406 Executing VM operation: RevokeBias done
Event: 562.406 Executing VM operation: RevokeBias
Event: 562.406 Executing VM operation: RevokeBias done
Event: 562.407 Thread 0x00007f96f6022000 Thread exited: 0x00007f96f6022000
Event: 562.407 Thread 0x00007f96f602b000 Thread exited: 0x00007f96f602b000
Event: 562.407 Thread 0x00007f96f112e800 Thread exited: 0x00007f96f112e800


Dynamic libraries:
0x00000000074be000 	/System/Library/Frameworks/Cocoa.framework/Versions/A/Cocoa
0x00000000074be000 	/System/Library/Frameworks/Security.framework/Versions/A/Security
0x00000000074be000 	/System/Library/Frameworks/ApplicationServices.framework/Versions/A/ApplicationServices
0x00000000074be000 	/usr/lib/libz.1.dylib
0x00000000074be000 	/usr/lib/libSystem.B.dylib
0x00000000074be000 	/usr/lib/libobjc.A.dylib
0x00000000074be000 	/System/Library/Frameworks/CoreFoundation.framework/Versions/A/CoreFoundation
0x00000000074be000 	/System/Library/Frameworks/Foundation.framework/Versions/C/Foundation
0x00000000074be000 	/System/Library/Frameworks/AppKit.framework/Versions/C/AppKit
0x00000000074be000 	/System/Library/Frameworks/CoreData.framework/Versions/A/CoreData
0x00000000074be000 	/System/Library/PrivateFrameworks/RemoteViewServices.framework/Versions/A/RemoteViewServices
0x00000000074be000 	/System/Library/PrivateFrameworks/UIFoundation.framework/Versions/A/UIFoundation
0x00000000074be000 	/System/Library/Frameworks/IOSurface.framework/Versions/A/IOSurface
0x00000000074be000 	/System/Library/Frameworks/AudioToolbox.framework/Versions/A/AudioToolbox
0x00000000074be000 	/System/Library/Frameworks/AudioUnit.framework/Versions/A/AudioUnit
0x00000000074be000 	/System/Library/PrivateFrameworks/DataDetectorsCore.framework/Versions/A/DataDetectorsCore
0x00000000074be000 	/System/Library/PrivateFrameworks/DesktopServicesPriv.framework/Versions/A/DesktopServicesPriv
0x00000000074be000 	/System/Library/Frameworks/Carbon.framework/Versions/A/Frameworks/HIToolbox.framework/Versions/A/HIToolbox
0x00000000074be000 	/System/Library/Frameworks/QuartzCore.framework/Versions/A/QuartzCore
0x00000000074be000 	/System/Library/Frameworks/Carbon.framework/Versions/A/Frameworks/SpeechRecognition.framework/Versions/A/SpeechRecognition
0x00000000074be000 	/usr/lib/libauto.dylib
0x00000000074be000 	/usr/lib/libicucore.A.dylib
0x00000000074be000 	/usr/lib/libxml2.2.dylib
0x00000000074be000 	/System/Library/PrivateFrameworks/CoreUI.framework/Versions/A/CoreUI
0x00000000074be000 	/System/Library/Frameworks/CoreAudio.framework/Versions/A/CoreAudio
0x00000000074be000 	/System/Library/Frameworks/DiskArbitration.framework/Versions/A/DiskArbitration
0x00000000074be000 	/usr/lib/liblangid.dylib
0x00000000074be000 	/System/Library/PrivateFrameworks/MultitouchSupport.framework/Versions/A/MultitouchSupport
0x00000000074be000 	/System/Library/Frameworks/IOKit.framework/Versions/A/IOKit
0x00000000074be000 	/usr/lib/libDiagnosticMessagesClient.dylib
0x00000000074be000 	/System/Library/Frameworks/CoreServices.framework/Versions/A/CoreServices
0x00000000074be000 	/System/Library/PrivateFrameworks/PerformanceAnalysis.framework/Versions/A/PerformanceAnalysis
0x00000000074be000 	/System/Library/PrivateFrameworks/GenerationalStorage.framework/Versions/A/GenerationalStorage
0x00000000074be000 	/System/Library/Frameworks/OpenGL.framework/Versions/A/OpenGL
0x00000000074be000 	/System/Library/PrivateFrameworks/Sharing.framework/Versions/A/Sharing
0x00000000074be000 	/System/Library/Frameworks/CoreGraphics.framework/Versions/A/CoreGraphics
0x00000000074be000 	/System/Library/Frameworks/CoreText.framework/Versions/A/CoreText
0x00000000074be000 	/System/Library/Frameworks/ImageIO.framework/Versions/A/ImageIO
0x00000000074be000 	/usr/lib/libextension.dylib
0x00000000074be000 	/System/Library/PrivateFrameworks/Backup.framework/Versions/A/Backup
0x00000000074be000 	/usr/lib/libarchive.2.dylib
0x00000000074be000 	/System/Library/Frameworks/CFNetwork.framework/Versions/A/CFNetwork
0x00000000074be000 	/System/Library/Frameworks/SystemConfiguration.framework/Versions/A/SystemConfiguration
0x00000000074be000 	/usr/lib/libCRFSuite.dylib
0x00000000074be000 	/usr/lib/libc++.1.dylib
0x00000000074be000 	/usr/lib/libc++abi.dylib
0x00000000074be000 	/usr/lib/system/libcache.dylib
0x00000000074be000 	/usr/lib/system/libcommonCrypto.dylib
0x00000000074be000 	/usr/lib/system/libcompiler_rt.dylib
0x00000000074be000 	/usr/lib/system/libcopyfile.dylib
0x00000000074be000 	/usr/lib/system/libcorecrypto.dylib
0x00000000074be000 	/usr/lib/system/libdispatch.dylib
0x00000000074be000 	/usr/lib/system/libdyld.dylib
0x00000000074be000 	/usr/lib/system/libkeymgr.dylib
0x00000000074be000 	/usr/lib/system/liblaunch.dylib
0x00000000074be000 	/usr/lib/system/libmacho.dylib
0x00000000074be000 	/usr/lib/system/libquarantine.dylib
0x00000000074be000 	/usr/lib/system/libremovefile.dylib
0x00000000074be000 	/usr/lib/system/libsystem_asl.dylib
0x00000000074be000 	/usr/lib/system/libsystem_blocks.dylib
0x00000000074be000 	/usr/lib/system/libsystem_c.dylib
0x00000000074be000 	/usr/lib/system/libsystem_configuration.dylib
0x00000000074be000 	/usr/lib/system/libsystem_coreservices.dylib
0x00000000074be000 	/usr/lib/system/libsystem_coretls.dylib
0x00000000074be000 	/usr/lib/system/libsystem_dnssd.dylib
0x00000000074be000 	/usr/lib/system/libsystem_info.dylib
0x00000000074be000 	/usr/lib/system/libsystem_kernel.dylib
0x00000000074be000 	/usr/lib/system/libsystem_m.dylib
0x00000000074be000 	/usr/lib/system/libsystem_malloc.dylib
0x00000000074be000 	/usr/lib/system/libsystem_network.dylib
0x00000000074be000 	/usr/lib/system/libsystem_networkextension.dylib
0x00000000074be000 	/usr/lib/system/libsystem_notify.dylib
0x00000000074be000 	/usr/lib/system/libsystem_platform.dylib
0x00000000074be000 	/usr/lib/system/libsystem_pthread.dylib
0x00000000074be000 	/usr/lib/system/libsystem_sandbox.dylib
0x00000000074be000 	/usr/lib/system/libsystem_secinit.dylib
0x00000000074be000 	/usr/lib/system/libsystem_stats.dylib
0x00000000074be000 	/usr/lib/system/libsystem_trace.dylib
0x00000000074be000 	/usr/lib/system/libunc.dylib
0x00000000074be000 	/usr/lib/system/libunwind.dylib
0x00000000074be000 	/usr/lib/system/libxpc.dylib
0x00000000074be000 	/usr/lib/libbz2.1.0.dylib
0x00000000074be000 	/usr/lib/liblzma.5.dylib
0x00000000074be000 	/usr/lib/libbsm.0.dylib
0x00000000074be000 	/usr/lib/libsqlite3.dylib
0x00000000074be000 	/usr/lib/system/libkxld.dylib
0x00000000074be000 	/usr/lib/libxar.1.dylib
0x00000000074be000 	/usr/lib/libpam.2.dylib
0x00000000074be000 	/usr/lib/libOpenScriptingUtil.dylib
0x00000000074be000 	/System/Library/Frameworks/CoreServices.framework/Versions/A/Frameworks/FSEvents.framework/Versions/A/FSEvents
0x00000000074be000 	/System/Library/Frameworks/CoreServices.framework/Versions/A/Frameworks/CarbonCore.framework/Versions/A/CarbonCore
0x00000000074be000 	/System/Library/Frameworks/CoreServices.framework/Versions/A/Frameworks/Metadata.framework/Versions/A/Metadata
0x00000000074be000 	/System/Library/Frameworks/CoreServices.framework/Versions/A/Frameworks/OSServices.framework/Versions/A/OSServices
0x00000000074be000 	/System/Library/Frameworks/CoreServices.framework/Versions/A/Frameworks/SearchKit.framework/Versions/A/SearchKit
0x00000000074be000 	/System/Library/Frameworks/CoreServices.framework/Versions/A/Frameworks/AE.framework/Versions/A/AE
0x00000000074be000 	/System/Library/Frameworks/CoreServices.framework/Versions/A/Frameworks/LaunchServices.framework/Versions/A/LaunchServices
0x00000000074be000 	/System/Library/Frameworks/CoreServices.framework/Versions/A/Frameworks/DictionaryServices.framework/Versions/A/DictionaryServices
0x00000000074be000 	/System/Library/Frameworks/NetFS.framework/Versions/A/NetFS
0x00000000074be000 	/System/Library/PrivateFrameworks/NetAuth.framework/Versions/A/NetAuth
0x00000000074be000 	/System/Library/PrivateFrameworks/login.framework/Versions/A/Frameworks/loginsupport.framework/Versions/A/loginsupport
0x00000000074be000 	/System/Library/PrivateFrameworks/TCC.framework/Versions/A/TCC
0x00000000074be000 	/usr/lib/libmecabra.dylib
0x00000000074be000 	/System/Library/PrivateFrameworks/LanguageModeling.framework/Versions/A/LanguageModeling
0x00000000074be000 	/usr/lib/libcmph.dylib
0x00000000074be000 	/usr/lib/libiconv.2.dylib
0x00000000074be000 	/System/Library/Frameworks/OpenDirectory.framework/Versions/A/Frameworks/CFOpenDirectory.framework/Versions/A/CFOpenDirectory
0x00000000074be000 	/System/Library/Frameworks/ServiceManagement.framework/Versions/A/ServiceManagement
0x00000000074be000 	/usr/lib/libxslt.1.dylib
0x00000000074be000 	/System/Library/Frameworks/Carbon.framework/Versions/A/Frameworks/Ink.framework/Versions/A/Ink
0x00000000074be000 	/System/Library/Frameworks/ApplicationServices.framework/Versions/A/Frameworks/ATS.framework/Versions/A/ATS
0x00000000074be000 	/System/Library/Frameworks/ApplicationServices.framework/Versions/A/Frameworks/ColorSync.framework/Versions/A/ColorSync
0x00000000074be000 	/System/Library/Frameworks/ApplicationServices.framework/Versions/A/Frameworks/HIServices.framework/Versions/A/HIServices
0x00000000074be000 	/System/Library/Frameworks/ApplicationServices.framework/Versions/A/Frameworks/LangAnalysis.framework/Versions/A/LangAnalysis
0x00000000074be000 	/System/Library/Frameworks/ApplicationServices.framework/Versions/A/Frameworks/PrintCore.framework/Versions/A/PrintCore
0x00000000074be000 	/System/Library/Frameworks/ApplicationServices.framework/Versions/A/Frameworks/QD.framework/Versions/A/QD
0x00000000074be000 	/System/Library/Frameworks/ApplicationServices.framework/Versions/A/Frameworks/SpeechSynthesis.framework/Versions/A/SpeechSynthesis
0x00000000074be000 	/System/Library/Frameworks/Accelerate.framework/Versions/A/Accelerate
0x00000000074be000 	/System/Library/Frameworks/Accelerate.framework/Versions/A/Frameworks/vImage.framework/Versions/A/vImage
0x00000000074be000 	/System/Library/Frameworks/Accelerate.framework/Versions/A/Frameworks/vecLib.framework/Versions/A/vecLib
0x00000000074be000 	/System/Library/Frameworks/Accelerate.framework/Versions/A/Frameworks/vecLib.framework/Versions/A/libvDSP.dylib
0x00000000074be000 	/System/Library/Frameworks/Accelerate.framework/Versions/A/Frameworks/vecLib.framework/Versions/A/libvMisc.dylib
0x00000000074be000 	/System/Library/Frameworks/Accelerate.framework/Versions/A/Frameworks/vecLib.framework/Versions/A/libLAPACK.dylib
0x00000000074be000 	/System/Library/Frameworks/Accelerate.framework/Versions/A/Frameworks/vecLib.framework/Versions/A/libBLAS.dylib
0x00000000074be000 	/System/Library/Frameworks/Accelerate.framework/Versions/A/Frameworks/vecLib.framework/Versions/A/libLinearAlgebra.dylib
0x00000000074be000 	/System/Library/Frameworks/ApplicationServices.framework/Versions/A/Frameworks/ATS.framework/Versions/A/Resources/libFontParser.dylib
0x00000000074be000 	/System/Library/Frameworks/ApplicationServices.framework/Versions/A/Frameworks/ATS.framework/Versions/A/Resources/libFontRegistry.dylib
0x00000000074be000 	/System/Library/PrivateFrameworks/AppleVPA.framework/Versions/A/AppleVPA
0x00000000074be000 	/System/Library/PrivateFrameworks/AppleJPEG.framework/Versions/A/AppleJPEG
0x00000000074be000 	/System/Library/Frameworks/ImageIO.framework/Versions/A/Resources/libJPEG.dylib
0x00000000074be000 	/System/Library/Frameworks/ImageIO.framework/Versions/A/Resources/libTIFF.dylib
0x00000000074be000 	/System/Library/Frameworks/ImageIO.framework/Versions/A/Resources/libPng.dylib
0x00000000074be000 	/System/Library/Frameworks/ImageIO.framework/Versions/A/Resources/libGIF.dylib
0x00000000074be000 	/System/Library/Frameworks/ImageIO.framework/Versions/A/Resources/libJP2.dylib
0x00000000074be000 	/System/Library/Frameworks/ImageIO.framework/Versions/A/Resources/libRadiance.dylib
0x00000000074be000 	/System/Library/Frameworks/CoreVideo.framework/Versions/A/CoreVideo
0x00000000074be000 	/System/Library/Frameworks/OpenGL.framework/Versions/A/Libraries/libGLU.dylib
0x00000000074be000 	/System/Library/Frameworks/OpenGL.framework/Versions/A/Libraries/libGFXShared.dylib
0x00000000074be000 	/System/Library/Frameworks/OpenGL.framework/Versions/A/Libraries/libGL.dylib
0x00000000074be000 	/System/Library/Frameworks/OpenGL.framework/Versions/A/Libraries/libGLImage.dylib
0x00000000074be000 	/System/Library/Frameworks/OpenGL.framework/Versions/A/Libraries/libCVMSPluginSupport.dylib
0x00000000074be000 	/System/Library/Frameworks/OpenGL.framework/Versions/A/Libraries/libCoreVMClient.dylib
0x00000000074be000 	/usr/lib/libcups.2.dylib
0x00000000074be000 	/System/Library/Frameworks/Kerberos.framework/Versions/A/Kerberos
0x00000000074be000 	/System/Library/Frameworks/GSS.framework/Versions/A/GSS
0x00000000074be000 	/usr/lib/libresolv.9.dylib
0x00000000074be000 	/System/Library/PrivateFrameworks/Heimdal.framework/Versions/A/Heimdal
0x00000000074be000 	/usr/lib/libheimdal-asn1.dylib
0x00000000074be000 	/System/Library/Frameworks/OpenDirectory.framework/Versions/A/OpenDirectory
0x00000000074be000 	/System/Library/PrivateFrameworks/CommonAuth.framework/Versions/A/CommonAuth
0x00000000074be000 	/System/Library/Frameworks/SecurityFoundation.framework/Versions/A/SecurityFoundation
0x00000000074be000 	/System/Library/Frameworks/QuartzCore.framework/Versions/A/Frameworks/CoreImage.framework/Versions/A/CoreImage
0x00000000074be000 	/System/Library/PrivateFrameworks/CrashReporterSupport.framework/Versions/A/CrashReporterSupport
0x00000000074be000 	/System/Library/Frameworks/OpenCL.framework/Versions/A/OpenCL
0x00000000074be000 	/System/Library/PrivateFrameworks/FaceCore.framework/Versions/A/FaceCore
0x00000000074be000 	/System/Library/PrivateFrameworks/Ubiquity.framework/Versions/A/Ubiquity
0x00000000074be000 	/System/Library/PrivateFrameworks/IconServices.framework/Versions/A/IconServices
0x00000000074be000 	/System/Library/PrivateFrameworks/ChunkingLibrary.framework/Versions/A/ChunkingLibrary
0x00000000074be000 	/System/Library/PrivateFrameworks/Apple80211.framework/Versions/A/Apple80211
0x00000000074be000 	/System/Library/Frameworks/CoreWLAN.framework/Versions/A/CoreWLAN
0x00000000074be000 	/System/Library/Frameworks/IOBluetooth.framework/Versions/A/IOBluetooth
0x00000000074be000 	/System/Library/PrivateFrameworks/CoreWiFi.framework/Versions/A/CoreWiFi
0x00000000074be000 	/System/Library/Frameworks/CoreBluetooth.framework/Versions/A/CoreBluetooth
0x00000000074be000 	/System/Library/PrivateFrameworks/DebugSymbols.framework/Versions/A/DebugSymbols
0x00000000074be000 	/System/Library/PrivateFrameworks/CoreSymbolication.framework/Versions/A/CoreSymbolication
0x00000000074be000 	/System/Library/PrivateFrameworks/Symbolication.framework/Versions/A/Symbolication
0x00000000074be000 	/System/Library/PrivateFrameworks/SpeechRecognitionCore.framework/Versions/A/SpeechRecognitionCore
0x000000010b000000 	/Library/Java/JavaVirtualMachines/jdk1.8.0_25.jdk/Contents/Home/jre/lib/server/libjvm.dylib
0x00000000074be000 	/usr/lib/libstdc++.6.dylib
0x0000000109f06000 	/Library/Java/JavaVirtualMachines/jdk1.8.0_25.jdk/Contents/Home/jre/lib/libverify.dylib
0x0000000109f14000 	/Library/Java/JavaVirtualMachines/jdk1.8.0_25.jdk/Contents/Home/jre/lib/libjava.dylib
0x0000000109f52000 	/Library/Java/JavaVirtualMachines/jdk1.8.0_25.jdk/Contents/Home/jre/lib/libzip.dylib
0x0000000127b29000 	/System/Library/Frameworks/JavaVM.framework/Frameworks/JavaRuntimeSupport.framework/JavaRuntimeSupport
0x0000000127b3f000 	/System/Library/Frameworks/JavaVM.framework/Versions/A/Frameworks/JavaNativeFoundation.framework/Versions/A/JavaNativeFoundation
0x0000000127b53000 	/System/Library/Frameworks/JavaVM.framework/Versions/A/JavaVM
0x00000000074be000 	/System/Library/Frameworks/Carbon.framework/Versions/A/Carbon
0x0000000127b5f000 	/System/Library/PrivateFrameworks/JavaLaunching.framework/Versions/A/JavaLaunching
0x00000000074be000 	/System/Library/Frameworks/Carbon.framework/Versions/A/Frameworks/CommonPanels.framework/Versions/A/CommonPanels
0x00000000074be000 	/System/Library/Frameworks/Carbon.framework/Versions/A/Frameworks/Help.framework/Versions/A/Help
0x00000000074be000 	/System/Library/Frameworks/Carbon.framework/Versions/A/Frameworks/ImageCapture.framework/Versions/A/ImageCapture
0x00000000074be000 	/System/Library/Frameworks/Carbon.framework/Versions/A/Frameworks/OpenScripting.framework/Versions/A/OpenScripting
0x00000000074be000 	/System/Library/Frameworks/Carbon.framework/Versions/A/Frameworks/Print.framework/Versions/A/Print
0x00000000074be000 	/System/Library/Frameworks/Carbon.framework/Versions/A/Frameworks/SecurityHI.framework/Versions/A/SecurityHI
0x0000000129c11000 	/Library/Java/JavaVirtualMachines/jdk1.8.0_25.jdk/Contents/Home/jre/lib/libprism_es2.dylib
0x00000000074be000 	/System/Library/Frameworks/OpenGL.framework/Versions/A/Resources/GLEngine.bundle/GLEngine
0x00000000074be000 	/System/Library/Frameworks/OpenGL.framework/Versions/A/Libraries/libGLProgrammability.dylib
0x0000000000000000 	/System/Library/Extensions/AppleIntelHD5000GraphicsGLDriver.bundle/Contents/MacOS/AppleIntelHD5000GraphicsGLDriver
0x00000000074be000 	/System/Library/PrivateFrameworks/IOAccelerator.framework/Versions/A/IOAccelerator
0x00000000074be000 	/System/Library/PrivateFrameworks/GPUSupport.framework/Versions/A/Libraries/libGPUSupportMercury.dylib
0x00000000074be000 	/System/Library/Frameworks/OpenGL.framework/Versions/A/Resources/GLRendererFloat.bundle/GLRendererFloat
0x00000000074be000 	/System/Library/Frameworks/OpenCL.framework/Versions/A/Libraries/libcldcpuengine.dylib
0x00000000074be000 	/System/Library/PrivateFrameworks/DiskImages.framework/Versions/A/DiskImages
0x00000000074be000 	/System/Library/Frameworks/DiscRecording.framework/Versions/A/DiscRecording
0x00000000074be000 	/usr/lib/libcsfde.dylib
0x00000000074be000 	/usr/lib/libcurl.4.dylib
0x00000000074be000 	/System/Library/PrivateFrameworks/MediaKit.framework/Versions/A/MediaKit
0x00000000074be000 	/System/Library/PrivateFrameworks/ProtectedCloudStorage.framework/Versions/A/ProtectedCloudStorage
0x00000000074be000 	/usr/lib/libCoreStorage.dylib
0x00000000074be000 	/System/Library/PrivateFrameworks/EFILogin.framework/Versions/A/EFILogin
0x00000000074be000 	/usr/lib/libutil.dylib
0x00000000074be000 	/System/Library/PrivateFrameworks/FindMyDevice.framework/Versions/A/FindMyDevice
0x00000000074be000 	/System/Library/Frameworks/LDAP.framework/Versions/A/LDAP
0x00000000074be000 	/usr/lib/libsasl2.2.dylib
0x00000000074be000 	/System/Library/PrivateFrameworks/CoreDaemon.framework/Versions/B/CoreDaemon
0x00000000074be000 	/usr/lib/libcrypto.0.9.8.dylib
0x00000000074be000 	/System/Library/PrivateFrameworks/AppleSRP.framework/Versions/A/AppleSRP
0x00000000074be000 	/System/Library/PrivateFrameworks/TrustEvaluationAgent.framework/Versions/A/TrustEvaluationAgent
0x000000012a0be000 	/Library/Java/JavaVirtualMachines/jdk1.8.0_25.jdk/Contents/Home/jre/lib/libglass.dylib
0x00000000074be000 	/System/Library/PrivateFrameworks/CoreServicesInternal.framework/Versions/A/CoreServicesInternal
0x00000000074be000 	/System/Library/PrivateFrameworks/CloudDocs.framework/Versions/A/CloudDocs
0x00000000074be000 	/System/Library/PrivateFrameworks/CoreDuet.framework/Versions/A/CoreDuet
0x00000000074be000 	/System/Library/Frameworks/CloudKit.framework/Versions/A/CloudKit
0x00000000074be000 	/System/Library/PrivateFrameworks/ProtocolBuffer.framework/Versions/A/ProtocolBuffer
0x00000000074be000 	/System/Library/PrivateFrameworks/CoreDuetDaemonProtocol.framework/Versions/A/CoreDuetDaemonProtocol
0x00000000074be000 	/System/Library/PrivateFrameworks/CoreDuetDebugLogging.framework/Versions/A/CoreDuetDebugLogging
0x00000000074be000 	/System/Library/Frameworks/CoreLocation.framework/Versions/A/CoreLocation
0x00000000074be000 	/System/Library/Frameworks/Accounts.framework/Versions/A/Accounts
0x00000000074be000 	/System/Library/PrivateFrameworks/ApplePushService.framework/Versions/A/ApplePushService
0x00000000074be000 	/System/Library/PrivateFrameworks/GeoServices.framework/Versions/A/GeoServices
0x00000000074be000 	/System/Library/PrivateFrameworks/OAuth.framework/Versions/A/OAuth
0x00000000074be000 	/System/Library/Frameworks/CoreGraphics.framework/Versions/A/Resources/libCGCMS.A.dylib
0x00000000074be000 	/System/Library/CoreServices/RawCamera.bundle/Contents/MacOS/RawCamera
0x00000000074be000 	/System/Library/Frameworks/CoreGraphics.framework/Versions/A/Resources/libRIP.A.dylib
0x00000000074be000 	/System/Library/PrivateFrameworks/FamilyControls.framework/Versions/A/FamilyControls
0x00000000074be000 	/System/Library/PrivateFrameworks/CommerceKit.framework/Versions/A/Frameworks/CommerceCore.framework/Versions/A/CommerceCore
0x00000000074be000 	/System/Library/PrivateFrameworks/SystemAdministration.framework/Versions/A/SystemAdministration
0x00000000074be000 	/System/Library/PrivateFrameworks/AppContainer.framework/Versions/A/AppContainer
0x00000000074be000 	/System/Library/PrivateFrameworks/SecCodeWrapper.framework/Versions/A/SecCodeWrapper
0x00000000074be000 	/System/Library/Frameworks/DirectoryService.framework/Versions/A/DirectoryService
0x00000000074be000 	/System/Library/PrivateFrameworks/LoginUIKit.framework/Versions/A/Frameworks/LoginUICore.framework/Versions/A/LoginUICore
0x00000000074be000 	/usr/lib/libodfde.dylib
0x000000012d953000 	/Library/Java/JavaVirtualMachines/jdk1.8.0_25.jdk/Contents/Home/jre/lib/libjavafx_font.dylib
0x00000000074be000 	/System/Library/Frameworks/CoreGraphics.framework/Versions/A/Resources/libCGXType.A.dylib
0x000000012d6e0000 	/Library/Java/JavaVirtualMachines/jdk1.8.0_25.jdk/Contents/Home/jre/lib/libmanagement.dylib
0x000000012dc3b000 	/Library/Java/JavaVirtualMachines/jdk1.8.0_25.jdk/Contents/Home/jre/lib/libnet.dylib
0x000000012dcb2000 	/Library/Java/JavaVirtualMachines/jdk1.8.0_25.jdk/Contents/Home/jre/lib/libnio.dylib
0x000000012b856000 	/Library/Java/JavaVirtualMachines/jdk1.8.0_25.jdk/Contents/Home/jre/lib/libprism_common.dylib
0x000000012d9ae000 	cl_kernels
0x0000000130b08000 	/System/Library/Frameworks/OpenCL.framework/Versions/A/Libraries/ImageFormats/unorm8_bgra.dylib
0x000000012dbe2000 	cl_kernels

VM Arguments:
jvm_args: -Dfile.encoding=UTF-8 
java_command: /Users/Eskil/NetBeansProjects/Einblick_App/dist/run896603555/Einblick_App.jar
java_class_path (initial): /Users/Eskil/NetBeansProjects/Einblick_App/dist/run896603555/Einblick_App.jar
Launcher Type: SUN_STANDARD

Environment Variables:
PATH=/usr/bin:/bin:/usr/sbin:/sbin
LD_LIBRARY_PATH=/Library/Java/JavaVirtualMachines/jdk1.8.0_25.jdk/Contents/Home/jre/lib/amd64:/Library/Java/JavaVirtualMachines/jdk1.8.0_25.jdk/Contents/Home/jre/lib/i386:
SHELL=/bin/bash
DYLD_LIBRARY_PATH=/Applications/NetBeans/NetBeans 8.0.1.app/Contents/Resources/NetBeans/webcommon/bin:

Signal Handlers:
SIGSEGV: [libjvm.dylib+0x579dc7], sa_mask[0]=11111111011111110111111111111111, sa_flags=SA_ONSTACK|SA_RESTART|SA_SIGINFO
SIGBUS: [libjvm.dylib+0x579dc7], sa_mask[0]=11111111011111110111111111111111, sa_flags=SA_RESTART|SA_SIGINFO
SIGFPE: [libjvm.dylib+0x45b030], sa_mask[0]=11111111011111110111111111111111, sa_flags=SA_RESTART|SA_SIGINFO
SIGPIPE: [libjvm.dylib+0x45b030], sa_mask[0]=11111111011111110111111111111111, sa_flags=SA_RESTART|SA_SIGINFO
SIGXFSZ: [libjvm.dylib+0x45b030], sa_mask[0]=11111111011111110111111111111111, sa_flags=SA_RESTART|SA_SIGINFO
SIGILL: [libjvm.dylib+0x45b030], sa_mask[0]=11111111011111110111111111111111, sa_flags=SA_RESTART|SA_SIGINFO
SIGUSR1: SIG_DFL, sa_mask[0]=00000000000000000000000000000000, sa_flags=none
SIGUSR2: [libjvm.dylib+0x45ab4e], sa_mask[0]=00100000000000000000000000000000, sa_flags=SA_RESTART|SA_SIGINFO
SIGHUP: [libjvm.dylib+0x459121], sa_mask[0]=11111111011111110111111111111111, sa_flags=SA_RESTART|SA_SIGINFO
SIGINT: SIG_IGN, sa_mask[0]=00000000000000000000000000000000, sa_flags=none
SIGTERM: [libjvm.dylib+0x459121], sa_mask[0]=11111111011111110111111111111111, sa_flags=SA_RESTART|SA_SIGINFO
SIGQUIT: [libjvm.dylib+0x459121], sa_mask[0]=11111111011111110111111111111111, sa_flags=SA_RESTART|SA_SIGINFO


---------------  S Y S T E M  ---------------

OS:Bsduname:Darwin 14.0.0 Darwin Kernel Version 14.0.0: Fri Sep 19 00:26:44 PDT 2014; root:xnu-2782.1.97~2/RELEASE_X86_64 x86_64
rlimit: STACK 8192k, CORE 0k, NPROC 709, NOFILE 10240, AS infinity
load average:3.42 3.19 2.76

CPU:total 8 (4 cores per cpu, 2 threads per core) family 6 model 70 stepping 1, cmov, cx8, fxsr, mmx, sse, sse2, sse3, ssse3, sse4.1, sse4.2, popcnt, avx, avx2, aes, clmul, erms, lzcnt, ht, tsc, tscinvbit, bmi1, bmi2

Memory: 4k page, physical 16777216k(3702336k free)

/proc/meminfo:


vm_info: Java HotSpot(TM) 64-Bit Server VM (25.25-b02) for bsd-amd64 JRE (1.8.0_25-b17), built on Sep 17 2014 16:56:50 by "java_re" with gcc 4.2.1 (Based on Apple Inc. build 5658) (LLVM build 2336.11.00)

time: Mon Dec  1 11:36:54 2014
elapsed time: 562 seconds (0d 0h 9m 22s)

