#
# A fatal error has been detected by the Java Runtime Environment:
#
#  SIGSEGV (0xb) at pc=0x000000012b0635b3, pid=45335, tid=21763
#
# JRE version: Java(TM) SE Runtime Environment (8.0_25-b17) (build 1.8.0_25-b17)
# Java VM: Java HotSpot(TM) 64-Bit Server VM (25.25-b02 mixed mode bsd-amd64 compressed oops)
# Problematic frame:
# C  [libprism_common.dylib+0x45b3]  Renderer_produceAlphas+0x233
#
# Failed to write core dump. Core dumps have been disabled. To enable core dumping, try "ulimit -c unlimited" before starting Java again
#
# If you would like to submit a bug report, please visit:
#   http://bugreport.sun.com/bugreport/crash.jsp
# The crash happened outside the Java Virtual Machine in native code.
# See problematic frame for where to report the bug.
#

---------------  T H R E A D  ---------------

Current thread (0x00007f95898e1800):  JavaThread "QuantumRenderer-0" daemon [_thread_in_native, id=21763, stack(0x0000000127274000,0x0000000127374000)]

siginfo: si_signo: 11 (SIGSEGV), si_code: 1 (SEGV_MAPERR), si_addr: 0x0000000131748000

Registers:
RAX=0x0000000000000468, RBX=0x0000000000000007, RCX=0x0000000000000467, RDX=0x0000000000025000
RSP=0x000000012736dd20, RBP=0x000000012736edb0, RSI=0x0000000000000007, RDI=0x0000000130500000
R8 =0x000000012736ee08, R9 =0x00007f958bf34e00, R10=0x000000000000049f, R11=0x00000000000004ba
R12=0x0000000000000468, R13=0x00000000000001a0, R14=0x00000001316b4000, R15=0x000000015e211000
RIP=0x000000012b0635b3, EFLAGS=0x0000000000010202, ERR=0x0000000000000006
  TRAPNO=0x000000000000000e

Top of Stack: (sp=0x000000012736dd20)
0x000000012736dd20:   00024b0c2736e4b0 000000012736ee88
0x000000012736dd30:   00007f958bf34e00 000000012736ee08
0x000000012736dd40:   00024b0c00000468 0000000130500000
0x000000012736dd50:   000004a02736fc50 ffffffff00002880
0x000000012736dd60:   00000001316b4000 0000000000000007
0x000000012736dd70:   0000000130500018 000000d0898e1800
0x000000012736dd80:   0000000000000074 000000012736ffe0
0x000000012736dd90:   000000012736fc60 000000012736fc64
0x000000012736dda0:   000000003132d868 00000001273700b4
0x000000012736ddb0:   000000012737009c 0000000127370094
0x000000012736ddc0:   000000012736e550 00007f95898e1800
0x000000012736ddd0:   000000012736fc70 000000012736fc74
0x000000012736dde0:   000000012737006c 0000000127370064
0x000000012736ddf0:   000000012737005c 0000000127370054
0x000000012736de00:   000000013138ef78 0000000132a79820
0x000000012736de10:   000000012736fc80 000000012736fc84
0x000000012736de20:   000000012736ff34 000000012736ff44
0x000000012736de30:   000000012736e5c0 00007f95898e1800
0x000000012736de40:   0000000000000070 000000012736ff84
0x000000012736de50:   000000012736fc90 0000000132ab0f70
0x000000012736de60:   000000012736ffb4 000000012736ffc4
0x000000012736de70:   000000012736ffd4 000000012736ffe4
0x000000012736de80:   0000000000000001 00000001273702a0
0x000000012736de90:   000000012736fca0 000000012736fca4
0x000000012736dea0:   0000000127370278 0000000127370270
0x000000012736deb0:   0000000127370268 00000001313c0fd0
0x000000012736dec0:   0000000127370258 0000000127370250
0x000000012736ded0:   000000012736fcb0 000000012736fcb4
0x000000012736dee0:   0000000127370238 0000000127370230
0x000000012736def0:   000000012736e680 00007f953138e410
0x000000012736df00:   0000000000000001 0000000127370100
0x000000012736df10:   00000001313bccd8 000000012736fcc4 

Instructions: (pc=0x000000012b0635b3)
0x000000012b063593:   48 8b bd 98 ef ff ff eb 2e 48 63 d3 48 8b bd 98
0x000000012b0635a3:   ef ff ff 66 2e 0f 1f 84 00 00 00 00 00 8d 48 ff
0x000000012b0635b3:   41 89 0c 96 83 c0 03 48 63 c0 f3 41 0f 2c 04 87
0x000000012b0635c3:   48 ff c2 85 c0 75 e6 4c 89 b5 b0 ef ff ff 39 95 

Register to memory mapping:

RAX=0x0000000000000468 is an unknown value
RBX=0x0000000000000007 is an unknown value
RCX=0x0000000000000467 is an unknown value
RDX=0x0000000000025000 is an unknown value
RSP=0x000000012736dd20 is pointing into the stack for thread: 0x00007f95898e1800
RBP=0x000000012736edb0 is pointing into the stack for thread: 0x00007f95898e1800
RSI=0x0000000000000007 is an unknown value
RDI=0x0000000130500000 is an unknown value
R8 =0x000000012736ee08 is pointing into the stack for thread: 0x00007f95898e1800
R9 =0x00007f958bf34e00 is an unknown value
R10=0x000000000000049f is an unknown value
R11=0x00000000000004ba is an unknown value
R12=0x0000000000000468 is an unknown value
R13=0x00000000000001a0 is an unknown value
R14=0x00000001316b4000 is an unknown value
R15=0x000000015e211000 is an unknown value


Stack: [0x0000000127274000,0x0000000127374000],  sp=0x000000012736dd20,  free space=999k
Native frames: (J=compiled Java code, j=interpreted, Vv=VM code, C=native code)
C  [libprism_common.dylib+0x45b3]  Renderer_produceAlphas+0x233
C  [libprism_common.dylib+0x38f1]  Java_com_sun_prism_impl_shape_NativePiscesRasterizer_produceStrokeAlphas+0x431
j  com.sun.prism.impl.shape.NativePiscesRasterizer.produceStrokeAlphas([F[BIFIIF[FFDDDDDD[I[B)V+0
j  com.sun.prism.impl.shape.NativePiscesRasterizer.getMaskData(Lcom/sun/javafx/geom/Shape;Lcom/sun/prism/BasicStroke;Lcom/sun/javafx/geom/RectBounds;Lcom/sun/javafx/geom/transform/BaseTransform;Z)Lcom/sun/prism/impl/shape/MaskData;+441
J 5025 C1 com.sun.prism.impl.ps.BaseShaderGraphics.renderShape(Lcom/sun/javafx/geom/Shape;Lcom/sun/prism/BasicStroke;FFFF)V (284 bytes) @ 0x0000000109ce3104 [0x0000000109ce2bc0+0x544]
j  com.sun.prism.impl.BaseGraphics.draw(Lcom/sun/javafx/geom/Shape;)V+136
j  com.sun.prism.impl.ps.CachingShapeRepState.drawNoCache(Lcom/sun/prism/Graphics;Lcom/sun/javafx/geom/Shape;)V+2
j  com.sun.prism.impl.ps.CachingShapeRepState.render(Lcom/sun/prism/Graphics;Lcom/sun/javafx/geom/Shape;Lcom/sun/javafx/geom/RectBounds;Lcom/sun/prism/BasicStroke;)V+241
j  com.sun.prism.impl.ps.CachingShapeRep.draw(Lcom/sun/prism/Graphics;Lcom/sun/javafx/geom/Shape;Lcom/sun/javafx/geom/BaseBounds;)V+31
j  com.sun.javafx.sg.prism.NGShape.renderContent2D(Lcom/sun/prism/Graphics;Z)V+112
j  com.sun.javafx.sg.prism.NGShape.renderContent(Lcom/sun/prism/Graphics;)V+382
J 4080 C1 com.sun.javafx.sg.prism.NGNode.doRender(Lcom/sun/prism/Graphics;)V (473 bytes) @ 0x000000010a3f581c [0x000000010a3f39c0+0x1e5c]
J 4070 C1 com.sun.javafx.sg.prism.NGNode.render(Lcom/sun/prism/Graphics;)V (38 bytes) @ 0x000000010a3ed69c [0x000000010a3ed420+0x27c]
J 4121 C1 com.sun.javafx.sg.prism.NGGroup.renderContent(Lcom/sun/prism/Graphics;)V (436 bytes) @ 0x000000010a41239c [0x000000010a410fa0+0x13fc]
j  com.sun.javafx.sg.prism.NGNode.renderForClip(Lcom/sun/prism/Graphics;)V+17
j  com.sun.javafx.sg.prism.NGNode.renderRectClip(Lcom/sun/prism/Graphics;Lcom/sun/javafx/sg/prism/NGRectangle;)V+106
J 4248 C1 com.sun.javafx.sg.prism.NGNode.renderClip(Lcom/sun/prism/Graphics;)V (473 bytes) @ 0x000000010a46517c [0x000000010a460820+0x495c]
J 4080 C1 com.sun.javafx.sg.prism.NGNode.doRender(Lcom/sun/prism/Graphics;)V (473 bytes) @ 0x000000010a3f54cc [0x000000010a3f39c0+0x1b0c]
J 4070 C1 com.sun.javafx.sg.prism.NGNode.render(Lcom/sun/prism/Graphics;)V (38 bytes) @ 0x000000010a3ed69c [0x000000010a3ed420+0x27c]
J 4121 C1 com.sun.javafx.sg.prism.NGGroup.renderContent(Lcom/sun/prism/Graphics;)V (436 bytes) @ 0x000000010a41239c [0x000000010a410fa0+0x13fc]
J 4123 C1 com.sun.javafx.sg.prism.NGRegion.renderContent(Lcom/sun/prism/Graphics;)V (115 bytes) @ 0x000000010a425344 [0x000000010a423e80+0x14c4]
J 4080 C1 com.sun.javafx.sg.prism.NGNode.doRender(Lcom/sun/prism/Graphics;)V (473 bytes) @ 0x000000010a3f581c [0x000000010a3f39c0+0x1e5c]
J 4070 C1 com.sun.javafx.sg.prism.NGNode.render(Lcom/sun/prism/Graphics;)V (38 bytes) @ 0x000000010a3ed69c [0x000000010a3ed420+0x27c]
J 4121 C1 com.sun.javafx.sg.prism.NGGroup.renderContent(Lcom/sun/prism/Graphics;)V (436 bytes) @ 0x000000010a41239c [0x000000010a410fa0+0x13fc]
J 4123 C1 com.sun.javafx.sg.prism.NGRegion.renderContent(Lcom/sun/prism/Graphics;)V (115 bytes) @ 0x000000010a425344 [0x000000010a423e80+0x14c4]
J 4080 C1 com.sun.javafx.sg.prism.NGNode.doRender(Lcom/sun/prism/Graphics;)V (473 bytes) @ 0x000000010a3f581c [0x000000010a3f39c0+0x1e5c]
J 4070 C1 com.sun.javafx.sg.prism.NGNode.render(Lcom/sun/prism/Graphics;)V (38 bytes) @ 0x000000010a3ed69c [0x000000010a3ed420+0x27c]
J 4121 C1 com.sun.javafx.sg.prism.NGGroup.renderContent(Lcom/sun/prism/Graphics;)V (436 bytes) @ 0x000000010a41239c [0x000000010a410fa0+0x13fc]
J 4123 C1 com.sun.javafx.sg.prism.NGRegion.renderContent(Lcom/sun/prism/Graphics;)V (115 bytes) @ 0x000000010a425344 [0x000000010a423e80+0x14c4]
J 4080 C1 com.sun.javafx.sg.prism.NGNode.doRender(Lcom/sun/prism/Graphics;)V (473 bytes) @ 0x000000010a3f581c [0x000000010a3f39c0+0x1e5c]
J 4070 C1 com.sun.javafx.sg.prism.NGNode.render(Lcom/sun/prism/Graphics;)V (38 bytes) @ 0x000000010a3ed69c [0x000000010a3ed420+0x27c]
J 4121 C1 com.sun.javafx.sg.prism.NGGroup.renderContent(Lcom/sun/prism/Graphics;)V (436 bytes) @ 0x000000010a41239c [0x000000010a410fa0+0x13fc]
J 4123 C1 com.sun.javafx.sg.prism.NGRegion.renderContent(Lcom/sun/prism/Graphics;)V (115 bytes) @ 0x000000010a425344 [0x000000010a423e80+0x14c4]
j  com.sun.javafx.sg.prism.NGNode.renderForClip(Lcom/sun/prism/Graphics;)V+17
j  com.sun.javafx.sg.prism.NGNode.renderRectClip(Lcom/sun/prism/Graphics;Lcom/sun/javafx/sg/prism/NGRectangle;)V+106
J 4248 C1 com.sun.javafx.sg.prism.NGNode.renderClip(Lcom/sun/prism/Graphics;)V (473 bytes) @ 0x000000010a46517c [0x000000010a460820+0x495c]
J 4080 C1 com.sun.javafx.sg.prism.NGNode.doRender(Lcom/sun/prism/Graphics;)V (473 bytes) @ 0x000000010a3f54cc [0x000000010a3f39c0+0x1b0c]
J 4070 C1 com.sun.javafx.sg.prism.NGNode.render(Lcom/sun/prism/Graphics;)V (38 bytes) @ 0x000000010a3ed69c [0x000000010a3ed420+0x27c]
J 4121 C1 com.sun.javafx.sg.prism.NGGroup.renderContent(Lcom/sun/prism/Graphics;)V (436 bytes) @ 0x000000010a41239c [0x000000010a410fa0+0x13fc]
J 4123 C1 com.sun.javafx.sg.prism.NGRegion.renderContent(Lcom/sun/prism/Graphics;)V (115 bytes) @ 0x000000010a425344 [0x000000010a423e80+0x14c4]
J 4080 C1 com.sun.javafx.sg.prism.NGNode.doRender(Lcom/sun/prism/Graphics;)V (473 bytes) @ 0x000000010a3f581c [0x000000010a3f39c0+0x1e5c]
J 4070 C1 com.sun.javafx.sg.prism.NGNode.render(Lcom/sun/prism/Graphics;)V (38 bytes) @ 0x000000010a3ed69c [0x000000010a3ed420+0x27c]
J 4121 C1 com.sun.javafx.sg.prism.NGGroup.renderContent(Lcom/sun/prism/Graphics;)V (436 bytes) @ 0x000000010a41239c [0x000000010a410fa0+0x13fc]
J 4123 C1 com.sun.javafx.sg.prism.NGRegion.renderContent(Lcom/sun/prism/Graphics;)V (115 bytes) @ 0x000000010a425344 [0x000000010a423e80+0x14c4]
J 4080 C1 com.sun.javafx.sg.prism.NGNode.doRender(Lcom/sun/prism/Graphics;)V (473 bytes) @ 0x000000010a3f581c [0x000000010a3f39c0+0x1e5c]
J 4070 C1 com.sun.javafx.sg.prism.NGNode.render(Lcom/sun/prism/Graphics;)V (38 bytes) @ 0x000000010a3ed69c [0x000000010a3ed420+0x27c]
J 4121 C1 com.sun.javafx.sg.prism.NGGroup.renderContent(Lcom/sun/prism/Graphics;)V (436 bytes) @ 0x000000010a41239c [0x000000010a410fa0+0x13fc]
J 4123 C1 com.sun.javafx.sg.prism.NGRegion.renderContent(Lcom/sun/prism/Graphics;)V (115 bytes) @ 0x000000010a425344 [0x000000010a423e80+0x14c4]
J 4080 C1 com.sun.javafx.sg.prism.NGNode.doRender(Lcom/sun/prism/Graphics;)V (473 bytes) @ 0x000000010a3f581c [0x000000010a3f39c0+0x1e5c]
J 4070 C1 com.sun.javafx.sg.prism.NGNode.render(Lcom/sun/prism/Graphics;)V (38 bytes) @ 0x000000010a3ed69c [0x000000010a3ed420+0x27c]
J 4121 C1 com.sun.javafx.sg.prism.NGGroup.renderContent(Lcom/sun/prism/Graphics;)V (436 bytes) @ 0x000000010a41239c [0x000000010a410fa0+0x13fc]
J 4123 C1 com.sun.javafx.sg.prism.NGRegion.renderContent(Lcom/sun/prism/Graphics;)V (115 bytes) @ 0x000000010a425344 [0x000000010a423e80+0x14c4]
J 4080 C1 com.sun.javafx.sg.prism.NGNode.doRender(Lcom/sun/prism/Graphics;)V (473 bytes) @ 0x000000010a3f581c [0x000000010a3f39c0+0x1e5c]
J 4070 C1 com.sun.javafx.sg.prism.NGNode.render(Lcom/sun/prism/Graphics;)V (38 bytes) @ 0x000000010a3ed69c [0x000000010a3ed420+0x27c]
J 4121 C1 com.sun.javafx.sg.prism.NGGroup.renderContent(Lcom/sun/prism/Graphics;)V (436 bytes) @ 0x000000010a41239c [0x000000010a410fa0+0x13fc]
J 4123 C1 com.sun.javafx.sg.prism.NGRegion.renderContent(Lcom/sun/prism/Graphics;)V (115 bytes) @ 0x000000010a425344 [0x000000010a423e80+0x14c4]
J 4080 C1 com.sun.javafx.sg.prism.NGNode.doRender(Lcom/sun/prism/Graphics;)V (473 bytes) @ 0x000000010a3f581c [0x000000010a3f39c0+0x1e5c]
J 4070 C1 com.sun.javafx.sg.prism.NGNode.render(Lcom/sun/prism/Graphics;)V (38 bytes) @ 0x000000010a3ed69c [0x000000010a3ed420+0x27c]
j  com.sun.javafx.tk.quantum.ViewPainter.doPaint(Lcom/sun/prism/Graphics;Lcom/sun/javafx/sg/prism/NodePath;)V+201
j  com.sun.javafx.tk.quantum.ViewPainter.paintImpl(Lcom/sun/prism/Graphics;)V+946
j  com.sun.javafx.tk.quantum.PresentingPainter.run()V+290
j  java.util.concurrent.Executors$RunnableAdapter.call()Ljava/lang/Object;+4
j  java.util.concurrent.FutureTask.runAndReset()Z+47
j  com.sun.javafx.tk.RenderJob.run()V+1
j  java.util.concurrent.ThreadPoolExecutor.runWorker(Ljava/util/concurrent/ThreadPoolExecutor$Worker;)V+95
j  java.util.concurrent.ThreadPoolExecutor$Worker.run()V+5
j  com.sun.javafx.tk.quantum.QuantumRenderer$PipelineRunnable.run()V+8
j  java.lang.Thread.run()V+11
v  ~StubRoutines::call_stub
V  [libjvm.dylib+0x2d4516]
V  [libjvm.dylib+0x2d4ca4]
V  [libjvm.dylib+0x2d4e50]
V  [libjvm.dylib+0x32583f]
V  [libjvm.dylib+0x535ed9]
V  [libjvm.dylib+0x53761c]
V  [libjvm.dylib+0x45d87e]
C  [libsystem_pthread.dylib+0x32fc]  _pthread_body+0x83
C  [libsystem_pthread.dylib+0x3279]  _pthread_body+0x0
C  [libsystem_pthread.dylib+0x14b1]  thread_start+0xd
C  0x0000000000000000

Java frames: (J=compiled Java code, j=interpreted, Vv=VM code)
j  com.sun.prism.impl.shape.NativePiscesRasterizer.produceStrokeAlphas([F[BIFIIF[FFDDDDDD[I[B)V+0
j  com.sun.prism.impl.shape.NativePiscesRasterizer.getMaskData(Lcom/sun/javafx/geom/Shape;Lcom/sun/prism/BasicStroke;Lcom/sun/javafx/geom/RectBounds;Lcom/sun/javafx/geom/transform/BaseTransform;Z)Lcom/sun/prism/impl/shape/MaskData;+441
J 5025 C1 com.sun.prism.impl.ps.BaseShaderGraphics.renderShape(Lcom/sun/javafx/geom/Shape;Lcom/sun/prism/BasicStroke;FFFF)V (284 bytes) @ 0x0000000109ce3104 [0x0000000109ce2bc0+0x544]
j  com.sun.prism.impl.BaseGraphics.draw(Lcom/sun/javafx/geom/Shape;)V+136
j  com.sun.prism.impl.ps.CachingShapeRepState.drawNoCache(Lcom/sun/prism/Graphics;Lcom/sun/javafx/geom/Shape;)V+2
j  com.sun.prism.impl.ps.CachingShapeRepState.render(Lcom/sun/prism/Graphics;Lcom/sun/javafx/geom/Shape;Lcom/sun/javafx/geom/RectBounds;Lcom/sun/prism/BasicStroke;)V+241
j  com.sun.prism.impl.ps.CachingShapeRep.draw(Lcom/sun/prism/Graphics;Lcom/sun/javafx/geom/Shape;Lcom/sun/javafx/geom/BaseBounds;)V+31
j  com.sun.javafx.sg.prism.NGShape.renderContent2D(Lcom/sun/prism/Graphics;Z)V+112
j  com.sun.javafx.sg.prism.NGShape.renderContent(Lcom/sun/prism/Graphics;)V+382
J 4080 C1 com.sun.javafx.sg.prism.NGNode.doRender(Lcom/sun/prism/Graphics;)V (473 bytes) @ 0x000000010a3f581c [0x000000010a3f39c0+0x1e5c]
J 4070 C1 com.sun.javafx.sg.prism.NGNode.render(Lcom/sun/prism/Graphics;)V (38 bytes) @ 0x000000010a3ed69c [0x000000010a3ed420+0x27c]
J 4121 C1 com.sun.javafx.sg.prism.NGGroup.renderContent(Lcom/sun/prism/Graphics;)V (436 bytes) @ 0x000000010a41239c [0x000000010a410fa0+0x13fc]
j  com.sun.javafx.sg.prism.NGNode.renderForClip(Lcom/sun/prism/Graphics;)V+17
j  com.sun.javafx.sg.prism.NGNode.renderRectClip(Lcom/sun/prism/Graphics;Lcom/sun/javafx/sg/prism/NGRectangle;)V+106
J 4248 C1 com.sun.javafx.sg.prism.NGNode.renderClip(Lcom/sun/prism/Graphics;)V (473 bytes) @ 0x000000010a46517c [0x000000010a460820+0x495c]
J 4080 C1 com.sun.javafx.sg.prism.NGNode.doRender(Lcom/sun/prism/Graphics;)V (473 bytes) @ 0x000000010a3f54cc [0x000000010a3f39c0+0x1b0c]
J 4070 C1 com.sun.javafx.sg.prism.NGNode.render(Lcom/sun/prism/Graphics;)V (38 bytes) @ 0x000000010a3ed69c [0x000000010a3ed420+0x27c]
J 4121 C1 com.sun.javafx.sg.prism.NGGroup.renderContent(Lcom/sun/prism/Graphics;)V (436 bytes) @ 0x000000010a41239c [0x000000010a410fa0+0x13fc]
J 4123 C1 com.sun.javafx.sg.prism.NGRegion.renderContent(Lcom/sun/prism/Graphics;)V (115 bytes) @ 0x000000010a425344 [0x000000010a423e80+0x14c4]
J 4080 C1 com.sun.javafx.sg.prism.NGNode.doRender(Lcom/sun/prism/Graphics;)V (473 bytes) @ 0x000000010a3f581c [0x000000010a3f39c0+0x1e5c]
J 4070 C1 com.sun.javafx.sg.prism.NGNode.render(Lcom/sun/prism/Graphics;)V (38 bytes) @ 0x000000010a3ed69c [0x000000010a3ed420+0x27c]
J 4121 C1 com.sun.javafx.sg.prism.NGGroup.renderContent(Lcom/sun/prism/Graphics;)V (436 bytes) @ 0x000000010a41239c [0x000000010a410fa0+0x13fc]
J 4123 C1 com.sun.javafx.sg.prism.NGRegion.renderContent(Lcom/sun/prism/Graphics;)V (115 bytes) @ 0x000000010a425344 [0x000000010a423e80+0x14c4]
J 4080 C1 com.sun.javafx.sg.prism.NGNode.doRender(Lcom/sun/prism/Graphics;)V (473 bytes) @ 0x000000010a3f581c [0x000000010a3f39c0+0x1e5c]
J 4070 C1 com.sun.javafx.sg.prism.NGNode.render(Lcom/sun/prism/Graphics;)V (38 bytes) @ 0x000000010a3ed69c [0x000000010a3ed420+0x27c]
J 4121 C1 com.sun.javafx.sg.prism.NGGroup.renderContent(Lcom/sun/prism/Graphics;)V (436 bytes) @ 0x000000010a41239c [0x000000010a410fa0+0x13fc]
J 4123 C1 com.sun.javafx.sg.prism.NGRegion.renderContent(Lcom/sun/prism/Graphics;)V (115 bytes) @ 0x000000010a425344 [0x000000010a423e80+0x14c4]
J 4080 C1 com.sun.javafx.sg.prism.NGNode.doRender(Lcom/sun/prism/Graphics;)V (473 bytes) @ 0x000000010a3f581c [0x000000010a3f39c0+0x1e5c]
J 4070 C1 com.sun.javafx.sg.prism.NGNode.render(Lcom/sun/prism/Graphics;)V (38 bytes) @ 0x000000010a3ed69c [0x000000010a3ed420+0x27c]
J 4121 C1 com.sun.javafx.sg.prism.NGGroup.renderContent(Lcom/sun/prism/Graphics;)V (436 bytes) @ 0x000000010a41239c [0x000000010a410fa0+0x13fc]
J 4123 C1 com.sun.javafx.sg.prism.NGRegion.renderContent(Lcom/sun/prism/Graphics;)V (115 bytes) @ 0x000000010a425344 [0x000000010a423e80+0x14c4]
j  com.sun.javafx.sg.prism.NGNode.renderForClip(Lcom/sun/prism/Graphics;)V+17
j  com.sun.javafx.sg.prism.NGNode.renderRectClip(Lcom/sun/prism/Graphics;Lcom/sun/javafx/sg/prism/NGRectangle;)V+106
J 4248 C1 com.sun.javafx.sg.prism.NGNode.renderClip(Lcom/sun/prism/Graphics;)V (473 bytes) @ 0x000000010a46517c [0x000000010a460820+0x495c]
J 4080 C1 com.sun.javafx.sg.prism.NGNode.doRender(Lcom/sun/prism/Graphics;)V (473 bytes) @ 0x000000010a3f54cc [0x000000010a3f39c0+0x1b0c]
J 4070 C1 com.sun.javafx.sg.prism.NGNode.render(Lcom/sun/prism/Graphics;)V (38 bytes) @ 0x000000010a3ed69c [0x000000010a3ed420+0x27c]
J 4121 C1 com.sun.javafx.sg.prism.NGGroup.renderContent(Lcom/sun/prism/Graphics;)V (436 bytes) @ 0x000000010a41239c [0x000000010a410fa0+0x13fc]
J 4123 C1 com.sun.javafx.sg.prism.NGRegion.renderContent(Lcom/sun/prism/Graphics;)V (115 bytes) @ 0x000000010a425344 [0x000000010a423e80+0x14c4]
J 4080 C1 com.sun.javafx.sg.prism.NGNode.doRender(Lcom/sun/prism/Graphics;)V (473 bytes) @ 0x000000010a3f581c [0x000000010a3f39c0+0x1e5c]
J 4070 C1 com.sun.javafx.sg.prism.NGNode.render(Lcom/sun/prism/Graphics;)V (38 bytes) @ 0x000000010a3ed69c [0x000000010a3ed420+0x27c]
J 4121 C1 com.sun.javafx.sg.prism.NGGroup.renderContent(Lcom/sun/prism/Graphics;)V (436 bytes) @ 0x000000010a41239c [0x000000010a410fa0+0x13fc]
J 4123 C1 com.sun.javafx.sg.prism.NGRegion.renderContent(Lcom/sun/prism/Graphics;)V (115 bytes) @ 0x000000010a425344 [0x000000010a423e80+0x14c4]
J 4080 C1 com.sun.javafx.sg.prism.NGNode.doRender(Lcom/sun/prism/Graphics;)V (473 bytes) @ 0x000000010a3f581c [0x000000010a3f39c0+0x1e5c]
J 4070 C1 com.sun.javafx.sg.prism.NGNode.render(Lcom/sun/prism/Graphics;)V (38 bytes) @ 0x000000010a3ed69c [0x000000010a3ed420+0x27c]
J 4121 C1 com.sun.javafx.sg.prism.NGGroup.renderContent(Lcom/sun/prism/Graphics;)V (436 bytes) @ 0x000000010a41239c [0x000000010a410fa0+0x13fc]
J 4123 C1 com.sun.javafx.sg.prism.NGRegion.renderContent(Lcom/sun/prism/Graphics;)V (115 bytes) @ 0x000000010a425344 [0x000000010a423e80+0x14c4]
J 4080 C1 com.sun.javafx.sg.prism.NGNode.doRender(Lcom/sun/prism/Graphics;)V (473 bytes) @ 0x000000010a3f581c [0x000000010a3f39c0+0x1e5c]
J 4070 C1 com.sun.javafx.sg.prism.NGNode.render(Lcom/sun/prism/Graphics;)V (38 bytes) @ 0x000000010a3ed69c [0x000000010a3ed420+0x27c]
J 4121 C1 com.sun.javafx.sg.prism.NGGroup.renderContent(Lcom/sun/prism/Graphics;)V (436 bytes) @ 0x000000010a41239c [0x000000010a410fa0+0x13fc]
J 4123 C1 com.sun.javafx.sg.prism.NGRegion.renderContent(Lcom/sun/prism/Graphics;)V (115 bytes) @ 0x000000010a425344 [0x000000010a423e80+0x14c4]
J 4080 C1 com.sun.javafx.sg.prism.NGNode.doRender(Lcom/sun/prism/Graphics;)V (473 bytes) @ 0x000000010a3f581c [0x000000010a3f39c0+0x1e5c]
J 4070 C1 com.sun.javafx.sg.prism.NGNode.render(Lcom/sun/prism/Graphics;)V (38 bytes) @ 0x000000010a3ed69c [0x000000010a3ed420+0x27c]
J 4121 C1 com.sun.javafx.sg.prism.NGGroup.renderContent(Lcom/sun/prism/Graphics;)V (436 bytes) @ 0x000000010a41239c [0x000000010a410fa0+0x13fc]
J 4123 C1 com.sun.javafx.sg.prism.NGRegion.renderContent(Lcom/sun/prism/Graphics;)V (115 bytes) @ 0x000000010a425344 [0x000000010a423e80+0x14c4]
J 4080 C1 com.sun.javafx.sg.prism.NGNode.doRender(Lcom/sun/prism/Graphics;)V (473 bytes) @ 0x000000010a3f581c [0x000000010a3f39c0+0x1e5c]
J 4070 C1 com.sun.javafx.sg.prism.NGNode.render(Lcom/sun/prism/Graphics;)V (38 bytes) @ 0x000000010a3ed69c [0x000000010a3ed420+0x27c]
j  com.sun.javafx.tk.quantum.ViewPainter.doPaint(Lcom/sun/prism/Graphics;Lcom/sun/javafx/sg/prism/NodePath;)V+201
j  com.sun.javafx.tk.quantum.ViewPainter.paintImpl(Lcom/sun/prism/Graphics;)V+946
j  com.sun.javafx.tk.quantum.PresentingPainter.run()V+290
j  java.util.concurrent.Executors$RunnableAdapter.call()Ljava/lang/Object;+4
j  java.util.concurrent.FutureTask.runAndReset()Z+47
j  com.sun.javafx.tk.RenderJob.run()V+1
j  java.util.concurrent.ThreadPoolExecutor.runWorker(Ljava/util/concurrent/ThreadPoolExecutor$Worker;)V+95
j  java.util.concurrent.ThreadPoolExecutor$Worker.run()V+5
j  com.sun.javafx.tk.quantum.QuantumRenderer$PipelineRunnable.run()V+8
j  java.lang.Thread.run()V+11
v  ~StubRoutines::call_stub

---------------  P R O C E S S  ---------------

Java Threads: ( => current thread )
  0x00007f958a0c7800 JavaThread "Prism Font Disposer" daemon [_thread_blocked, id=54303, stack(0x000000012b306000,0x000000012b406000)]
  0x00007f958c3ab000 JavaThread "Abandoned connection cleanup thread" daemon [_thread_blocked, id=52739, stack(0x000000012b9a1000,0x000000012baa1000)]
  0x00007f958c190000 JavaThread "JavaFX-Launcher" [_thread_blocked, id=51203, stack(0x000000012ac14000,0x000000012ad14000)]
  0x00007f958a806000 JavaThread "Thread-3" daemon [_thread_in_native, id=38663, stack(0x0000000129a3a000,0x0000000129aba000)]
  0x00007f958a801000 JavaThread "JavaFX Application Thread" [_thread_in_native, id=1811, stack(0x00007fff57edc000,0x00007fff586dc000)]
  0x00007f958c118800 JavaThread "Thread-1" daemon [_thread_blocked, id=25631, stack(0x0000000127883000,0x0000000127983000)]
=>0x00007f95898e1800 JavaThread "QuantumRenderer-0" daemon [_thread_in_native, id=21763, stack(0x0000000127274000,0x0000000127374000)]
  0x00007f958c048800 JavaThread "Service Thread" daemon [_thread_blocked, id=20739, stack(0x0000000126fdf000,0x00000001270df000)]
  0x00007f958c855800 JavaThread "C1 CompilerThread3" daemon [_thread_blocked, id=20227, stack(0x0000000126edc000,0x0000000126fdc000)]
  0x00007f958c00f000 JavaThread "C2 CompilerThread2" daemon [_thread_blocked, id=19715, stack(0x0000000126dd9000,0x0000000126ed9000)]
  0x00007f958c854800 JavaThread "C2 CompilerThread1" daemon [_thread_blocked, id=19203, stack(0x0000000126cd6000,0x0000000126dd6000)]
  0x00007f9589831000 JavaThread "C2 CompilerThread0" daemon [_thread_blocked, id=18691, stack(0x0000000126bd3000,0x0000000126cd3000)]
  0x00007f958980c000 JavaThread "Signal Dispatcher" daemon [_thread_blocked, id=14615, stack(0x0000000126ad0000,0x0000000126bd0000)]
  0x00007f958c852000 JavaThread "Finalizer" daemon [_thread_blocked, id=13571, stack(0x00000001251a5000,0x00000001252a5000)]
  0x00007f958c851000 JavaThread "Reference Handler" daemon [_thread_blocked, id=13059, stack(0x00000001250a2000,0x00000001251a2000)]
  0x00007f958b801000 JavaThread "main" [_thread_blocked, id=4867, stack(0x000000010766c000,0x000000010776c000)]

Other Threads:
  0x00007f958c84c800 VMThread [stack: 0x0000000124f9f000,0x000000012509f000] [id=12547]
  0x00007f958d000000 WatcherThread [stack: 0x00000001270e2000,0x00000001271e2000] [id=21251]

VM state:not at safepoint (normal execution)

VM Mutex/Monitor currently owned by a thread: None

Heap:
 PSYoungGen      total 545280K, used 353708K [0x000000076ab00000, 0x00000007a4f80000, 0x00000007c0000000)
  eden space 248832K, 27% used [0x000000076ab00000,0x000000076ee74210,0x0000000779e00000)
  from space 296448K, 96% used [0x000000078e600000,0x000000079fbf6e48,0x00000007a0780000)
  to   space 335872K, 0% used [0x0000000779e00000,0x0000000779e00000,0x000000078e600000)
 ParOldGen       total 1632768K, used 1051366K [0x00000006c0000000, 0x0000000723a80000, 0x000000076ab00000)
  object space 1632768K, 64% used [0x00000006c0000000,0x00000007002b9978,0x0000000723a80000)
 Metaspace       used 25622K, capacity 27254K, committed 27520K, reserved 1073152K
  class space    used 3604K, capacity 3897K, committed 3968K, reserved 1048576K

Card table byte_map: [0x0000000118adc000,0x00000001192dd000] byte_map_base: 0x00000001154dc000

Marking Bits: (ParMarkBitMap*) 0x000000010909d390
 Begin Bits: [0x000000011a04b000, 0x000000011e04b000)
 End Bits:   [0x000000011e04b000, 0x000000012204b000)

Polling page: 0x00000001077b0000

CodeCache: size=245760Kb used=18253Kb max_used=18269Kb free=227506Kb
 bounds [0x000000010971c000, 0x000000010a91c000, 0x000000011871c000]
 total_blobs=6027 nmethods=5291 adapters=649
 compilation: enabled

Compilation events (10 events):
Event: 278.757 Thread 0x00007f958c855800 nmethod 6169 0x000000010a8b9490 code [0x000000010a8b95e0, 0x000000010a8b96f0]
Event: 278.798 Thread 0x00007f9589831000 nmethod 6161 0x000000010a8efcd0 code [0x000000010a8f0260, 0x000000010a8f2718]
Event: 278.799 Thread 0x00007f9589831000 6166       4       com.sun.javafx.sg.prism.NGNode::computeNodeRenderRoot (112 bytes)
Event: 278.801 Thread 0x00007f958c00f000 nmethod 6162 0x000000010a8f8b90 code [0x000000010a8f9120, 0x000000010a8fb5f8]
Event: 278.802 Thread 0x00007f958c00f000 6167       4       com.sun.javafx.sg.prism.NGNode::computeRenderRoot (12 bytes)
Event: 278.803 Thread 0x00007f9589831000 nmethod 6166 0x000000010a8ed510 code [0x000000010a8ed6e0, 0x000000010a8edb50]
Event: 278.803 Thread 0x00007f9589831000 6163       4       com.sun.javafx.sg.prism.NGText::setFont (39 bytes)
Event: 278.806 Thread 0x00007f958c00f000 nmethod 6167 0x000000010a8f6990 code [0x000000010a8f6b60, 0x000000010a8f6fd0]
Event: 278.806 Thread 0x00007f9589831000 nmethod 6163 0x000000010a8f5e10 code [0x000000010a8f5fc0, 0x000000010a8f6468]
Event: 278.818 Thread 0x00007f958c854800 nmethod 6160% 0x000000010a903d50 code [0x000000010a904460, 0x000000010a9074d0]

GC Heap History (10 events):
Event: 79.835 GC heap before
{Heap before GC invocations=19 (full 4):
 PSYoungGen      total 487936K, used 487904K [0x000000076ab00000, 0x00000007a1c00000, 0x00000007c0000000)
  eden space 220672K, 100% used [0x000000076ab00000,0x0000000778280000,0x0000000778280000)
  from space 267264K, 99% used [0x000000078ba80000,0x000000079bf78010,0x000000079bf80000)
  to   space 319488K, 0% used [0x0000000778280000,0x0000000778280000,0x000000078ba80000)
 ParOldGen       total 1051648K, used 640519K [0x00000006c0000000, 0x0000000700300000, 0x000000076ab00000)
  object space 1051648K, 60% used [0x00000006c0000000,0x00000006e7181fe8,0x0000000700300000)
 Metaspace       used 25533K, capacity 27190K, committed 27264K, reserved 1073152K
  class space    used 3601K, capacity 3897K, committed 3968K, reserved 1048576K
Event: 80.059 GC heap after
Heap after GC invocations=19 (full 4):
 PSYoungGen      total 540160K, used 177088K [0x000000076ab00000, 0x00000007a1e00000, 0x00000007c0000000)
  eden space 220672K, 0% used [0x000000076ab00000,0x000000076ab00000,0x0000000778280000)
  from space 319488K, 55% used [0x0000000778280000,0x0000000782f70010,0x000000078ba80000)
  to   space 319488K, 0% used [0x000000078e600000,0x000000078e600000,0x00000007a1e00000)
 ParOldGen       total 1051648K, used 907751K [0x00000006c0000000, 0x0000000700300000, 0x000000076ab00000)
  object space 1051648K, 86% used [0x00000006c0000000,0x00000006f7679fe8,0x0000000700300000)
 Metaspace       used 25533K, capacity 27190K, committed 27264K, reserved 1073152K
  class space    used 3601K, capacity 3897K, committed 3968K, reserved 1048576K
}
Event: 80.059 GC heap before
{Heap before GC invocations=20 (full 5):
 PSYoungGen      total 540160K, used 177088K [0x000000076ab00000, 0x00000007a1e00000, 0x00000007c0000000)
  eden space 220672K, 0% used [0x000000076ab00000,0x000000076ab00000,0x0000000778280000)
  from space 319488K, 55% used [0x0000000778280000,0x0000000782f70010,0x000000078ba80000)
  to   space 319488K, 0% used [0x000000078e600000,0x000000078e600000,0x00000007a1e00000)
 ParOldGen       total 1051648K, used 907751K [0x00000006c0000000, 0x0000000700300000, 0x000000076ab00000)
  object space 1051648K, 86% used [0x00000006c0000000,0x00000006f7679fe8,0x0000000700300000)
 Metaspace       used 25533K, capacity 27190K, committed 27264K, reserved 1073152K
  class space    used 3601K, capacity 3897K, committed 3968K, reserved 1048576K
Event: 82.492 GC heap after
Heap after GC invocations=20 (full 5):
 PSYoungGen      total 540160K, used 31026K [0x000000076ab00000, 0x00000007a1e00000, 0x00000007c0000000)
  eden space 220672K, 0% used [0x000000076ab00000,0x000000076ab00000,0x0000000778280000)
  from space 319488K, 9% used [0x0000000778280000,0x000000077a0ccbb0,0x000000078ba80000)
  to   space 319488K, 0% used [0x000000078e600000,0x000000078e600000,0x00000007a1e00000)
 ParOldGen       total 1632768K, used 1051358K [0x00000006c0000000, 0x0000000723a80000, 0x000000076ab00000)
  object space 1632768K, 64% used [0x00000006c0000000,0x00000007002b7978,0x0000000723a80000)
 Metaspace       used 25533K, capacity 27190K, committed 27264K, reserved 1073152K
  class space    used 3601K, capacity 3897K, committed 3968K, reserved 1048576K
}
Event: 106.290 GC heap before
{Heap before GC invocations=21 (full 5):
 PSYoungGen      total 540160K, used 251698K [0x000000076ab00000, 0x00000007a1e00000, 0x00000007c0000000)
  eden space 220672K, 100% used [0x000000076ab00000,0x0000000778280000,0x0000000778280000)
  from space 319488K, 9% used [0x0000000778280000,0x000000077a0ccbb0,0x000000078ba80000)
  to   space 319488K, 0% used [0x000000078e600000,0x000000078e600000,0x00000007a1e00000)
 ParOldGen       total 1632768K, used 1051358K [0x00000006c0000000, 0x0000000723a80000, 0x000000076ab00000)
  object space 1632768K, 64% used [0x00000006c0000000,0x00000007002b7978,0x0000000723a80000)
 Metaspace       used 25557K, capacity 27190K, committed 27264K, reserved 1073152K
  class space    used 3603K, capacity 3897K, committed 3968K, reserved 1048576K
Event: 106.479 GC heap after
Heap after GC invocations=21 (full 5):
 PSYoungGen      total 540672K, used 127314K [0x000000076ab00000, 0x000000079f680000, 0x00000007c0000000)
  eden space 261632K, 0% used [0x000000076ab00000,0x000000076ab00000,0x000000077aa80000)
  from space 279040K, 45% used [0x000000078e600000,0x0000000796254b40,0x000000079f680000)
  to   space 301056K, 0% used [0x000000077aa80000,0x000000077aa80000,0x000000078d080000)
 ParOldGen       total 1632768K, used 1051358K [0x00000006c0000000, 0x0000000723a80000, 0x000000076ab00000)
  object space 1632768K, 64% used [0x00000006c0000000,0x00000007002b7978,0x0000000723a80000)
 Metaspace       used 25557K, capacity 27190K, committed 27264K, reserved 1073152K
  class space    used 3603K, capacity 3897K, committed 3968K, reserved 1048576K
}
Event: 173.269 GC heap before
{Heap before GC invocations=22 (full 5):
 PSYoungGen      total 540672K, used 388946K [0x000000076ab00000, 0x000000079f680000, 0x00000007c0000000)
  eden space 261632K, 100% used [0x000000076ab00000,0x000000077aa80000,0x000000077aa80000)
  from space 279040K, 45% used [0x000000078e600000,0x0000000796254b40,0x000000079f680000)
  to   space 301056K, 0% used [0x000000077aa80000,0x000000077aa80000,0x000000078d080000)
 ParOldGen       total 1632768K, used 1051358K [0x00000006c0000000, 0x0000000723a80000, 0x000000076ab00000)
  object space 1632768K, 64% used [0x00000006c0000000,0x00000007002b7978,0x0000000723a80000)
 Metaspace       used 25573K, capacity 27190K, committed 27264K, reserved 1073152K
  class space    used 3603K, capacity 3897K, committed 3968K, reserved 1048576K
Event: 173.352 GC heap after
Heap after GC invocations=22 (full 5):
 PSYoungGen      total 562688K, used 162698K [0x000000076ab00000, 0x00000007a0780000, 0x00000007c0000000)
  eden space 261632K, 0% used [0x000000076ab00000,0x000000076ab00000,0x000000077aa80000)
  from space 301056K, 54% used [0x000000077aa80000,0x0000000784962960,0x000000078d080000)
  to   space 296448K, 0% used [0x000000078e600000,0x000000078e600000,0x00000007a0780000)
 ParOldGen       total 1632768K, used 1051366K [0x00000006c0000000, 0x0000000723a80000, 0x000000076ab00000)
  object space 1632768K, 64% used [0x00000006c0000000,0x00000007002b9978,0x0000000723a80000)
 Metaspace       used 25573K, capacity 27190K, committed 27264K, reserved 1073152K
  class space    used 3603K, capacity 3897K, committed 3968K, reserved 1048576K
}
Event: 253.995 GC heap before
{Heap before GC invocations=23 (full 5):
 PSYoungGen      total 562688K, used 424330K [0x000000076ab00000, 0x00000007a0780000, 0x00000007c0000000)
  eden space 261632K, 100% used [0x000000076ab00000,0x000000077aa80000,0x000000077aa80000)
  from space 301056K, 54% used [0x000000077aa80000,0x0000000784962960,0x000000078d080000)
  to   space 296448K, 0% used [0x000000078e600000,0x000000078e600000,0x00000007a0780000)
 ParOldGen       total 1632768K, used 1051366K [0x00000006c0000000, 0x0000000723a80000, 0x000000076ab00000)
  object space 1632768K, 64% used [0x00000006c0000000,0x00000007002b9978,0x0000000723a80000)
 Metaspace       used 25612K, capacity 27254K, committed 27520K, reserved 1073152K
  class space    used 3604K, capacity 3897K, committed 3968K, reserved 1048576K
Event: 254.157 GC heap after
Heap after GC invocations=23 (full 5):
 PSYoungGen      total 545280K, used 284635K [0x000000076ab00000, 0x00000007a4f80000, 0x00000007c0000000)
  eden space 248832K, 0% used [0x000000076ab00000,0x000000076ab00000,0x0000000779e00000)
  from space 296448K, 96% used [0x000000078e600000,0x000000079fbf6e48,0x00000007a0780000)
  to   space 335872K, 0% used [0x0000000779e00000,0x0000000779e00000,0x000000078e600000)
 ParOldGen       total 1632768K, used 1051366K [0x00000006c0000000, 0x0000000723a80000, 0x000000076ab00000)
  object space 1632768K, 64% used [0x00000006c0000000,0x00000007002b9978,0x0000000723a80000)
 Metaspace       used 25612K, capacity 27254K, committed 27520K, reserved 1073152K
  class space    used 3604K, capacity 3897K, committed 3968K, reserved 1048576K
}

Deoptimization events (10 events):
Event: 278.684 Thread 0x00007f958a801000 Uncommon trap: reason=class_check action=maybe_recompile pc=0x000000010a8bc5b8 method=com.sun.javafx.sg.prism.NGNode.setTransformMatrix(Lcom/sun/javafx/geom/transform/BaseTransform;)V @ 5
Event: 278.685 Thread 0x00007f958a801000 Uncommon trap: reason=speculate_class_check action=maybe_recompile pc=0x0000000109ae2d40 method=com.sun.javafx.sg.prism.NGNode.geometryChanged()V @ 9
Event: 278.685 Thread 0x00007f958a801000 Uncommon trap: reason=speculate_class_check action=maybe_recompile pc=0x0000000109ae2d40 method=com.sun.javafx.sg.prism.NGNode.geometryChanged()V @ 9
Event: 278.695 Thread 0x00007f958a801000 Uncommon trap: reason=class_check action=maybe_recompile pc=0x000000010a8bc634 method=com.sun.javafx.geom.transform.BaseTransform.getInstance(Lcom/sun/javafx/geom/transform/BaseTransform;)Lcom/sun/javafx/geom/transform/BaseTransform; @ 1
Event: 278.695 Thread 0x00007f958a801000 Uncommon trap: reason=class_check action=maybe_recompile pc=0x000000010a8bc634 method=com.sun.javafx.geom.transform.BaseTransform.getInstance(Lcom/sun/javafx/geom/transform/BaseTransform;)Lcom/sun/javafx/geom/transform/BaseTransform; @ 1
Event: 278.695 Thread 0x00007f958a801000 Uncommon trap: reason=class_check action=maybe_recompile pc=0x000000010a8bc634 method=com.sun.javafx.geom.transform.BaseTransform.getInstance(Lcom/sun/javafx/geom/transform/BaseTransform;)Lcom/sun/javafx/geom/transform/BaseTransform; @ 1
Event: 278.695 Thread 0x00007f958a801000 Uncommon trap: reason=class_check action=maybe_recompile pc=0x000000010a8bc634 method=com.sun.javafx.geom.transform.BaseTransform.getInstance(Lcom/sun/javafx/geom/transform/BaseTransform;)Lcom/sun/javafx/geom/transform/BaseTransform; @ 1
Event: 278.695 Thread 0x00007f958a801000 Uncommon trap: reason=class_check action=maybe_recompile pc=0x0000000109fa96d0 method=com.sun.javafx.geom.transform.BaseTransform.getInstance(Lcom/sun/javafx/geom/transform/BaseTransform;)Lcom/sun/javafx/geom/transform/BaseTransform; @ 1
Event: 278.695 Thread 0x00007f958a801000 Uncommon trap: reason=class_check action=maybe_recompile pc=0x000000010a2f78a4 method=com.sun.javafx.geom.transform.BaseTransform.getInstance(Lcom/sun/javafx/geom/transform/BaseTransform;)Lcom/sun/javafx/geom/transform/BaseTransform; @ 1
Event: 278.695 Thread 0x00007f958a801000 Uncommon trap: reason=class_check action=maybe_recompile pc=0x000000010a3db044 method=com.sun.javafx.geom.transform.BaseTransform.getInstance(Lcom/sun/javafx/geom/transform/BaseTransform;)Lcom/sun/javafx/geom/transform/BaseTransform; @ 1

Internal exceptions (10 events):
Event: 9.783 Thread 0x00007f958a801000 Exception <a 'java/security/PrivilegedActionException'> (0x0000000771fe7770) thrown at [/HUDSON3/workspace/8-2-build-macosx-x86_64/jdk8u25/1514/hotspot/src/share/vm/prims/jvm.cpp, line 1312]
Event: 14.662 Thread 0x00007f958a801000 Exception <a 'java/lang/NoSuchMethodError': java.lang.Object.lambda$maxBy$24(Ljava/util/Comparator;Ljava/lang/Object;Ljava/lang/Object;)Ljava/lang/Object;> (0x0000000772549dd8) thrown at [/HUDSON3/workspace/8-2-build-macosx-x86_64/jdk8u25/1514/hotspot/src
Event: 14.667 Thread 0x00007f958a801000 Implicit null exception at 0x000000010a45cbde to 0x000000010a45d771
Event: 14.667 Thread 0x00007f958a801000 Implicit null exception at 0x000000010a3dcdc7 to 0x000000010a3dd549
Event: 14.679 Thread 0x00007f958a801000 Implicit null exception at 0x000000010a3c624e to 0x000000010a3c62a5
Event: 16.898 Thread 0x00007f958a801000 Implicit null exception at 0x000000010a4b1707 to 0x000000010a4b1f7d
Event: 38.633 Thread 0x00007f958a801000 Exception <a 'java/lang/NoSuchMethodError': java.lang.Object.lambda$comparing$77a9974f$1(Ljava/util/function/Function;Ljava/lang/Object;Ljava/lang/Object;)I> (0x000000077615de28) thrown at [/HUDSON3/workspace/8-2-build-macosx-x86_64/jdk8u25/1514/hotspot/s
Event: 38.683 Thread 0x00007f958a801000 Exception <a 'java/security/PrivilegedActionException'> (0x0000000776208458) thrown at [/HUDSON3/workspace/8-2-build-macosx-x86_64/jdk8u25/1514/hotspot/src/share/vm/prims/jvm.cpp, line 1312]
Event: 38.684 Thread 0x00007f958a801000 Exception <a 'java/security/PrivilegedActionException'> (0x000000077620b550) thrown at [/HUDSON3/workspace/8-2-build-macosx-x86_64/jdk8u25/1514/hotspot/src/share/vm/prims/jvm.cpp, line 1312]
Event: 84.068 Thread 0x00007f958a801000 Exception <a 'java/security/PrivilegedActionException'> (0x000000076bc720f0) thrown at [/HUDSON3/workspace/8-2-build-macosx-x86_64/jdk8u25/1514/hotspot/src/share/vm/prims/jvm.cpp, line 1312]

Events (10 events):
Event: 278.695 Thread 0x00007f958a801000 DEOPT UNPACKING pc=0x0000000109720f69 sp=0x00007fff586d65c0 mode 2
Event: 278.695 Thread 0x00007f958a801000 Uncommon trap: trap_request=0xffffffde fr.pc=0x0000000109fa96d0
Event: 278.695 Thread 0x00007f958a801000 DEOPT PACKING pc=0x0000000109fa96d0 sp=0x00007fff586d66a0
Event: 278.695 Thread 0x00007f958a801000 DEOPT UNPACKING pc=0x0000000109720f69 sp=0x00007fff586d65b0 mode 2
Event: 278.695 Thread 0x00007f958a801000 Uncommon trap: trap_request=0xffffffde fr.pc=0x000000010a2f78a4
Event: 278.695 Thread 0x00007f958a801000 DEOPT PACKING pc=0x000000010a2f78a4 sp=0x00007fff586d6640
Event: 278.695 Thread 0x00007f958a801000 DEOPT UNPACKING pc=0x0000000109720f69 sp=0x00007fff586d65b0 mode 2
Event: 278.695 Thread 0x00007f958a801000 Uncommon trap: trap_request=0xffffffde fr.pc=0x000000010a3db044
Event: 278.695 Thread 0x00007f958a801000 DEOPT PACKING pc=0x000000010a3db044 sp=0x00007fff586d65f0
Event: 278.695 Thread 0x00007f958a801000 DEOPT UNPACKING pc=0x0000000109720f69 sp=0x00007fff586d65b8 mode 2


Dynamic libraries:
0x0000000004e65000 	/System/Library/Frameworks/Cocoa.framework/Versions/A/Cocoa
0x0000000004e65000 	/System/Library/Frameworks/Security.framework/Versions/A/Security
0x0000000004e65000 	/System/Library/Frameworks/ApplicationServices.framework/Versions/A/ApplicationServices
0x0000000004e65000 	/usr/lib/libz.1.dylib
0x0000000004e65000 	/usr/lib/libSystem.B.dylib
0x0000000004e65000 	/usr/lib/libobjc.A.dylib
0x0000000004e65000 	/System/Library/Frameworks/CoreFoundation.framework/Versions/A/CoreFoundation
0x0000000004e65000 	/System/Library/Frameworks/Foundation.framework/Versions/C/Foundation
0x0000000004e65000 	/System/Library/Frameworks/AppKit.framework/Versions/C/AppKit
0x0000000004e65000 	/System/Library/Frameworks/CoreData.framework/Versions/A/CoreData
0x0000000004e65000 	/System/Library/PrivateFrameworks/RemoteViewServices.framework/Versions/A/RemoteViewServices
0x0000000004e65000 	/System/Library/PrivateFrameworks/UIFoundation.framework/Versions/A/UIFoundation
0x0000000004e65000 	/System/Library/Frameworks/IOSurface.framework/Versions/A/IOSurface
0x0000000004e65000 	/System/Library/Frameworks/AudioToolbox.framework/Versions/A/AudioToolbox
0x0000000004e65000 	/System/Library/Frameworks/AudioUnit.framework/Versions/A/AudioUnit
0x0000000004e65000 	/System/Library/PrivateFrameworks/DataDetectorsCore.framework/Versions/A/DataDetectorsCore
0x0000000004e65000 	/System/Library/PrivateFrameworks/DesktopServicesPriv.framework/Versions/A/DesktopServicesPriv
0x0000000004e65000 	/System/Library/Frameworks/Carbon.framework/Versions/A/Frameworks/HIToolbox.framework/Versions/A/HIToolbox
0x0000000004e65000 	/System/Library/Frameworks/QuartzCore.framework/Versions/A/QuartzCore
0x0000000004e65000 	/System/Library/Frameworks/Carbon.framework/Versions/A/Frameworks/SpeechRecognition.framework/Versions/A/SpeechRecognition
0x0000000004e65000 	/usr/lib/libauto.dylib
0x0000000004e65000 	/usr/lib/libicucore.A.dylib
0x0000000004e65000 	/usr/lib/libxml2.2.dylib
0x0000000004e65000 	/System/Library/PrivateFrameworks/CoreUI.framework/Versions/A/CoreUI
0x0000000004e65000 	/System/Library/Frameworks/CoreAudio.framework/Versions/A/CoreAudio
0x0000000004e65000 	/System/Library/Frameworks/DiskArbitration.framework/Versions/A/DiskArbitration
0x0000000004e65000 	/usr/lib/liblangid.dylib
0x0000000004e65000 	/System/Library/PrivateFrameworks/MultitouchSupport.framework/Versions/A/MultitouchSupport
0x0000000004e65000 	/System/Library/Frameworks/IOKit.framework/Versions/A/IOKit
0x0000000004e65000 	/usr/lib/libDiagnosticMessagesClient.dylib
0x0000000004e65000 	/System/Library/Frameworks/CoreServices.framework/Versions/A/CoreServices
0x0000000004e65000 	/System/Library/PrivateFrameworks/PerformanceAnalysis.framework/Versions/A/PerformanceAnalysis
0x0000000004e65000 	/System/Library/PrivateFrameworks/GenerationalStorage.framework/Versions/A/GenerationalStorage
0x0000000004e65000 	/System/Library/Frameworks/OpenGL.framework/Versions/A/OpenGL
0x0000000004e65000 	/System/Library/PrivateFrameworks/Sharing.framework/Versions/A/Sharing
0x0000000004e65000 	/System/Library/Frameworks/CoreGraphics.framework/Versions/A/CoreGraphics
0x0000000004e65000 	/System/Library/Frameworks/CoreText.framework/Versions/A/CoreText
0x0000000004e65000 	/System/Library/Frameworks/ImageIO.framework/Versions/A/ImageIO
0x0000000004e65000 	/usr/lib/libextension.dylib
0x0000000004e65000 	/System/Library/PrivateFrameworks/Backup.framework/Versions/A/Backup
0x0000000004e65000 	/usr/lib/libarchive.2.dylib
0x0000000004e65000 	/System/Library/Frameworks/CFNetwork.framework/Versions/A/CFNetwork
0x0000000004e65000 	/System/Library/Frameworks/SystemConfiguration.framework/Versions/A/SystemConfiguration
0x0000000004e65000 	/usr/lib/libCRFSuite.dylib
0x0000000004e65000 	/usr/lib/libc++.1.dylib
0x0000000004e65000 	/usr/lib/libc++abi.dylib
0x0000000004e65000 	/usr/lib/system/libcache.dylib
0x0000000004e65000 	/usr/lib/system/libcommonCrypto.dylib
0x0000000004e65000 	/usr/lib/system/libcompiler_rt.dylib
0x0000000004e65000 	/usr/lib/system/libcopyfile.dylib
0x0000000004e65000 	/usr/lib/system/libcorecrypto.dylib
0x0000000004e65000 	/usr/lib/system/libdispatch.dylib
0x0000000004e65000 	/usr/lib/system/libdyld.dylib
0x0000000004e65000 	/usr/lib/system/libkeymgr.dylib
0x0000000004e65000 	/usr/lib/system/liblaunch.dylib
0x0000000004e65000 	/usr/lib/system/libmacho.dylib
0x0000000004e65000 	/usr/lib/system/libquarantine.dylib
0x0000000004e65000 	/usr/lib/system/libremovefile.dylib
0x0000000004e65000 	/usr/lib/system/libsystem_asl.dylib
0x0000000004e65000 	/usr/lib/system/libsystem_blocks.dylib
0x0000000004e65000 	/usr/lib/system/libsystem_c.dylib
0x0000000004e65000 	/usr/lib/system/libsystem_configuration.dylib
0x0000000004e65000 	/usr/lib/system/libsystem_coreservices.dylib
0x0000000004e65000 	/usr/lib/system/libsystem_coretls.dylib
0x0000000004e65000 	/usr/lib/system/libsystem_dnssd.dylib
0x0000000004e65000 	/usr/lib/system/libsystem_info.dylib
0x0000000004e65000 	/usr/lib/system/libsystem_kernel.dylib
0x0000000004e65000 	/usr/lib/system/libsystem_m.dylib
0x0000000004e65000 	/usr/lib/system/libsystem_malloc.dylib
0x0000000004e65000 	/usr/lib/system/libsystem_network.dylib
0x0000000004e65000 	/usr/lib/system/libsystem_networkextension.dylib
0x0000000004e65000 	/usr/lib/system/libsystem_notify.dylib
0x0000000004e65000 	/usr/lib/system/libsystem_platform.dylib
0x0000000004e65000 	/usr/lib/system/libsystem_pthread.dylib
0x0000000004e65000 	/usr/lib/system/libsystem_sandbox.dylib
0x0000000004e65000 	/usr/lib/system/libsystem_secinit.dylib
0x0000000004e65000 	/usr/lib/system/libsystem_stats.dylib
0x0000000004e65000 	/usr/lib/system/libsystem_trace.dylib
0x0000000004e65000 	/usr/lib/system/libunc.dylib
0x0000000004e65000 	/usr/lib/system/libunwind.dylib
0x0000000004e65000 	/usr/lib/system/libxpc.dylib
0x0000000004e65000 	/usr/lib/libbz2.1.0.dylib
0x0000000004e65000 	/usr/lib/liblzma.5.dylib
0x0000000004e65000 	/usr/lib/libbsm.0.dylib
0x0000000004e65000 	/usr/lib/libsqlite3.dylib
0x0000000004e65000 	/usr/lib/system/libkxld.dylib
0x0000000004e65000 	/usr/lib/libxar.1.dylib
0x0000000004e65000 	/usr/lib/libpam.2.dylib
0x0000000004e65000 	/usr/lib/libOpenScriptingUtil.dylib
0x0000000004e65000 	/System/Library/Frameworks/CoreServices.framework/Versions/A/Frameworks/FSEvents.framework/Versions/A/FSEvents
0x0000000004e65000 	/System/Library/Frameworks/CoreServices.framework/Versions/A/Frameworks/CarbonCore.framework/Versions/A/CarbonCore
0x0000000004e65000 	/System/Library/Frameworks/CoreServices.framework/Versions/A/Frameworks/Metadata.framework/Versions/A/Metadata
0x0000000004e65000 	/System/Library/Frameworks/CoreServices.framework/Versions/A/Frameworks/OSServices.framework/Versions/A/OSServices
0x0000000004e65000 	/System/Library/Frameworks/CoreServices.framework/Versions/A/Frameworks/SearchKit.framework/Versions/A/SearchKit
0x0000000004e65000 	/System/Library/Frameworks/CoreServices.framework/Versions/A/Frameworks/AE.framework/Versions/A/AE
0x0000000004e65000 	/System/Library/Frameworks/CoreServices.framework/Versions/A/Frameworks/LaunchServices.framework/Versions/A/LaunchServices
0x0000000004e65000 	/System/Library/Frameworks/CoreServices.framework/Versions/A/Frameworks/DictionaryServices.framework/Versions/A/DictionaryServices
0x0000000004e65000 	/System/Library/Frameworks/NetFS.framework/Versions/A/NetFS
0x0000000004e65000 	/System/Library/PrivateFrameworks/NetAuth.framework/Versions/A/NetAuth
0x0000000004e65000 	/System/Library/PrivateFrameworks/login.framework/Versions/A/Frameworks/loginsupport.framework/Versions/A/loginsupport
0x0000000004e65000 	/System/Library/PrivateFrameworks/TCC.framework/Versions/A/TCC
0x0000000004e65000 	/usr/lib/libmecabra.dylib
0x0000000004e65000 	/System/Library/PrivateFrameworks/LanguageModeling.framework/Versions/A/LanguageModeling
0x0000000004e65000 	/usr/lib/libcmph.dylib
0x0000000004e65000 	/usr/lib/libiconv.2.dylib
0x0000000004e65000 	/System/Library/Frameworks/OpenDirectory.framework/Versions/A/Frameworks/CFOpenDirectory.framework/Versions/A/CFOpenDirectory
0x0000000004e65000 	/System/Library/Frameworks/ServiceManagement.framework/Versions/A/ServiceManagement
0x0000000004e65000 	/usr/lib/libxslt.1.dylib
0x0000000004e65000 	/System/Library/Frameworks/Carbon.framework/Versions/A/Frameworks/Ink.framework/Versions/A/Ink
0x0000000004e65000 	/System/Library/Frameworks/ApplicationServices.framework/Versions/A/Frameworks/ATS.framework/Versions/A/ATS
0x0000000004e65000 	/System/Library/Frameworks/ApplicationServices.framework/Versions/A/Frameworks/ColorSync.framework/Versions/A/ColorSync
0x0000000004e65000 	/System/Library/Frameworks/ApplicationServices.framework/Versions/A/Frameworks/HIServices.framework/Versions/A/HIServices
0x0000000004e65000 	/System/Library/Frameworks/ApplicationServices.framework/Versions/A/Frameworks/LangAnalysis.framework/Versions/A/LangAnalysis
0x0000000004e65000 	/System/Library/Frameworks/ApplicationServices.framework/Versions/A/Frameworks/PrintCore.framework/Versions/A/PrintCore
0x0000000004e65000 	/System/Library/Frameworks/ApplicationServices.framework/Versions/A/Frameworks/QD.framework/Versions/A/QD
0x0000000004e65000 	/System/Library/Frameworks/ApplicationServices.framework/Versions/A/Frameworks/SpeechSynthesis.framework/Versions/A/SpeechSynthesis
0x0000000004e65000 	/System/Library/Frameworks/Accelerate.framework/Versions/A/Accelerate
0x0000000004e65000 	/System/Library/Frameworks/Accelerate.framework/Versions/A/Frameworks/vImage.framework/Versions/A/vImage
0x0000000004e65000 	/System/Library/Frameworks/Accelerate.framework/Versions/A/Frameworks/vecLib.framework/Versions/A/vecLib
0x0000000004e65000 	/System/Library/Frameworks/Accelerate.framework/Versions/A/Frameworks/vecLib.framework/Versions/A/libvDSP.dylib
0x0000000004e65000 	/System/Library/Frameworks/Accelerate.framework/Versions/A/Frameworks/vecLib.framework/Versions/A/libvMisc.dylib
0x0000000004e65000 	/System/Library/Frameworks/Accelerate.framework/Versions/A/Frameworks/vecLib.framework/Versions/A/libLAPACK.dylib
0x0000000004e65000 	/System/Library/Frameworks/Accelerate.framework/Versions/A/Frameworks/vecLib.framework/Versions/A/libBLAS.dylib
0x0000000004e65000 	/System/Library/Frameworks/Accelerate.framework/Versions/A/Frameworks/vecLib.framework/Versions/A/libLinearAlgebra.dylib
0x0000000004e65000 	/System/Library/Frameworks/ApplicationServices.framework/Versions/A/Frameworks/ATS.framework/Versions/A/Resources/libFontParser.dylib
0x0000000004e65000 	/System/Library/Frameworks/ApplicationServices.framework/Versions/A/Frameworks/ATS.framework/Versions/A/Resources/libFontRegistry.dylib
0x0000000004e65000 	/System/Library/PrivateFrameworks/AppleVPA.framework/Versions/A/AppleVPA
0x0000000004e65000 	/System/Library/PrivateFrameworks/AppleJPEG.framework/Versions/A/AppleJPEG
0x0000000004e65000 	/System/Library/Frameworks/ImageIO.framework/Versions/A/Resources/libJPEG.dylib
0x0000000004e65000 	/System/Library/Frameworks/ImageIO.framework/Versions/A/Resources/libTIFF.dylib
0x0000000004e65000 	/System/Library/Frameworks/ImageIO.framework/Versions/A/Resources/libPng.dylib
0x0000000004e65000 	/System/Library/Frameworks/ImageIO.framework/Versions/A/Resources/libGIF.dylib
0x0000000004e65000 	/System/Library/Frameworks/ImageIO.framework/Versions/A/Resources/libJP2.dylib
0x0000000004e65000 	/System/Library/Frameworks/ImageIO.framework/Versions/A/Resources/libRadiance.dylib
0x0000000004e65000 	/System/Library/Frameworks/CoreVideo.framework/Versions/A/CoreVideo
0x0000000004e65000 	/System/Library/Frameworks/OpenGL.framework/Versions/A/Libraries/libGLU.dylib
0x0000000004e65000 	/System/Library/Frameworks/OpenGL.framework/Versions/A/Libraries/libGFXShared.dylib
0x0000000004e65000 	/System/Library/Frameworks/OpenGL.framework/Versions/A/Libraries/libGL.dylib
0x0000000004e65000 	/System/Library/Frameworks/OpenGL.framework/Versions/A/Libraries/libGLImage.dylib
0x0000000004e65000 	/System/Library/Frameworks/OpenGL.framework/Versions/A/Libraries/libCVMSPluginSupport.dylib
0x0000000004e65000 	/System/Library/Frameworks/OpenGL.framework/Versions/A/Libraries/libCoreVMClient.dylib
0x0000000004e65000 	/usr/lib/libcups.2.dylib
0x0000000004e65000 	/System/Library/Frameworks/Kerberos.framework/Versions/A/Kerberos
0x0000000004e65000 	/System/Library/Frameworks/GSS.framework/Versions/A/GSS
0x0000000004e65000 	/usr/lib/libresolv.9.dylib
0x0000000004e65000 	/System/Library/PrivateFrameworks/Heimdal.framework/Versions/A/Heimdal
0x0000000004e65000 	/usr/lib/libheimdal-asn1.dylib
0x0000000004e65000 	/System/Library/Frameworks/OpenDirectory.framework/Versions/A/OpenDirectory
0x0000000004e65000 	/System/Library/PrivateFrameworks/CommonAuth.framework/Versions/A/CommonAuth
0x0000000004e65000 	/System/Library/Frameworks/SecurityFoundation.framework/Versions/A/SecurityFoundation
0x0000000004e65000 	/System/Library/Frameworks/QuartzCore.framework/Versions/A/Frameworks/CoreImage.framework/Versions/A/CoreImage
0x0000000004e65000 	/System/Library/PrivateFrameworks/CrashReporterSupport.framework/Versions/A/CrashReporterSupport
0x0000000004e65000 	/System/Library/Frameworks/OpenCL.framework/Versions/A/OpenCL
0x0000000004e65000 	/System/Library/PrivateFrameworks/FaceCore.framework/Versions/A/FaceCore
0x0000000004e65000 	/System/Library/PrivateFrameworks/Ubiquity.framework/Versions/A/Ubiquity
0x0000000004e65000 	/System/Library/PrivateFrameworks/IconServices.framework/Versions/A/IconServices
0x0000000004e65000 	/System/Library/PrivateFrameworks/ChunkingLibrary.framework/Versions/A/ChunkingLibrary
0x0000000004e65000 	/System/Library/PrivateFrameworks/Apple80211.framework/Versions/A/Apple80211
0x0000000004e65000 	/System/Library/Frameworks/CoreWLAN.framework/Versions/A/CoreWLAN
0x0000000004e65000 	/System/Library/Frameworks/IOBluetooth.framework/Versions/A/IOBluetooth
0x0000000004e65000 	/System/Library/PrivateFrameworks/CoreWiFi.framework/Versions/A/CoreWiFi
0x0000000004e65000 	/System/Library/Frameworks/CoreBluetooth.framework/Versions/A/CoreBluetooth
0x0000000004e65000 	/System/Library/PrivateFrameworks/DebugSymbols.framework/Versions/A/DebugSymbols
0x0000000004e65000 	/System/Library/PrivateFrameworks/CoreSymbolication.framework/Versions/A/CoreSymbolication
0x0000000004e65000 	/System/Library/PrivateFrameworks/Symbolication.framework/Versions/A/Symbolication
0x0000000004e65000 	/System/Library/PrivateFrameworks/SpeechRecognitionCore.framework/Versions/A/SpeechRecognitionCore
0x0000000108800000 	/Library/Java/JavaVirtualMachines/jdk1.8.0_25.jdk/Contents/Home/jre/lib/server/libjvm.dylib
0x0000000004e65000 	/usr/lib/libstdc++.6.dylib
0x000000010776e000 	/Library/Java/JavaVirtualMachines/jdk1.8.0_25.jdk/Contents/Home/jre/lib/libverify.dylib
0x000000010777c000 	/Library/Java/JavaVirtualMachines/jdk1.8.0_25.jdk/Contents/Home/jre/lib/libjava.dylib
0x00000001077ba000 	/Library/Java/JavaVirtualMachines/jdk1.8.0_25.jdk/Contents/Home/jre/lib/libzip.dylib
0x00000001077e3000 	/System/Library/Frameworks/JavaVM.framework/Frameworks/JavaRuntimeSupport.framework/JavaRuntimeSupport
0x00000001252a7000 	/System/Library/Frameworks/JavaVM.framework/Versions/A/Frameworks/JavaNativeFoundation.framework/Versions/A/JavaNativeFoundation
0x00000001252bb000 	/System/Library/Frameworks/JavaVM.framework/Versions/A/JavaVM
0x0000000004e65000 	/System/Library/Frameworks/Carbon.framework/Versions/A/Carbon
0x00000001252c7000 	/System/Library/PrivateFrameworks/JavaLaunching.framework/Versions/A/JavaLaunching
0x0000000004e65000 	/System/Library/Frameworks/Carbon.framework/Versions/A/Frameworks/CommonPanels.framework/Versions/A/CommonPanels
0x0000000004e65000 	/System/Library/Frameworks/Carbon.framework/Versions/A/Frameworks/Help.framework/Versions/A/Help
0x0000000004e65000 	/System/Library/Frameworks/Carbon.framework/Versions/A/Frameworks/ImageCapture.framework/Versions/A/ImageCapture
0x0000000004e65000 	/System/Library/Frameworks/Carbon.framework/Versions/A/Frameworks/OpenScripting.framework/Versions/A/OpenScripting
0x0000000004e65000 	/System/Library/Frameworks/Carbon.framework/Versions/A/Frameworks/Print.framework/Versions/A/Print
0x0000000004e65000 	/System/Library/Frameworks/Carbon.framework/Versions/A/Frameworks/SecurityHI.framework/Versions/A/SecurityHI
0x0000000127376000 	/Library/Java/JavaVirtualMachines/jdk1.8.0_25.jdk/Contents/Home/jre/lib/libprism_es2.dylib
0x0000000004e65000 	/System/Library/Frameworks/OpenGL.framework/Versions/A/Resources/GLEngine.bundle/GLEngine
0x0000000004e65000 	/System/Library/Frameworks/OpenGL.framework/Versions/A/Libraries/libGLProgrammability.dylib
0x0000000000000000 	/System/Library/Extensions/AppleIntelHD5000GraphicsGLDriver.bundle/Contents/MacOS/AppleIntelHD5000GraphicsGLDriver
0x0000000004e65000 	/System/Library/PrivateFrameworks/IOAccelerator.framework/Versions/A/IOAccelerator
0x0000000004e65000 	/System/Library/PrivateFrameworks/GPUSupport.framework/Versions/A/Libraries/libGPUSupportMercury.dylib
0x0000000004e65000 	/System/Library/Frameworks/OpenGL.framework/Versions/A/Resources/GLRendererFloat.bundle/GLRendererFloat
0x0000000004e65000 	/System/Library/Frameworks/OpenCL.framework/Versions/A/Libraries/libcldcpuengine.dylib
0x0000000004e65000 	/System/Library/PrivateFrameworks/DiskImages.framework/Versions/A/DiskImages
0x0000000004e65000 	/System/Library/Frameworks/DiscRecording.framework/Versions/A/DiscRecording
0x0000000004e65000 	/usr/lib/libcsfde.dylib
0x0000000004e65000 	/usr/lib/libcurl.4.dylib
0x0000000004e65000 	/System/Library/PrivateFrameworks/MediaKit.framework/Versions/A/MediaKit
0x0000000004e65000 	/System/Library/PrivateFrameworks/ProtectedCloudStorage.framework/Versions/A/ProtectedCloudStorage
0x0000000004e65000 	/usr/lib/libCoreStorage.dylib
0x0000000004e65000 	/System/Library/PrivateFrameworks/EFILogin.framework/Versions/A/EFILogin
0x0000000004e65000 	/usr/lib/libutil.dylib
0x0000000004e65000 	/System/Library/PrivateFrameworks/FindMyDevice.framework/Versions/A/FindMyDevice
0x0000000004e65000 	/System/Library/Frameworks/LDAP.framework/Versions/A/LDAP
0x0000000004e65000 	/usr/lib/libsasl2.2.dylib
0x0000000004e65000 	/System/Library/PrivateFrameworks/CoreDaemon.framework/Versions/B/CoreDaemon
0x0000000004e65000 	/usr/lib/libcrypto.0.9.8.dylib
0x0000000004e65000 	/System/Library/PrivateFrameworks/AppleSRP.framework/Versions/A/AppleSRP
0x0000000004e65000 	/System/Library/PrivateFrameworks/TrustEvaluationAgent.framework/Versions/A/TrustEvaluationAgent
0x0000000127822000 	/Library/Java/JavaVirtualMachines/jdk1.8.0_25.jdk/Contents/Home/jre/lib/libglass.dylib
0x0000000004e65000 	/System/Library/PrivateFrameworks/CoreServicesInternal.framework/Versions/A/CoreServicesInternal
0x0000000004e65000 	/System/Library/PrivateFrameworks/CloudDocs.framework/Versions/A/CloudDocs
0x0000000004e65000 	/System/Library/PrivateFrameworks/CoreDuet.framework/Versions/A/CoreDuet
0x0000000004e65000 	/System/Library/Frameworks/CloudKit.framework/Versions/A/CloudKit
0x0000000004e65000 	/System/Library/PrivateFrameworks/ProtocolBuffer.framework/Versions/A/ProtocolBuffer
0x0000000004e65000 	/System/Library/PrivateFrameworks/CoreDuetDaemonProtocol.framework/Versions/A/CoreDuetDaemonProtocol
0x0000000004e65000 	/System/Library/PrivateFrameworks/CoreDuetDebugLogging.framework/Versions/A/CoreDuetDebugLogging
0x0000000004e65000 	/System/Library/Frameworks/CoreLocation.framework/Versions/A/CoreLocation
0x0000000004e65000 	/System/Library/Frameworks/Accounts.framework/Versions/A/Accounts
0x0000000004e65000 	/System/Library/PrivateFrameworks/ApplePushService.framework/Versions/A/ApplePushService
0x0000000004e65000 	/System/Library/PrivateFrameworks/GeoServices.framework/Versions/A/GeoServices
0x0000000004e65000 	/System/Library/PrivateFrameworks/OAuth.framework/Versions/A/OAuth
0x0000000004e65000 	/System/Library/Frameworks/CoreGraphics.framework/Versions/A/Resources/libCGCMS.A.dylib
0x0000000004e65000 	/System/Library/CoreServices/RawCamera.bundle/Contents/MacOS/RawCamera
0x0000000004e65000 	/System/Library/Frameworks/CoreGraphics.framework/Versions/A/Resources/libRIP.A.dylib
0x0000000004e65000 	/System/Library/PrivateFrameworks/FamilyControls.framework/Versions/A/FamilyControls
0x0000000004e65000 	/System/Library/PrivateFrameworks/CommerceKit.framework/Versions/A/Frameworks/CommerceCore.framework/Versions/A/CommerceCore
0x0000000004e65000 	/System/Library/PrivateFrameworks/SystemAdministration.framework/Versions/A/SystemAdministration
0x0000000004e65000 	/System/Library/PrivateFrameworks/AppContainer.framework/Versions/A/AppContainer
0x0000000004e65000 	/System/Library/PrivateFrameworks/SecCodeWrapper.framework/Versions/A/SecCodeWrapper
0x0000000004e65000 	/System/Library/Frameworks/DirectoryService.framework/Versions/A/DirectoryService
0x0000000004e65000 	/System/Library/PrivateFrameworks/LoginUIKit.framework/Versions/A/Frameworks/LoginUICore.framework/Versions/A/LoginUICore
0x0000000004e65000 	/usr/lib/libodfde.dylib
0x000000012affd000 	/Library/Java/JavaVirtualMachines/jdk1.8.0_25.jdk/Contents/Home/jre/lib/libjavafx_font.dylib
0x0000000004e65000 	/System/Library/Frameworks/CoreGraphics.framework/Versions/A/Resources/libCGXType.A.dylib
0x000000012b026000 	/Library/Java/JavaVirtualMachines/jdk1.8.0_25.jdk/Contents/Home/jre/lib/libnet.dylib
0x000000012b05f000 	/Library/Java/JavaVirtualMachines/jdk1.8.0_25.jdk/Contents/Home/jre/lib/libprism_common.dylib
0x000000012b06c000 	cl_kernels
0x0000000130256000 	/System/Library/Frameworks/OpenCL.framework/Versions/A/Libraries/ImageFormats/unorm8_bgra.dylib
0x000000012b4b5000 	cl_kernels

VM Arguments:
jvm_args: -Dfile.encoding=UTF-8 
java_command: /Users/Eskil/NetBeansProjects/Einblick_App/dist/run118950896/Einblick_App.jar
java_class_path (initial): /Users/Eskil/NetBeansProjects/Einblick_App/dist/run118950896/Einblick_App.jar
Launcher Type: SUN_STANDARD

Environment Variables:
PATH=/usr/bin:/bin:/usr/sbin:/sbin
LD_LIBRARY_PATH=/Library/Java/JavaVirtualMachines/jdk1.8.0_25.jdk/Contents/Home/jre/lib/amd64:/Library/Java/JavaVirtualMachines/jdk1.8.0_25.jdk/Contents/Home/jre/lib/i386:
SHELL=/bin/bash
DYLD_LIBRARY_PATH=/Applications/NetBeans/NetBeans 8.0.1.app/Contents/Resources/NetBeans/webcommon/bin:

Signal Handlers:
SIGSEGV: [libjvm.dylib+0x579dc7], sa_mask[0]=11111111011111110111111111111111, sa_flags=SA_ONSTACK|SA_RESTART|SA_SIGINFO
SIGBUS: [libjvm.dylib+0x579dc7], sa_mask[0]=11111111011111110111111111111111, sa_flags=SA_RESTART|SA_SIGINFO
SIGFPE: [libjvm.dylib+0x45b030], sa_mask[0]=11111111011111110111111111111111, sa_flags=SA_RESTART|SA_SIGINFO
SIGPIPE: [libjvm.dylib+0x45b030], sa_mask[0]=11111111011111110111111111111111, sa_flags=SA_RESTART|SA_SIGINFO
SIGXFSZ: [libjvm.dylib+0x45b030], sa_mask[0]=11111111011111110111111111111111, sa_flags=SA_RESTART|SA_SIGINFO
SIGILL: [libjvm.dylib+0x45b030], sa_mask[0]=11111111011111110111111111111111, sa_flags=SA_RESTART|SA_SIGINFO
SIGUSR1: SIG_DFL, sa_mask[0]=00000000000000000000000000000000, sa_flags=none
SIGUSR2: [libjvm.dylib+0x45ab4e], sa_mask[0]=00100000000000000000000000000000, sa_flags=SA_RESTART|SA_SIGINFO
SIGHUP: [libjvm.dylib+0x459121], sa_mask[0]=11111111011111110111111111111111, sa_flags=SA_RESTART|SA_SIGINFO
SIGINT: SIG_IGN, sa_mask[0]=00000000000000000000000000000000, sa_flags=none
SIGTERM: [libjvm.dylib+0x459121], sa_mask[0]=11111111011111110111111111111111, sa_flags=SA_RESTART|SA_SIGINFO
SIGQUIT: [libjvm.dylib+0x459121], sa_mask[0]=11111111011111110111111111111111, sa_flags=SA_RESTART|SA_SIGINFO


---------------  S Y S T E M  ---------------

OS:Bsduname:Darwin 14.0.0 Darwin Kernel Version 14.0.0: Fri Sep 19 00:26:44 PDT 2014; root:xnu-2782.1.97~2/RELEASE_X86_64 x86_64
rlimit: STACK 8192k, CORE 0k, NPROC 709, NOFILE 10240, AS infinity
load average:2.96 2.73 2.49

CPU:total 8 (4 cores per cpu, 2 threads per core) family 6 model 70 stepping 1, cmov, cx8, fxsr, mmx, sse, sse2, sse3, ssse3, sse4.1, sse4.2, popcnt, avx, avx2, aes, clmul, erms, lzcnt, ht, tsc, tscinvbit, bmi1, bmi2

Memory: 4k page, physical 16777216k(4034352k free)

/proc/meminfo:


vm_info: Java HotSpot(TM) 64-Bit Server VM (25.25-b02) for bsd-amd64 JRE (1.8.0_25-b17), built on Sep 17 2014 16:56:50 by "java_re" with gcc 4.2.1 (Based on Apple Inc. build 5658) (LLVM build 2336.11.00)

time: Wed Nov 12 09:38:59 2014
elapsed time: 280 seconds (0d 0h 4m 40s)

