#
# A fatal error has been detected by the Java Runtime Environment:
#
#  SIGSEGV (0xb) at pc=0x000000012c22e3fd, pid=38831, tid=1811
#
# JRE version: Java(TM) SE Runtime Environment (8.0_25-b17) (build 1.8.0_25-b17)
# Java VM: Java HotSpot(TM) 64-Bit Server VM (25.25-b02 mixed mode bsd-amd64 compressed oops)
# Problematic frame:
# C  [libglass.dylib+0x163fd]  GlassScreenDidChangeScreenParameters+0x9d
#
# Failed to write core dump. Core dumps have been disabled. To enable core dumping, try "ulimit -c unlimited" before starting Java again
#
# If you would like to submit a bug report, please visit:
#   http://bugreport.sun.com/bugreport/crash.jsp
#

---------------  T H R E A D  ---------------

Current thread is native thread

siginfo: si_signo: 11 (SIGSEGV), si_code: 1 (SEGV_MAPERR), si_addr: 0x0000000000000000

Registers:
RAX=0x000000012c260e40, RBX=0x0000000000000000, RCX=0x0000dab038baad82, RDX=0x00007fedb6190f40
RSP=0x00007fff53d66db0, RBP=0x00007fff53d66dc0, RSI=0x00007fedb600a828, RDI=0x0000000000000000
R8 =0x00007fff53d66c60, R9 =0x00007fff78735300, R10=0x0000000000000000, R11=0x0000000000000246
R12=0x00007fedb6200a10, R13=0x00000000000f4268, R14=0x00007fedb612cd40, R15=0x00007fff53d66f00
RIP=0x000000012c22e3fd, EFLAGS=0x0000000000010202, ERR=0x0000000000000004
  TRAPNO=0x000000000000000e

Top of Stack: (sp=0x00007fff53d66db0)
0x00007fff53d66db0:   00007fff53d66f90 00007fedb612cd40
0x00007fff53d66dc0:   00007fff53d66dd0 00007fff88c6dcbc
0x00007fff53d66dd0:   00007fff53d67130 00007fff88b5f1b4
0x00007fff53d66de0:   00007fed00040000 0000000000001400
0x00007fff53d66df0:   00007fedb6700000 00007fedb67fc080
0x00007fff53d66e00:   0000000000001002 00000000000012d8
0x00007fff53d66e10:   0000000000000005 00007fedb612cd40
0x00007fff53d66e20:   0000000000000000 00007fff53d66f00
0x00007fff53d66e30:   0000000000000000 00007fedb612cd00
0x00007fff53d66e40:   00007fff53d66f80 00000000000000c9
0x00007fff53d66e50:   00000000000f44e7 00007fedb61d5bc0
0x00007fff53d66e60:   00007fedb6313dc0 00007fedb6200a10
0x00007fff53d66e70:   0000000000000001 00000000000f4268
0x00007fff53d66e80:   00007fedb6200a00 00007fff8dc5cacb
0x00007fff53d66e90:   0000000000000001 0000000000000001
0x00007fff53d66ea0:   0000000000000030 0000000000000001
0x00007fff53d66eb0:   00007fff53d66ed0 00007fff8dc62231
0x00007fff53d66ec0:   00007fff77945dd0 0000000000000000
0x00007fff53d66ed0:   00007fff53d66ef0 0000000000000004
0x00007fff53d66ee0:   0016850300000000 00007fedb6200a34
0x00007fff53d66ef0:   0000000000000000 00007fff88b54c8f
0x00007fff53d66f00:   00007fedb612cd40 00007fff77945dd0
0x00007fff53d66f10:   00007fff53d66f90 00007fff88b5d7bf
0x00007fff53d66f20:   00007fff53d66f9c 00007fff53d66fa0
0x00007fff53d66f30:   000000010beb3a00 0000000000000002
0x00007fff53d66f40:   000000010beb0000 00007fedb6720f32
0x00007fff53d66f50:   0000000000000003 000000010beb4e00
0x00007fff53d66f60:   00007fff53d67050 00007fff8dc5b2a2
0x00007fff53d66f70:   00007fedb63139b0 00007fff53d67138
0x00007fff53d66f80:   0000000000000017 0000000000000000
0x00007fff53d66f90:   00000000000f4268 00007fff88b54f83
0x00007fff53d66fa0:   00007fff00000000 00007fedb61242b0 

Instructions: (pc=0x000000012c22e3fd)
0x000000012c22e3dd:   89 df 4c 89 f1 41 ff 90 68 04 00 00 48 8d 05 58
0x000000012c22e3ed:   29 03 00 48 8b 30 48 8d 05 46 2a 03 00 48 8b 10
0x000000012c22e3fd:   48 8b 0b 30 c0 48 89 df ff 91 68 04 00 00 48 8b
0x000000012c22e40d:   03 48 89 df ff 50 78 48 85 c0 74 36 49 89 c6 48 

Register to memory mapping:

RAX=0x000000012c260e40: jScreenNotifySettingsChanged+0 in /Library/Java/JavaVirtualMachines/jdk1.8.0_25.jdk/Contents/Home/jre/lib/libglass.dylib at 0x000000012c218000
RBX=0x0000000000000000 is an unknown value
RCX=0x0000dab038baad82 is an unknown value
RDX=0x00007fedb6190f40 is an unknown value
RSP=0x00007fff53d66db0 is an unknown value
RBP=0x00007fff53d66dc0 is an unknown value
RSI=0x00007fedb600a828 is a global jni handle
RDI=0x0000000000000000 is an unknown value
R8 =0x00007fff53d66c60 is an unknown value
R9 =0x00007fff78735300: _thread+0 in /usr/lib/system/libsystem_pthread.dylib at 0x00007fff8d536000
R10=0x0000000000000000 is an unknown value
R11=0x0000000000000246 is an unknown value
R12=0x00007fedb6200a10 is an unknown value
R13=0x00000000000f4268 is an unknown value
R14=0x00007fedb612cd40 is an unknown value
R15=0x00007fff53d66f00 is an unknown value


Stack: [0x00007fff5356a000,0x00007fff53d6a000],  sp=0x00007fff53d66db0,  free space=8179k
Native frames: (J=compiled Java code, j=interpreted, Vv=VM code, C=native code)
C  [libglass.dylib+0x163fd]  GlassScreenDidChangeScreenParameters+0x9d
C  [CoreFoundation+0x11ecbc]  __CFNOTIFICATIONCENTER_IS_CALLING_OUT_TO_AN_OBSERVER__+0xc
C  [CoreFoundation+0x101b4]  _CFXNotificationPost+0xc44
C  [Foundation+0x2ea1]  -[NSNotificationCenter postNotificationName:object:userInfo:]+0x42
C  [AppKit+0x362dee]  -[NSApplication _reactToScreenInvalidationImmediately:]+0x17b
C  [AppKit+0x362c2d]  __44-[NSApplication _reactToScreenInvalidation:]_block_invoke+0x4b
C  [CoreFoundation+0x8054c]  __CFRUNLOOP_IS_CALLING_OUT_TO_A_BLOCK__+0xc
C  [CoreFoundation+0x72655]  __CFRunLoopDoBlocks+0x155
C  [CoreFoundation+0x72196]  __CFRunLoopRun+0x716
C  [CoreFoundation+0x71838]  CFRunLoopRunSpecific+0x128
C  [java+0x56cc]  CreateExecutionEnvironment+0x367
C  [java+0x165c]  JLI_Launch+0x7a0
C  [java+0x768a]  main+0x65
C  [java+0xeb4]  start+0x34


---------------  P R O C E S S  ---------------

VM state:at safepoint (normal execution)

VM Mutex/Monitor currently owned by a thread:  ([mutex/lock_event])
[0x00007fedb3e02bd0] Threads_lock - owner thread: 0x00007fedb682f800
[0x00007fedb3e030d0] Heap_lock - owner thread: 0x00007fedbebbd800

Heap:
 PSYoungGen      total 300032K, used 174518K [0x000000076ab00000, 0x0000000788c80000, 0x00000007c0000000)
  eden space 189440K, 33% used [0x000000076ab00000,0x000000076e9737b8,0x0000000776400000)
  from space 110592K, 99% used [0x000000077ed80000,0x000000078597a078,0x0000000785980000)
  to   space 140800K, 0% used [0x0000000776400000,0x0000000776400000,0x000000077ed80000)
 ParOldGen       total 296448K, used 188863K [0x00000006c0000000, 0x00000006d2180000, 0x000000076ab00000)
  object space 296448K, 63% used [0x00000006c0000000,0x00000006cb86feb8,0x00000006d2180000)
 Metaspace       used 27707K, capacity 29214K, committed 29440K, reserved 1075200K
  class space    used 3783K, capacity 4047K, committed 4096K, reserved 1048576K

Card table byte_map: [0x000000011d413000,0x000000011dc14000] byte_map_base: 0x0000000119e13000

Marking Bits: (ParMarkBitMap*) 0x000000010c863390
 Begin Bits: [0x000000011e982000, 0x0000000122982000)
 End Bits:   [0x0000000122982000, 0x0000000126982000)

Polling page: 0x000000010cffc000

CodeCache: size=245760Kb used=17616Kb max_used=17626Kb free=228143Kb
 bounds [0x000000010e053000, 0x000000010f1a3000, 0x000000011d053000]
 total_blobs=5901 nmethods=5147 adapters=667
 compilation: enabled

Compilation events (10 events):
Event: 215.591 Thread 0x00007fedb4024000 nmethod 5771 0x000000010f18e810 code [0x000000010f18e980, 0x000000010f18ebe8]
Event: 215.610 Thread 0x00007fedb4024800 5774   !   3       java.util.ArrayList$Itr::remove (68 bytes)
Event: 215.610 Thread 0x00007fedb4024800 nmethod 5774 0x000000010f18f8d0 code [0x000000010f18fa80, 0x000000010f190038]
Event: 215.610 Thread 0x00007fedb4024800 5775       1       java.lang.ref.Reference::clear (6 bytes)
Event: 215.610 Thread 0x00007fedb6837800 5776       4       java.util.ArrayList$Itr::checkForComodification (23 bytes)
Event: 215.610 Thread 0x00007fedb4024800 nmethod 5775 0x000000010f18b790 code [0x000000010f18b8e0, 0x000000010f18ba10]
Event: 215.611 Thread 0x00007fedb6837800 nmethod 5776 0x000000010f18e590 code [0x000000010f18e6e0, 0x000000010f18e778]
Event: 215.616 Thread 0x00007fedb4024800 5777       1       java.util.logging.LogManager::access$500 (5 bytes)
Event: 215.616 Thread 0x00007fedb4024800 nmethod 5777 0x000000010f18f610 code [0x000000010f18f760, 0x000000010f18f850]
Event: 215.616 Thread 0x00007fedb4024800 5778   !   3       java.util.logging.LogManager::ensureLogManagerInitialized (128 bytes)

GC Heap History (10 events):
Event: 3.571 GC heap before
{Heap before GC invocations=6 (full 2):
 PSYoungGen      total 110080K, used 10728K [0x000000076ab00000, 0x0000000772e00000, 0x00000007c0000000)
  eden space 99328K, 0% used [0x000000076ab00000,0x000000076ab00000,0x0000000770c00000)
  from space 10752K, 99% used [0x0000000771680000,0x00000007720fa278,0x0000000772100000)
  to   space 10752K, 0% used [0x0000000770c00000,0x0000000770c00000,0x0000000771680000)
 ParOldGen       total 107008K, used 80616K [0x00000006c0000000, 0x00000006c6880000, 0x000000076ab00000)
  object space 107008K, 75% used [0x00000006c0000000,0x00000006c4eba230,0x00000006c6880000)
 Metaspace       used 24673K, capacity 25808K, committed 26112K, reserved 1071104K
  class space    used 3534K, capacity 3750K, committed 3840K, reserved 1048576K
Event: 4.108 GC heap after
Heap after GC invocations=6 (full 2):
 PSYoungGen      total 110080K, used 0K [0x000000076ab00000, 0x0000000772e00000, 0x00000007c0000000)
  eden space 99328K, 0% used [0x000000076ab00000,0x000000076ab00000,0x0000000770c00000)
  from space 10752K, 0% used [0x0000000771680000,0x0000000771680000,0x0000000772100000)
  to   space 10752K, 0% used [0x0000000770c00000,0x0000000770c00000,0x0000000771680000)
 ParOldGen       total 296448K, used 90023K [0x00000006c0000000, 0x00000006d2180000, 0x000000076ab00000)
  object space 296448K, 30% used [0x00000006c0000000,0x00000006c57e9d00,0x00000006d2180000)
 Metaspace       used 24673K, capacity 25808K, committed 26112K, reserved 1071104K
  class space    used 3534K, capacity 3750K, committed 3840K, reserved 1048576K
}
Event: 4.309 GC heap before
{Heap before GC invocations=7 (full 2):
 PSYoungGen      total 110080K, used 99328K [0x000000076ab00000, 0x0000000772e00000, 0x00000007c0000000)
  eden space 99328K, 100% used [0x000000076ab00000,0x0000000770c00000,0x0000000770c00000)
  from space 10752K, 0% used [0x0000000771680000,0x0000000771680000,0x0000000772100000)
  to   space 10752K, 0% used [0x0000000770c00000,0x0000000770c00000,0x0000000771680000)
 ParOldGen       total 296448K, used 90023K [0x00000006c0000000, 0x00000006d2180000, 0x000000076ab00000)
  object space 296448K, 30% used [0x00000006c0000000,0x00000006c57e9d00,0x00000006d2180000)
 Metaspace       used 24673K, capacity 25808K, committed 26112K, reserved 1071104K
  class space    used 3534K, capacity 3750K, committed 3840K, reserved 1048576K
Event: 4.360 GC heap after
Heap after GC invocations=7 (full 2):
 PSYoungGen      total 110080K, used 10748K [0x000000076ab00000, 0x000000077c680000, 0x00000007c0000000)
  eden space 99328K, 0% used [0x000000076ab00000,0x000000076ab00000,0x0000000770c00000)
  from space 10752K, 99% used [0x0000000770c00000,0x000000077167f1f0,0x0000000771680000)
  to   space 77824K, 0% used [0x0000000777a80000,0x0000000777a80000,0x000000077c680000)
 ParOldGen       total 296448K, used 141111K [0x00000006c0000000, 0x00000006d2180000, 0x000000076ab00000)
  object space 296448K, 47% used [0x00000006c0000000,0x00000006c89cdd00,0x00000006d2180000)
 Metaspace       used 24673K, capacity 25808K, committed 26112K, reserved 1071104K
  class space    used 3534K, capacity 3750K, committed 3840K, reserved 1048576K
}
Event: 4.410 GC heap before
{Heap before GC invocations=8 (full 2):
 PSYoungGen      total 110080K, used 110076K [0x000000076ab00000, 0x000000077c680000, 0x00000007c0000000)
  eden space 99328K, 100% used [0x000000076ab00000,0x0000000770c00000,0x0000000770c00000)
  from space 10752K, 99% used [0x0000000770c00000,0x000000077167f1f0,0x0000000771680000)
  to   space 77824K, 0% used [0x0000000777a80000,0x0000000777a80000,0x000000077c680000)
 ParOldGen       total 296448K, used 141111K [0x00000006c0000000, 0x00000006d2180000, 0x000000076ab00000)
  object space 296448K, 47% used [0x00000006c0000000,0x00000006c89cdd00,0x00000006d2180000)
 Metaspace       used 24673K, capacity 25808K, committed 26112K, reserved 1071104K
  class space    used 3534K, capacity 3750K, committed 3840K, reserved 1048576K
Event: 4.447 GC heap after
Heap after GC invocations=8 (full 2):
 PSYoungGen      total 207872K, used 54767K [0x000000076ab00000, 0x000000077e580000, 0x00000007c0000000)
  eden space 130048K, 0% used [0x000000076ab00000,0x000000076ab00000,0x0000000772a00000)
  from space 77824K, 70% used [0x0000000777a80000,0x000000077affbd88,0x000000077c680000)
  to   space 82432K, 0% used [0x0000000772a00000,0x0000000772a00000,0x0000000777a80000)
 ParOldGen       total 296448K, used 141119K [0x00000006c0000000, 0x00000006d2180000, 0x000000076ab00000)
  object space 296448K, 47% used [0x00000006c0000000,0x00000006c89cfd00,0x00000006d2180000)
 Metaspace       used 24673K, capacity 25808K, committed 26112K, reserved 1071104K
  class space    used 3534K, capacity 3750K, committed 3840K, reserved 1048576K
}
Event: 4.510 GC heap before
{Heap before GC invocations=9 (full 2):
 PSYoungGen      total 207872K, used 184815K [0x000000076ab00000, 0x000000077e580000, 0x00000007c0000000)
  eden space 130048K, 100% used [0x000000076ab00000,0x0000000772a00000,0x0000000772a00000)
  from space 77824K, 70% used [0x0000000777a80000,0x000000077affbd88,0x000000077c680000)
  to   space 82432K, 0% used [0x0000000772a00000,0x0000000772a00000,0x0000000777a80000)
 ParOldGen       total 296448K, used 141119K [0x00000006c0000000, 0x00000006d2180000, 0x000000076ab00000)
  object space 296448K, 47% used [0x00000006c0000000,0x00000006c89cfd00,0x00000006d2180000)
 Metaspace       used 24673K, capacity 25808K, committed 26112K, reserved 1071104K
  class space    used 3534K, capacity 3750K, committed 3840K, reserved 1048576K
Event: 4.578 GC heap after
Heap after GC invocations=9 (full 2):
 PSYoungGen      total 212480K, used 82428K [0x000000076ab00000, 0x0000000785980000, 0x00000007c0000000)
  eden space 130048K, 0% used [0x000000076ab00000,0x000000076ab00000,0x0000000772a00000)
  from space 82432K, 99% used [0x0000000772a00000,0x0000000777a7f168,0x0000000777a80000)
  to   space 110592K, 0% used [0x000000077ed80000,0x000000077ed80000,0x0000000785980000)
 ParOldGen       total 296448K, used 165543K [0x00000006c0000000, 0x00000006d2180000, 0x000000076ab00000)
  object space 296448K, 55% used [0x00000006c0000000,0x00000006ca1a9d00,0x00000006d2180000)
 Metaspace       used 24673K, capacity 25808K, committed 26112K, reserved 1071104K
  class space    used 3534K, capacity 3750K, committed 3840K, reserved 1048576K
}
Event: 126.114 GC heap before
{Heap before GC invocations=10 (full 2):
 PSYoungGen      total 212480K, used 212476K [0x000000076ab00000, 0x0000000785980000, 0x00000007c0000000)
  eden space 130048K, 100% used [0x000000076ab00000,0x0000000772a00000,0x0000000772a00000)
  from space 82432K, 99% used [0x0000000772a00000,0x0000000777a7f168,0x0000000777a80000)
  to   space 110592K, 0% used [0x000000077ed80000,0x000000077ed80000,0x0000000785980000)
 ParOldGen       total 296448K, used 165543K [0x00000006c0000000, 0x00000006d2180000, 0x000000076ab00000)
  object space 296448K, 55% used [0x00000006c0000000,0x00000006ca1a9d00,0x00000006d2180000)
 Metaspace       used 26765K, capacity 28198K, committed 28416K, reserved 1073152K
  class space    used 3740K, capacity 3999K, committed 4096K, reserved 1048576K
Event: 126.201 GC heap after
Heap after GC invocations=10 (full 2):
 PSYoungGen      total 300032K, used 110568K [0x000000076ab00000, 0x0000000788c80000, 0x00000007c0000000)
  eden space 189440K, 0% used [0x000000076ab00000,0x000000076ab00000,0x0000000776400000)
  from space 110592K, 99% used [0x000000077ed80000,0x000000078597a078,0x0000000785980000)
  to   space 140800K, 0% used [0x0000000776400000,0x0000000776400000,0x000000077ed80000)
 ParOldGen       total 296448K, used 188863K [0x00000006c0000000, 0x00000006d2180000, 0x000000076ab00000)
  object space 296448K, 63% used [0x00000006c0000000,0x00000006cb86feb8,0x00000006d2180000)
 Metaspace       used 26765K, capacity 28198K, committed 28416K, reserved 1073152K
  class space    used 3740K, capacity 3999K, committed 4096K, reserved 1048576K
}

Deoptimization events (10 events):
Event: 171.999 Thread 0x00007fedb40b5000 Uncommon trap: reason=bimorphic action=maybe_recompile pc=0x000000010e284750 method=javafx.scene.Node.localToParent(Lcom/sun/javafx/geom/Vec3d;)V @ 10
Event: 171.999 Thread 0x00007fedb40b5000 Uncommon trap: reason=bimorphic action=maybe_recompile pc=0x000000010e284750 method=javafx.scene.Node.localToParent(Lcom/sun/javafx/geom/Vec3d;)V @ 10
Event: 171.999 Thread 0x00007fedb40b5000 Uncommon trap: reason=bimorphic action=maybe_recompile pc=0x000000010e284750 method=javafx.scene.Node.localToParent(Lcom/sun/javafx/geom/Vec3d;)V @ 10
Event: 171.999 Thread 0x00007fedb40b5000 Uncommon trap: reason=bimorphic action=maybe_recompile pc=0x000000010e9383b0 method=javafx.scene.Node.localToParent(Lcom/sun/javafx/geom/Vec3d;)V @ 10
Event: 171.999 Thread 0x00007fedb40b5000 Uncommon trap: reason=bimorphic action=maybe_recompile pc=0x000000010e284750 method=javafx.scene.Node.localToParent(Lcom/sun/javafx/geom/Vec3d;)V @ 10
Event: 171.999 Thread 0x00007fedb40b5000 Uncommon trap: reason=bimorphic action=maybe_recompile pc=0x000000010eea0018 method=javafx.scene.Node.localToParent(Lcom/sun/javafx/geom/Vec3d;)V @ 10
Event: 172.072 Thread 0x00007fedb40b5000 Uncommon trap: reason=bimorphic action=maybe_recompile pc=0x000000010e16f164 method=javafx.scene.Node.impl_pickNode(Lcom/sun/javafx/geom/PickRay;Lcom/sun/javafx/scene/input/PickResultChooser;)V @ 82
Event: 201.316 Thread 0x00007fedb40b5000 Uncommon trap: reason=bimorphic action=maybe_recompile pc=0x000000010f0a5180 method=javafx.scene.CssStyleHelper.transitionToState(Ljavafx/scene/Node;)V @ 550
Event: 215.021 Thread 0x00007fedb40b5000 Uncommon trap: reason=bimorphic action=maybe_recompile pc=0x000000010f0a5180 method=javafx.scene.CssStyleHelper.transitionToState(Ljavafx/scene/Node;)V @ 550
Event: 215.212 Thread 0x00007fedb40b5000 Uncommon trap: reason=bimorphic action=maybe_recompile pc=0x000000010f0a5180 method=javafx.scene.CssStyleHelper.transitionToState(Ljavafx/scene/Node;)V @ 550

Internal exceptions (10 events):
Event: 12.081 Thread 0x00007fedb40b5000 Implicit null exception at 0x000000010eefde68 to 0x000000010eefe5dd
Event: 12.081 Thread 0x00007fedb40b5000 Exception <a 'java/security/PrivilegedActionException'> (0x00000007718376d0) thrown at [/HUDSON3/workspace/8-2-build-macosx-x86_64/jdk8u25/1514/hotspot/src/share/vm/prims/jvm.cpp, line 1312]
Event: 12.081 Thread 0x00007fedb40b5000 Exception <a 'java/security/PrivilegedActionException'> (0x000000077183afa0) thrown at [/HUDSON3/workspace/8-2-build-macosx-x86_64/jdk8u25/1514/hotspot/src/share/vm/prims/jvm.cpp, line 1312]
Event: 12.082 Thread 0x00007fedb40b5000 Exception <a 'java/security/PrivilegedActionException'> (0x000000077183ed30) thrown at [/HUDSON3/workspace/8-2-build-macosx-x86_64/jdk8u25/1514/hotspot/src/share/vm/prims/jvm.cpp, line 1312]
Event: 12.084 Thread 0x00007fedb40b5000 Exception <a 'java/security/PrivilegedActionException'> (0x000000077184f318) thrown at [/HUDSON3/workspace/8-2-build-macosx-x86_64/jdk8u25/1514/hotspot/src/share/vm/prims/jvm.cpp, line 1312]
Event: 126.255 Thread 0x00007fedb40b5000 Exception <a 'java/security/PrivilegedActionException'> (0x000000076adf2478) thrown at [/HUDSON3/workspace/8-2-build-macosx-x86_64/jdk8u25/1514/hotspot/src/share/vm/prims/jvm.cpp, line 1312]
Event: 126.256 Thread 0x00007fedb40b5000 Exception <a 'java/security/PrivilegedActionException'> (0x000000076ae8f360) thrown at [/HUDSON3/workspace/8-2-build-macosx-x86_64/jdk8u25/1514/hotspot/src/share/vm/prims/jvm.cpp, line 1312]
Event: 173.231 Thread 0x00007fedb40b5000 Exception <a 'java/security/PrivilegedActionException'> (0x000000076c0d9908) thrown at [/HUDSON3/workspace/8-2-build-macosx-x86_64/jdk8u25/1514/hotspot/src/share/vm/prims/jvm.cpp, line 1312]
Event: 173.234 Thread 0x00007fedb40b5000 Exception <a 'java/security/PrivilegedActionException'> (0x000000076c0eeaf0) thrown at [/HUDSON3/workspace/8-2-build-macosx-x86_64/jdk8u25/1514/hotspot/src/share/vm/prims/jvm.cpp, line 1312]
Event: 177.398 Thread 0x00007fedb40b5000 Exception <a 'java/security/PrivilegedActionException'> (0x000000076d46d0d0) thrown at [/HUDSON3/workspace/8-2-build-macosx-x86_64/jdk8u25/1514/hotspot/src/share/vm/prims/jvm.cpp, line 1312]

Events (10 events):
Event: 215.615 Thread 0x00007fedb7000000 Thread exited: 0x00007fedb7000000
Event: 215.615 Thread 0x00007fedb40b5000 Thread exited: 0x00007fedb40b5000
Event: 215.615 Thread 0x00007fedbebbd800 Thread added: 0x00007fedbebbd800
Event: 215.615 loading class java/util/IdentityHashMap$KeyIterator
Event: 215.615 loading class java/util/IdentityHashMap$IdentityHashMapIterator
Event: 215.615 loading class java/util/IdentityHashMap$IdentityHashMapIterator done
Event: 215.615 loading class java/util/IdentityHashMap$KeyIterator done
Event: 215.615 Thread 0x00007fedbe8d5000 Thread added: 0x00007fedbe8d5000
Event: 215.616 Thread 0x00007fedbe8d5000 Thread exited: 0x00007fedbe8d5000
Event: 215.616 Thread 0x00007fedbebbd800 Thread exited: 0x00007fedbebbd800


Dynamic libraries:
0x00000000074be000 	/System/Library/Frameworks/Cocoa.framework/Versions/A/Cocoa
0x00000000074be000 	/System/Library/Frameworks/Security.framework/Versions/A/Security
0x00000000074be000 	/System/Library/Frameworks/ApplicationServices.framework/Versions/A/ApplicationServices
0x00000000074be000 	/usr/lib/libz.1.dylib
0x00000000074be000 	/usr/lib/libSystem.B.dylib
0x00000000074be000 	/usr/lib/libobjc.A.dylib
0x00000000074be000 	/System/Library/Frameworks/CoreFoundation.framework/Versions/A/CoreFoundation
0x00000000074be000 	/System/Library/Frameworks/Foundation.framework/Versions/C/Foundation
0x00000000074be000 	/System/Library/Frameworks/AppKit.framework/Versions/C/AppKit
0x00000000074be000 	/System/Library/Frameworks/CoreData.framework/Versions/A/CoreData
0x00000000074be000 	/System/Library/PrivateFrameworks/RemoteViewServices.framework/Versions/A/RemoteViewServices
0x00000000074be000 	/System/Library/PrivateFrameworks/UIFoundation.framework/Versions/A/UIFoundation
0x00000000074be000 	/System/Library/Frameworks/IOSurface.framework/Versions/A/IOSurface
0x00000000074be000 	/System/Library/Frameworks/AudioToolbox.framework/Versions/A/AudioToolbox
0x00000000074be000 	/System/Library/Frameworks/AudioUnit.framework/Versions/A/AudioUnit
0x00000000074be000 	/System/Library/PrivateFrameworks/DataDetectorsCore.framework/Versions/A/DataDetectorsCore
0x00000000074be000 	/System/Library/PrivateFrameworks/DesktopServicesPriv.framework/Versions/A/DesktopServicesPriv
0x00000000074be000 	/System/Library/Frameworks/Carbon.framework/Versions/A/Frameworks/HIToolbox.framework/Versions/A/HIToolbox
0x00000000074be000 	/System/Library/Frameworks/QuartzCore.framework/Versions/A/QuartzCore
0x00000000074be000 	/System/Library/Frameworks/Carbon.framework/Versions/A/Frameworks/SpeechRecognition.framework/Versions/A/SpeechRecognition
0x00000000074be000 	/usr/lib/libauto.dylib
0x00000000074be000 	/usr/lib/libicucore.A.dylib
0x00000000074be000 	/usr/lib/libxml2.2.dylib
0x00000000074be000 	/System/Library/PrivateFrameworks/CoreUI.framework/Versions/A/CoreUI
0x00000000074be000 	/System/Library/Frameworks/CoreAudio.framework/Versions/A/CoreAudio
0x00000000074be000 	/System/Library/Frameworks/DiskArbitration.framework/Versions/A/DiskArbitration
0x00000000074be000 	/usr/lib/liblangid.dylib
0x00000000074be000 	/System/Library/PrivateFrameworks/MultitouchSupport.framework/Versions/A/MultitouchSupport
0x00000000074be000 	/System/Library/Frameworks/IOKit.framework/Versions/A/IOKit
0x00000000074be000 	/usr/lib/libDiagnosticMessagesClient.dylib
0x00000000074be000 	/System/Library/Frameworks/CoreServices.framework/Versions/A/CoreServices
0x00000000074be000 	/System/Library/PrivateFrameworks/PerformanceAnalysis.framework/Versions/A/PerformanceAnalysis
0x00000000074be000 	/System/Library/PrivateFrameworks/GenerationalStorage.framework/Versions/A/GenerationalStorage
0x00000000074be000 	/System/Library/Frameworks/OpenGL.framework/Versions/A/OpenGL
0x00000000074be000 	/System/Library/PrivateFrameworks/Sharing.framework/Versions/A/Sharing
0x00000000074be000 	/System/Library/Frameworks/CoreGraphics.framework/Versions/A/CoreGraphics
0x00000000074be000 	/System/Library/Frameworks/CoreText.framework/Versions/A/CoreText
0x00000000074be000 	/System/Library/Frameworks/ImageIO.framework/Versions/A/ImageIO
0x00000000074be000 	/usr/lib/libextension.dylib
0x00000000074be000 	/System/Library/PrivateFrameworks/Backup.framework/Versions/A/Backup
0x00000000074be000 	/usr/lib/libarchive.2.dylib
0x00000000074be000 	/System/Library/Frameworks/CFNetwork.framework/Versions/A/CFNetwork
0x00000000074be000 	/System/Library/Frameworks/SystemConfiguration.framework/Versions/A/SystemConfiguration
0x00000000074be000 	/usr/lib/libCRFSuite.dylib
0x00000000074be000 	/usr/lib/libc++.1.dylib
0x00000000074be000 	/usr/lib/libc++abi.dylib
0x00000000074be000 	/usr/lib/system/libcache.dylib
0x00000000074be000 	/usr/lib/system/libcommonCrypto.dylib
0x00000000074be000 	/usr/lib/system/libcompiler_rt.dylib
0x00000000074be000 	/usr/lib/system/libcopyfile.dylib
0x00000000074be000 	/usr/lib/system/libcorecrypto.dylib
0x00000000074be000 	/usr/lib/system/libdispatch.dylib
0x00000000074be000 	/usr/lib/system/libdyld.dylib
0x00000000074be000 	/usr/lib/system/libkeymgr.dylib
0x00000000074be000 	/usr/lib/system/liblaunch.dylib
0x00000000074be000 	/usr/lib/system/libmacho.dylib
0x00000000074be000 	/usr/lib/system/libquarantine.dylib
0x00000000074be000 	/usr/lib/system/libremovefile.dylib
0x00000000074be000 	/usr/lib/system/libsystem_asl.dylib
0x00000000074be000 	/usr/lib/system/libsystem_blocks.dylib
0x00000000074be000 	/usr/lib/system/libsystem_c.dylib
0x00000000074be000 	/usr/lib/system/libsystem_configuration.dylib
0x00000000074be000 	/usr/lib/system/libsystem_coreservices.dylib
0x00000000074be000 	/usr/lib/system/libsystem_coretls.dylib
0x00000000074be000 	/usr/lib/system/libsystem_dnssd.dylib
0x00000000074be000 	/usr/lib/system/libsystem_info.dylib
0x00000000074be000 	/usr/lib/system/libsystem_kernel.dylib
0x00000000074be000 	/usr/lib/system/libsystem_m.dylib
0x00000000074be000 	/usr/lib/system/libsystem_malloc.dylib
0x00000000074be000 	/usr/lib/system/libsystem_network.dylib
0x00000000074be000 	/usr/lib/system/libsystem_networkextension.dylib
0x00000000074be000 	/usr/lib/system/libsystem_notify.dylib
0x00000000074be000 	/usr/lib/system/libsystem_platform.dylib
0x00000000074be000 	/usr/lib/system/libsystem_pthread.dylib
0x00000000074be000 	/usr/lib/system/libsystem_sandbox.dylib
0x00000000074be000 	/usr/lib/system/libsystem_secinit.dylib
0x00000000074be000 	/usr/lib/system/libsystem_stats.dylib
0x00000000074be000 	/usr/lib/system/libsystem_trace.dylib
0x00000000074be000 	/usr/lib/system/libunc.dylib
0x00000000074be000 	/usr/lib/system/libunwind.dylib
0x00000000074be000 	/usr/lib/system/libxpc.dylib
0x00000000074be000 	/usr/lib/libbz2.1.0.dylib
0x00000000074be000 	/usr/lib/liblzma.5.dylib
0x00000000074be000 	/usr/lib/libbsm.0.dylib
0x00000000074be000 	/usr/lib/libsqlite3.dylib
0x00000000074be000 	/usr/lib/system/libkxld.dylib
0x00000000074be000 	/usr/lib/libxar.1.dylib
0x00000000074be000 	/usr/lib/libpam.2.dylib
0x00000000074be000 	/usr/lib/libOpenScriptingUtil.dylib
0x00000000074be000 	/System/Library/Frameworks/CoreServices.framework/Versions/A/Frameworks/FSEvents.framework/Versions/A/FSEvents
0x00000000074be000 	/System/Library/Frameworks/CoreServices.framework/Versions/A/Frameworks/CarbonCore.framework/Versions/A/CarbonCore
0x00000000074be000 	/System/Library/Frameworks/CoreServices.framework/Versions/A/Frameworks/Metadata.framework/Versions/A/Metadata
0x00000000074be000 	/System/Library/Frameworks/CoreServices.framework/Versions/A/Frameworks/OSServices.framework/Versions/A/OSServices
0x00000000074be000 	/System/Library/Frameworks/CoreServices.framework/Versions/A/Frameworks/SearchKit.framework/Versions/A/SearchKit
0x00000000074be000 	/System/Library/Frameworks/CoreServices.framework/Versions/A/Frameworks/AE.framework/Versions/A/AE
0x00000000074be000 	/System/Library/Frameworks/CoreServices.framework/Versions/A/Frameworks/LaunchServices.framework/Versions/A/LaunchServices
0x00000000074be000 	/System/Library/Frameworks/CoreServices.framework/Versions/A/Frameworks/DictionaryServices.framework/Versions/A/DictionaryServices
0x00000000074be000 	/System/Library/Frameworks/NetFS.framework/Versions/A/NetFS
0x00000000074be000 	/System/Library/PrivateFrameworks/NetAuth.framework/Versions/A/NetAuth
0x00000000074be000 	/System/Library/PrivateFrameworks/login.framework/Versions/A/Frameworks/loginsupport.framework/Versions/A/loginsupport
0x00000000074be000 	/System/Library/PrivateFrameworks/TCC.framework/Versions/A/TCC
0x00000000074be000 	/usr/lib/libmecabra.dylib
0x00000000074be000 	/System/Library/PrivateFrameworks/LanguageModeling.framework/Versions/A/LanguageModeling
0x00000000074be000 	/usr/lib/libcmph.dylib
0x00000000074be000 	/usr/lib/libiconv.2.dylib
0x00000000074be000 	/System/Library/Frameworks/OpenDirectory.framework/Versions/A/Frameworks/CFOpenDirectory.framework/Versions/A/CFOpenDirectory
0x00000000074be000 	/System/Library/Frameworks/ServiceManagement.framework/Versions/A/ServiceManagement
0x00000000074be000 	/usr/lib/libxslt.1.dylib
0x00000000074be000 	/System/Library/Frameworks/Carbon.framework/Versions/A/Frameworks/Ink.framework/Versions/A/Ink
0x00000000074be000 	/System/Library/Frameworks/ApplicationServices.framework/Versions/A/Frameworks/ATS.framework/Versions/A/ATS
0x00000000074be000 	/System/Library/Frameworks/ApplicationServices.framework/Versions/A/Frameworks/ColorSync.framework/Versions/A/ColorSync
0x00000000074be000 	/System/Library/Frameworks/ApplicationServices.framework/Versions/A/Frameworks/HIServices.framework/Versions/A/HIServices
0x00000000074be000 	/System/Library/Frameworks/ApplicationServices.framework/Versions/A/Frameworks/LangAnalysis.framework/Versions/A/LangAnalysis
0x00000000074be000 	/System/Library/Frameworks/ApplicationServices.framework/Versions/A/Frameworks/PrintCore.framework/Versions/A/PrintCore
0x00000000074be000 	/System/Library/Frameworks/ApplicationServices.framework/Versions/A/Frameworks/QD.framework/Versions/A/QD
0x00000000074be000 	/System/Library/Frameworks/ApplicationServices.framework/Versions/A/Frameworks/SpeechSynthesis.framework/Versions/A/SpeechSynthesis
0x00000000074be000 	/System/Library/Frameworks/Accelerate.framework/Versions/A/Accelerate
0x00000000074be000 	/System/Library/Frameworks/Accelerate.framework/Versions/A/Frameworks/vImage.framework/Versions/A/vImage
0x00000000074be000 	/System/Library/Frameworks/Accelerate.framework/Versions/A/Frameworks/vecLib.framework/Versions/A/vecLib
0x00000000074be000 	/System/Library/Frameworks/Accelerate.framework/Versions/A/Frameworks/vecLib.framework/Versions/A/libvDSP.dylib
0x00000000074be000 	/System/Library/Frameworks/Accelerate.framework/Versions/A/Frameworks/vecLib.framework/Versions/A/libvMisc.dylib
0x00000000074be000 	/System/Library/Frameworks/Accelerate.framework/Versions/A/Frameworks/vecLib.framework/Versions/A/libLAPACK.dylib
0x00000000074be000 	/System/Library/Frameworks/Accelerate.framework/Versions/A/Frameworks/vecLib.framework/Versions/A/libBLAS.dylib
0x00000000074be000 	/System/Library/Frameworks/Accelerate.framework/Versions/A/Frameworks/vecLib.framework/Versions/A/libLinearAlgebra.dylib
0x00000000074be000 	/System/Library/Frameworks/ApplicationServices.framework/Versions/A/Frameworks/ATS.framework/Versions/A/Resources/libFontParser.dylib
0x00000000074be000 	/System/Library/Frameworks/ApplicationServices.framework/Versions/A/Frameworks/ATS.framework/Versions/A/Resources/libFontRegistry.dylib
0x00000000074be000 	/System/Library/PrivateFrameworks/AppleVPA.framework/Versions/A/AppleVPA
0x00000000074be000 	/System/Library/PrivateFrameworks/AppleJPEG.framework/Versions/A/AppleJPEG
0x00000000074be000 	/System/Library/Frameworks/ImageIO.framework/Versions/A/Resources/libJPEG.dylib
0x00000000074be000 	/System/Library/Frameworks/ImageIO.framework/Versions/A/Resources/libTIFF.dylib
0x00000000074be000 	/System/Library/Frameworks/ImageIO.framework/Versions/A/Resources/libPng.dylib
0x00000000074be000 	/System/Library/Frameworks/ImageIO.framework/Versions/A/Resources/libGIF.dylib
0x00000000074be000 	/System/Library/Frameworks/ImageIO.framework/Versions/A/Resources/libJP2.dylib
0x00000000074be000 	/System/Library/Frameworks/ImageIO.framework/Versions/A/Resources/libRadiance.dylib
0x00000000074be000 	/System/Library/Frameworks/CoreVideo.framework/Versions/A/CoreVideo
0x00000000074be000 	/System/Library/Frameworks/OpenGL.framework/Versions/A/Libraries/libGLU.dylib
0x00000000074be000 	/System/Library/Frameworks/OpenGL.framework/Versions/A/Libraries/libGFXShared.dylib
0x00000000074be000 	/System/Library/Frameworks/OpenGL.framework/Versions/A/Libraries/libGL.dylib
0x00000000074be000 	/System/Library/Frameworks/OpenGL.framework/Versions/A/Libraries/libGLImage.dylib
0x00000000074be000 	/System/Library/Frameworks/OpenGL.framework/Versions/A/Libraries/libCVMSPluginSupport.dylib
0x00000000074be000 	/System/Library/Frameworks/OpenGL.framework/Versions/A/Libraries/libCoreVMClient.dylib
0x00000000074be000 	/usr/lib/libcups.2.dylib
0x00000000074be000 	/System/Library/Frameworks/Kerberos.framework/Versions/A/Kerberos
0x00000000074be000 	/System/Library/Frameworks/GSS.framework/Versions/A/GSS
0x00000000074be000 	/usr/lib/libresolv.9.dylib
0x00000000074be000 	/System/Library/PrivateFrameworks/Heimdal.framework/Versions/A/Heimdal
0x00000000074be000 	/usr/lib/libheimdal-asn1.dylib
0x00000000074be000 	/System/Library/Frameworks/OpenDirectory.framework/Versions/A/OpenDirectory
0x00000000074be000 	/System/Library/PrivateFrameworks/CommonAuth.framework/Versions/A/CommonAuth
0x00000000074be000 	/System/Library/Frameworks/SecurityFoundation.framework/Versions/A/SecurityFoundation
0x00000000074be000 	/System/Library/Frameworks/QuartzCore.framework/Versions/A/Frameworks/CoreImage.framework/Versions/A/CoreImage
0x00000000074be000 	/System/Library/PrivateFrameworks/CrashReporterSupport.framework/Versions/A/CrashReporterSupport
0x00000000074be000 	/System/Library/Frameworks/OpenCL.framework/Versions/A/OpenCL
0x00000000074be000 	/System/Library/PrivateFrameworks/FaceCore.framework/Versions/A/FaceCore
0x00000000074be000 	/System/Library/PrivateFrameworks/Ubiquity.framework/Versions/A/Ubiquity
0x00000000074be000 	/System/Library/PrivateFrameworks/IconServices.framework/Versions/A/IconServices
0x00000000074be000 	/System/Library/PrivateFrameworks/ChunkingLibrary.framework/Versions/A/ChunkingLibrary
0x00000000074be000 	/System/Library/PrivateFrameworks/Apple80211.framework/Versions/A/Apple80211
0x00000000074be000 	/System/Library/Frameworks/CoreWLAN.framework/Versions/A/CoreWLAN
0x00000000074be000 	/System/Library/Frameworks/IOBluetooth.framework/Versions/A/IOBluetooth
0x00000000074be000 	/System/Library/PrivateFrameworks/CoreWiFi.framework/Versions/A/CoreWiFi
0x00000000074be000 	/System/Library/Frameworks/CoreBluetooth.framework/Versions/A/CoreBluetooth
0x00000000074be000 	/System/Library/PrivateFrameworks/DebugSymbols.framework/Versions/A/DebugSymbols
0x00000000074be000 	/System/Library/PrivateFrameworks/CoreSymbolication.framework/Versions/A/CoreSymbolication
0x00000000074be000 	/System/Library/PrivateFrameworks/Symbolication.framework/Versions/A/Symbolication
0x00000000074be000 	/System/Library/PrivateFrameworks/SpeechRecognitionCore.framework/Versions/A/SpeechRecognitionCore
0x000000010bfc6000 	/Library/Java/JavaVirtualMachines/jdk1.8.0_25.jdk/Contents/Home/jre/lib/server/libjvm.dylib
0x00000000074be000 	/usr/lib/libstdc++.6.dylib
0x000000010e000000 	/Library/Java/JavaVirtualMachines/jdk1.8.0_25.jdk/Contents/Home/jre/lib/libverify.dylib
0x000000010e00e000 	/Library/Java/JavaVirtualMachines/jdk1.8.0_25.jdk/Contents/Home/jre/lib/libjava.dylib
0x000000010e04a000 	/Library/Java/JavaVirtualMachines/jdk1.8.0_25.jdk/Contents/Home/jre/lib/libzip.dylib
0x0000000129bfe000 	/System/Library/Frameworks/JavaVM.framework/Frameworks/JavaRuntimeSupport.framework/JavaRuntimeSupport
0x0000000129c14000 	/System/Library/Frameworks/JavaVM.framework/Versions/A/Frameworks/JavaNativeFoundation.framework/Versions/A/JavaNativeFoundation
0x0000000129c28000 	/System/Library/Frameworks/JavaVM.framework/Versions/A/JavaVM
0x00000000074be000 	/System/Library/Frameworks/Carbon.framework/Versions/A/Carbon
0x0000000129c34000 	/System/Library/PrivateFrameworks/JavaLaunching.framework/Versions/A/JavaLaunching
0x00000000074be000 	/System/Library/Frameworks/Carbon.framework/Versions/A/Frameworks/CommonPanels.framework/Versions/A/CommonPanels
0x00000000074be000 	/System/Library/Frameworks/Carbon.framework/Versions/A/Frameworks/Help.framework/Versions/A/Help
0x00000000074be000 	/System/Library/Frameworks/Carbon.framework/Versions/A/Frameworks/ImageCapture.framework/Versions/A/ImageCapture
0x00000000074be000 	/System/Library/Frameworks/Carbon.framework/Versions/A/Frameworks/OpenScripting.framework/Versions/A/OpenScripting
0x00000000074be000 	/System/Library/Frameworks/Carbon.framework/Versions/A/Frameworks/Print.framework/Versions/A/Print
0x00000000074be000 	/System/Library/Frameworks/Carbon.framework/Versions/A/Frameworks/SecurityHI.framework/Versions/A/SecurityHI
0x000000012bd6b000 	/Library/Java/JavaVirtualMachines/jdk1.8.0_25.jdk/Contents/Home/jre/lib/libprism_es2.dylib
0x00000000074be000 	/System/Library/Frameworks/OpenGL.framework/Versions/A/Resources/GLEngine.bundle/GLEngine
0x00000000074be000 	/System/Library/Frameworks/OpenGL.framework/Versions/A/Libraries/libGLProgrammability.dylib
0x0000000000000000 	/System/Library/Extensions/AppleIntelHD5000GraphicsGLDriver.bundle/Contents/MacOS/AppleIntelHD5000GraphicsGLDriver
0x00000000074be000 	/System/Library/PrivateFrameworks/IOAccelerator.framework/Versions/A/IOAccelerator
0x00000000074be000 	/System/Library/PrivateFrameworks/GPUSupport.framework/Versions/A/Libraries/libGPUSupportMercury.dylib
0x00000000074be000 	/System/Library/Frameworks/OpenGL.framework/Versions/A/Resources/GLRendererFloat.bundle/GLRendererFloat
0x00000000074be000 	/System/Library/Frameworks/OpenCL.framework/Versions/A/Libraries/libcldcpuengine.dylib
0x00000000074be000 	/System/Library/PrivateFrameworks/DiskImages.framework/Versions/A/DiskImages
0x00000000074be000 	/System/Library/Frameworks/DiscRecording.framework/Versions/A/DiscRecording
0x00000000074be000 	/usr/lib/libcsfde.dylib
0x00000000074be000 	/usr/lib/libcurl.4.dylib
0x00000000074be000 	/System/Library/PrivateFrameworks/MediaKit.framework/Versions/A/MediaKit
0x00000000074be000 	/System/Library/PrivateFrameworks/ProtectedCloudStorage.framework/Versions/A/ProtectedCloudStorage
0x00000000074be000 	/usr/lib/libCoreStorage.dylib
0x00000000074be000 	/System/Library/PrivateFrameworks/EFILogin.framework/Versions/A/EFILogin
0x00000000074be000 	/usr/lib/libutil.dylib
0x00000000074be000 	/System/Library/PrivateFrameworks/FindMyDevice.framework/Versions/A/FindMyDevice
0x00000000074be000 	/System/Library/Frameworks/LDAP.framework/Versions/A/LDAP
0x00000000074be000 	/usr/lib/libsasl2.2.dylib
0x00000000074be000 	/System/Library/PrivateFrameworks/CoreDaemon.framework/Versions/B/CoreDaemon
0x00000000074be000 	/usr/lib/libcrypto.0.9.8.dylib
0x00000000074be000 	/System/Library/PrivateFrameworks/AppleSRP.framework/Versions/A/AppleSRP
0x00000000074be000 	/System/Library/PrivateFrameworks/TrustEvaluationAgent.framework/Versions/A/TrustEvaluationAgent
0x000000012c218000 	/Library/Java/JavaVirtualMachines/jdk1.8.0_25.jdk/Contents/Home/jre/lib/libglass.dylib
0x00000000074be000 	/System/Library/PrivateFrameworks/CoreServicesInternal.framework/Versions/A/CoreServicesInternal
0x00000000074be000 	/System/Library/PrivateFrameworks/CloudDocs.framework/Versions/A/CloudDocs
0x00000000074be000 	/System/Library/PrivateFrameworks/CoreDuet.framework/Versions/A/CoreDuet
0x00000000074be000 	/System/Library/Frameworks/CloudKit.framework/Versions/A/CloudKit
0x00000000074be000 	/System/Library/PrivateFrameworks/ProtocolBuffer.framework/Versions/A/ProtocolBuffer
0x00000000074be000 	/System/Library/PrivateFrameworks/CoreDuetDaemonProtocol.framework/Versions/A/CoreDuetDaemonProtocol
0x00000000074be000 	/System/Library/PrivateFrameworks/CoreDuetDebugLogging.framework/Versions/A/CoreDuetDebugLogging
0x00000000074be000 	/System/Library/Frameworks/CoreLocation.framework/Versions/A/CoreLocation
0x00000000074be000 	/System/Library/Frameworks/Accounts.framework/Versions/A/Accounts
0x00000000074be000 	/System/Library/PrivateFrameworks/ApplePushService.framework/Versions/A/ApplePushService
0x00000000074be000 	/System/Library/PrivateFrameworks/GeoServices.framework/Versions/A/GeoServices
0x00000000074be000 	/System/Library/PrivateFrameworks/OAuth.framework/Versions/A/OAuth
0x00000000074be000 	/System/Library/Frameworks/CoreGraphics.framework/Versions/A/Resources/libCGCMS.A.dylib
0x00000000074be000 	/System/Library/CoreServices/RawCamera.bundle/Contents/MacOS/RawCamera
0x00000000074be000 	/System/Library/Frameworks/CoreGraphics.framework/Versions/A/Resources/libRIP.A.dylib
0x00000000074be000 	/System/Library/PrivateFrameworks/FamilyControls.framework/Versions/A/FamilyControls
0x00000000074be000 	/System/Library/PrivateFrameworks/CommerceKit.framework/Versions/A/Frameworks/CommerceCore.framework/Versions/A/CommerceCore
0x00000000074be000 	/System/Library/PrivateFrameworks/SystemAdministration.framework/Versions/A/SystemAdministration
0x00000000074be000 	/System/Library/PrivateFrameworks/AppContainer.framework/Versions/A/AppContainer
0x00000000074be000 	/System/Library/PrivateFrameworks/SecCodeWrapper.framework/Versions/A/SecCodeWrapper
0x00000000074be000 	/System/Library/Frameworks/DirectoryService.framework/Versions/A/DirectoryService
0x00000000074be000 	/System/Library/PrivateFrameworks/LoginUIKit.framework/Versions/A/Frameworks/LoginUICore.framework/Versions/A/LoginUICore
0x00000000074be000 	/usr/lib/libodfde.dylib
0x000000012fa2a000 	/Library/Java/JavaVirtualMachines/jdk1.8.0_25.jdk/Contents/Home/jre/lib/libjavafx_font.dylib
0x00000000074be000 	/System/Library/Frameworks/CoreGraphics.framework/Versions/A/Resources/libCGXType.A.dylib
0x000000012fb62000 	/Library/Java/JavaVirtualMachines/jdk1.8.0_25.jdk/Contents/Home/jre/lib/libmanagement.dylib
0x000000012fb6f000 	/Library/Java/JavaVirtualMachines/jdk1.8.0_25.jdk/Contents/Home/jre/lib/libnet.dylib
0x000000012fc06000 	/Library/Java/JavaVirtualMachines/jdk1.8.0_25.jdk/Contents/Home/jre/lib/libnio.dylib
0x000000012d959000 	/Library/Java/JavaVirtualMachines/jdk1.8.0_25.jdk/Contents/Home/jre/lib/libprism_common.dylib
0x000000012f826000 	cl_kernels
0x0000000135ee4000 	/System/Library/Frameworks/OpenCL.framework/Versions/A/Libraries/ImageFormats/unorm8_bgra.dylib
0x000000012fb55000 	cl_kernels

VM Arguments:
jvm_args: -Dfile.encoding=UTF-8 
java_command: /Users/Eskil/NetBeansProjects/Einblick_App/dist/run1712895542/Einblick_App.jar
java_class_path (initial): /Users/Eskil/NetBeansProjects/Einblick_App/dist/run1712895542/Einblick_App.jar
Launcher Type: SUN_STANDARD

Environment Variables:
PATH=/usr/bin:/bin:/usr/sbin:/sbin
LD_LIBRARY_PATH=/Library/Java/JavaVirtualMachines/jdk1.8.0_25.jdk/Contents/Home/jre/lib/amd64:/Library/Java/JavaVirtualMachines/jdk1.8.0_25.jdk/Contents/Home/jre/lib/i386:
SHELL=/bin/bash
DYLD_LIBRARY_PATH=/Applications/NetBeans/NetBeans 8.0.1.app/Contents/Resources/NetBeans/webcommon/bin:

Signal Handlers:
SIGSEGV: [libjvm.dylib+0x579dc7], sa_mask[0]=11111111011111110111111111111111, sa_flags=SA_ONSTACK|SA_RESTART|SA_SIGINFO
SIGBUS: [libjvm.dylib+0x579dc7], sa_mask[0]=11111111011111110111111111111111, sa_flags=SA_RESTART|SA_SIGINFO
SIGFPE: [libjvm.dylib+0x45b030], sa_mask[0]=11111111011111110111111111111111, sa_flags=SA_RESTART|SA_SIGINFO
SIGPIPE: [libjvm.dylib+0x45b030], sa_mask[0]=11111111011111110111111111111111, sa_flags=SA_RESTART|SA_SIGINFO
SIGXFSZ: [libjvm.dylib+0x45b030], sa_mask[0]=11111111011111110111111111111111, sa_flags=SA_RESTART|SA_SIGINFO
SIGILL: [libjvm.dylib+0x45b030], sa_mask[0]=11111111011111110111111111111111, sa_flags=SA_RESTART|SA_SIGINFO
SIGUSR1: SIG_DFL, sa_mask[0]=00000000000000000000000000000000, sa_flags=none
SIGUSR2: [libjvm.dylib+0x45ab4e], sa_mask[0]=00100000000000000000000000000000, sa_flags=SA_RESTART|SA_SIGINFO
SIGHUP: [libjvm.dylib+0x459121], sa_mask[0]=11111111011111110111111111111111, sa_flags=SA_RESTART|SA_SIGINFO
SIGINT: SIG_IGN, sa_mask[0]=00000000000000000000000000000000, sa_flags=none
SIGTERM: [libjvm.dylib+0x459121], sa_mask[0]=11111111011111110111111111111111, sa_flags=SA_RESTART|SA_SIGINFO
SIGQUIT: [libjvm.dylib+0x459121], sa_mask[0]=11111111011111110111111111111111, sa_flags=SA_RESTART|SA_SIGINFO


---------------  S Y S T E M  ---------------

OS:Bsduname:Darwin 14.0.0 Darwin Kernel Version 14.0.0: Fri Sep 19 00:26:44 PDT 2014; root:xnu-2782.1.97~2/RELEASE_X86_64 x86_64
rlimit: STACK 8192k, CORE 0k, NPROC 709, NOFILE 10240, AS infinity
load average:3.35 3.33 3.26

CPU:total 8 (4 cores per cpu, 2 threads per core) family 6 model 70 stepping 1, cmov, cx8, fxsr, mmx, sse, sse2, sse3, ssse3, sse4.1, sse4.2, popcnt, avx, avx2, aes, clmul, erms, lzcnt, ht, tsc, tscinvbit, bmi1, bmi2

Memory: 4k page, physical 16777216k(2589968k free)

/proc/meminfo:


vm_info: Java HotSpot(TM) 64-Bit Server VM (25.25-b02) for bsd-amd64 JRE (1.8.0_25-b17), built on Sep 17 2014 16:56:50 by "java_re" with gcc 4.2.1 (Based on Apple Inc. build 5658) (LLVM build 2336.11.00)

time: Tue Dec  2 14:18:45 2014
elapsed time: 215 seconds (0d 0h 3m 35s)

